2022-09-26T13:05:37Z Bot is starting up...
2022-09-26T13:05:39Z Bot is ready.
2022-09-26T13:12:32Z [chat] rocketeer: <@&887894985398157363> thaelon
2022-09-26T13:12:33Z [chat] Klee: Woah! It is a slime!  (ﾉ>ω<)ﾉ  Klee has counted 21 slimes for Thaelon!
2022-09-26T13:12:55Z [add] rocketeer: 1 ken
2022-09-26T13:12:55Z [chat] rocketeer: !add 1 ken
2022-09-26T13:12:55Z [chat] Klee: Klee has added a slime to Kenshin! The number of slimes Kenshin has summoned has gone from 40 to 41
2022-09-26T13:12:59Z [add] rocketeer: 1 zero
2022-09-26T13:12:59Z [chat] rocketeer: !add 1 zero
2022-09-26T13:12:59Z [chat] Klee: Klee has added a slime to zero00! The number of slimes zero00 has summoned has gone from 30 to 31
2022-09-26T13:13:03Z [add] rocketeer: 1 dan
2022-09-26T13:13:03Z [chat] rocketeer: !add 1 dan
2022-09-26T13:13:03Z [chat] Klee: Klee has added a slime to Dan! The number of slimes Dan has summoned has gone from 13 to 14
2022-09-26T13:13:24Z [add] rocketeer: 1 oph
2022-09-26T13:13:24Z [chat] rocketeer: !add 1 oph
2022-09-26T13:13:24Z [chat] Klee: Klee has added a slime to Ophianne! The number of slimes Ophianne has summoned has gone from 4 to 5
2022-09-26T13:13:38Z [add] rocketeer: -1 oph
2022-09-26T13:13:38Z [chat] rocketeer: !add -1 oph
2022-09-26T13:13:38Z [chat] Klee: Klee has added a slime to Ophianne! The number of slimes Ophianne has summoned has gone from 5 to 4
2022-09-26T13:30:48Z [chat] Thaelon: <@&887894985398157363> ken
2022-09-26T13:30:49Z [chat] Klee: Woah! It is a slime!  (ﾉ>ω<)ﾉ  Klee has counted 42 slimes for Kenshin!
2022-09-26T13:33:40Z [chat] || eph || booyah ||: dded
2022-09-26T13:41:18Z [chat] Vent (Aile): <@&887894985398157363> traff
2022-09-26T13:41:18Z [chat] Klee: Woah! It is a slime!  (ﾉ>ω<)ﾉ  Klee has counted 53 slimes for traffyboi!
2022-09-26T13:43:01Z [chat] Tachii: yeeted
2022-09-26T13:44:55Z [chat] Vent (Aile): who was it?
2022-09-26T13:47:04Z [chat] Vent (Aile): <@&887894985398157363> ken
2022-09-26T13:47:04Z [chat] Klee: Woah! It is a slime!  (ﾉ>ω<)ﾉ  Klee has counted 43 slimes for Kenshin!
2022-09-26T13:47:31Z [chat] Spike/Chitoge: wait I think that was me sorry (for taffy)
2022-09-26T13:47:45Z [chat] Spike/Chitoge: was writing a work email and thought I paused it after I entered, my bad
2022-09-26T13:47:52Z [chat] Spike/Chitoge: <:sadge:887936601915797525>
2022-09-26T13:48:05Z [chat] Spike/Chitoge: I'm up earlier than usual for work cause had to get up early to bring car in for some work
2022-09-26T13:48:14Z [chat] Spike/Chitoge: <:charms9Cry:972151559788056626>
2022-09-26T13:49:47Z [chat] || eph || booyah ||: i have to do that this afternoon..new tires/wheels
2022-09-26T13:50:06Z [chat] Tachii: fulded
2022-09-26T13:51:47Z [chat] Vent (Aile): <@&887894985398157363> aile
2022-09-26T13:51:47Z [chat] Klee: Woah! It is a slime!  (ﾉ>ω<)ﾉ  Klee has counted 20 slimes for aile!
2022-09-26T13:56:22Z [chat] Thaelon: ded9 someone must've zoomed
2022-09-26T13:56:22Z [chat] Tachii: ded
2022-09-26T13:56:26Z [chat] Tachii: zero before me
2022-09-26T13:56:47Z [chat] Tachii: but i entered around 2 mins in with only 8 ppl so lol
