2022-09-29T01:50:04Z Bot is starting up...
2022-09-29T01:50:07Z Bot is ready.
2022-09-29T01:50:09Z [chat] Moss: wuut
2022-09-29T01:50:13Z [chat] esyw: Lol
2022-09-29T01:50:19Z [chat] Tedo: 10th in tachi
2022-09-29T01:50:25Z [chat] Moss: killing it rn to see who zoomed
2022-09-29T01:50:27Z [chat] Tachii: wtf
2022-09-29T01:50:28Z [chat] DoujinKAMI: donuts...
2022-09-29T01:50:29Z [chat] Tachii: it isnt gone
2022-09-29T01:50:32Z [chat] Tachii: i killed it to check
2022-09-29T01:50:34Z [chat] Tachii: -_-
2022-09-29T01:50:36Z [chat] esyw: Tachi alive
2022-09-29T01:50:40Z [chat] Moss: nuuu
2022-09-29T01:50:44Z [chat] Tachii: bruh
2022-09-29T01:50:45Z [chat] Tedo: it was lower on the list
2022-09-29T01:50:50Z [chat] Moss: donut not friends with tachii?
2022-09-29T01:50:58Z [chat] Moss: bruh
2022-09-29T01:50:59Z [chat] Tedo: since most folks organize raids by time
2022-09-29T01:51:15Z [chat] donuts: No I am the raids were right next to each other when I entered plain then it wa gone.
2022-09-29T01:51:32Z [chat] donuts: But it was just lower down
2022-09-29T01:51:38Z [chat] donuts: My bad folks
2022-09-29T01:51:47Z [chat] ainthe: plain was zero
2022-09-29T01:51:55Z [chat] Moss: raid filtering never sticks =/ every time i gotta go in and tap it again
2022-09-29T01:51:58Z [chat] ainthe: tachii still up?
2022-09-29T01:52:05Z [chat] DoujinKAMI: all ded
2022-09-29T01:52:06Z [chat] Tachii: yea im awake still
2022-09-29T01:52:07Z [chat] Moss: Tachii's gone
2022-09-29T01:52:07Z [chat] PlainDoe: Both ded
2022-09-29T01:52:08Z [chat] Tachii: thanks for asking
2022-09-29T01:52:13Z [chat] esyw: Tachi slime got chaotic
2022-09-29T01:52:25Z [chat] esyw: Miscommunication I guess
2022-09-29T01:52:36Z [chat] Moss: ☝️
