2022-09-28T06:39:27Z Bot is starting up...
2022-09-28T06:39:29Z Bot is ready.
2022-09-28T06:40:19Z [add] traffyboi: 1 tachii
2022-09-28T06:40:19Z [chat] traffyboi: !add 1 tachii
2022-09-28T06:40:19Z [chat] Klee: Klee has added a slime to Tachii! The number of slimes Tachii has summoned has gone from 19 to 20
2022-09-28T06:40:28Z [add] traffyboi: 1 vent
2022-09-28T06:40:28Z [chat] traffyboi: !add 1 vent
2022-09-28T06:40:28Z [chat] Klee: Klee has added a slime to Vent! The number of slimes Vent has summoned has gone from 53 to 54
2022-09-28T06:40:38Z [add] traffyboi: 1 zero
2022-09-28T06:40:38Z [chat] traffyboi: !add 1 zero
2022-09-28T06:40:39Z [chat] Klee: Klee has added a slime to zero00! The number of slimes zero00 has summoned has gone from 38 to 39
2022-09-28T06:40:49Z [add] traffyboi: 1 aile
2022-09-28T06:40:49Z [chat] traffyboi: !add 1 aile
2022-09-28T06:40:49Z [chat] Klee: Klee has added a slime to aile! The number of slimes aile has summoned has gone from 21 to 22
2022-09-28T06:40:56Z [add] traffyboi: 1 me
2022-09-28T06:40:56Z [chat] traffyboi: !add 1 me
2022-09-28T06:40:57Z [chat] Klee: Klee has added a slime to traffyboi! The number of slimes traffyboi has summoned has gone from 61 to 62
2022-09-28T06:41:12Z [add] traffyboi: 1 redd
2022-09-28T06:41:12Z [chat] traffyboi: !add 1 redd
2022-09-28T06:41:12Z [chat] Klee: Klee has added a slime to ReddlsRow! The number of slimes ReddlsRow has summoned has gone from 7 to 8
2022-09-28T06:41:23Z [add] traffyboi: 1 sun
2022-09-28T06:41:23Z [chat] traffyboi: !add 1 sun
2022-09-28T06:41:23Z [chat] Klee: Klee has added a slime to Sunscream! The number of slimes Sunscream has summoned has gone from 3 to 4
2022-09-28T06:41:32Z [add] traffyboi: 1 ken
2022-09-28T06:41:32Z [chat] traffyboi: !add 1 ken
2022-09-28T06:41:32Z [chat] Klee: Klee has added a slime to Kenshin! The number of slimes Kenshin has summoned has gone from 50 to 51
2022-09-28T06:41:39Z [add] traffyboi: 1 donuts
2022-09-28T06:41:40Z [chat] traffyboi: !add 1 donuts
2022-09-28T06:41:40Z [chat] Klee: Klee has added a slime to donuts! The number of slimes donuts has summoned has gone from 32 to 33
2022-09-28T06:41:49Z [add] traffyboi: 1 doujin
2022-09-28T06:41:49Z [chat] traffyboi: !add 1 doujin
2022-09-28T06:41:49Z [chat] Klee: Klee has added a slime to DoujinKAMI! The number of slimes DoujinKAMI has summoned has gone from 42 to 43
2022-09-28T06:42:01Z [add] traffyboi: 1 donuts
2022-09-28T06:42:01Z [chat] traffyboi: !add 1 donuts
2022-09-28T06:42:01Z [chat] Klee: Klee has added a slime to donuts! The number of slimes donuts has summoned has gone from 33 to 34
2022-09-28T06:42:10Z [add] traffyboi: 1 bulba
2022-09-28T06:42:10Z [chat] traffyboi: !add 1 bulba
2022-09-28T06:42:10Z [chat] Klee: Klee has added a slime to Bulbasaur! The number of slimes Bulbasaur has summoned has gone from 17 to 18
2022-09-28T06:42:18Z [add] traffyboi: 1 ken
2022-09-28T06:42:18Z [chat] traffyboi: !add 1 ken
2022-09-28T06:42:18Z [chat] Klee: Klee has added a slime to Kenshin! The number of slimes Kenshin has summoned has gone from 51 to 52
2022-09-28T07:24:33Z [chat] Tedo: <@&887894985398157363> ken
2022-09-28T07:24:33Z [chat] Klee: Woah! It is a slime!  (ﾉ>ω<)ﾉ  Klee has counted 53 slimes for Kenshin!
2022-09-28T07:26:11Z [chat] traffyboi: !top_three
2022-09-28T07:26:11Z [chat] Klee: The current first is ['traffyboi'] with 62 slimes! Second is ['Vent'] with 54 slimes, and third is ['Kenshin'] with 53 slimes! They are the best! ⁽⁽٩(๑˃̶͈̀ ᗨ ˂̶͈́)۶⁾⁾
2022-09-28T07:26:16Z [chat] traffyboi: <:megafroge:893992982456451133>
2022-09-28T07:26:25Z [chat] Link2D3atH: o sht ...
2022-09-28T07:26:29Z [chat] traffyboi: kenshin comin for your ass vent
2022-09-28T07:26:30Z [chat] Link2D3atH: my B
2022-09-28T07:26:43Z [chat] traffyboi: gonna assume that means zoomed
2022-09-28T07:26:49Z [chat] Link2D3atH: <:hidethepainaway:888099981658050592>
