2022-09-17T07:28:55Z Bot is starting up...
2022-09-17T07:28:57Z [chat] Ophianne: Ahahahaha
2022-09-17T07:28:58Z Bot is ready.
2022-09-17T07:48:31Z [chat] traffyboi: <@&887894985398157363> bulba
2022-09-17T07:48:31Z [chat] Klee: Woah! It is a slime!  (ﾉ>ω<)ﾉ  Klee has counted 3 slimes for Bulbasaur!
2022-09-17T07:48:37Z [chat] traffyboi: 3 already in
2022-09-17T07:48:46Z [chat] ainthe: ded
2022-09-17T07:48:51Z [chat] ainthe: LilYuuu
2022-09-17T07:48:54Z [chat] DoujinKAMI: Zoomed ag
2022-09-17T07:49:00Z [chat] DoujinKAMI: Af&
2022-09-17T07:49:09Z [chat] DoujinKAMI: Lol I'm tired
2022-09-17T07:49:20Z [chat] feindishly2 (Bulbasaur): sorry, i'll have to unfriend. I missed it too
2022-09-17T07:50:18Z [chat] traffyboi: 
2022-09-17T07:56:48Z [chat] Tatumi: <@509805857425588224> <@&887894985398157363>
2022-09-17T07:56:48Z [chat] Klee: Woah! It is a slime!  (ﾉ>ω<)ﾉ  Klee has counted 7 slimes for Kenshin!
2022-09-17T08:01:14Z [add] traffyboi: 1 oph
2022-09-17T08:01:14Z [chat] traffyboi: !add 1 oph
2022-09-17T08:01:14Z [chat] Klee: Klee has added a slime to Ophianne! The number of slimes Ophianne has summoned has gone from 0 to 1
2022-09-17T08:13:19Z [chat] DoujinKAMI: <@&887894985398157363> gold
2022-09-17T08:13:19Z [chat] Klee: Woah! It is a slime!  (ﾉ>ω<)ﾉ  Klee has counted 1 slimes for GoldHunter!
