2022-09-16T22:15:03Z Bot is starting up...
2022-09-16T22:15:06Z Bot is ready.
2022-09-16T22:15:43Z [chat] traffyboi: <@&887894985398157363> me
2022-09-16T22:15:43Z [chat] Klee: Woah! It is a slime!  (ﾉ>ω<)ﾉ  Klee has counted 3 slimes for traffyboi!
2022-09-16T22:16:41Z [add] traffyboi: 1 zero
2022-09-16T22:16:41Z [chat] traffyboi: !add 1 zero
2022-09-16T22:16:41Z [chat] Klee: Klee has added a slime to zero00! The number of slimes zero00 has summoned has gone from 5 to 6
2022-09-16T22:16:50Z [chat] traffyboi: hmm
2022-09-16T22:16:56Z [chat] traffyboi: nope, looks like it got that one
2022-09-16T22:17:02Z [add] traffyboi: -1 zero
2022-09-16T22:17:02Z [chat] traffyboi: !add -1 zero
2022-09-16T22:17:03Z [chat] Klee: Klee has added a slime to zero00! The number of slimes zero00 has summoned has gone from 6 to 5
2022-09-16T22:17:27Z [chat] traffyboi: fullgo
2022-09-16T22:51:28Z [chat] traffyboi: <@&887894985398157363> ioni
2022-09-16T22:51:28Z [chat] Klee: Woah! It is a slime!  (ﾉ>ω<)ﾉ  Klee has counted 7 slimes for Ioni!
2022-09-16T22:52:01Z [chat] traffyboi: !top_three
2022-09-16T22:52:01Z [chat] Klee: The current first is ['Ioni'] with 7 slimes! Second is ['Vent', 'rocketeer'] with 6 slimes, and third is ['zero00'] with 5 slimes! They are the best! ⁽⁽٩(๑˃̶͈̀ ᗨ ˂̶͈́)۶⁾⁾
2022-09-16T22:52:07Z [chat] traffyboi: <:pepesweat:588842556654092288>
2022-09-16T22:53:25Z [chat] donuts: !self
2022-09-16T22:53:25Z [chat] Klee: Klee does not know this command... ヾ(⌒(_´･ㅅ･`)_
2022-09-16T22:53:33Z [chat] donuts: !sself
2022-09-16T22:53:34Z [chat] Klee: Klee knows that you have summoned 2 slimes so far this season! You are the best!
2022-09-16T22:53:54Z [chat] Tachii: !sself
2022-09-16T22:53:54Z [chat] Klee: Klee knows that you have summoned 3 slimes so far this season! You are the best!
2022-09-16T22:56:19Z [chat] Tatumi: <@&887894985398157363> <@400768894521966604>
2022-09-16T22:56:19Z [chat] Klee: Woah! It is a slime!  (ﾉ>ω<)ﾉ  Klee has counted 2 slimes for luxury777!
2022-09-16T22:59:05Z [chat] G̷̉̕u̷͑̚ǹ̴̕ẗ̴̕ḧ̵̏e̴͆́ṙ̵͝: I zoomed that one sorry
2022-09-16T23:06:03Z [chat] luxury777: Its ok im afk<:cultured:887916127307579423>
2022-09-16T23:06:15Z [chat] luxury777: Now everyone suffers with me
