2022-09-27T00:37:23Z Bot is starting up...
2022-09-27T00:37:26Z Bot is ready.
2022-09-27T00:40:43Z [chat] feindishly2 (Bulbasaur): <@&887894985398157363> doujin
2022-09-27T00:40:44Z [chat] Klee: Woah! It is a slime!  (ﾉ>ω<)ﾉ  Klee has counted 37 slimes for DoujinKAMI!
2022-09-27T00:40:44Z [chat] zero00: <@&887894985398157363> doujin
2022-09-27T00:40:44Z [chat] Klee: Woah! It is a slime!  (ﾉ>ω<)ﾉ  Klee has counted 38 slimes for DoujinKAMI!
2022-09-27T00:40:58Z [chat] feindishly2 (Bulbasaur): ...double ping
2022-09-27T00:41:01Z [chat] zero00: !doubleping doujin
2022-09-27T00:41:01Z [chat] Klee: Klee has subtracted a slime from DoujinKAMI! The number of slimes DoujinKAMI has summoned has gone from 38 to 37
2022-09-27T00:41:31Z [add] traffyboi: 1 tachii
2022-09-27T00:41:31Z [chat] traffyboi: !add 1 tachii
2022-09-27T00:41:31Z [chat] Klee: Klee has added a slime to Tachii! The number of slimes Tachii has summoned has gone from 18 to 19
2022-09-27T00:41:37Z [chat] || eph || booyah ||: full
2022-09-27T00:41:57Z [chat] traffyboi: ...klee got that one of tachii's too
2022-09-27T00:42:01Z [add] traffyboi: -1 tachii
2022-09-27T00:42:01Z [chat] traffyboi: !add -1 tachii
2022-09-27T00:42:01Z [chat] Klee: Klee has added a slime to Tachii! The number of slimes Tachii has summoned has gone from 19 to 18
2022-09-27T00:44:47Z [chat] traffyboi: <@&887894985398157363> me
2022-09-27T00:44:48Z [chat] Klee: Woah! It is a slime!  (ﾉ>ω<)ﾉ  Klee has counted 55 slimes for traffyboi!
2022-09-27T00:56:07Z [chat] zero00: <@&887894985398157363> me
2022-09-27T00:56:07Z [chat] Klee: Woah! It is a slime!  (ﾉ>ω<)ﾉ  Klee has counted 34 slimes for zero00!
2022-09-27T01:17:50Z [chat] Tachii: <@&887894985398157363> zero agen
2022-09-27T01:17:50Z [chat] Klee: Woah! It is a slime!  (ﾉ>ω<)ﾉ  Klee has counted 35 slimes for zero00!
2022-09-27T01:18:20Z [chat] traffyboi: zero comin for your ass doujinm
2022-09-27T01:19:09Z [chat] Vent (Aile): Full go
2022-09-27T01:28:23Z [chat] Tachii: <@&887894985398157363> ken
2022-09-27T01:28:23Z [chat] Klee: Woah! It is a slime!  (ﾉ>ω<)ﾉ  Klee has counted 44 slimes for Kenshin!
