2022-09-17T00:03:47Z Bot is starting up...
2022-09-17T00:03:49Z Bot is ready.
2022-09-17T00:05:22Z [chat] Kenshin: ded
2022-09-17T00:09:40Z [chat] Dan: <@&887894985398157363> me
2022-09-17T00:09:41Z [chat] Klee: Woah! It is a slime!  (ﾉ>ω<)ﾉ  Klee has counted 2 slimes for Dan!
2022-09-17T00:37:39Z [chat] zero00: <@&887894985398157363> traf
2022-09-17T00:37:39Z [chat] Klee: Woah! It is a slime!  (ﾉ>ω<)ﾉ  Klee has counted 4 slimes for traffyboi!
2022-09-17T00:38:41Z [chat] mUmU: full
2022-09-17T00:53:39Z [chat] zero00: <@&887894985398157363> loni
2022-09-17T00:53:40Z [chat] Klee: Uh, Klee does not know this name, and therefore cannot add this slime to anyone...
2022-09-17T00:54:08Z [add] zero00: 1 Ioni
2022-09-17T00:54:09Z [chat] zero00: !add 1 Ioni
2022-09-17T00:54:09Z [chat] Klee: Klee has added a slime to Ioni! The number of slimes Ioni has summoned has gone from 7 to 8
2022-09-17T00:54:40Z [add] Kenshin: 0 doujin
2022-09-17T00:54:40Z [chat] Kenshin: !add 0 doujin
2022-09-17T00:54:40Z [chat] Klee: Klee has added a slime to DoujinKAMI! The number of slimes DoujinKAMI has summoned has gone from 4 to 4
2022-09-17T00:55:52Z [chat] Kenshin: Looks correct
2022-09-17T00:59:26Z [chat] DoujinKAMI: Should be 5 i think
2022-09-17T01:00:52Z [chat] zero00: <@&887894985398157363> new guy
2022-09-17T01:00:52Z [chat] Klee: Uh, Klee does not know this name, and therefore cannot add this slime to anyone...
2022-09-17T01:01:19Z [add] zero00: 1 bulbasaur
2022-09-17T01:01:19Z [chat] zero00: !add 1 bulbasaur
2022-09-17T01:01:19Z [chat] Klee: Klee has added a slime to Bulbasaur! The number of slimes Bulbasaur has summoned has gone from 0 to 1
2022-09-17T01:01:47Z [chat] Vent (Aile): dead?
2022-09-17T01:02:04Z [chat] DoujinKAMI: Dead
2022-09-17T01:02:11Z [chat] CloudExt: <:feelspainman:887929815347367948>
2022-09-17T01:02:48Z [chat] zero00: toasty and LiYuuu killed before me
2022-09-17T01:02:55Z [chat] 17maple: i checked, 4 is correct
