2022-09-19T22:58:25Z Bot is starting up...
2022-09-19T22:58:28Z Bot is ready.
2022-09-19T22:59:37Z [chat] DoujinKAMI: someone is gunning for that LoL stream
2022-09-19T23:00:11Z [chat] Ioni: <@&887894985398157363> me
2022-09-19T23:00:11Z [chat] Klee: Woah! It is a slime!  (ﾉ>ω<)ﾉ  Klee has counted 13 slimes for Ioni!
2022-09-19T23:00:24Z [add] traffyboi: 1 donuts
2022-09-19T23:00:24Z [chat] traffyboi: !add 1 donuts
2022-09-19T23:00:25Z [chat] Klee: Klee has added a slime to donuts! The number of slimes donuts has summoned has gone from 7 to 8
2022-09-19T23:01:08Z [chat] Kenshin: 15
2022-09-19T23:08:45Z [chat] Thaelon: <@&887894985398157363> me
2022-09-19T23:08:46Z [chat] Klee: Woah! It is a slime!  (ﾉ>ω<)ﾉ  Klee has counted 5 slimes for Thaelon!
2022-09-19T23:09:54Z [chat] Tachii: zoomed by mumu
2022-09-19T23:10:17Z [chat] Kenshin: 🔪
2022-09-19T23:10:22Z [chat] traffyboi: too much zoomin goin on here
2022-09-19T23:10:25Z [chat] traffyboi: <a:riot:821476629356216392>
2022-09-19T23:10:36Z [chat] DoujinKAMI: buncha rebels
2022-09-19T23:10:50Z [chat] traffyboi: <@234077877958606849> too fast
2022-09-19T23:10:59Z [chat] traffyboi: <@500124144755671040> too fast
2022-09-19T23:11:26Z [chat] donuts: real quick
2022-09-19T23:11:27Z [chat] mUmU: sorry got distract
