2022-09-28T23:33:05Z Bot is starting up...
2022-09-28T23:33:08Z Bot is ready.
2022-09-28T23:33:50Z [add] 17maple: 1 tachi
2022-09-28T23:33:50Z [chat] 17maple: !add 1 tachi
2022-09-28T23:33:50Z [chat] Klee: Klee has added a slime to Tachii! The number of slimes Tachii has summoned has gone from 21 to 22
2022-09-28T23:33:59Z [add] 17maple: 1 aile
2022-09-28T23:34:00Z [chat] 17maple: !add 1 aile
2022-09-28T23:34:00Z [chat] Klee: Klee has added a slime to aile! The number of slimes aile has summoned has gone from 22 to 23
2022-09-28T23:34:02Z [add] 17maple: 1 leo
2022-09-28T23:34:02Z [chat] 17maple: !add 1 leo
2022-09-28T23:34:02Z [chat] Klee: Klee has added a slime to Leofarr! The number of slimes Leofarr has summoned has gone from 2 to 3
2022-09-28T23:34:06Z [add] 17maple: 1 var
2022-09-28T23:34:06Z [chat] 17maple: !add 1 var
2022-09-28T23:34:07Z [chat] Klee: Klee has added a slime to virant (Variant-1)! The number of slimes virant (Variant-1) has summoned has gone from 14 to 15
2022-09-28T23:34:09Z [add] 17maple: 1 tatu
2022-09-28T23:34:09Z [chat] 17maple: !add 1 tatu
2022-09-28T23:34:09Z [chat] Klee: Klee has added a slime to Tatumi! The number of slimes Tatumi has summoned has gone from 36 to 37
2022-09-29T00:05:07Z [chat] zero00: <@&887894985398157363> kenshin
2022-09-29T00:05:08Z [chat] Klee: Woah! It is a slime!  (ﾉ>ω<)ﾉ  Klee has counted 56 slimes for Kenshin!
2022-09-29T00:07:31Z [chat] Vent (Aile): ded
2022-09-29T00:08:10Z [chat] traffyboi: 
2022-09-29T00:08:11Z [chat] traffyboi: full @ 20 tho
2022-09-29T00:08:30Z [chat] Vent (Aile): yep
2022-09-29T00:09:21Z [chat] mantis (galaxypega): <@&887894985398157363> traff
2022-09-29T00:09:21Z [chat] Klee: Woah! It is a slime!  (ﾉ>ω<)ﾉ  Klee has counted 66 slimes for traffyboi!
2022-09-29T00:13:21Z [chat] feindishly2 (Bulbasaur): ded 20
2022-09-29T00:28:30Z [chat] traffyboi: <@&887894985398157363> me
2022-09-29T00:28:31Z [chat] Klee: Woah! It is a slime!  (ﾉ>ω<)ﾉ  Klee has counted 67 slimes for traffyboi!
2022-09-29T00:29:10Z [chat] donuts: 19th
2022-09-29T00:29:29Z [chat] mUmU: full
2022-09-29T00:29:35Z [chat] Tachii: tock has slime
2022-09-29T00:30:10Z [chat] traffyboi: time to snipe it again and see if you get forgiven again
2022-09-29T00:30:54Z [chat] Tachii: https://cdn.discordapp.com/emojis/798667528687321088.gif?v=1
2022-09-29T00:31:06Z [chat] Vent (Aile): are you leaving to go snipe it?
2022-09-29T00:31:11Z [chat] Vent (Aile): <:keklul:887934339680206858>
2022-09-29T00:31:32Z [chat] donuts: i sniped one of his on accident and got yeeted
2022-09-29T00:31:48Z [chat] traffyboi: yes...yes...on "accident"
2022-09-29T00:31:52Z [chat] traffyboi: <:winkah:351349798399377418>
