2022-09-22T22:46:47Z Bot is starting up...
2022-09-22T22:46:50Z Bot is ready.
2022-09-22T22:55:04Z [add] traffyboi: 1 me
2022-09-22T22:55:04Z [chat] traffyboi: !add 1 me
2022-09-22T22:55:04Z [chat] Klee: Klee has added a slime to traffyboi! The number of slimes traffyboi has summoned has gone from 39 to 40
2022-09-22T22:55:11Z [add] traffyboi: 1 variant
2022-09-22T22:55:11Z [chat] traffyboi: !add 1 variant
2022-09-22T22:55:11Z [chat] Klee: Klee has added a slime to virant (Variant-1)! The number of slimes virant (Variant-1) has summoned has gone from 6 to 7
2022-09-22T22:55:18Z [add] traffyboi: -1 me
2022-09-22T22:55:18Z [chat] traffyboi: !add -1 me
2022-09-22T22:55:18Z [chat] Klee: Klee has added a slime to traffyboi! The number of slimes traffyboi has summoned has gone from 40 to 39
2022-09-22T22:55:45Z [chat] traffyboi: klee got mine but not variant's
2022-09-22T23:39:31Z [chat] Odyn: <@&887894985398157363> tock
2022-09-22T23:39:32Z [chat] Klee: Uh, Klee does not know this name, and therefore cannot add this slime to anyone...
2022-09-22T23:39:39Z [chat] traffyboi: <:honkpoint:679365714498289665>
2022-09-22T23:39:43Z [chat] traffyboi: tock not ultra
2022-09-22T23:39:49Z [chat] Reddl: double slime
2022-09-22T23:40:08Z [chat] rocketeer: lux and variant
2022-09-22T23:40:09Z [chat] Tachii: Variant
2022-09-22T23:40:09Z [chat] DoujinKAMI: Double, who first?
2022-09-22T23:40:12Z [chat] traffyboi: <@&887894985398157363> variant
2022-09-22T23:40:12Z [chat] Klee: Woah! It is a slime!  (ﾉ>ω<)ﾉ  Klee has counted 8 slimes for virant (Variant-1)!
2022-09-22T23:40:22Z [chat] rocketeer: tat is in lux
2022-09-22T23:40:48Z [chat] || eph || booyah ||: sheesh, 3 slimes up counting tocks
2022-09-22T23:40:55Z [chat] Odyn: but tock was ultra right?
2022-09-22T23:41:01Z [chat] traffyboi: for a few days, yes
2022-09-22T23:41:01Z [chat] Odyn: did he left recently?¿
2022-09-22T23:41:02Z [chat] Kenshin: Lux has one
2022-09-22T23:41:04Z [chat] traffyboi: <:lul:549873959517028352>
2022-09-22T23:41:25Z [chat] Odyn: do i have to unfriend him?
2022-09-22T23:41:32Z [chat] traffyboi: no, that's up to you
2022-09-22T23:41:36Z [chat] traffyboi: he doesn't zoom
2022-09-22T23:41:37Z [chat] Kenshin: Anyone in lux yet
2022-09-22T23:41:44Z [chat] luxury777: Me
2022-09-22T23:41:44Z [chat] traffyboi: tatumi is from the start
2022-09-22T23:41:44Z [chat] || eph || booyah ||: tat
2022-09-22T23:41:50Z [chat] luxury777: Holding
2022-09-22T23:41:51Z [chat] rocketeer: lux gone
2022-09-22T23:41:56Z [chat] traffyboi: <:pain:893907255236390962>
2022-09-22T23:41:56Z [chat] luxury777: Wtf
2022-09-22T23:42:02Z [chat] Kenshin: …..
2022-09-22T23:42:03Z [chat] traffyboi: guess just stay paused
2022-09-22T23:42:05Z [chat] traffyboi: in variant
2022-09-22T23:42:11Z [chat] Link2D3atH: variant dead
2022-09-22T23:42:13Z [chat] Tachii: Variant long ded
2022-09-22T23:42:17Z [chat] traffyboi: ..
2022-09-22T23:42:21Z [chat] DoujinKAMI: Lmao
2022-09-22T23:42:21Z [chat] Tatumi: I zooom it  ..... sorry
2022-09-22T23:42:22Z [chat] Link2D3atH: both actually
2022-09-22T23:42:25Z [chat] || eph || booyah ||: that was a bit of a cluster
2022-09-22T23:42:26Z [chat] Tachii: Didn't make it into lux
2022-09-22T23:42:33Z [chat] luxury777: 4 in lol
2022-09-22T23:42:45Z [chat] Tatumi: Soory lux
2022-09-22T23:42:46Z [chat] traffyboi: <a:aPES_AngeryLeave:642733840305225748>
2022-09-22T23:42:54Z [chat] Vent (Aile): the 2 from our group didn't even survive a minute
2022-09-22T23:43:02Z [chat] luxury777: Thats my 3rd slime zoomed i think im bad luck
2022-09-22T23:43:12Z [add] traffyboi: 1 lux
2022-09-22T23:43:12Z [chat] traffyboi: !add 1 lux
2022-09-22T23:43:12Z [chat] Klee: Klee has added a slime to luxury777! The number of slimes luxury777 has summoned has gone from 6 to 7
2022-09-22T23:43:17Z [chat] || eph || booyah ||: 14 in variant
