2022-09-22T00:18:38Z Bot is starting up...
2022-09-22T00:18:41Z Bot is ready.
2022-09-22T00:20:07Z [chat] traffyboi: <@465942228791984149> why you taint my slime
2022-09-22T00:20:51Z [chat] traffyboi: !top_three
2022-09-22T00:20:51Z [chat] Klee: The current first is ['traffyboi'] with 28 slimes! Second is ['Kenshin'] with 23 slimes, and third is ['Vent'] with 22 slimes! They are the best! ⁽⁽٩(๑˃̶͈̀ ᗨ ˂̶͈́)۶⁾⁾
2022-09-22T00:20:59Z [add] traffyboi: 0 doujin
2022-09-22T00:20:59Z [chat] traffyboi: !add 0 doujin
2022-09-22T00:20:59Z [chat] Klee: Klee has added a slime to DoujinKAMI! The number of slimes DoujinKAMI has summoned has gone from 17 to 17
2022-09-22T00:21:14Z [chat] || eph || booyah ||: !sself
2022-09-22T00:21:14Z [chat] Klee: Klee knows that you have summoned 4 slimes so far this season! You are the best!
2022-09-22T00:21:54Z [chat] || eph || booyah ||: well ahead of my usual clip
2022-09-22T00:23:09Z [add] Kenshin: 1 me
2022-09-22T00:23:09Z [chat] Kenshin: !add 1 me
2022-09-22T00:23:10Z [chat] Klee: Klee has added a slime to Kenshin! The number of slimes Kenshin has summoned has gone from 23 to 24
2022-09-22T00:23:11Z [chat] traffyboi: kenshin/vent we counting this slime for me or not? ill leave it up to y'all since you next highest
2022-09-22T00:23:13Z [chat] traffyboi: no pls don't
2022-09-22T00:23:20Z [chat] traffyboi: lol
2022-09-22T00:23:35Z [chat] traffyboi: lots to go back and clean up
2022-09-22T00:23:35Z [chat] Kenshin: I had one <:feelspainman:887929815347367948>
2022-09-22T00:23:36Z [chat] Vent (Aile): yeah it counts
2022-09-22T00:23:43Z [chat] Kenshin: It counts yea
2022-09-22T00:23:46Z [chat] Vent (Aile): people were aware of it
2022-09-22T00:24:06Z [chat] traffyboi: yeah i know you had one, i just mean don't add more right now. im about to go clean up since like last night
2022-09-22T00:24:07Z [chat] Kenshin: Im up to date  so u can ignore mine when u go thru
2022-09-22T00:24:11Z [chat] traffyboi: oh ok
2022-09-22T00:24:25Z [chat] Kenshin: I see
2022-09-22T00:24:29Z [chat] Kenshin: Doing gods work
2022-09-22T00:24:32Z [chat] Kenshin: <:1010:887934359909330994>
2022-09-22T00:24:49Z [chat] Kenshin: (Maybe this is why u have 28 <:keklul:887934339680206858> )
2022-09-22T00:24:57Z [chat] Kenshin: (Jk)
2022-09-22T00:25:14Z [chat] || eph || booyah ||: <:salty:274271979337416704>
2022-09-22T00:25:22Z [chat] || eph || booyah ||: <:salt:550652843887951875>
2022-09-22T00:26:55Z [chat] Kenshin: <:awkward:887933018793201694>
2022-09-22T00:27:12Z [chat] Vent (Aile): kenshin's count is up to date but mine aren't <:smug1:887925741839351858>
2022-09-22T00:27:56Z [chat] traffyboi: i always reply back to what i count
2022-09-22T00:28:05Z [chat] traffyboi: so that y'all can double check me if you want
2022-09-22T00:28:18Z [chat] Vent (Aile): <@&887894985398157363> zero
2022-09-22T00:28:19Z [chat] Klee: Woah! It is a slime!  (ﾉ>ω<)ﾉ  Klee has counted 17 slimes for zero00!
2022-09-22T00:28:37Z [chat] Kenshin: I know. Ur number is legit
2022-09-22T00:28:42Z [chat] Kenshin: Just busting ur chops
2022-09-22T00:28:45Z [chat] Kenshin: <:feelspainman:887929815347367948>
2022-09-22T00:28:56Z [chat] || eph || booyah ||: same
2022-09-22T00:29:04Z [add] traffyboi: 1 me
2022-09-22T00:29:04Z [chat] traffyboi: !add 1 me
2022-09-22T00:29:04Z [chat] Klee: Klee has added a slime to traffyboi! The number of slimes traffyboi has summoned has gone from 28 to 29
2022-09-22T00:29:10Z [add] traffyboi: 1 dan
2022-09-22T00:29:10Z [chat] traffyboi: !add 1 dan
2022-09-22T00:29:10Z [chat] Klee: Klee has added a slime to Dan! The number of slimes Dan has summoned has gone from 5 to 6
2022-09-22T00:29:16Z [add] traffyboi: 1 rocket
2022-09-22T00:29:16Z [chat] traffyboi: !add 1 rocket
2022-09-22T00:29:16Z [chat] Klee: Klee has added a slime to rocketeer! The number of slimes rocketeer has summoned has gone from 11 to 12
2022-09-22T00:29:21Z [chat] Pengest: 19th
2022-09-22T00:29:47Z [chat] feindishly2 (Bulbasaur): I think I was 20th, not 100%
2022-09-22T00:29:49Z [chat] traffyboi: yeah
2022-09-22T00:29:50Z [chat] traffyboi: full
2022-09-22T00:30:01Z [chat] traffyboi: damn pings don't go off while im in the channel <:topkek:887923315342213142>
2022-09-22T00:30:09Z [chat] traffyboi: didn't realize it was a slime
2022-09-22T00:30:15Z [chat] || eph || booyah ||: ya, can't idle the ping channel
2022-09-22T00:31:14Z [add] traffyboi: 1 vent
2022-09-22T00:31:14Z [chat] traffyboi: !add 1 vent
2022-09-22T00:31:14Z [chat] Klee: Klee has added a slime to Vent! The number of slimes Vent has summoned has gone from 22 to 23
2022-09-22T00:31:25Z [add] traffyboi: 1 mantis
2022-09-22T00:31:25Z [chat] traffyboi: !add 1 mantis
2022-09-22T00:31:25Z [chat] Klee: Klee has added a slime to mantis! The number of slimes mantis has summoned has gone from 3 to 4
2022-09-22T00:31:41Z [chat] || eph || booyah ||: dullded
2022-09-22T00:31:47Z [add] traffyboi: 1 me
2022-09-22T00:31:47Z [chat] traffyboi: !add 1 me
2022-09-22T00:31:47Z [chat] Klee: Klee has added a slime to traffyboi! The number of slimes traffyboi has summoned has gone from 29 to 30
2022-09-22T00:31:58Z [add] traffyboi: 1 gonbu
2022-09-22T00:31:58Z [chat] traffyboi: !add 1 gonbu
2022-09-22T00:31:58Z [chat] Klee: Klee has added a slime to GonBu! The number of slimes GonBu has summoned has gone from 4 to 5
2022-09-22T00:32:08Z [add] traffyboi: 1 vent
2022-09-22T00:32:08Z [chat] traffyboi: !add 1 vent
2022-09-22T00:32:08Z [chat] Klee: Klee has added a slime to Vent! The number of slimes Vent has summoned has gone from 23 to 24
2022-09-22T00:32:15Z [add] traffyboi: 1 link
2022-09-22T00:32:15Z [chat] traffyboi: !add 1 link
2022-09-22T00:32:15Z [chat] Klee: Klee has added a slime to Link2D3atH! The number of slimes Link2D3atH has summoned has gone from 7 to 8
2022-09-22T00:32:36Z [add] traffyboi: 1 bulba
2022-09-22T00:32:36Z [chat] traffyboi: !add 1 bulba
2022-09-22T00:32:36Z [chat] Klee: Klee has added a slime to Bulbasaur! The number of slimes Bulbasaur has summoned has gone from 9 to 10
2022-09-22T00:32:44Z [add] traffyboi: 1 bulba
2022-09-22T00:32:44Z [chat] traffyboi: !add 1 bulba
2022-09-22T00:32:44Z [chat] Klee: Klee has added a slime to Bulbasaur! The number of slimes Bulbasaur has summoned has gone from 10 to 11
2022-09-22T00:32:52Z [add] traffyboi: 1 bulba
2022-09-22T00:32:52Z [chat] traffyboi: !add 1 bulba
2022-09-22T00:32:52Z [chat] Klee: Klee has added a slime to Bulbasaur! The number of slimes Bulbasaur has summoned has gone from 11 to 12
2022-09-22T00:32:59Z [add] traffyboi: 1 redd
2022-09-22T00:32:59Z [chat] traffyboi: !add 1 redd
2022-09-22T00:32:59Z [chat] Klee: Klee has added a slime to ReddlsRow! The number of slimes ReddlsRow has summoned has gone from 3 to 4
2022-09-22T00:33:48Z [add] traffyboi: 1 fox
2022-09-22T00:33:48Z [chat] traffyboi: !add 1 fox
2022-09-22T00:33:48Z [chat] Klee: Klee has added a slime to Foxcolt! The number of slimes Foxcolt has summoned has gone from 2 to 3
2022-09-22T00:34:00Z [add] traffyboi: 1 donuts
2022-09-22T00:34:00Z [chat] traffyboi: !add 1 donuts
2022-09-22T00:34:00Z [chat] Klee: Klee has added a slime to donuts! The number of slimes donuts has summoned has gone from 12 to 13
2022-09-22T00:34:10Z [add] traffyboi: 1 doujin
2022-09-22T00:34:11Z [chat] traffyboi: !add 1 doujin
2022-09-22T00:34:11Z [chat] Klee: Klee has added a slime to DoujinKAMI! The number of slimes DoujinKAMI has summoned has gone from 17 to 18
2022-09-22T00:34:24Z [add] traffyboi: 1 me
2022-09-22T00:34:24Z [chat] traffyboi: !add 1 me
2022-09-22T00:34:24Z [chat] Klee: Klee has added a slime to traffyboi! The number of slimes traffyboi has summoned has gone from 30 to 31
2022-09-22T00:35:30Z [chat] traffyboi: k now let's see if any got double counted
2022-09-22T00:36:44Z [chat] traffyboi: 
2022-09-22T00:36:46Z [add] traffyboi: -1 me
2022-09-22T00:36:46Z [chat] traffyboi: !add -1 me
2022-09-22T00:36:46Z [chat] Klee: Klee has added a slime to traffyboi! The number of slimes traffyboi has summoned has gone from 31 to 30
2022-09-22T00:38:21Z [chat] traffyboi: 
