2022-09-26T03:53:50Z Bot is starting up...
2022-09-26T03:53:53Z Bot is ready.
2022-09-26T04:03:00Z [chat] Vent (Aile): <@&887894985398157363> vent
2022-09-26T04:03:00Z [chat] Klee: Woah! It is a slime!  (ﾉ>ω<)ﾉ  Klee has counted 47 slimes for Vent!
2022-09-26T04:05:47Z [chat] Gold Hunter: Full
2022-09-26T04:07:34Z [chat] Tatumi: <@&887894985398157363> ME
2022-09-26T04:07:35Z [chat] Klee: Woah! It is a slime!  (ﾉ>ω<)ﾉ  Klee has counted 30 slimes for Tatumi!
2022-09-26T04:08:43Z [chat] ainthe: moss too fast
2022-09-26T04:08:58Z [chat] Gold Hunter: Does too fast means dead?
2022-09-26T04:09:05Z [chat] ainthe: ya only 9 made it
2022-09-26T04:09:41Z [chat] ainthe: 
2022-09-26T04:10:07Z [chat] Moss: Sorry
2022-09-26T04:10:14Z [chat] Moss: I swear I hit the power button
2022-09-26T04:12:15Z [chat] Vent (Aile): moss can't zoom your slimes if you yeet him off your list
2022-09-26T04:12:26Z [chat] Evian: <@&887894985398157363> me
2022-09-26T04:12:27Z [chat] Klee: Woah! It is a slime!  (ﾉ>ω<)ﾉ  Klee has counted 6 slimes for Evian!
2022-09-26T04:12:48Z [chat] Tachii: ah the reset free ticket time zone
2022-09-26T04:13:12Z [chat] Moss: Fax
2022-09-26T04:13:39Z [chat] Tatumi: Moss you zoomed a lot this Ragna<:topkek:887923315342213142> <:gun:887924242753159238>
2022-09-26T04:13:45Z [chat] Moss: I did
2022-09-26T04:13:53Z [chat] Moss: It's just carelessness
2022-09-26T04:14:05Z [chat] Moss: I got no excuses
2022-09-26T04:14:17Z [chat] Moss: I didnt do it with intent to zoom
2022-09-26T04:15:40Z [chat] Gold Hunter: nobody really zooms with intent
2022-09-26T04:15:43Z [chat] Gold Hunter: stop being careless
2022-09-26T04:15:51Z [chat] Gold Hunter: and they'll stop pointing the gun
2022-09-26T04:16:17Z [chat] Moss: <:frogeKms:888110583327621130>
2022-09-26T04:18:51Z [chat] Tachii: pure wisdom
2022-09-26T04:19:43Z [chat] Vent (Aile): its more like moss is the one with the gun, killing slimes left and right
2022-09-26T04:22:29Z [chat] Moss: I-
2022-09-26T04:22:43Z [chat] Moss: https://tenor.com/view/kid-interview-emotional-sad-crying-gif-17810808
2022-09-26T04:22:46Z [chat] Vent (Aile): why the fuck are you pinging me
2022-09-26T04:22:50Z [chat] Vent (Aile): this is twice now
2022-09-26T04:23:03Z [chat] Tachii: https://cdn.discordapp.com/emojis/714126799831040060.gif?v=1
2022-09-26T04:23:15Z [chat] Moss: Dayum, he angy
2022-09-26T04:24:01Z [chat] Ophianne: Reason why i dont hit slimes when im busy
2022-09-26T04:24:13Z [chat] Ophianne: No chance of zooming
2022-09-26T04:24:28Z [chat] Moss: https://tenor.com/view/think-smart-meme-use-your-head-gif-7723689
2022-09-26T04:25:41Z [chat] esyw: Same here therefore I don't really get it when ppl say they get distracted
2022-09-26T04:26:02Z [chat] Tachii: its basically just carelessness
2022-09-26T04:26:19Z [chat] Tachii: sums moss quite nicely lol
