2022-09-19T17:32:34Z Bot is starting up...
2022-09-19T17:32:37Z Bot is ready.
2022-09-19T17:37:52Z [chat] Angel: <@&887894985398157363> traffi
2022-09-19T17:37:52Z [chat] Klee: Uh, Klee does not know this name, and therefore cannot add this slime to anyone...
2022-09-19T17:39:13Z [chat] donuts: full
2022-09-19T17:39:57Z [add] Angel: 1 traffyboi
2022-09-19T17:39:57Z [chat] Angel: !add 1 traffyboi
2022-09-19T17:39:58Z [chat] Klee: Klee has added a slime to traffyboi! The number of slimes traffyboi has summoned has gone from 14 to 15
2022-09-19T17:58:34Z [chat] Dostic: <@&887894985398157363> me
2022-09-19T17:58:35Z [chat] Klee: Woah! It is a slime!  (ﾉ>ω<)ﾉ  Klee has counted 3 slimes for Dostic!
2022-09-19T17:59:40Z [add] traffyboi: 1 me
2022-09-19T17:59:40Z [chat] traffyboi: !add 1 me
2022-09-19T17:59:40Z [chat] Klee: Klee has added a slime to traffyboi! The number of slimes traffyboi has summoned has gone from 15 to 16
2022-09-19T17:59:51Z [add] traffyboi: 1 donuts
2022-09-19T17:59:51Z [chat] traffyboi: !add 1 donuts
2022-09-19T17:59:51Z [chat] Klee: Klee has added a slime to donuts! The number of slimes donuts has summoned has gone from 6 to 7
2022-09-19T18:00:01Z [add] traffyboi: 1 vent
2022-09-19T18:00:01Z [chat] traffyboi: !add 1 vent
2022-09-19T18:00:01Z [chat] Klee: Klee has added a slime to Vent! The number of slimes Vent has summoned has gone from 15 to 16
2022-09-19T18:00:11Z [add] traffyboi: 1 me
2022-09-19T18:00:11Z [chat] traffyboi: !add 1 me
2022-09-19T18:00:11Z [chat] Klee: Klee has added a slime to traffyboi! The number of slimes traffyboi has summoned has gone from 16 to 17
2022-09-19T18:00:22Z [add] traffyboi: 1 tachii
2022-09-19T18:00:22Z [chat] traffyboi: !add 1 tachii
2022-09-19T18:00:22Z [chat] Klee: Klee has added a slime to Tachii! The number of slimes Tachii has summoned has gone from 8 to 9
2022-09-19T18:00:47Z [add] traffyboi: 1 plain
2022-09-19T18:00:47Z [chat] traffyboi: !add 1 plain
2022-09-19T18:00:47Z [chat] Klee: Klee has added a slime to PlainDoe! The number of slimes PlainDoe has summoned has gone from 5 to 6
2022-09-19T18:01:04Z [add] traffyboi: -1 vent
2022-09-19T18:01:04Z [chat] traffyboi: !add -1 vent
2022-09-19T18:01:04Z [chat] Klee: Klee has added a slime to Vent! The number of slimes Vent has summoned has gone from 16 to 15
2022-09-19T18:01:39Z [add] traffyboi: 1 zero
2022-09-19T18:01:39Z [chat] traffyboi: !add 1 zero
2022-09-19T18:01:39Z [chat] Kenshin: Im in another sline
2022-09-19T18:01:39Z [chat] Klee: Klee has added a slime to zero00! The number of slimes zero00 has summoned has gone from 11 to 12
2022-09-19T18:01:49Z [chat] Kenshin: Im in another slime
2022-09-19T18:01:52Z [chat] Kenshin: Someone check?
2022-09-19T18:02:38Z [chat] traffyboi: nothing on my list
2022-09-19T18:02:48Z [chat] esyw: Nothing
2022-09-19T18:03:06Z [add] traffyboi: 1 fox
2022-09-19T18:03:06Z [chat] traffyboi: !add 1 fox
2022-09-19T18:03:06Z [chat] Klee: Klee has added a slime to Foxcolt! The number of slimes Foxcolt has summoned has gone from 0 to 1
2022-09-19T18:03:20Z [chat] Kenshin: I saw donuts in it lol
2022-09-19T18:03:26Z [chat] esyw: Traf u deserve a pat on your shoulder doing the counting
2022-09-19T18:04:07Z [chat] Kenshin: Ok its not this group
2022-09-19T18:05:53Z [chat] traffyboi: sorry vent. i try to go through and see who's already been counted. but missed that you'd counted one
2022-09-19T18:10:14Z [chat] Vent (Aile): Lol I knew it'd happen when I added it
