2022-09-22T05:40:10Z Bot is starting up...
2022-09-22T05:40:12Z Bot is ready.
2022-09-22T05:40:13Z [chat] DoujinKAMI: Thats funny as fuck
2022-09-22T05:40:28Z [chat] luxury777: LOL
2022-09-22T05:40:44Z [chat] variant-*: Right, I thought so too... until I google the name and zoom the picture.
2022-09-22T05:40:50Z [add] traffyboi: 1 doujin
2022-09-22T05:40:50Z [chat] traffyboi: !add 1 doujin
2022-09-22T05:40:50Z [chat] Klee: Klee has added a slime to DoujinKAMI! The number of slimes DoujinKAMI has summoned has gone from 19 to 20
2022-09-22T05:40:55Z [chat] luxury777: Those are 5 wins
2022-09-22T05:41:44Z [chat] traffyboi: hmm, good to know. but im just gonna keep assuming it's a monkey
2022-09-22T05:41:50Z [chat] traffyboi: i like it that way more
2022-09-22T05:47:58Z [chat] variant-*: <@&887894985398157363> angel
2022-09-22T05:47:59Z [chat] Klee: Woah! It is a slime!  (ﾉ>ω<)ﾉ  Klee has counted 4 slimes for Angel!
2022-09-22T05:48:10Z [chat] Angel: Thanks
2022-09-22T06:04:03Z [chat] traffyboi: <@&887894985398157363> ken
2022-09-22T06:04:04Z [chat] Klee: Woah! It is a slime!  (ﾉ>ω<)ﾉ  Klee has counted 25 slimes for Kenshin!
2022-09-22T06:04:50Z [chat] DoujinKAMI: 19th
2022-09-22T06:13:44Z [chat] Tedo: <@&887894985398157363> traf
2022-09-22T06:13:44Z [chat] Klee: Woah! It is a slime!  (ﾉ>ω<)ﾉ  Klee has counted 35 slimes for traffyboi!
2022-09-22T06:15:13Z [chat] Angel: Gone?
2022-09-22T06:15:40Z [chat] ainthe: looks like it
2022-09-22T06:15:56Z [chat] traffyboi: ded20
2022-09-22T06:16:00Z [chat] traffyboi: too many ppl before me to tell
