2022-09-22T00:42:04Z Bot is starting up...
2022-09-22T00:42:06Z Bot is ready.
2022-09-22T00:43:12Z [chat] Kenshin: Poke it
2022-09-22T00:43:44Z [chat] traffyboi: i am
2022-09-22T00:43:50Z [chat] traffyboi: sometimes it's a deep sleeper
2022-09-22T00:43:53Z [chat] Kenshin: Did u add the one that got zoomed
2022-09-22T00:44:00Z [chat] traffyboi: of mine?
2022-09-22T00:44:05Z [chat] Kenshin: Or dipped
2022-09-22T00:44:06Z [chat] Kenshin: Yea
2022-09-22T00:44:09Z [chat] traffyboi: yeah
2022-09-22T00:44:15Z [chat] Kenshin: Ok
2022-09-22T00:44:32Z [chat] traffyboi: all been added, now im just cleaning up any that got ghost added
2022-09-22T00:44:37Z [add] traffyboi: 0 gonbu
2022-09-22T00:44:37Z [chat] traffyboi: !add 0 gonbu
2022-09-22T00:44:38Z [chat] Klee: Klee has added a slime to GonBu! The number of slimes GonBu has summoned has gone from 5 to 5
2022-09-22T00:44:41Z [add] traffyboi: -1 gonbu
2022-09-22T00:44:42Z [chat] traffyboi: !add -1 gonbu
2022-09-22T00:44:42Z [chat] Klee: Klee has added a slime to GonBu! The number of slimes GonBu has summoned has gone from 5 to 4
2022-09-22T00:44:46Z [chat] Kenshin: It was dipped and zoomed. Poor slime
2022-09-22T00:46:34Z [chat] traffyboi: 
2022-09-22T00:46:38Z [add] traffyboi: -1 bulba
2022-09-22T00:46:38Z [chat] traffyboi: !add -1 bulba
2022-09-22T00:46:39Z [chat] Klee: Klee has added a slime to Bulbasaur! The number of slimes Bulbasaur has summoned has gone from 12 to 11
2022-09-22T00:48:15Z [chat] traffyboi: ok, should be good
2022-09-22T00:48:29Z [chat] traffyboi: !top_three
2022-09-22T00:48:29Z [chat] Klee: The current first is ['traffyboi'] with 30 slimes! Second is ['Vent', 'Kenshin'] with 24 slimes, and third is ['DoujinKAMI'] with 18 slimes! They are the best! ⁽⁽٩(๑˃̶͈̀ ᗨ ˂̶͈́)۶⁾⁾
2022-09-22T00:49:28Z [chat] Kenshin: I knew doujin is a slime machine the day he joined
2022-09-22T00:49:42Z [chat] traffyboi: hard not to be with a name like that
2022-09-22T00:49:45Z [chat] traffyboi: <:huaji:887909354018316298>
2022-09-22T00:49:54Z [chat] DoujinKAMI: Yeah remember? I got a slime as you were explaining the rules to me
2022-09-22T00:49:57Z [chat] Kenshin: <:kekw:887896260625977355>
2022-09-22T00:50:44Z [chat] traffyboi: if y'all change ur mind at some point on if it counts, feel free to subtract 1
2022-09-22T00:50:49Z [chat] traffyboi: <:smug:353290995561136129>
2022-09-22T00:50:52Z [chat] Kenshin: Nah
2022-09-22T00:51:24Z [chat] Kenshin: I’ll be missing the last 4d so i dont expect to be top 3 this round
2022-09-22T00:51:31Z [chat] Kenshin: I’ll get u nxt round <:angy:891267255302750208>
2022-09-22T00:51:59Z [chat] traffyboi: this is like the 3rd ragna of same pattern
2022-09-22T00:52:07Z [chat] traffyboi: im beginning to believe more and more in 4head shit
2022-09-22T00:52:17Z [chat] traffyboi: b/c ill get like nothin first few days
2022-09-22T00:52:20Z [chat] traffyboi: and you'll get a lot
2022-09-22T00:52:28Z [chat] traffyboi: and then after that mine picks up a bunch
2022-09-22T00:52:31Z [chat] traffyboi: and urs drops off some
2022-09-22T00:52:37Z [chat] Kenshin: Yep…. Then i slow down to a crawl and u opposite
2022-09-22T00:52:45Z [chat] Kenshin: Vent…fairly consistent throughout
2022-09-22T00:53:46Z [chat] Kenshin: U were 100% 4head the day i introduced u brah
2022-09-22T00:54:15Z [chat] traffyboi: <:keklul:887934339680206858>
2022-09-22T00:54:43Z [chat] traffyboi: don't publicly announce my shortcomings kenshin, that's rude
2022-09-22T00:57:30Z [chat] Vent (Aile): <:huaji:887909354018316298>
2022-09-22T01:01:15Z [chat] traffyboi: <@&887894985398157363> donuts
2022-09-22T01:01:16Z [chat] Klee: Woah! It is a slime!  (ﾉ>ω<)ﾉ  Klee has counted 14 slimes for donuts!
2022-09-22T01:02:29Z [chat] Vent (Aile): rip parade took too long
2022-09-22T01:02:30Z [chat] Vent (Aile): fullgo
2022-09-22T01:03:19Z [chat] Kenshin: u got any jcb yet
2022-09-22T01:03:35Z [chat] Kenshin: Saturn got a whole suite of male spa skins and 0 jcb was crying
2022-09-22T01:03:37Z [chat] Kenshin: <:kekw:887896260625977355>
2022-09-22T01:04:00Z [chat] Vent (Aile): out of 60ish lanterns I got 2 5* forgot what they were
2022-09-22T01:04:10Z [chat] Kenshin: so 0 jcb
2022-09-22T01:04:16Z [chat] Kenshin: <:feelspainman:887929815347367948>
2022-09-22T01:05:59Z [chat] Vent (Aile): yeah
2022-09-22T01:06:03Z [chat] Vent (Aile): 70 lanterns isn't that much tho
2022-09-22T01:06:22Z [chat] Kenshin: no it's not
2022-09-22T01:06:48Z [chat] Kenshin: honestly lantern is a lesser problem than stam
2022-09-22T01:07:24Z [chat] Vent (Aile): lol it is until you run out of lanterns except for dark
2022-09-22T01:07:42Z [chat] Kenshin: ull get to use dark soon
2022-09-22T01:08:31Z [chat] Vent (Aile): being short on towels is also rough
2022-09-22T01:08:59Z [chat] Kenshin: in short, spa is rough
2022-09-22T01:09:21Z [chat] traffyboi: im already out of dark lanterns
2022-09-22T01:09:23Z [chat] traffyboi: <:topkek:887923315342213142>
2022-09-22T01:09:38Z [chat] traffyboi: spa lvl 64 notus counts for something right?
2022-09-22T01:09:41Z [chat] traffyboi: <:feelspainman:887929815347367948>
2022-09-22T01:10:23Z [chat] Vent (Aile): nice
2022-09-22T01:13:55Z [chat] Kenshin: yea. she just needs yami, like light needs jcb
2022-09-22T01:15:14Z [chat] Vent (Aile): <@&887894985398157363> aile
2022-09-22T01:15:15Z [chat] Klee: Woah! It is a slime!  (ﾉ>ω<)ﾉ  Klee has counted 11 slimes for aile!
2022-09-22T01:16:26Z [chat] || eph || booyah ||: 18th
2022-09-22T01:17:02Z [chat] Apeks: Full
