2022-09-16T14:01:49Z Bot is starting up...
2022-09-16T14:01:51Z Bot is ready.
2022-09-16T14:05:19Z [add] 17maple: 1 donut
2022-09-16T14:05:19Z [chat] 17maple: !add 1 donut
2022-09-16T14:05:19Z [chat] Klee: Klee has added a slime to donuts! The number of slimes donuts has summoned has gone from 1 to 2
2022-09-16T14:14:35Z [chat] zero00: <@&887894985398157363> me
2022-09-16T14:14:35Z [chat] Klee: Woah! It is a slime!  (ï¾‰>Ï‰<)ï¾‰  Klee has counted 2 slimes for zero00!
2022-09-16T14:15:40Z [chat] Thaelon: fullgo
2022-09-16T14:26:05Z [chat] Thaelon: <@&887894985398157363> ioni
2022-09-16T14:26:05Z [chat] Klee: Woah! It is a slime!  (ï¾‰>Ï‰<)ï¾‰  Klee has counted 6 slimes for Ioni!
2022-09-16T14:27:11Z [chat] Vent (Aile): ioni popping off
2022-09-16T14:27:16Z [chat] Vent (Aile): !top_three
2022-09-16T14:27:16Z [chat] Klee: The current first is ['Ioni', 'rocketeer'] with 6 slimes! Second is ['Vent', 'Kenshin', 'aile', 'DoujinKAMI'] with 3 slimes, and third is ['Consutron', 'Link2D3atH', 'Tachii', 'Thaelon', 'virant (Variant-1)', 'zero00', 'Tympest', 'donuts'] with 2 slimes! They are the best! â½â½Ù©(à¹‘ËƒÌ¶ÍˆÌ€ á—¨ Ë‚Ì¶ÍˆÌ)Û¶â¾â¾
2022-09-16T14:28:00Z [chat] Tachii: wheres traff ðŸ¤”
2022-09-16T14:28:23Z [chat] Vent (Aile): I read this thing like 3 times trying to look
2022-09-16T14:28:46Z [chat] Kenshin: Think he only got 1 so far
2022-09-16T14:28:59Z [add] Kenshin: 0 traff
2022-09-16T14:28:59Z [chat] Kenshin: !add 0 traff
2022-09-16T14:28:59Z [chat] Klee: Klee has added a slime to traffyboi! The number of slimes traffyboi has summoned has gone from 1 to 1
2022-09-16T14:29:05Z [chat] Ioni: I just want to summon 15 slimes
2022-09-16T14:29:11Z [chat] Ioni: That's my goal lol
2022-09-16T14:29:15Z [chat] Kenshin: Flip that
2022-09-16T14:29:17Z [chat] Kenshin: 51
2022-09-16T14:29:20Z [chat] Kenshin: Gogogo
2022-09-16T14:29:26Z [chat] Vent (Aile): beat traffs record 72
2022-09-16T14:29:49Z [chat] Kenshin: Not possible outside of water raid. Yet
2022-09-16T14:30:01Z [chat] Kenshin: Need another element pep
2022-09-16T14:30:21Z [chat] Vent (Aile): don't even hit other runs just run summons 24 hours a day
2022-09-16T14:31:05Z [chat] Tachii: lol
2022-09-16T14:32:21Z [chat] Ioni: Uh.. i'll try my best to summon 51
2022-09-16T14:33:01Z [chat] Vent (Aile): <@&887894985398157363> aile
2022-09-16T14:33:01Z [chat] Klee: Woah! It is a slime!  (ï¾‰>Ï‰<)ï¾‰  Klee has counted 4 slimes for aile!
2022-09-16T14:34:31Z [chat] Kenshin: Aile doing better than main
2022-09-16T14:34:46Z [chat] Vent (Aile): <:02ded:888123262373101569>
2022-09-16T14:35:25Z [chat] mUmU: My bad I zoomed
2022-09-16T14:35:43Z [chat] mUmU: Oh nvm someone b4me
2022-09-16T14:35:44Z [chat] mUmU: Lol
