2022-09-25T13:04:02Z Bot is starting up...
2022-09-25T13:04:04Z Bot is ready.
2022-09-25T13:27:04Z [chat] Tachii: <@&887894985398157363> vent
2022-09-25T13:27:05Z [chat] Klee: Woah! It is a slime!  (ﾉ>ω<)ﾉ  Klee has counted 44 slimes for Vent!
2022-09-25T13:27:18Z [chat] Tachii: 3 ppl in no ping <:facepalm:888070327278637097>
2022-09-25T13:27:35Z [chat] || eph || booyah ||: 15th
2022-09-25T13:27:58Z [chat] esyw: It always happen and idk why
2022-09-25T13:28:20Z [chat] Zerefsis: full
2022-09-25T13:34:23Z [chat] Tedo: <@&887894985398157363> vent
2022-09-25T13:34:24Z [chat] Klee: Woah! It is a slime!  (ﾉ>ω<)ﾉ  Klee has counted 45 slimes for Vent!
2022-09-25T13:37:23Z [chat] Tachii: damn i actually made it in at the 3 min mark
2022-09-25T13:45:06Z [chat] Angel: <@&887894985398157363> traff
2022-09-25T13:45:06Z [chat] Klee: Woah! It is a slime!  (ﾉ>ω<)ﾉ  Klee has counted 50 slimes for traffyboi!
2022-09-25T13:56:44Z [chat] zero00: <@&887894985398157363> ken
2022-09-25T13:56:44Z [chat] Klee: Woah! It is a slime!  (ﾉ>ω<)ﾉ  Klee has counted 36 slimes for Kenshin!
2022-09-25T13:57:22Z [chat] Tachii: this ma literally put his computer on farm while hes on an airplane
2022-09-25T13:57:47Z [chat] Tachii: ful
2022-09-25T14:01:34Z [chat] zero00: <@&887894985398157363> me
2022-09-25T14:01:34Z [chat] Klee: Woah! It is a slime!  (ﾉ>ω<)ﾉ  Klee has counted 26 slimes for zero00!
2022-09-25T14:02:36Z [chat] Zerefsis: full
