2022-09-23T10:09:25Z Bot is starting up...
2022-09-23T10:09:27Z Bot is ready.
2022-09-23T10:28:27Z [chat] Pengest: <@&887894985398157363> vent
2022-09-23T10:28:27Z [chat] Klee: Woah! It is a slime!  (ﾉ>ω<)ﾉ  Klee has counted 32 slimes for Vent!
2022-09-23T10:29:03Z [chat] esyw: Lux another
2022-09-23T10:29:13Z [chat] esyw: 1 person in
2022-09-23T10:29:17Z [chat] esyw: How
2022-09-23T10:29:31Z [chat] esyw: ?
2022-09-23T10:29:48Z [chat] Apeks: the other one popped already
2022-09-23T10:29:55Z [chat] esyw: Wtf
2022-09-23T10:30:23Z [chat] esyw: Lol
2022-09-23T10:32:06Z [chat] esyw: Any idea who popped it?
2022-09-23T10:32:31Z [chat] Apeks: no idea, i saw the ping, grabbed a ticket from mail and it was gone
2022-09-23T10:32:46Z [chat] Pengest: vents? or the one before?
2022-09-23T10:33:02Z [chat] esyw: It went pinged here
2022-09-23T10:33:26Z [chat] Pengest: gotcha
2022-09-23T10:33:27Z [chat] Apeks: hang on finishing one up a slime
2022-09-23T10:34:16Z [chat] Variant-2: <@&887894985398157363> ken
2022-09-23T10:34:16Z [chat] Klee: Woah! It is a slime!  (ﾉ>ω<)ﾉ  Klee has counted 28 slimes for Kenshin!
2022-09-23T10:34:18Z [chat] Apeks: i was in vents
2022-09-23T10:35:32Z [chat] esyw: It's ok haha just curious
2022-09-23T10:35:54Z [chat] esyw: Lux is afk spawning so couldn't reach him too
2022-09-23T10:36:58Z [chat] Pengest: kens gets boomed quick rip
2022-09-23T11:07:31Z [chat] Kenshin: <@&887894985398157363> @e
2022-09-23T11:07:31Z [chat] Klee: Uh, Klee does not know this name, and therefore cannot add this slime to anyone...
2022-09-23T11:07:57Z [chat] G̷̉̕u̷͑̚ǹ̴̕ẗ̴̕ḧ̵̏e̴͆́ṙ̵͝: E
