2022-09-18T01:50:20Z Bot is starting up...
2022-09-18T01:50:23Z Bot is ready.
2022-09-18T01:51:04Z [add] traffyboi: 1 link
2022-09-18T01:51:04Z [chat] traffyboi: !add 1 link
2022-09-18T01:51:04Z [chat] Klee: Klee has added a slime to Link2D3atH! The number of slimes Link2D3atH has summoned has gone from 3 to 4
2022-09-18T01:51:07Z [add] traffyboi: 1 ken
2022-09-18T01:51:07Z [chat] traffyboi: !add 1 ken
2022-09-18T01:51:07Z [chat] Klee: Klee has added a slime to Kenshin! The number of slimes Kenshin has summoned has gone from 11 to 12
2022-09-18T02:09:24Z [chat] esyw: <@&887894985398157363> me
2022-09-18T02:09:24Z [chat] Klee: Woah! It is a slime!  (ﾉ>ω<)ﾉ  Klee has counted 2 slimes for esyw!
2022-09-18T02:10:46Z [chat] Spike/Chitoge: forgot to pause, thought I did
2022-09-18T02:10:47Z [chat] Spike/Chitoge: my bad
2022-09-18T02:10:49Z [chat] Spike/Chitoge: <:sadge:887936601915797525>
2022-09-18T02:11:02Z [chat] Kenshin: 🔪
2022-09-18T02:14:19Z [chat] sunscream: <@120428736637173760>  I thought I did that already! They must have snuck back in? I'll go look
2022-09-18T02:16:17Z [chat] sunscream: I got that rat. He's gone
2022-09-18T02:16:48Z [chat] traffyboi: they've been known to remove the MY_ prefix during non ragna events
2022-09-18T02:17:17Z [chat] traffyboi: so if you're accepting rando friend requests during non ragna events, they can sneak in
2022-09-18T02:17:55Z [chat] Ioni: <@&887894985398157363> me
2022-09-18T02:17:55Z [chat] Klee: Woah! It is a slime!  (ﾉ>ω<)ﾉ  Klee has counted 9 slimes for Ioni!
2022-09-18T02:17:56Z [chat] Ioni: finally
2022-09-18T02:20:12Z [chat] Kenshin: made it at 19 yay
2022-09-18T02:20:44Z [chat] Kenshin: fulded
