2022-09-22T01:54:56Z Bot is starting up...
2022-09-22T01:54:59Z Bot is ready.
2022-09-22T01:55:48Z [chat] traffyboi: <@&887894985398157363> me
2022-09-22T01:55:48Z [chat] || eph || booyah ||: <@&887894985398157363> traff
2022-09-22T01:55:48Z [chat] Klee: Woah! It is a slime!  (ﾉ>ω<)ﾉ  Klee has counted 31 slimes for traffyboi!
2022-09-22T01:55:49Z [chat] Klee: Woah! It is a slime!  (ﾉ>ω<)ﾉ  Klee has counted 32 slimes for traffyboi!
2022-09-22T01:55:56Z [chat] || eph || booyah ||: !doubleping traf
2022-09-22T01:55:56Z [chat] Klee: Klee has subtracted a slime from traffyboi! The number of slimes traffyboi has summoned has gone from 32 to 31
2022-09-22T01:57:12Z [chat] traffyboi: fullgo
2022-09-22T01:59:55Z [chat] Thaelon: <@&887894985398157363> traff
2022-09-22T01:59:55Z [chat] Klee: Woah! It is a slime!  (ﾉ>ω<)ﾉ  Klee has counted 32 slimes for traffyboi!
2022-09-22T02:00:09Z [chat] Thaelon: not a joke
2022-09-22T02:00:39Z [chat] Kenshin: <:02monka:888123260527607858>
2022-09-22T02:01:56Z [chat] mUmU: Full
2022-09-22T02:11:23Z [chat] Vent (Aile): <@&887894985398157363> aile
2022-09-22T02:11:23Z [chat] Klee: Woah! It is a slime!  (ﾉ>ω<)ﾉ  Klee has counted 12 slimes for aile!
2022-09-22T02:11:52Z [chat] Vent (Aile): 
2022-09-22T02:12:04Z [chat] Vent (Aile): pause 16 min please
2022-09-22T02:12:06Z [chat] Kenshin: my last ticket
2022-09-22T02:15:11Z [chat] Vent (Aile): 
2022-09-22T02:15:15Z [chat] Vent (Aile): <:hidethepainaway:888099981658050592>
2022-09-22T02:23:53Z [chat] Vent (Aile): <@&887894985398157363> vent
2022-09-22T02:23:53Z [chat] Klee: Woah! It is a slime!  (ﾉ>ω<)ﾉ  Klee has counted 25 slimes for Vent!
2022-09-22T02:24:01Z [chat] Kenshin: bruh
2022-09-22T02:24:23Z [chat] Vent (Aile): 3 min away from a tix
2022-09-22T02:24:29Z [chat] Kenshin: 7
2022-09-22T02:24:31Z [chat] Kenshin: rip
2022-09-22T02:25:07Z [chat] Kenshin: full go
2022-09-22T02:40:16Z [chat] traffyboi: <@&887894985398157363> me
2022-09-22T02:40:16Z [chat] Klee: Woah! It is a slime!  (ﾉ>ω<)ﾉ  Klee has counted 33 slimes for traffyboi!
2022-09-22T02:41:34Z [chat] traffyboi: fullgo
