2022-09-22T03:24:56Z Bot is starting up...
2022-09-22T03:24:59Z Bot is ready.
2022-09-22T03:55:01Z [chat] Tachii: ..
2022-09-22T03:55:08Z [chat] Tachii: thaelons slime got sniped
2022-09-22T03:55:10Z [chat] Tachii: only 2 made it
2022-09-22T03:55:20Z [chat] Tachii: <@197085461624127488> time to yeet whoever sniped that slime
2022-09-22T03:56:34Z [chat] DoujinKAMI: They're prolly overnight spawning
2022-09-22T03:57:35Z [chat] Kenshin: <@&887894985398157363> doujin
2022-09-22T03:57:35Z [chat] Klee: Woah! It is a slime!  (ﾉ>ω<)ﾉ  Klee has counted 19 slimes for DoujinKAMI!
2022-09-22T03:58:02Z [chat] DoujinKAMI: Jeez ken you're so fast
2022-09-22T03:58:36Z [chat] traffyboi: klee's picture looks like a monkey to me
2022-09-22T03:59:08Z [chat] traffyboi: 
2022-09-22T04:01:22Z [chat] Kenshin: ded
2022-09-22T04:06:01Z [chat] Pengest: <@&887894985398157363> me
2022-09-22T04:06:01Z [chat] Klee: Woah! It is a slime!  (ﾉ>ω<)ﾉ  Klee has counted 5 slimes for Pengest!
2022-09-22T04:07:50Z [chat] Tedo: sorry i zoom peng
2022-09-22T04:08:12Z [chat] Kenshin: teeeeeeeeeeeddddddoooooooooooooooo
2022-09-22T04:13:06Z [chat] ainthe: <@&887894985398157363> me
2022-09-22T04:13:07Z [chat] Klee: Woah! It is a slime!  (ﾉ>ω<)ﾉ  Klee has counted 3 slimes for Ainthe!
2022-09-22T04:16:20Z [chat] traffyboi: ded15
