2022-09-15T19:39:52Z Bot is starting up...
2022-09-15T19:39:55Z Bot is ready.
2022-09-15T19:57:39Z [chat] Tatumi: <@139662285089013760> slime
2022-09-15T19:57:45Z [chat] luxury777: 15 me
2022-09-15T19:57:58Z [chat] luxury777: goin in in 30 sec
2022-09-15T19:58:06Z [chat] luxury777: lie 15 sec
2022-09-15T19:58:08Z [chat] Kenshin: Dont go in
2022-09-15T19:58:13Z [chat] luxury777: oh
2022-09-15T19:58:15Z [chat] Kenshin: Apeks has slime
2022-09-15T19:58:18Z [chat] luxury777: kk
2022-09-15T19:58:20Z [chat] Kenshin: Go in his
2022-09-15T19:58:23Z [chat] Kenshin: <:topkek:887923315342213142>
2022-09-15T19:58:32Z [chat] Apeks: 😘
2022-09-15T19:58:49Z [chat] traffyboi: apeks ded
2022-09-15T19:58:53Z [chat] traffyboi: rip apeks
2022-09-15T19:58:55Z [chat] luxury777: ^
2022-09-15T19:59:55Z [chat] luxury777: going now
2022-09-15T20:00:35Z [chat] Tatumi: Slime lux
2022-09-15T20:04:36Z [chat] rocketeer: <@&887894985398157363> me
2022-09-15T20:04:37Z [chat] Klee: Woah! It is a slime!  (ﾉ>ω<)ﾉ  Klee has counted 2 slimes for rocketeer!
2022-09-15T20:07:26Z [chat] Reddl: i dont see it
2022-09-15T20:07:52Z [chat] traffyboi: i kiled just now
2022-09-15T20:07:58Z [chat] traffyboi: prob just missed it
2022-09-15T20:08:29Z [chat] Reddl: oh, 3mins alreasy, my bad
2022-09-15T20:08:36Z [chat] Reddl: *already
2022-09-15T20:13:01Z [add] traffyboi: 1 vent
2022-09-15T20:13:01Z [chat] traffyboi: !add 1 vent
2022-09-15T20:13:02Z [chat] Klee: Klee has added a slime to Vent! The number of slimes Vent has summoned has gone from 1 to 2
2022-09-15T20:16:49Z [chat] esyw: ?
2022-09-15T20:28:13Z [chat] DoujinKAMI: 17 me
2022-09-15T20:35:44Z [chat] Thaelon: <@&887894985398157363> rock
2022-09-15T20:35:44Z [chat] Klee: Woah! It is a slime!  (ﾉ>ω<)ﾉ  Klee has counted 3 slimes for rocketeer!
2022-09-15T20:37:02Z [chat] donuts: Full go
2022-09-15T20:38:24Z [chat] Ioni: <@&887894985398157363> me
2022-09-15T20:38:24Z [chat] Klee: Woah! It is a slime!  (ﾉ>ω<)ﾉ  Klee has counted 1 slimes for Ioni!
