2022-09-18T07:55:02Z Bot is starting up...
2022-09-18T07:55:05Z Bot is ready.
2022-09-18T08:00:25Z [chat] Evian: <@&887894985398157363> me
2022-09-18T08:00:25Z [chat] Klee: Woah! It is a slime!  (ﾉ>ω<)ﾉ  Klee has counted 1 slimes for Evian!
2022-09-18T08:07:26Z [chat] Angel: <@&887894985398157363> me
2022-09-18T08:07:27Z [chat] Klee: Woah! It is a slime!  (ﾉ>ω<)ﾉ  Klee has counted 1 slimes for Angel!
2022-09-18T08:07:32Z [chat] traffyboi: sunscream has one too
2022-09-18T08:07:37Z [chat] traffyboi: no pings until ppl enter
2022-09-18T08:07:41Z [chat] sunscream: <@&887894985398157363> me
2022-09-18T08:07:42Z [chat] Klee: Woah! It is a slime!  (ﾉ>ω<)ﾉ  Klee has counted 2 slimes for Sunscream!
2022-09-18T08:07:46Z [chat] traffyboi: lol.
2022-09-18T08:08:02Z [chat] Tedo: i’m paused in sun, thought it was angel’s lol
2022-09-18T08:08:34Z [chat] Link2D3atH: didnt see angel
2022-09-18T08:08:41Z [chat] Link2D3atH: but im on sun pause
2022-09-18T08:08:44Z [chat] traffyboi: k zooming angel's
2022-09-18T08:08:59Z [chat] traffyboi: 
2022-09-18T08:09:12Z [chat] Link2D3atH: it got zoom by randoms
2022-09-18T08:09:34Z [chat] Angel: Ok, I'm going to kick
2022-09-18T08:09:38Z [chat] Reddl: screams ded ?
2022-09-18T08:09:39Z [chat] sunscream: Mine did?
2022-09-18T08:09:41Z [chat] traffyboi: sun's dead
2022-09-18T08:09:44Z [chat] traffyboi: didn't see who
2022-09-18T08:09:51Z [chat] Link2D3atH: sun dead?
2022-09-18T08:09:53Z [chat] traffyboi: ye
2022-09-18T08:10:01Z [chat] Link2D3atH: let me try to zoom
2022-09-18T08:10:07Z [chat] Link2D3atH: see if i can see whos on top
2022-09-18T08:10:41Z [chat] Link2D3atH: <:hidethepainaway:888099981658050592>
2022-09-18T08:10:58Z [chat] Link2D3atH: maybe he forgot to pause
2022-09-18T08:11:12Z [chat] traffyboi: <@362102976581599241> a little too fast
2022-09-18T08:11:49Z [chat] traffyboi: was a double tho so confusion <:FA_pepeshrug:932478461564571669>
2022-09-18T08:12:06Z [chat] Link2D3atH: probly
2022-09-18T08:14:22Z [chat] Reddl: <@&887894985398157363> me
2022-09-18T08:14:23Z [chat] Klee: Woah! It is a slime!  (ﾉ>ω<)ﾉ  Klee has counted 2 slimes for ReddlsRow!
2022-09-18T08:15:59Z [chat] sunscream: Damn out of tickets. Sad 😔
2022-09-18T08:17:05Z [chat] ainthe: sorry zoomed
2022-09-18T08:19:22Z [chat] Pengest: <@&887894985398157363> me
2022-09-18T08:19:23Z [chat] Klee: Woah! It is a slime!  (ﾉ>ω<)ﾉ  Klee has counted 2 slimes for Pengest!
2022-09-18T08:19:56Z [chat] CloudExt: sorry i thoguht the pauise was done
2022-09-18T08:20:29Z [chat] Tedo: gone
2022-09-18T08:20:29Z [chat] Link2D3atH: someone zoom pengest
2022-09-18T08:23:15Z [chat] Pengest: im late to look
2022-09-18T08:23:17Z [chat] Pengest: sorry
2022-09-18T08:23:34Z [chat] Pengest: damn its my oldest friend
2022-09-18T08:23:44Z [chat] Pengest: hes gone, one to many raids now
2022-09-18T08:35:28Z [chat] esyw: <@&887894985398157363> fein
2022-09-18T08:35:29Z [chat] Klee: Woah! It is a slime!  (ﾉ>ω<)ﾉ  Klee has counted 6 slimes for Bulbasaur!
2022-09-18T08:35:45Z [chat] traffyboi: should use in game name
2022-09-18T08:35:54Z [chat] traffyboi: i didn't know who fein was <:lul:549873959517028352>
2022-09-18T08:36:01Z [chat] esyw: Opz
2022-09-18T08:36:12Z [chat] feindishly2 (Bulbasaur): bulbasaur
2022-09-18T08:36:17Z [chat] traffyboi: lol ya i got it
2022-09-18T08:36:19Z [chat] esyw: I know him long time using fein
2022-09-18T08:36:53Z [chat] traffyboi: just saying, not everyone hangs out on discord a lot. might not recognize anything but the in game name
2022-09-18T08:37:20Z [chat] esyw: 👍
2022-09-18T08:39:57Z [chat] esyw: Alot rando before me
2022-09-18T08:40:08Z [chat] esyw: Not sure they zoom or not
2022-09-18T08:44:27Z [chat] traffyboi: <@&887894985398157363> esyw
2022-09-18T08:44:28Z [chat] Klee: Woah! It is a slime!  (ﾉ>ω<)ﾉ  Klee has counted 4 slimes for esyw!
2022-09-18T08:45:02Z [chat] esyw: Thanks
2022-09-18T08:46:28Z [chat] traffyboi: <@234077877958606849> too fast
2022-09-18T08:46:53Z [chat] ainthe: sorry mb
2022-09-18T08:52:57Z [chat] traffyboi: <@&887894985398157363> vent
2022-09-18T08:52:57Z [chat] Klee: Woah! It is a slime!  (ﾉ>ω<)ﾉ  Klee has counted 10 slimes for Vent!
