2022-09-16T00:59:38Z Bot is starting up...
2022-09-16T00:59:41Z Bot is ready.
2022-09-16T01:09:44Z [chat] Link2D3atH: <@&887894985398157363>  lv 26
2022-09-16T01:09:44Z [chat] Klee: Uh, Klee does not know this name, and therefore cannot add this slime to anyone...
2022-09-16T01:10:00Z [add] traffyboi: 1 mantis
2022-09-16T01:10:00Z [chat] traffyboi: !add 1 mantis
2022-09-16T01:10:00Z [chat] Klee: Klee has added a slime to mantis! The number of slimes mantis has summoned has gone from 0 to 1
2022-09-16T01:10:03Z [add] traffyboi: 1 link
2022-09-16T01:10:03Z [chat] traffyboi: !add 1 link
2022-09-16T01:10:03Z [chat] Klee: Klee has added a slime to Link2D3atH! The number of slimes Link2D3atH has summoned has gone from 0 to 1
2022-09-16T01:22:45Z [chat] Kenshin: <@&887894985398157363> me
2022-09-16T01:22:46Z [chat] Klee: Woah! It is a slime!  (ﾉ>ω<)ﾉ  Klee has counted 2 slimes for Kenshin!
2022-09-16T01:23:39Z [chat] Kenshin: And i have no tix
2022-09-16T01:23:47Z [chat] Kenshin: I will watch zoomer
2022-09-16T01:23:50Z [chat] Kenshin: <:frontpepe:888064980929368145>
2022-09-16T01:23:56Z [chat] Vent (Aile): fullgo
2022-09-16T01:24:02Z [chat] Kenshin: Ok…
2022-09-16T01:24:04Z [chat] Tachii: https://media.giphy.com/media/pPhyAv5t9V8djyRFJH/giphy.gif
2022-09-16T01:24:16Z [chat] Vent (Aile): I missed it too
2022-09-16T01:24:23Z [chat] traffyboi: zoomzoom
2022-09-16T01:24:33Z [chat] Tachii: i cant even zoom that fast with pep
2022-09-16T01:24:39Z [chat] Kenshin: Bruh, u got like 3 sec headsup
2022-09-16T01:24:43Z [chat] Kenshin: How u miss that
2022-09-16T01:24:47Z [chat] traffyboi: turn on auto skill instead of full auto
2022-09-16T01:24:52Z [chat] Kenshin: <:topkek:887923315342213142>
