2022-09-26T14:44:03Z Bot is starting up...
2022-09-26T14:44:06Z Bot is ready.
2022-09-26T14:50:30Z [chat] variant-*: are you the 4th to kill?
2022-09-26T15:16:19Z [chat] Odyn: <@&887894985398157363> me
2022-09-26T15:16:19Z [chat] Klee: Woah! It is a slime!  (ﾉ>ω<)ﾉ  Klee has counted 4 slimes for Odyn!
2022-09-26T15:16:48Z [chat] donuts: <@&887894985398157363> odyn
2022-09-26T15:16:48Z [chat] Klee: Woah! It is a slime!  (ﾉ>ω<)ﾉ  Klee has counted 5 slimes for Odyn!
2022-09-26T15:17:03Z [chat] Odyn: -1 please
2022-09-26T15:17:03Z [chat] donuts: Oops my bad
2022-09-26T15:17:19Z [add] Tachii: -1 odyn
2022-09-26T15:17:19Z [chat] Tachii: !add -1 odyn
2022-09-26T15:17:20Z [chat] Klee: Klee has added a slime to Odyn! The number of slimes Odyn has summoned has gone from 5 to 4
2022-09-26T15:23:42Z [chat] Vent (Aile): !top_three
2022-09-26T15:23:43Z [chat] Klee: The current first is ['traffyboi'] with 53 slimes! Second is ['Vent'] with 50 slimes, and third is ['Kenshin'] with 43 slimes! They are the best! ⁽⁽٩(๑˃̶͈̀ ᗨ ˂̶͈́)۶⁾⁾
2022-09-26T15:24:50Z [chat] traffyboi: vent slow down
2022-09-26T15:25:01Z [chat] traffyboi: ur spawning too fast
2022-09-26T15:25:32Z [add] traffyboi: 0 doujin
2022-09-26T15:25:32Z [chat] traffyboi: !add 0 doujin
2022-09-26T15:25:33Z [chat] Klee: Klee has added a slime to DoujinKAMI! The number of slimes DoujinKAMI has summoned has gone from 36 to 36
2022-09-26T15:26:24Z [add] traffyboi: 1 me
2022-09-26T15:26:24Z [chat] traffyboi: !add 1 me
2022-09-26T15:26:25Z [chat] Klee: Klee has added a slime to traffyboi! The number of slimes traffyboi has summoned has gone from 53 to 54
2022-09-26T15:26:42Z [add] traffyboi: 1 zero
2022-09-26T15:26:42Z [chat] traffyboi: !add 1 zero
2022-09-26T15:26:42Z [chat] Klee: Klee has added a slime to zero00! The number of slimes zero00 has summoned has gone from 31 to 32
2022-09-26T15:26:59Z [add] traffyboi: 1 ren
2022-09-26T15:26:59Z [chat] traffyboi: !add 1 ren
2022-09-26T15:26:59Z [chat] Klee: Klee has added a slime to RenTrout! The number of slimes RenTrout has summoned has gone from 1 to 2
2022-09-26T15:31:51Z [chat] Vent (Aile): <@&887894985398157363> zero
2022-09-26T15:31:51Z [chat] Klee: Woah! It is a slime!  (ﾉ>ω<)ﾉ  Klee has counted 33 slimes for zero00!
2022-09-26T15:32:59Z [chat] DoujinKAMI: Gone?
2022-09-26T15:33:09Z [chat] variant-*: maybe full
2022-09-26T15:33:22Z [chat] variant-*: full dead
