2022-09-17T14:12:15Z Bot is starting up...
2022-09-17T14:12:17Z Bot is ready.
2022-09-17T14:20:58Z [chat] Kenshin: <@&887894985398157363> dos
2022-09-17T14:20:59Z [chat] Klee: Woah! It is a slime!  (ﾉ>ω<)ﾉ  Klee has counted 2 slimes for Dostic!
2022-09-17T14:20:59Z [chat] Vent (Aile): <@&887894985398157363> dos
2022-09-17T14:20:59Z [chat] Klee: Woah! It is a slime!  (ﾉ>ω<)ﾉ  Klee has counted 3 slimes for Dostic!
2022-09-17T14:21:10Z [chat] Dostic: !doubleping dostic
2022-09-17T14:21:11Z [chat] Klee: Klee has subtracted a slime from Dostic! The number of slimes Dostic has summoned has gone from 3 to 2
2022-09-17T14:26:27Z [chat] PlainDoe: <@&887894985398157363> traffy
2022-09-17T14:26:27Z [chat] Klee: Woah! It is a slime!  (ﾉ>ω<)ﾉ  Klee has counted 7 slimes for traffyboi!
2022-09-17T14:28:20Z [chat] Vent (Aile): fullgo
2022-09-17T14:46:28Z [chat] rocketeer: <@&887894985398157363> me
2022-09-17T14:46:28Z [chat] Klee: Woah! It is a slime!  (ﾉ>ω<)ﾉ  Klee has counted 9 slimes for rocketeer!
2022-09-17T14:47:19Z [chat] Dostic: dead
2022-09-17T14:47:57Z [chat] CloudExt: Saw 1 but couldn't get the name
2022-09-17T14:48:06Z [chat] Vent (Aile): killing now then
2022-09-17T14:48:09Z [chat] Kenshin: <:slimeknife:887947273139519488>
2022-09-17T14:48:31Z [chat] Ioni: it was zero
2022-09-17T14:51:50Z [chat] Kenshin: I see. There was another slime from dca
2022-09-17T14:52:10Z [chat] Kenshin: <@563082215198556211> pls dont zoom even if there is a double. Give it up. There are plenty for you.
2022-09-17T14:55:20Z [chat] zero00: Sowie, I'll take the timeout
2022-09-17T14:55:43Z [chat] Vent (Aile): instead of timeout summon another slime <:keklul:887934339680206858>
