2022-09-22T04:36:57Z Bot is starting up...
2022-09-22T04:36:59Z Bot is ready.
2022-09-22T04:55:38Z [chat] traffyboi: <@&887894985398157363> me
2022-09-22T04:55:38Z [chat] Klee: Woah! It is a slime!  (ﾉ>ω<)ﾉ  Klee has counted 34 slimes for traffyboi!
2022-09-22T04:57:17Z [chat] DoujinKAMI: I zoomed:😥
2022-09-22T04:57:34Z [chat] traffyboi: <a:riot:821476629356216392>
2022-09-22T05:00:02Z [chat] traffyboi: who's ur least favorite character to play in guilty gear doujin
2022-09-22T05:01:54Z [chat] DoujinKAMI: Least fav?
2022-09-22T05:01:57Z [chat] traffyboi: yep
2022-09-22T05:01:57Z [chat] DoujinKAMI: Hmm
2022-09-22T05:02:20Z [chat] DoujinKAMI: Nagoriyuki
2022-09-22T05:02:39Z [chat] DoujinKAMI: Ot bridget
2022-09-22T05:03:10Z [chat] traffyboi: punishment is 10 games as one of them
2022-09-22T05:04:07Z [chat] DoujinKAMI: Fuck
2022-09-22T05:04:23Z [chat] DoujinKAMI: I mean ill do it
2022-09-22T05:04:36Z [chat] DoujinKAMI: At least its not league lmao
2022-09-22T05:05:11Z [chat] traffyboi: <:topkek:887923315342213142>
2022-09-22T05:30:32Z [chat] Gold Hunter: i was wondering where you were going with that <:JabbaKek:887916458309451796>
2022-09-22T05:33:44Z [chat] DoujinKAMI: I'll do it friday
2022-09-22T05:35:35Z [chat] DoujinKAMI: Oh BTW <@&887894985398157363> me
2022-09-22T05:35:35Z [chat] Klee: Uh, Klee does not know this name, and therefore cannot add this slime to anyone...
2022-09-22T05:35:47Z [chat] traffyboi: <:honkpoint:679365714498289665>
