2022-09-18T06:42:39Z Bot is starting up...
2022-09-18T06:42:43Z Bot is ready.
2022-09-18T06:47:44Z [add] traffyboi: 0 mantis
2022-09-18T06:47:44Z [chat] traffyboi: !add 0 mantis
2022-09-18T06:47:45Z [chat] Klee: Klee has added a slime to mantis! The number of slimes mantis has summoned has gone from 1 to 1
2022-09-18T06:47:59Z [add] traffyboi: 1 mantis
2022-09-18T06:47:59Z [chat] traffyboi: !add 1 mantis
2022-09-18T06:48:00Z [chat] Klee: Klee has added a slime to mantis! The number of slimes mantis has summoned has gone from 1 to 2
2022-09-18T06:48:13Z [add] traffyboi: 1 doujin
2022-09-18T06:48:13Z [chat] traffyboi: !add 1 doujin
2022-09-18T06:48:13Z [chat] Klee: Klee has added a slime to DoujinKAMI! The number of slimes DoujinKAMI has summoned has gone from 9 to 10
2022-09-18T06:48:29Z [add] traffyboi: 1 plain
2022-09-18T06:48:29Z [chat] traffyboi: !add 1 plain
2022-09-18T06:48:29Z [chat] Klee: Klee has added a slime to PlainDoe! The number of slimes PlainDoe has summoned has gone from 2 to 3
2022-09-18T06:48:41Z [add] traffyboi: 1 moss
2022-09-18T06:48:41Z [chat] traffyboi: !add 1 moss
2022-09-18T06:48:42Z [chat] Klee: Klee has added a slime to Moss! The number of slimes Moss has summoned has gone from 0 to 1
2022-09-18T06:49:11Z [add] traffyboi: 1 aile
2022-09-18T06:49:11Z [chat] traffyboi: !add 1 aile
2022-09-18T06:49:11Z [chat] Klee: Klee has added a slime to aile! The number of slimes aile has summoned has gone from 4 to 5
2022-09-18T07:37:53Z [chat] Link2D3atH: <@&887894985398157363> vent
2022-09-18T07:37:53Z [chat] Klee: Woah! It is a slime!  (ﾉ>ω<)ﾉ  Klee has counted 9 slimes for Vent!
2022-09-18T07:37:53Z [chat] traffyboi: <@&887894985398157363> vent
2022-09-18T07:37:53Z [chat] Klee: Woah! It is a slime!  (ﾉ>ω<)ﾉ  Klee has counted 10 slimes for Vent!
2022-09-18T07:37:57Z [chat] traffyboi: !doubleping vent
2022-09-18T07:37:57Z [chat] Klee: Klee has subtracted a slime from Vent! The number of slimes Vent has summoned has gone from 10 to 9
