2022-09-01T04:55:04Z Bot is starting up...
2022-09-01T04:55:07Z Bot is ready.
2022-09-01T04:59:52Z [add] traffyboi: 1 me
2022-09-01T04:59:53Z [chat] traffyboi: !add 1 me
2022-09-01T04:59:53Z [chat] Klee: Klee has added a slime to traffyboi! The number of slimes traffyboi has summoned has gone from 69 to 70
2022-09-01T05:00:33Z [chat] traffyboi: https://tenor.com/view/everything-gif-18150693
2022-09-01T05:04:06Z [chat] Vent (Aile): now you need 96 to make it right
2022-09-01T05:04:16Z [chat] Vent (Aile): inb4 3 week ragna
2022-09-01T05:04:23Z [chat] traffyboi: <:kekw:674563315699154944>
2022-09-01T05:31:49Z [chat] traffyboi: <@&887894985398157363> tatumi
2022-09-01T05:31:50Z [chat] Klee: Woah! It is a slime!  (ﾉ>ω<)ﾉ  Klee has counted 35 slimes for Tatumi!
2022-09-01T05:45:13Z [chat] Tedo: retired levi got one
2022-09-01T05:45:38Z [chat] Vent (Aile): ayeeeee
2022-09-01T05:48:54Z [chat] Tedo: ded
2022-09-01T05:49:50Z [chat] Cats On Mars: <@&887894985398157363> me
2022-09-01T05:49:50Z [chat] Klee: Woah! It is a slime!  (ﾉ>ω<)ﾉ  Klee has counted 10 slimes for Cats On Mars!
2022-09-01T05:51:12Z [chat] esyw: Levi retired on ultra, not on game?
2022-09-01T05:51:21Z [chat] Vent (Aile): yep
2022-09-01T05:51:43Z [chat] esyw: I guys giving him too much pressure lol
2022-09-01T05:51:46Z [chat] variant-*: different person holding the account now
2022-09-01T05:52:29Z [chat] traffyboi: lol nah, he had some real life stuff he wanted to focus on. gave the account to his bro
2022-09-01T05:52:48Z [chat] esyw: This u know?
2022-09-01T05:52:51Z [chat] esyw: Haha
2022-09-01T05:52:55Z [chat] variant-*: dead 19
2022-09-01T05:53:07Z [chat] Vent (Aile): I remember him quitting for rl stuff, but thought he came back for LL then retire again
2022-09-01T05:53:41Z [chat] traffyboi: nah i don't think he ever came back. he lurks sometimes from what i know, but i think his bro is the one holding the account and playing
