2022-09-18T18:06:47Z Bot is starting up...
2022-09-18T18:06:50Z Bot is ready.
2022-09-18T18:15:15Z [chat] zero00: <@&887894985398157363> me
2022-09-18T18:15:16Z [chat] Klee: Woah! It is a slime!  (ﾉ>ω<)ﾉ  Klee has counted 7 slimes for zero00!
2022-09-18T18:15:53Z [chat] mUmU: full
2022-09-18T18:15:55Z [chat] esyw: Full
2022-09-18T18:23:31Z [chat] Reddl: <@&887894985398157363> Evian
2022-09-18T18:23:31Z [chat] Klee: Woah! It is a slime!  (ﾉ>ω<)ﾉ  Klee has counted 2 slimes for Evian!
2022-09-18T18:23:31Z [chat] zero00: <@&887894985398157363> evian
2022-09-18T18:23:31Z [chat] Klee: Woah! It is a slime!  (ﾉ>ω<)ﾉ  Klee has counted 3 slimes for Evian!
2022-09-18T18:23:41Z [add] zero00: -1 evian
2022-09-18T18:23:41Z [chat] zero00: !add -1 evian
2022-09-18T18:23:41Z [chat] Klee: Klee has added a slime to Evian! The number of slimes Evian has summoned has gone from 3 to 2
2022-09-18T18:24:08Z [chat] Vent (Aile): 18
2022-09-18T18:24:31Z [chat] esyw: ?
2022-09-18T18:24:44Z [chat] esyw: Ded
2022-09-18T18:25:42Z [chat] ainthe: fulded
2022-09-18T18:28:24Z [chat] esyw: <@&887894985398157363> traf
2022-09-18T18:28:24Z [chat] Klee: Woah! It is a slime!  (ﾉ>ω<)ﾉ  Klee has counted 9 slimes for traffyboi!
2022-09-18T18:28:36Z [chat] esyw: Bulba y nv ping?
2022-09-18T18:29:19Z [chat] mUmU: 18th
2022-09-18T18:29:19Z [chat] Vent (Aile): !top_three
2022-09-18T18:29:19Z [chat] Klee: The current first is ['Kenshin'] with 14 slimes! Second is ['Vent'] with 12 slimes, and third is ['Ioni', 'DoujinKAMI'] with 10 slimes! They are the best! ⁽⁽٩(๑˃̶͈̀ ᗨ ˂̶͈́)۶⁾⁾
2022-09-18T18:30:32Z [chat] Tachii: !sself
2022-09-18T18:30:32Z [chat] Klee: Klee knows that you have summoned 7 slimes so far this season! You are the best!
2022-09-18T18:31:08Z [chat] Tachii: fulded
2022-09-18T18:55:11Z [chat] Tachii: <@&887894985398157363> traff
2022-09-18T18:55:11Z [chat] Klee: Woah! It is a slime!  (ﾉ>ω<)ﾉ  Klee has counted 10 slimes for traffyboi!
2022-09-18T18:55:24Z [chat] Tachii: big numbers man climbing
2022-09-18T18:55:56Z [chat] Kenshin: Intern just got his wire
