2022-09-16T03:43:29Z Bot is starting up...
2022-09-16T03:43:32Z Bot is ready.
2022-09-16T03:45:12Z [add] 17maple: 1 doujin
2022-09-16T03:45:13Z [chat] 17maple: !add 1 doujin
2022-09-16T03:45:14Z [chat] Klee: Klee has added a slime to DoujinKAMI! The number of slimes DoujinKAMI has summoned has gone from 2 to 3
2022-09-16T03:51:06Z [chat] Ioni: <@&887894985398157363> me
2022-09-16T03:51:07Z [chat] Klee: Woah! It is a slime!  (ﾉ>ω<)ﾉ  Klee has counted 3 slimes for Ioni!
2022-09-16T03:54:28Z [chat] Kenshin: ded
2022-09-16T04:26:06Z [chat] Variant-2: <@&887894985398157363> variant lvl 22 in 10 secs
2022-09-16T04:26:06Z [chat] Klee: Woah! It is a slime!  (ﾉ>ω<)ﾉ  Klee has counted 1 slimes for virant (Variant-1)!
2022-09-16T04:41:32Z [add] traffyboi: 1 doujin
2022-09-16T04:41:32Z [chat] traffyboi: !add 1 doujin
2022-09-16T04:41:32Z [chat] Klee: Klee has added a slime to DoujinKAMI! The number of slimes DoujinKAMI has summoned has gone from 3 to 4
2022-09-16T04:42:12Z [chat] DoujinKAMI: wait why?
2022-09-16T04:42:20Z [chat] traffyboi: cuz im blind
2022-09-16T04:42:24Z [add] traffyboi: -1 doujin
2022-09-16T04:42:24Z [chat] traffyboi: !add -1 doujin
2022-09-16T04:42:24Z [chat] Klee: Klee has added a slime to DoujinKAMI! The number of slimes DoujinKAMI has summoned has gone from 4 to 3
2022-09-16T04:42:25Z [chat] DoujinKAMI: lmaooo
2022-09-16T04:42:30Z [chat] traffyboi: thx for catching
