2022-09-16T16:55:25Z Bot is starting up...
2022-09-16T16:55:28Z Bot is ready.
2022-09-16T17:11:39Z [chat] traffyboi: i believe in the law of big numbers
2022-09-16T17:12:31Z [chat] Tachii: Expecting the 10 slime day
2022-09-16T17:12:56Z [chat] Vent (Aile): He's just giving us a head start
2022-09-16T17:13:54Z [add] 17maple: 1 tachi
2022-09-16T17:13:55Z [chat] 17maple: !add 1 tachi
2022-09-16T17:13:55Z [chat] Klee: Klee has added a slime to Tachii! The number of slimes Tachii has summoned has gone from 2 to 3
2022-09-16T17:13:57Z [add] 17maple: 1 zero
2022-09-16T17:13:57Z [chat] 17maple: !add 1 zero
2022-09-16T17:13:57Z [chat] Klee: Klee has added a slime to zero00! The number of slimes zero00 has summoned has gone from 2 to 3
2022-09-16T17:14:04Z [add] 17maple: 1 plaindoe
2022-09-16T17:14:04Z [chat] 17maple: !add 1 plaindoe
2022-09-16T17:14:04Z [chat] Klee: Klee has added a slime to PlainDoe! The number of slimes PlainDoe has summoned has gone from 0 to 1
2022-09-16T17:19:14Z [chat] Tatumi: <@&887894985398157363> ME
2022-09-16T17:19:14Z [chat] Klee: Woah! It is a slime!  (ﾉ>ω<)ﾉ  Klee has counted 1 slimes for Tatumi!
2022-09-16T17:30:59Z [chat] Tatumi: <@&887894985398157363> <@400768894521966604>
2022-09-16T17:30:59Z [chat] Klee: Woah! It is a slime!  (ﾉ>ω<)ﾉ  Klee has counted 1 slimes for luxury777!
2022-09-16T17:36:56Z [chat] Vent (Aile): <@&887894985398157363> traff
2022-09-16T17:36:56Z [chat] Klee: Woah! It is a slime!  (ﾉ>ω<)ﾉ  Klee has counted 2 slimes for traffyboi!
2022-09-16T17:37:28Z [chat] traffyboi: now that was actually impressive timing
2022-09-16T17:37:35Z [chat] Vent (Aile): https://tenor.com/view/there-he-is-antwan-taika-waititi-free-guy-hes-there-gif-22851748
2022-09-16T17:37:52Z [chat] DoujinKAMI: full bois
2022-09-16T17:37:52Z [chat] traffyboi: on my screen the i didn't even know i had a raid yet
