2022-09-21T00:30:30Z Bot is starting up...
2022-09-21T00:30:33Z Bot is ready.
2022-09-21T00:33:12Z [add] traffyboi: 1 ainthe
2022-09-21T00:33:13Z [chat] traffyboi: !add 1 ainthe
2022-09-21T00:33:13Z [chat] Klee: Klee has added a slime to Ainthe! The number of slimes Ainthe has summoned has gone from 1 to 2
2022-09-21T00:44:41Z [chat] rocketeer: <@&887894985398157363> vent
2022-09-21T00:44:41Z [chat] Klee: Woah! It is a slime!  (ﾉ>ω<)ﾉ  Klee has counted 18 slimes for Vent!
2022-09-21T00:46:07Z [chat] Tedo: gone
2022-09-21T00:46:13Z [chat] traffyboi: <@400768894521966604> too fast
2022-09-21T00:46:16Z [chat] Vent (Aile): <:angy:891267255302750208>
2022-09-21T00:46:41Z [chat] luxury777: Oh fuxk
2022-09-21T00:46:59Z [chat] luxury777: I was working and forgot ngl
2022-09-21T00:47:19Z [chat] luxury777: Luckily 19
2022-09-21T00:47:27Z [chat] traffyboi: don't make me find it
2022-09-21T00:47:35Z [chat] DoujinKAMI: poor tedo tho
2022-09-21T00:47:43Z [chat] luxury777: Ill spawn 1 as apology
2022-09-21T00:47:51Z [chat] luxury777: (Hopefully)
2022-09-21T00:47:52Z [chat] Vent (Aile): spawn 20
2022-09-21T00:48:02Z [chat] luxury777: I see what u did there
2022-09-21T00:48:16Z [chat] traffyboi: 
2022-09-21T00:48:32Z [chat] traffyboi: <:keklul:887934339680206858>
2022-09-21T00:49:03Z [chat] luxury777: <:pepePout:888009175999844382>
2022-09-21T00:50:16Z [chat] traffyboi: <@&887894985398157363> zero
2022-09-21T00:50:16Z [chat] Klee: Woah! It is a slime!  (ﾉ>ω<)ﾉ  Klee has counted 15 slimes for zero00!
2022-09-21T00:51:09Z [chat] DoujinKAMI: 19th
2022-09-21T00:51:19Z [chat] Thaelon: full
2022-09-21T00:51:19Z [chat] mUmU: 20
2022-09-21T00:56:04Z [chat] feindishly2 (Bulbasaur): <@&887894985398157363> tatumi
2022-09-21T00:56:05Z [chat] Klee: Woah! It is a slime!  (ﾉ>ω<)ﾉ  Klee has counted 12 slimes for Tatumi!
2022-09-21T00:58:51Z [chat] mUmU: full
