2022-09-16T12:55:14Z Bot is starting up...
2022-09-16T12:55:17Z Bot is ready.
2022-09-16T12:55:43Z [chat] || eph || booyah ||: <:pain:842530279884062720>
2022-09-16T12:55:57Z [chat] NQN: [](https://cdn.discordapp.com/emojis/893907255236390962.png )
2022-09-16T12:56:40Z [add] 17maple: 1 tachi
2022-09-16T12:56:40Z [chat] 17maple: !add 1 tachi
2022-09-16T12:56:40Z [chat] Klee: Klee has added a slime to Tachii! The number of slimes Tachii has summoned has gone from 1 to 2
2022-09-16T12:56:45Z [add] 17maple: 1 ken
2022-09-16T12:56:45Z [chat] 17maple: !add 1 ken
2022-09-16T12:56:46Z [chat] Klee: Klee has added a slime to Kenshin! The number of slimes Kenshin has summoned has gone from 2 to 3
2022-09-16T12:56:57Z [add] || eph || booyah ||: 0 eph
2022-09-16T12:56:57Z [chat] || eph || booyah ||: !add 0 eph
2022-09-16T12:56:57Z [chat] Klee: Klee has added a slime to eph | booyah! The number of slimes eph | booyah has summoned has gone from 1 to 1
2022-09-16T12:56:58Z [add] 17maple: 1 red
2022-09-16T12:56:58Z [chat] 17maple: !add 1 red
2022-09-16T12:56:58Z [chat] Klee: Klee has added a slime to ReddlsRow! The number of slimes ReddlsRow has summoned has gone from 0 to 1
2022-09-16T12:57:16Z [chat] 17maple: you can just do self
2022-09-16T12:57:20Z [chat] 17maple: !self
2022-09-16T12:57:20Z [chat] Klee: Klee does not know this command... ヾ(⌒(_´･ㅅ･`)_
2022-09-16T12:57:23Z [chat] 17maple: !sself
2022-09-16T12:57:23Z [chat] Klee: Klee knows that you have summoned 0 slimes so far this season! You are the best!
2022-09-16T12:57:45Z [chat] Vent (Aile): klee was down earlier when eph tried both commands
2022-09-16T12:58:37Z [chat] || eph || booyah ||: yup
2022-09-16T13:37:11Z [chat] zero00: <@&887894985398157363> paw
2022-09-16T13:37:11Z [chat] Klee: Woah! It is a slime!  (ﾉ>ω<)ﾉ  Klee has counted 1 slimes for pawpaw!
2022-09-16T13:37:28Z [chat] || eph || booyah ||: 8th
2022-09-16T13:39:02Z [chat] Foxcolt: Oh shit I zoomed that by accident, sorry! 15 in 😦
