2022-09-20T04:25:29Z Bot is starting up...
2022-09-20T04:25:32Z Bot is ready.
2022-09-20T04:47:12Z [chat] Tatumi: <@&887894985398157363> ME
2022-09-20T04:47:12Z [chat] Klee: Woah! It is a slime!  (ﾉ>ω<)ﾉ  Klee has counted 9 slimes for Tatumi!
2022-09-20T04:51:15Z [chat] Gold Hunter: 9 dead
2022-09-20T04:57:22Z [add] traffyboi: 1 zeref
2022-09-20T04:57:22Z [chat] traffyboi: !add 1 zeref
2022-09-20T04:57:23Z [chat] Klee: Klee has added a slime to Zerefsis! The number of slimes Zerefsis has summoned has gone from 1 to 2
2022-09-20T04:57:45Z [add] traffyboi: 1 ken
2022-09-20T04:57:45Z [chat] traffyboi: !add 1 ken
2022-09-20T04:57:45Z [chat] Klee: Klee has added a slime to Kenshin! The number of slimes Kenshin has summoned has gone from 17 to 18
2022-09-20T04:58:06Z [add] traffyboi: 1 esyw
2022-09-20T04:58:06Z [chat] traffyboi: !add 1 esyw
2022-09-20T04:58:06Z [chat] Klee: Klee has added a slime to esyw! The number of slimes esyw has summoned has gone from 4 to 5
2022-09-20T04:59:13Z [add] traffyboi: -1 zeref
2022-09-20T04:59:13Z [chat] traffyboi: !add -1 zeref
2022-09-20T04:59:13Z [chat] Klee: Klee has added a slime to Zerefsis! The number of slimes Zerefsis has summoned has gone from 2 to 1
2022-09-20T04:59:20Z [chat] traffyboi: this one was actually counted
2022-09-20T05:01:32Z [chat] Cats On Mars: <@&887894985398157363> <@560576301149192203>
2022-09-20T05:01:33Z [chat] Klee: Woah! It is a slime!  (ﾉ>ω<)ﾉ  Klee has counted 3 slimes for mantis!
2022-09-20T05:02:53Z [chat] mUmU: 12th
2022-09-20T05:06:22Z [chat] Gold Hunter: 19ded
