2022-09-24T20:54:17Z Bot is starting up...
2022-09-24T20:54:19Z Bot is ready.
2022-09-24T20:54:39Z [chat] Variant-2: <@&887894985398157363> vent
2022-09-24T20:54:40Z [chat] Klee: Woah! It is a slime!  (ﾉ>ω<)ﾉ  Klee has counted 41 slimes for Vent!
2022-09-24T21:01:56Z [chat] Kenshin: <@&887894985398157363> VENT
2022-09-24T21:01:56Z [chat] Klee: Woah! It is a slime!  (ﾉ>ω<)ﾉ  Klee has counted 42 slimes for Vent!
2022-09-24T21:02:06Z [chat] Kenshin: going to traffy's head
2022-09-24T21:02:21Z [add] rocketeer: 1 tympest
2022-09-24T21:02:21Z [chat] rocketeer: !add 1 tympest
2022-09-24T21:02:21Z [chat] Klee: Klee has added a slime to Tympest! The number of slimes Tympest has summoned has gone from 5 to 6
2022-09-24T21:02:24Z [add] rocketeer: 1 rocket
2022-09-24T21:02:24Z [chat] rocketeer: !add 1 rocket
2022-09-24T21:02:25Z [chat] Klee: Klee has added a slime to rocketeer! The number of slimes rocketeer has summoned has gone from 13 to 14
2022-09-24T21:02:42Z [chat] traffyboi: <:pepesweat:588842556654092288>
2022-09-24T21:03:02Z [chat] luxury777: zoomed
2022-09-24T21:03:03Z [chat] Tachii: gone
2022-09-24T21:03:22Z [chat] Gold Hunter: Someone zoomed at 14
2022-09-24T21:03:24Z [chat] traffyboi: 
2022-09-24T21:03:25Z [chat] traffyboi: <@139262103214227456> too fast
2022-09-24T21:03:30Z [chat] Vent (Aile): <:angy:891267255302750208>
2022-09-24T21:03:31Z [chat] traffyboi: was 18/20
2022-09-24T21:03:35Z [chat] Kenshin: a lot of zooming today
2022-09-24T21:09:17Z [chat] Vent (Aile): put some reg raids up, I need to burn 2 tix before I head out
2022-09-24T21:10:33Z [chat] DoujinKAMI: i got u
2022-09-24T21:38:23Z [chat] Ioni: <@&887894985398157363> me
2022-09-24T21:38:23Z [chat] Klee: Woah! It is a slime!  (ﾉ>ω<)ﾉ  Klee has counted 17 slimes for Ioni!
2022-09-24T21:38:31Z [chat] Kenshin: see u got ur 15
2022-09-24T21:38:36Z [chat] Kenshin: <:JabbaKek:887916458309451796>
2022-09-24T21:38:50Z [chat] Ioni: still 3 days w/o slime :<
2022-09-24T21:39:03Z [chat] traffyboi: > ioni has exited the salt mine
2022-09-24T21:39:23Z [chat] Tachii: focus on the positives and forget the negatives is my life mantra <:hidethepainaway:888099981658050592>
2022-09-24T21:40:38Z [chat] 17maple: ayyy, the positive energy
2022-09-24T21:43:39Z [chat] Tachii: retired levi
2022-09-24T21:43:41Z [chat] Tachii: has a slime lul
