2022-09-20T00:27:18Z Bot is starting up...
2022-09-20T00:27:20Z Bot is ready.
2022-09-20T00:32:06Z [add] traffyboi: 1 spike
2022-09-20T00:32:06Z [chat] traffyboi: !add 1 spike
2022-09-20T00:32:06Z [chat] Klee: Klee has added a slime to Spike/Chitoge! The number of slimes Spike/Chitoge has summoned has gone from 0 to 1
2022-09-20T00:40:44Z [chat] DoujinKAMI: <@&887894985398157363> ioni
2022-09-20T00:40:45Z [chat] Klee: Woah! It is a slime!  (ﾉ>ω<)ﾉ  Klee has counted 14 slimes for Ioni!
2022-09-20T00:43:03Z [chat] traffyboi: <@187764065131560960> a little too fast
2022-09-20T00:43:14Z [chat] traffyboi: was probably pretty close tho lol
2022-09-20T00:43:27Z [chat] traffyboi: i tried entering at 42 and by the time i typed the message it was 43
2022-09-20T00:43:57Z [chat] leafa1244: think it was 18/20 when I finished
2022-09-20T00:44:02Z [chat] leafa1244: but sure ill slow down a bit
2022-09-20T00:44:44Z [chat] leafa1244: was in a middle of playing a raid so didn't have much time to pause mb
2022-09-20T00:45:27Z [chat] traffyboi: we ask that ppl wait for whatever the discord ping time is +3 mins, that way it's *always* at least 2 mins
2022-09-20T00:45:36Z [chat] traffyboi: regardless of how many ppl get in
2022-09-20T00:47:03Z [chat] DoujinKAMI: <@&887894985398157363> tachii
2022-09-20T00:47:03Z [chat] Klee: Woah! It is a slime!  (ﾉ>ω<)ﾉ  Klee has counted 10 slimes for Tachii!
2022-09-20T00:47:41Z [chat] Ioni: 19th
2022-09-20T00:47:47Z [chat] Kenshin: <:megafroge:893992982456451133>
2022-09-20T00:48:38Z [chat] Kenshin: fullded
2022-09-20T00:49:01Z [chat] traffyboi: <:evilpepesip:641240176252944394>
2022-09-20T00:49:13Z [chat] traffyboi: taking the risk i see
2022-09-20T00:49:38Z [chat] Kenshin: 19 in under a min. i waited another min. no way it's not full
2022-09-20T00:49:40Z [chat] Kenshin: yes took a risk
2022-09-20T00:49:40Z [chat] Kenshin: <:topkek:887923315342213142>
2022-09-20T00:49:43Z [chat] Kenshin: not much of one tho
2022-09-20T00:49:45Z [chat] traffyboi: <:honkpoint:679365714498289665>
2022-09-20T01:00:15Z [chat] Ioni: <@&887894985398157363> me
2022-09-20T01:00:15Z [chat] Klee: Woah! It is a slime!  (ﾉ>ω<)ﾉ  Klee has counted 15 slimes for Ioni!
2022-09-20T01:12:50Z [chat] Kenshin: <@&887894985398157363> link
2022-09-20T01:12:50Z [chat] Klee: Woah! It is a slime!  (ﾉ>ω<)ﾉ  Klee has counted 5 slimes for Link2D3atH!
2022-09-20T01:14:48Z [chat] mUmU: 19th
