2022-09-24T13:35:55Z Bot is starting up...
2022-09-24T13:35:57Z Bot is ready.
2022-09-24T13:54:05Z [add] 17maple: 1 traf
2022-09-24T13:54:05Z [chat] 17maple: !add 1 traf
2022-09-24T13:54:06Z [chat] Klee: Klee has added a slime to traffyboi! The number of slimes traffyboi has summoned has gone from 43 to 44
2022-09-24T13:54:07Z [add] 17maple: 1 plaine
2022-09-24T13:54:07Z ERROR TRACE:
Traceback (most recent call last):
  File "main.py", line 551, in add
    original = AGE_members[member_id]
UnboundLocalError: local variable 'member_id' referenced before assignment
# TRACE END

2022-09-24T13:54:08Z [chat] 17maple: !add 1 plaine
2022-09-24T13:54:11Z [add] 17maple: 1 plain
2022-09-24T13:54:11Z [chat] 17maple: !add 1 plain
2022-09-24T13:54:11Z [chat] Klee: Klee has added a slime to PlainDoe! The number of slimes PlainDoe has summoned has gone from 11 to 12
2022-09-24T13:54:18Z [add] 17maple: 1 tatu
2022-09-24T13:54:18Z [chat] 17maple: !add 1 tatu
2022-09-24T13:54:18Z [chat] Klee: Klee has added a slime to Tatumi! The number of slimes Tatumi has summoned has gone from 25 to 26
2022-09-24T13:54:26Z [add] 17maple: 1 zero
2022-09-24T13:54:26Z [chat] 17maple: !add 1 zero
2022-09-24T13:54:26Z [chat] Klee: Klee has added a slime to zero00! The number of slimes zero00 has summoned has gone from 23 to 24
2022-09-24T14:12:21Z [chat] PlainDoe: <@&887894985398157363> kenshin
2022-09-24T14:12:21Z [chat] Klee: Woah! It is a slime!  (ﾉ>ω<)ﾉ  Klee has counted 31 slimes for Kenshin!
2022-09-24T14:13:03Z [chat] Vent (Aile): fullgo
