2022-09-27T14:30:01Z Bot is starting up...
2022-09-27T14:30:05Z Bot is ready.
2022-09-27T14:31:15Z [chat] zero00: <@&887894985398157363> thaelon
2022-09-27T14:31:15Z [chat] Klee: Woah! It is a slime!  (ﾉ>ω<)ﾉ  Klee has counted 22 slimes for Thaelon!
2022-09-27T14:39:41Z [chat] Vent (Aile): !top_three
2022-09-27T14:39:42Z [chat] Klee: The current first is ['traffyboi'] with 56 slimes! Second is ['Vent'] with 52 slimes, and third is ['Kenshin'] with 44 slimes! They are the best! ⁽⁽٩(๑˃̶͈̀ ᗨ ˂̶͈́)۶⁾⁾
2022-09-27T14:44:11Z [chat] Ophianne: <@&887894985398157363> me
2022-09-27T14:44:12Z [chat] Klee: Woah! It is a slime!  (ﾉ>ω<)ﾉ  Klee has counted 5 slimes for Ophianne!
2022-09-27T14:50:35Z [chat] Zerefsis: <@&887894985398157363> mantis
2022-09-27T14:50:35Z [chat] Klee: Woah! It is a slime!  (ﾉ>ω<)ﾉ  Klee has counted 6 slimes for mantis!
2022-09-27T14:51:02Z [chat] Thaelon: got two folks
2022-09-27T14:51:06Z [chat] Ophianne: Doujinkami also has one
2022-09-27T14:51:09Z [chat] Thaelon: doujin is next
2022-09-27T14:51:40Z [chat] Dan: mantis full
2022-09-27T14:51:45Z [chat] variant-*: Traf first
2022-09-27T14:51:57Z [chat] variant-*: Manis full, traf, doujin
2022-09-27T14:51:59Z [chat] Thaelon: pause in doujin
2022-09-27T14:52:04Z [chat] variant-*: <@&887894985398157363> traf
2022-09-27T14:52:04Z [chat] Klee: Woah! It is a slime!  (ﾉ>ω<)ﾉ  Klee has counted 57 slimes for traffyboi!
2022-09-27T14:52:14Z [chat] Tachii: wot d afok
2022-09-27T14:52:16Z [chat] Tachii: i only saw one
2022-09-27T14:52:18Z [chat] Spike/Chitoge: ?
2022-09-27T14:52:26Z [chat] Tachii: but i also didnt scroll down more loll
2022-09-27T14:52:34Z [chat] Spike/Chitoge: I also only see doujin...
2022-09-27T14:52:39Z [chat] Thaelon: should I zoom doujin or wait?
2022-09-27T14:52:44Z [chat] Spike/Chitoge: I'm paused in doujin, but idk
2022-09-27T14:52:47Z [chat] variant-*: <@&887894985398157363> doujin
2022-09-27T14:52:47Z [chat] Klee: Woah! It is a slime!  (ﾉ>ω<)ﾉ  Klee has counted 39 slimes for DoujinKAMI!
2022-09-27T14:52:57Z [chat] Spike/Chitoge: imma just sit in doujin cause I didn't see any others
2022-09-27T14:52:57Z [chat] Vent (Aile): I killed traffs but doujin is still up
2022-09-27T14:52:59Z [chat] Thaelon: imma just stay paused
2022-09-27T14:53:02Z [chat] Tachii: traffs got zoomed
2022-09-27T14:53:13Z [chat] Zerefsis: Traf had one!
2022-09-27T14:53:24Z [chat] Zerefsis: It should have been pinged
2022-09-27T14:53:35Z [chat] Tachii: it was lul
2022-09-27T14:53:43Z [chat] Ophianne: They all ded
2022-09-27T14:53:45Z [chat] Ophianne: Damn
2022-09-27T14:53:51Z [chat] Zerefsis: Oh
2022-09-27T14:53:57Z [chat] Ophianne: Didnt even get into either traf or doujins
2022-09-27T14:54:00Z [chat] mUmU: shit
2022-09-27T14:54:06Z [chat] Ophianne: Someone zoomed
2022-09-27T14:54:10Z [chat] Ophianne: ?
2022-09-27T14:54:13Z [chat] mUmU: i was in dojin
2022-09-27T14:54:16Z [chat] variant-*: All gone
2022-09-27T14:54:17Z [chat] Ophianne: Lmao
2022-09-27T14:54:32Z [chat] Zerefsis: It got pinged when it was already dead
2022-09-27T14:54:39Z [chat] Tachii: https://tenor.com/view/getting-out-of-leaving-gotta-go-cars-fast-cars-gif-17957775
2022-09-27T14:54:40Z [chat] Thaelon: got 2/3 so I'm counting it as a win
2022-09-27T14:54:56Z [chat] Zerefsis: https://tenor.com/view/same-car-crash-subwe-funny-gif-20193794
