2022-09-21T07:30:28Z Bot is starting up...
2022-09-21T07:30:31Z Bot is ready.
2022-09-21T07:48:46Z [chat] feindishly2 (Bulbasaur): <@&887894985398157363> me
2022-09-21T07:48:46Z [chat] Klee: Woah! It is a slime!  (ﾉ>ω<)ﾉ  Klee has counted 8 slimes for Bulbasaur!
2022-09-21T07:49:11Z [chat] ainthe: kenshin has one too no one in it
2022-09-21T07:49:19Z [chat] Tedo: 3rd in bulba, ken just showed up
2022-09-21T07:49:33Z [chat] Tedo: i think rando in biulba?
2022-09-21T07:50:07Z [chat] Link2D3atH: <@&887894985398157363> kenshi
2022-09-21T07:50:07Z [chat] Klee: Woah! It is a slime!  (ﾉ>ω<)ﾉ  Klee has counted 22 slimes for Kenshin!
2022-09-21T07:50:37Z [chat] Tedo: status on bulba? im still paused
2022-09-21T07:50:41Z [chat] ainthe: better to wait the 3 mins but its out now
2022-09-21T07:50:53Z [chat] Link2D3atH: 0 on kenshi
2022-09-21T07:51:05Z [chat] Tedo: do u see bulba’s link?
2022-09-21T07:51:07Z [chat] Link2D3atH: I don't have bulba add it si no clue
2022-09-21T07:51:11Z [chat] Tedo: ahhh
2022-09-21T07:51:11Z [chat] ainthe: can go on bulb
2022-09-21T07:51:43Z [chat] Tedo: oooff i killed bulba’s forst
2022-09-21T07:52:09Z [chat] Link2D3atH: 
2022-09-21T07:52:16Z [chat] Tedo: ded at 7. i’m 8th in ken’s
2022-09-21T07:52:19Z [chat] Link2D3atH: 4 on kenshi joining now
2022-09-21T07:55:14Z [chat] DoujinKAMI: Fulded
2022-09-21T08:22:47Z [chat] Vent (Aile): <@&887894985398157363> vent
2022-09-21T08:22:47Z [chat] Klee: Woah! It is a slime!  (ﾉ>ω<)ﾉ  Klee has counted 21 slimes for Vent!
