2022-09-21T13:31:44Z Bot is starting up...
2022-09-21T13:31:46Z Bot is ready.
2022-09-21T13:50:04Z [chat] Vent (Aile): <@&887894985398157363> vent
2022-09-21T13:50:05Z [chat] Klee: Woah! It is a slime!  (ﾉ>ω<)ﾉ  Klee has counted 22 slimes for Vent!
2022-09-21T13:53:55Z [chat] || eph || booyah ||: fullded
2022-09-21T13:54:27Z [chat] || eph || booyah ||: <@&887894985398157363> eph
2022-09-21T13:54:28Z [chat] Klee: Woah! It is a slime!  (ﾉ>ω<)ﾉ  Klee has counted 4 slimes for eph | booyah!
2022-09-21T13:54:53Z [chat] Tachii: goldhunter has one too
2022-09-21T13:55:10Z [chat] || eph || booyah ||: mine should fill quickly
2022-09-21T13:55:23Z [chat] zero00: <@&887894985398157363> gold rando in
2022-09-21T13:55:24Z [chat] Klee: Woah! It is a slime!  (ﾉ>ω<)ﾉ  Klee has counted 9 slimes for GoldHunter!
2022-09-21T13:55:24Z [chat] Consutron: it is gone
2022-09-21T13:55:33Z [chat] Consutron: goldhunter still up tho
2022-09-21T13:56:02Z [chat] || eph || booyah ||: 13 made mine
2022-09-21T13:56:03Z [chat] || eph || booyah ||: someone zoomed
2022-09-21T13:56:12Z [chat] || eph || booyah ||: 9th in gh
2022-09-21T13:57:34Z [chat] Angel: 14
2022-09-21T13:57:53Z [chat] Angel: Gold
2022-09-21T13:58:41Z [chat] donuts: 18th gold
2022-09-21T13:58:53Z [chat] || eph || booyah ||: ded
2022-09-21T13:59:04Z [chat] || eph || booyah ||: also, i show 15
2022-09-21T13:59:06Z [chat] || eph || booyah ||: <:squint:750466838567059586>
2022-09-21T13:59:07Z [chat] Tachii: how can it be 18 only 15 was in <:kekw:887896260625977355>
2022-09-21T13:59:17Z [chat] || eph || booyah ||: 
2022-09-21T13:59:57Z [chat] Vent (Aile): donut in a diff slime <:huaji:887909354018316298>
2022-09-21T14:07:18Z [chat] donuts: Ooo
2022-09-21T14:07:41Z [chat] donuts: T**ks slime
2022-09-21T14:07:50Z [chat] Tachii: https://media.discordapp.net/attachments/515278592905838642/1007402094216626258/861296276434583592.gif
2022-09-21T14:11:39Z [chat] || eph || booyah ||: lulz
2022-09-21T14:30:27Z [chat] Thaelon: <@&887894985398157363> traff
2022-09-21T14:30:28Z [chat] Klee: Woah! It is a slime!  (ﾉ>ω<)ﾉ  Klee has counted 28 slimes for traffyboi!
