2022-09-27T15:32:23Z Bot is starting up...
2022-09-27T15:32:26Z Bot is ready.
2022-09-27T15:34:02Z [chat] Dostic: <@&887894985398157363> zero
2022-09-27T15:34:02Z [chat] Klee: Woah! It is a slime!  (ﾉ>ω<)ﾉ  Klee has counted 36 slimes for zero00!
2022-09-27T15:34:02Z [chat] zero00: <@&887894985398157363> me
2022-09-27T15:34:03Z [chat] Klee: Woah! It is a slime!  (ﾉ>ω<)ﾉ  Klee has counted 37 slimes for zero00!
2022-09-27T15:34:09Z [chat] Dostic: 🥇
2022-09-27T15:34:24Z [chat] Dostic: !doubleping zero
2022-09-27T15:34:24Z [chat] Klee: Klee has subtracted a slime from zero00! The number of slimes zero00 has summoned has gone from 37 to 36
2022-09-27T15:35:19Z [chat] Thaelon: fullllllll
2022-09-27T15:41:28Z [chat] Dostic: <@&887894985398157363> kenshin
2022-09-27T15:41:28Z [chat] Klee: Woah! It is a slime!  (ﾉ>ω<)ﾉ  Klee has counted 45 slimes for Kenshin!
2022-09-27T15:41:35Z [chat] Dostic: MCU already in
2022-09-27T15:42:35Z [chat] mUmU: 19th
2022-09-27T15:58:26Z [chat] Cats On Mars: <@&887894985398157363> thaleon
2022-09-27T15:58:26Z [chat] Klee: Uh, Klee does not know this name, and therefore cannot add this slime to anyone...
2022-09-27T15:59:14Z [chat] || eph || booyah ||: 13th
2022-09-27T15:59:21Z [add] || eph || booyah ||: 1 thae
2022-09-27T15:59:21Z [chat] || eph || booyah ||: !add 1 thae
2022-09-27T15:59:22Z [chat] Klee: Klee has added a slime to Thaelon! The number of slimes Thaelon has summoned has gone from 22 to 23
2022-09-27T16:01:44Z [chat] Thaelon: <:pepeCry:888004889354047559>
2022-09-27T16:01:47Z [chat] || eph || booyah ||: oh, nice, game crashed while paused.
2022-09-27T16:01:50Z [chat] || eph || booyah ||: <:frogerage:707298776003379230>
2022-09-27T16:03:02Z [chat] || eph || booyah ||: 
2022-09-27T16:03:03Z [chat] || eph || booyah ||: <:hands:694995390000267354>
2022-09-27T16:16:00Z [chat] Tedo: <@&887894985398157363> traf
2022-09-27T16:16:01Z [chat] Klee: Woah! It is a slime!  (ﾉ>ω<)ﾉ  Klee has counted 58 slimes for traffyboi!
2022-09-27T16:16:56Z [chat] Zerefsis: full
2022-09-27T16:28:00Z [chat] Tatumi: <@&887894985398157363> ME
2022-09-27T16:28:00Z [chat] Klee: Woah! It is a slime!  (ﾉ>ω<)ﾉ  Klee has counted 33 slimes for Tatumi!
2022-09-27T16:29:30Z [chat] variant-*: full
