2022-09-22T12:26:21Z Bot is starting up...
2022-09-22T12:26:24Z Bot is ready.
2022-09-22T12:30:04Z [chat] || eph || booyah ||: 18ded
2022-09-22T12:38:07Z [chat] PlainDoe: <@&887894985398157363> traffy
2022-09-22T12:38:07Z [chat] Klee: Woah! It is a slime!  (ﾉ>ω<)ﾉ  Klee has counted 36 slimes for traffyboi!
2022-09-22T12:39:03Z [add] Tachii: 2 donuts
2022-09-22T12:39:03Z [chat] Tachii: !add 2 donuts
2022-09-22T12:39:04Z [chat] Klee: Klee has added a slime to donuts! The number of slimes donuts has summoned has gone from 14 to 16
2022-09-22T12:39:11Z [add] Tachii: 1 eph
2022-09-22T12:39:11Z [chat] Tachii: !add 1 eph
2022-09-22T12:39:11Z [chat] Klee: Klee has added a slime to eph | booyah! The number of slimes eph | booyah has summoned has gone from 4 to 5
2022-09-22T12:39:21Z [add] Tachii: 1 goldhunter
2022-09-22T12:39:21Z [chat] Tachii: !add 1 goldhunter
2022-09-22T12:39:21Z [chat] Klee: Klee has added a slime to GoldHunter! The number of slimes GoldHunter has summoned has gone from 9 to 10
2022-09-22T12:39:31Z [add] Tachii: 1 traffy
2022-09-22T12:39:31Z [chat] Tachii: !add 1 traffy
2022-09-22T12:39:31Z [chat] Klee: Klee has added a slime to traffyboi! The number of slimes traffyboi has summoned has gone from 36 to 37
2022-09-22T12:39:33Z [add] Tachii: 1 lux
2022-09-22T12:39:34Z [chat] Tachii: !add 1 lux
2022-09-22T12:39:34Z [chat] Klee: Klee has added a slime to luxury777! The number of slimes luxury777 has summoned has gone from 5 to 6
2022-09-22T12:42:41Z [chat] || eph || booyah ||: 19ded
2022-09-22T12:43:01Z [chat] Moss: <@&887894985398157363> me
2022-09-22T12:43:01Z [chat] Klee: Woah! It is a slime!  (ﾉ>ω<)ﾉ  Klee has counted 2 slimes for Moss!
2022-09-22T12:51:15Z [chat] zero00: <@&887894985398157363> tatumi
2022-09-22T12:51:15Z [chat] Klee: Woah! It is a slime!  (ﾉ>ω<)ﾉ  Klee has counted 17 slimes for Tatumi!
2022-09-22T12:52:26Z [chat] Vent (Aile): Is there another one?
2022-09-22T12:52:31Z [chat] Kenshin: Yes plain
2022-09-22T12:52:32Z [chat] PlainDoe: Yes mine
2022-09-22T12:52:33Z [chat] Vent (Aile): I think I joined the wrong one
2022-09-22T12:52:36Z [chat] Vent (Aile): Kk paused
2022-09-22T12:52:44Z [chat] Kenshin: Anyone in it besides u
2022-09-22T12:52:53Z [chat] Vent (Aile): When I joined was just me
2022-09-22T12:53:05Z [chat] Tachii: zzom tatumi
2022-09-22T12:53:20Z [chat] Kenshin: ?
2022-09-22T12:53:25Z [chat] Tachii: ded
2022-09-22T12:53:26Z [chat] Kenshin: Anyone in plains
2022-09-22T12:53:31Z [chat] Kenshin: Ping it
2022-09-22T12:53:33Z [chat] zero00: <@&887894985398157363> plain
2022-09-22T12:53:34Z [chat] Klee: Woah! It is a slime!  (ﾉ>ω<)ﾉ  Klee has counted 8 slimes for PlainDoe!
2022-09-22T12:53:49Z [chat] || eph || booyah ||: 7th
2022-09-22T12:54:01Z [chat] Kenshin: Only 10 in tats
2022-09-22T12:54:12Z [chat] Kenshin: Fail
2022-09-22T12:56:40Z [chat] || eph || booyah ||: fullded
