2022-09-27T19:01:58Z Bot is starting up...
2022-09-27T19:02:00Z Bot is ready.
2022-09-27T19:28:28Z [chat] Vent (Aile): <@&887894985398157363> variant
2022-09-27T19:28:29Z [chat] Klee: Woah! It is a slime!  (ﾉ>ω<)ﾉ  Klee has counted 12 slimes for virant (Variant-1)!
2022-09-27T19:30:36Z [chat] Tachii: Gone
2022-09-27T19:31:05Z [chat] feindishly2 (Bulbasaur): ded already?
2022-09-27T19:31:12Z [chat] Vent (Aile): 
2022-09-27T19:31:45Z [chat] ainthe: ya sorry will give it an extra min
2022-09-27T19:31:58Z [chat] Vent (Aile): ainthe summon a replacement slime
2022-09-27T19:32:05Z [chat] ainthe: on it!
2022-09-27T19:32:15Z [chat] feindishly2 (Bulbasaur): are those lists in the order the slime was defeated in?
2022-09-27T19:32:21Z [chat] traffyboi: no
2022-09-27T19:32:21Z [chat] ainthe: no
2022-09-27T19:32:22Z [chat] Vent (Aile): no lol
2022-09-27T19:32:29Z [chat] Vent (Aile): that'd mean I killed it first
2022-09-27T19:32:59Z [chat] feindishly2 (Bulbasaur): yeah, just checked. I think it always puts yoursefl at the top
2022-09-27T19:33:47Z [chat] Vent (Aile): sometimes it'll show you lower on the list
2022-09-27T19:33:54Z [chat] Vent (Aile): no idea how its determined
2022-09-27T19:35:05Z [chat] Tachii: Ain't it just alphabetical
2022-09-27T19:35:32Z [chat] DoujinKAMI: ye
2022-09-27T19:35:37Z [chat] traffyboi: <:wutJerry:588833090693234709>
2022-09-27T19:37:08Z [chat] Thaelon: nah
2022-09-27T19:37:23Z [chat] DoujinKAMI: i lied
2022-09-27T19:37:26Z [chat] Vent (Aile): <:topkek:887923315342213142>
2022-09-27T19:38:47Z [chat] traffyboi: might just be unordered
2022-09-27T19:39:32Z [chat] Thaelon: <@&887894985398157363> traff
2022-09-27T19:39:32Z [chat] Klee: Woah! It is a slime!  (ﾉ>ω<)ﾉ  Klee has counted 59 slimes for traffyboi!
2022-09-27T19:40:37Z [chat] Tachii: Damn dci counted 63 slimes for tock
2022-09-27T19:40:43Z [chat] Dostic: 16th
2022-09-27T19:41:08Z [chat] DoujinKAMI: he mustve removed me cause i never see them anymore
2022-09-27T19:41:29Z [chat] traffyboi: <:wutJerry:588833090693234709>
2022-09-27T19:41:39Z [chat] traffyboi: i did not
2022-09-27T19:41:55Z [chat] Tachii: I still have tock
2022-09-27T19:42:01Z [chat] traffyboi: fullded
2022-09-27T19:42:04Z [chat] Tachii: Prob got at least 3 of those slimes
2022-09-27T19:42:06Z [chat] traffyboi: oh wait
2022-09-27T19:42:08Z [chat] traffyboi: you meant tock
2022-09-27T19:42:10Z [chat] traffyboi: <:topkek:887923315342213142>
2022-09-27T19:42:13Z [chat] traffyboi: awkward
2022-09-27T19:42:56Z [chat] DoujinKAMI: LOL
2022-09-27T19:43:02Z [chat] traffyboi: i thought you meant me
2022-09-27T19:43:07Z [chat] traffyboi: so i thought my slime was ded
2022-09-27T19:43:08Z [chat] traffyboi: so i zoomed it
2022-09-27T19:43:14Z [chat] traffyboi: <:topkek:887923315342213142>
2022-09-27T19:44:08Z [chat] DoujinKAMI: disaster narrowly avoided
2022-09-27T19:44:17Z [chat] DoujinKAMI: <a:Kekw:887916458217181214>
2022-09-27T19:44:53Z [chat] traffyboi: 63 slimes for tock
2022-09-27T19:44:58Z [chat] traffyboi: <:frogeHmm:888110563354370128>
2022-09-27T19:45:07Z [chat] traffyboi: so now i have to compete with DCI as well
2022-09-27T19:45:14Z [chat] Tachii: Lolo
2022-09-27T19:45:37Z [chat] traffyboi: wow
2022-09-27T19:45:39Z [chat] Tachii: He also has an alt with like 50 lmao
2022-09-27T19:45:41Z [chat] traffyboi: they have another person at 60 as well
2022-09-27T19:45:52Z [chat] traffyboi: <:02ded:888123262373101569>
2022-09-27T19:46:13Z [chat] Tachii: They prob don't do friend battles lmao
2022-09-27T19:47:09Z [chat] traffyboi: i let up a bit on the weaving of spawning and friend battles
2022-09-27T19:47:25Z [chat] traffyboi: only do like 3 summons in between doing them now
2022-09-27T19:49:37Z [chat] Tachii: Bruh
2022-09-27T19:50:13Z [chat] traffyboi: felt like i could afford it b/c now i don't have to worry about weaving the dungeons since have sweep now <:kekw:674563315699154944>
