2022-09-17T10:43:54Z Bot is starting up...
2022-09-17T10:43:56Z Bot is ready.
2022-09-17T10:44:05Z [add] traffyboi: 0 ken
2022-09-17T10:44:05Z [chat] traffyboi: !add 0 ken
2022-09-17T10:44:05Z [chat] Klee: Klee has added a slime to Kenshin! The number of slimes Kenshin has summoned has gone from 7 to 7
2022-09-17T10:44:30Z [add] traffyboi: 2 ken
2022-09-17T10:44:30Z [chat] traffyboi: !add 2 ken
2022-09-17T10:44:30Z [chat] Klee: Klee has added a slime to Kenshin! The number of slimes Kenshin has summoned has gone from 7 to 9
2022-09-17T10:59:21Z [chat] Thaelon: <@&887894985398157363> me
2022-09-17T10:59:21Z [chat] Klee: Woah! It is a slime!  (ﾉ>ω<)ﾉ  Klee has counted 3 slimes for Thaelon!
2022-09-17T11:06:16Z [chat] rocketeer: <@&887894985398157363> me
2022-09-17T11:06:16Z [chat] Klee: Woah! It is a slime!  (ﾉ>ω<)ﾉ  Klee has counted 7 slimes for rocketeer!
2022-09-17T11:07:30Z [chat] Reddl: dead
2022-09-17T11:14:26Z [chat] Tatumi: <@509185049346834453> <@&887894985398157363>
2022-09-17T11:14:26Z [chat] Klee: Woah! It is a slime!  (ﾉ>ω<)ﾉ  Klee has counted 8 slimes for DoujinKAMI!
2022-09-17T11:15:38Z [chat] traffyboi: ded
2022-09-17T11:18:27Z [chat] Pengest: <@&887894985398157363> me
2022-09-17T11:18:28Z [chat] Klee: Woah! It is a slime!  (ﾉ>ω<)ﾉ  Klee has counted 1 slimes for Pengest!
2022-09-17T11:23:03Z [chat] traffyboi: <@&887894985398157363> oph
2022-09-17T11:23:03Z [chat] Klee: Woah! It is a slime!  (ﾉ>ω<)ﾉ  Klee has counted 2 slimes for Ophianne!
2022-09-17T11:32:08Z [chat] Ioni: <@&887894985398157363> vent
2022-09-17T11:32:08Z [chat] Klee: Woah! It is a slime!  (ﾉ>ω<)ﾉ  Klee has counted 8 slimes for Vent!
