2022-09-26T17:08:41Z Bot is starting up...
2022-09-26T17:08:44Z Bot is ready.
2022-09-26T17:14:44Z [chat] rocketeer: <@&887894985398157363> variant
2022-09-26T17:14:44Z [chat] Klee: Woah! It is a slime!  (ﾉ>ω<)ﾉ  Klee has counted 11 slimes for virant (Variant-1)!
2022-09-26T17:15:05Z [add] rocketeer: 1 vent
2022-09-26T17:15:06Z [chat] rocketeer: !add 1 vent
2022-09-26T17:15:06Z [chat] Klee: Klee has added a slime to Vent! The number of slimes Vent has summoned has gone from 50 to 51
2022-09-26T17:15:09Z [add] rocketeer: 1 donuts
2022-09-26T17:15:09Z [chat] rocketeer: !add 1 donuts
2022-09-26T17:15:09Z [chat] Klee: Klee has added a slime to donuts! The number of slimes donuts has summoned has gone from 25 to 26
2022-09-26T17:16:43Z [chat] donuts: <@&887894985398157363> me
2022-09-26T17:16:43Z [chat] Klee: Woah! It is a slime!  (ﾉ>ω<)ﾉ  Klee has counted 27 slimes for donuts!
2022-09-26T17:18:27Z [chat] Angel: 17t
2022-09-26T17:18:29Z [chat] Angel: h
2022-09-26T17:28:21Z [chat] feindishly2 (Bulbasaur): ded18
2022-09-26T17:31:23Z [chat] rocketeer: <@&887894985398157363> me
2022-09-26T17:31:23Z [chat] Klee: Woah! It is a slime!  (ﾉ>ω<)ﾉ  Klee has counted 16 slimes for rocketeer!
2022-09-26T17:31:36Z [chat] Vent (Aile): I'm still paused in your last slime
2022-09-26T17:32:34Z [chat] Vent (Aile): whoops meant to say the last slime
2022-09-26T17:33:26Z [chat] Tedo: 19th
2022-09-26T17:33:29Z [chat] DoujinKAMI: Full
2022-09-26T17:33:31Z [chat] feindishly2 (Bulbasaur): full
2022-09-26T17:46:36Z [chat] Dostic: someone has one
2022-09-26T17:46:39Z [chat] Dostic: I dont know who lol
2022-09-26T17:47:01Z [chat] rocketeer: <@&887894985398157363> dostic
2022-09-26T17:47:01Z [chat] Klee: Woah! It is a slime!  (ﾉ>ω<)ﾉ  Klee has counted 7 slimes for Dostic!
2022-09-26T17:47:10Z [chat] Dostic: Oh it was me
2022-09-26T17:47:10Z [chat] Dostic: xd
2022-09-26T17:47:12Z [chat] traffyboi: bruh
2022-09-26T17:47:14Z [chat] traffyboi: <:topkek:887923315342213142>
2022-09-26T17:47:16Z [chat] luxury777: lolol
2022-09-26T17:47:17Z [chat] Dostic: I need sleep
2022-09-26T17:47:19Z [chat] Vent (Aile): <:topkek:887923315342213142>
2022-09-26T17:47:57Z [chat] Vent (Aile): this is the kind of forgetfulness I can get behind
2022-09-26T17:48:09Z [chat] Kenshin: Full go
2022-09-26T17:51:15Z [chat] rocketeer: <@&887894985398157363> me
2022-09-26T17:51:16Z [chat] Klee: Woah! It is a slime!  (ﾉ>ω<)ﾉ  Klee has counted 17 slimes for rocketeer!
2022-09-26T17:53:51Z [chat] Zerefsis: full
2022-09-26T17:59:49Z [chat] traffyboi: <@&887894985398157363> vent
2022-09-26T17:59:49Z [chat] Klee: Woah! It is a slime!  (ﾉ>ω<)ﾉ  Klee has counted 52 slimes for Vent!
2022-09-26T17:59:52Z [chat] traffyboi: <:pain:893907255236390962>
2022-09-26T18:00:18Z [chat] Vent (Aile): traff camping spawn
2022-09-26T18:00:25Z [chat] Vent (Aile): that was within like 10 seconds of it coming up
2022-09-26T18:00:35Z [chat] traffyboi: i just got out of another slime
2022-09-26T18:00:40Z [chat] traffyboi: need to stop joining slimes
2022-09-26T18:00:43Z [chat] traffyboi: can't spawn myself
2022-09-26T18:00:44Z [chat] traffyboi: <:topkek:887923315342213142>
2022-09-26T18:00:52Z [chat] Vent (Aile): !top_three
2022-09-26T18:00:52Z [chat] Klee: The current first is ['traffyboi'] with 54 slimes! Second is ['Vent'] with 52 slimes, and third is ['Kenshin'] with 43 slimes! They are the best! ⁽⁽٩(๑˃̶͈̀ ᗨ ˂̶͈́)۶⁾⁾
2022-09-26T18:00:59Z [chat] Vent (Aile): <:huaji:887909354018316298>
