2022-09-16T10:44:19Z Bot is starting up...
2022-09-16T10:44:22Z Bot is ready.
2022-09-16T10:51:24Z [chat] Ioni: <@&887894985398157363> me
2022-09-16T10:51:24Z [chat] Klee: Woah! It is a slime!  (ﾉ>ω<)ﾉ  Klee has counted 4 slimes for Ioni!
2022-09-16T10:53:45Z [add] Vent (Aile): 0 vent
2022-09-16T10:53:45Z [chat] Vent (Aile): !add 0 vent
2022-09-16T10:53:45Z [chat] Klee: Klee has added a slime to Vent! The number of slimes Vent has summoned has gone from 2 to 2
2022-09-16T10:54:16Z [add] Vent (Aile): 1 vent
2022-09-16T10:54:16Z [chat] Vent (Aile): !add 1 vent
2022-09-16T10:54:16Z [chat] Klee: Klee has added a slime to Vent! The number of slimes Vent has summoned has gone from 2 to 3
2022-09-16T11:05:12Z [chat] rocketeer: <@&887894985398157363> me
2022-09-16T11:05:13Z [chat] Klee: Woah! It is a slime!  (ﾉ>ω<)ﾉ  Klee has counted 5 slimes for rocketeer!
2022-09-16T11:10:26Z [chat] Consutron: <@&887894985398157363> me
2022-09-16T11:10:26Z [chat] Klee: Woah! It is a slime!  (ﾉ>ω<)ﾉ  Klee has counted 2 slimes for Consutron!
2022-09-16T11:10:52Z [chat] rocketeer: i have another. consutron first
2022-09-16T11:11:41Z [chat] Kenshin: <@&887894985398157363> rocket
2022-09-16T11:11:41Z [chat] Klee: Woah! It is a slime!  (ﾉ>ω<)ﾉ  Klee has counted 6 slimes for rocketeer!
2022-09-16T11:11:55Z [chat] Vent (Aile): still pausing in consutron?
2022-09-16T11:12:02Z [chat] CloudExt: dead
2022-09-16T11:12:08Z [chat] Pengest: lol
2022-09-16T11:12:12Z [chat] Kenshin: 4 pl were in rickets
2022-09-16T11:12:25Z [chat] Thaelon: I'm paused in rockets
2022-09-16T11:14:26Z [chat] Consutron: I'm 19th
2022-09-16T11:14:57Z [chat] Kenshin: Ded 19
2022-09-16T11:23:39Z [chat] Tatumi: <@202635850599759873> <@&887894985398157363>
2022-09-16T11:23:40Z [chat] Klee: Woah! It is a slime!  (ﾉ>ω<)ﾉ  Klee has counted 5 slimes for Ioni!
2022-09-16T11:23:43Z [chat] esyw: Who dead please
2022-09-16T11:23:43Z [chat] Ioni: <@&887894985398157363> me
2022-09-16T11:23:43Z [chat] Klee: Woah! It is a slime!  (ﾉ>ω<)ﾉ  Klee has counted 6 slimes for Ioni!
2022-09-16T11:24:15Z [add] Ioni: -1 ioni
2022-09-16T11:24:15Z [chat] Ioni: !add -1 ioni
2022-09-16T11:24:15Z [chat] Klee: Klee has added a slime to Ioni! The number of slimes Ioni has summoned has gone from 6 to 5
