2022-09-15T14:44:27Z Bot is starting up...
2022-09-15T14:44:29Z Bot is ready.
2022-09-15T14:47:09Z [chat] Tachii: lv 12 slime on me, opening now
2022-09-15T14:52:36Z [chat] 17maple: !clear
2022-09-15T14:52:37Z [chat] Klee: slime record cleared
2022-09-15T14:52:49Z [add] 17maple: 1 donuts
2022-09-15T14:52:49Z [chat] 17maple: !add 1 donuts
2022-09-15T14:52:49Z [chat] Klee: Klee has added a slime to donuts! The number of slimes donuts has summoned has gone from 0 to 1
2022-09-15T14:52:59Z [add] 17maple: 1 thaelon
2022-09-15T14:52:59Z [chat] 17maple: !add 1 thaelon
2022-09-15T14:52:59Z [chat] Klee: Klee has added a slime to Thaelon! The number of slimes Thaelon has summoned has gone from 0 to 1
2022-09-15T14:57:42Z [chat] Tachii: lv 14 slime on me, opening now
2022-09-15T15:11:54Z [chat] Consutron: <@&887894985398157363> me
2022-09-15T15:11:54Z [chat] Klee: Woah! It is a slime!  (ﾉ>ω<)ﾉ  Klee has counted 1 slimes for Consutron!
2022-09-15T15:12:15Z [chat] Kenshin: Wow 30
2022-09-15T15:12:27Z [chat] Leofarr: wait are we not firends???
2022-09-15T15:12:36Z [chat] Leofarr: nvm
2022-09-15T15:12:37Z [chat] Leofarr: xD
2022-09-15T15:13:56Z [chat] Tachii: fast man
2022-09-15T15:21:56Z [chat] Vent (Aile): <@&887894985398157363> aile
2022-09-15T15:21:56Z [chat] Klee: Woah! It is a slime!  (ﾉ>ω<)ﾉ  Klee has counted 1 slimes for aile!
2022-09-15T15:22:47Z [chat] Vent (Aile): 15 min to Regen ticket on main
2022-09-15T15:22:51Z [chat] Vent (Aile): <:02ded:888123262373101569>
2022-09-15T15:27:57Z [chat] Kenshin: Ded only 11
