2022-09-18T23:12:40Z Bot is starting up...
2022-09-18T23:12:42Z Bot is ready.
2022-09-18T23:16:31Z [chat] zero00: <@&887894985398157363> me
2022-09-18T23:16:32Z [chat] Klee: Woah! It is a slime!  (ﾉ>ω<)ﾉ  Klee has counted 8 slimes for zero00!
2022-09-18T23:17:14Z [add] Kenshin: 1 me
2022-09-18T23:17:14Z [chat] Kenshin: !add 1 me
2022-09-18T23:17:14Z [chat] Klee: Klee has added a slime to Kenshin! The number of slimes Kenshin has summoned has gone from 14 to 15
2022-09-18T23:17:42Z [add] Kenshin: 1 dan
2022-09-18T23:17:42Z [chat] Kenshin: !add 1 dan
2022-09-18T23:17:42Z [chat] Klee: Klee has added a slime to Dan! The number of slimes Dan has summoned has gone from 2 to 3
2022-09-18T23:18:26Z [chat] Kenshin: full
2022-09-18T23:28:06Z [chat] zero00: <@&887894985398157363> dan
2022-09-18T23:28:07Z [chat] Klee: Woah! It is a slime!  (ﾉ>ω<)ﾉ  Klee has counted 4 slimes for Dan!
2022-09-18T23:41:14Z [chat] DoujinKAMI: <@&887894985398157363> ne
2022-09-18T23:41:15Z [chat] Klee: Woah! It is a slime!  (ﾉ>ω<)ﾉ  Klee has counted 3 slimes for Ophianne!
2022-09-18T23:41:21Z [chat] DoujinKAMI: whoop
2022-09-18T23:42:52Z [add] DoujinKAMI: 1 kami
2022-09-18T23:42:53Z [chat] DoujinKAMI: !add 1 kami
2022-09-18T23:42:53Z [chat] Klee: Klee has added a slime to DoujinKAMI! The number of slimes DoujinKAMI has summoned has gone from 10 to 11
2022-09-18T23:43:12Z [add] DoujinKAMI: -1 ophi
2022-09-18T23:43:12Z [chat] DoujinKAMI: !add -1 ophi
2022-09-18T23:43:12Z [chat] Klee: Klee has added a slime to Ophianne! The number of slimes Ophianne has summoned has gone from 3 to 2
2022-09-18T23:43:38Z [chat] Dan: sry didnt pause killed at 17
2022-09-18T23:44:15Z [add] luxury777: 1 lux
2022-09-18T23:44:15Z [chat] luxury777: !add 1 lux
2022-09-18T23:44:15Z [chat] Klee: Klee has added a slime to luxury777! The number of slimes luxury777 has summoned has gone from 2 to 3
2022-09-18T23:53:11Z [chat] zero00: <@&887894985398157363> doujin
2022-09-18T23:53:11Z [chat] Klee: Woah! It is a slime!  (ﾉ>ω<)ﾉ  Klee has counted 12 slimes for DoujinKAMI!
2022-09-19T00:06:12Z [chat] PlainDoe: <@&887894985398157363> me
2022-09-19T00:06:13Z [chat] Klee: Woah! It is a slime!  (ﾉ>ω<)ﾉ  Klee has counted 4 slimes for PlainDoe!
