2022-09-28T19:04:58Z Bot is starting up...
2022-09-28T19:05:01Z Bot is ready.
2022-09-28T19:06:48Z [add] traffyboi: 1 ken
2022-09-28T19:06:48Z [chat] traffyboi: !add 1 ken
2022-09-28T19:06:48Z [chat] Klee: Klee has added a slime to Kenshin! The number of slimes Kenshin has summoned has gone from 54 to 55
2022-09-28T19:07:02Z [chat] traffyboi: !top_three
2022-09-28T19:07:02Z [chat] Klee: The current first is ['traffyboi'] with 65 slimes! Second is ['Kenshin'] with 55 slimes, and third is ['Vent'] with 54 slimes! They are the best! ⁽⁽٩(๑˃̶͈̀ ᗨ ˂̶͈́)۶⁾⁾
2022-09-28T19:08:26Z [chat] traffyboi: vent slackin
2022-09-28T19:08:32Z [chat] traffyboi: <:huaji:887909354018316298>
2022-09-28T19:09:08Z [chat] Vent (Aile): kenshin spending more time playing dc than enjoying the beaches
2022-09-28T19:09:19Z [chat] Vent (Aile): <:kekw:887896260625977355>
2022-09-28T19:09:31Z [chat] traffyboi: no vacation shaming!
2022-09-28T19:09:36Z [chat] traffyboi: <a:riot:821476629356216392>
2022-09-28T19:11:08Z [chat] Kenshin: I realize now that being on vacation and afk farming makes me more efficient at farming
2022-09-28T19:11:15Z [chat] Kenshin: Since im not touching the game at all
2022-09-28T19:11:19Z [chat] traffyboi: yeah lol
2022-09-28T19:11:20Z [chat] Kenshin: <:topkek:887923315342213142>
2022-09-28T19:11:27Z [chat] traffyboi: no time spent entering slimes
2022-09-28T19:11:29Z [chat] traffyboi: more time spawning
2022-09-28T19:18:59Z [chat] mUmU: <@&887894985398157363> me
2022-09-28T19:18:59Z [chat] Klee: Woah! It is a slime!  (ﾉ>ω<)ﾉ  Klee has counted 2 slimes for mUmU!
2022-09-28T19:27:03Z [chat] || eph || booyah ||: fullded
2022-09-28T19:51:09Z [chat] Vent (Aile): <@&887894985398157363> vent
2022-09-28T19:51:09Z [chat] Klee: Woah! It is a slime!  (ﾉ>ω<)ﾉ  Klee has counted 55 slimes for Vent!
2022-09-28T19:52:43Z [chat] mUmU: full
2022-09-28T19:54:51Z [chat] traffyboi: !top_three
2022-09-28T19:54:51Z [chat] Klee: The current first is ['traffyboi'] with 65 slimes! Second is ['Vent', 'Kenshin'] with 55 slimes, and third is ['DoujinKAMI'] with 43 slimes! They are the best! ⁽⁽٩(๑˃̶͈̀ ᗨ ˂̶͈́)۶⁾⁾
2022-09-28T19:54:54Z [chat] traffyboi: ...
2022-09-28T19:55:01Z [chat] traffyboi: there it is
2022-09-28T19:55:10Z [chat] Vent (Aile): <@&887894985398157363> apeks
2022-09-28T19:55:10Z [chat] Klee: Woah! It is a slime!  (ﾉ>ω<)ﾉ  Klee has counted 2 slimes for Apeks!
2022-09-28T19:55:43Z [chat] variant-*: no tix
2022-09-28T19:56:12Z [chat] mUmU: ded
2022-09-28T19:56:14Z [chat] variant-*: gone
2022-09-28T19:56:24Z [chat] traffyboi: https://tenor.com/view/heads-will-roll-consequences-golden-girls-implications-repercussions-gif-22371925
2022-09-28T19:56:39Z [chat] traffyboi: 
2022-09-28T19:56:45Z [chat] mUmU: <:stoning:888064998050517132>
2022-09-28T19:56:54Z [chat] Vent (Aile): think it took 60-70ish raids to get that last slime
2022-09-28T19:57:48Z [chat] Thaelon: this is how I feel every time I finally summon a slime
2022-09-28T19:58:12Z [chat] Vent (Aile): thats a relatively accurate count <:feelspainman:887929815347367948>
2022-09-28T19:58:45Z [chat] Vent (Aile): from overnight raids I had 32 summons, then spent 30ish ad tix on aile to insta clear vent's raids
2022-09-28T19:59:00Z [chat] traffyboi: wow using your alt for your own gains
2022-09-28T19:59:25Z [chat] traffyboi: how dare you
2022-09-28T19:59:32Z [chat] Vent (Aile): speedruns on aile ain't going well
2022-09-28T19:59:36Z [chat] traffyboi: https://tenor.com/view/how-dare-you-james-franco-looking-gif-15728181
2022-09-28T19:59:48Z [chat] Vent (Aile): after fever boss still has 2m hp
2022-09-28T19:59:54Z [chat] traffyboi: oof
2022-09-28T20:00:11Z [chat] traffyboi: what core?
2022-09-28T20:00:20Z [chat] Vent (Aile): same core
2022-09-28T20:00:23Z [chat] Vent (Aile): aagl aatk acrt
2022-09-28T20:00:24Z [chat] traffyboi: o right
2022-09-28T20:00:30Z [chat] traffyboi: <:thinkingfroge:679322849357463557>
2022-09-28T20:00:36Z [chat] Vent (Aile): oh wait its acrt main actually
2022-09-28T20:00:44Z [chat] traffyboi: should be better then i'd think
2022-09-28T20:01:31Z [chat] traffyboi: i was only able to get it if i slid sallos and wodan early
2022-09-28T20:01:56Z [chat] traffyboi: and i would sacrifice safety from silence by driving wodan first instead of sallos
