2022-09-20T15:22:06Z Bot is starting up...
2022-09-20T15:22:09Z Bot is ready.
2022-09-20T15:23:16Z [add] traffyboi: 0 ken
2022-09-20T15:23:16Z [chat] traffyboi: !add 0 ken
2022-09-20T15:23:16Z [chat] Klee: Klee has added a slime to Kenshin! The number of slimes Kenshin has summoned has gone from 21 to 21
2022-09-20T15:23:20Z [add] traffyboi: -1 ken
2022-09-20T15:23:20Z [chat] traffyboi: !add -1 ken
2022-09-20T15:23:20Z [chat] Klee: Klee has added a slime to Kenshin! The number of slimes Kenshin has summoned has gone from 21 to 20
2022-09-20T15:23:55Z [add] traffyboi: 1 link
2022-09-20T15:23:55Z [chat] traffyboi: !add 1 link
2022-09-20T15:23:55Z [chat] Klee: Klee has added a slime to Link2D3atH! The number of slimes Link2D3atH has summoned has gone from 6 to 7
2022-09-20T15:24:11Z [add] traffyboi: 1 sunscream
2022-09-20T15:24:11Z [chat] traffyboi: !add 1 sunscream
2022-09-20T15:24:11Z [chat] Klee: Klee has added a slime to Sunscream! The number of slimes Sunscream has summoned has gone from 2 to 3
2022-09-20T15:24:41Z [add] traffyboi: 1 donuts
2022-09-20T15:24:41Z [chat] traffyboi: !add 1 donuts
2022-09-20T15:24:41Z [chat] Klee: Klee has added a slime to donuts! The number of slimes donuts has summoned has gone from 10 to 11
2022-09-20T15:24:54Z [add] traffyboi: 1 thae
2022-09-20T15:24:54Z [chat] traffyboi: !add 1 thae
2022-09-20T15:24:54Z [chat] Klee: Klee has added a slime to Thaelon! The number of slimes Thaelon has summoned has gone from 7 to 8
2022-09-20T15:25:20Z [add] traffyboi: 1 dan
2022-09-20T15:25:20Z [chat] traffyboi: !add 1 dan
2022-09-20T15:25:20Z [chat] Klee: Klee has added a slime to Dan! The number of slimes Dan has summoned has gone from 4 to 5
2022-09-20T15:25:29Z [add] traffyboi: 1 tachi
2022-09-20T15:25:30Z [chat] traffyboi: !add 1 tachi
2022-09-20T15:25:30Z [chat] Klee: Klee has added a slime to Tachii! The number of slimes Tachii has summoned has gone from 10 to 11
2022-09-20T15:25:45Z [add] traffyboi: 1 tachi
2022-09-20T15:25:45Z [chat] traffyboi: !add 1 tachi
2022-09-20T15:25:46Z [chat] Klee: Klee has added a slime to Tachii! The number of slimes Tachii has summoned has gone from 11 to 12
2022-09-20T15:28:06Z [chat] variant-*: <:1010:887934359909330994>
2022-09-20T15:28:23Z [chat] traffyboi: okay, that should be all
2022-09-20T15:28:27Z [chat] traffyboi: and all double checked as well
2022-09-20T15:29:19Z [chat] variant-*: Awesome
2022-09-20T15:29:37Z [chat] Tachii: now why is this bot leaving all the time :harold2:
2022-09-20T15:29:58Z [chat] variant-*: I can't do any bookkeeping this season, but I believe you're doing great traf.
2022-09-20T15:30:12Z [chat] variant-*: Hosting issue
2022-09-20T15:31:19Z [chat] variant-*: Free hosting = a lot of discord bots = same IP to call discord = easily reached rate limit set by Discord or CloudFlare for the same originating IP.
2022-09-20T15:35:21Z [chat] Tachii: i have no idea wot u said but ok
2022-09-20T15:35:23Z [chat] Tachii: <:hidethepainaway:888099981658050592>
2022-09-20T15:37:56Z [chat] traffyboi: free hosting has drawbacks and limitations
2022-09-20T15:51:21Z [chat] Tedo: <@&887894985398157363> traf
2022-09-20T15:51:22Z [chat] Klee: Woah! It is a slime!  (ﾉ>ω<)ﾉ  Klee has counted 22 slimes for traffyboi!
2022-09-20T15:56:06Z [chat] Thaelon: <@&887894985398157363> traff
2022-09-20T15:56:07Z [chat] Klee: Woah! It is a slime!  (ﾉ>ω<)ﾉ  Klee has counted 23 slimes for traffyboi!
2022-09-20T15:56:57Z [chat] Tachii: https://tenor.com/view/hax-gif-23822204
2022-09-20T15:57:42Z [chat] Kenshin: <:topkek:887923315342213142>
2022-09-20T16:00:58Z [chat] Vent (Aile): !sself
2022-09-20T16:00:58Z [chat] Klee: Klee knows that you have summoned 16 slimes so far this season! You are the best!
2022-09-20T16:01:40Z [chat] Vent (Aile): !top_three
2022-09-20T16:01:40Z [chat] Klee: The current first is ['traffyboi'] with 23 slimes! Second is ['Kenshin'] with 20 slimes, and third is ['Vent', 'DoujinKAMI'] with 16 slimes! They are the best! ⁽⁽٩(๑˃̶͈̀ ᗨ ˂̶͈́)۶⁾⁾
2022-09-20T16:01:47Z [chat] Vent (Aile): wtf
2022-09-20T16:06:38Z [chat] mUmU: <@&887894985398157363> me
2022-09-20T16:06:38Z [chat] Klee: Woah! It is a slime!  (ﾉ>ω<)ﾉ  Klee has counted 1 slimes for mUmU!
2022-09-20T16:06:43Z [chat] mUmU: Finally
