2022-09-22T17:50:57Z Bot is starting up...
2022-09-22T17:51:00Z Bot is ready.
2022-09-22T18:03:12Z [chat] || eph || booyah ||: <@&887894985398157363> thae
2022-09-22T18:03:13Z [chat] Klee: Woah! It is a slime!  (ﾉ>ω<)ﾉ  Klee has counted 13 slimes for Thaelon!
2022-09-22T18:04:15Z [chat] Vent (Aile): fullgo
2022-09-22T18:04:39Z [chat] || eph || booyah ||: 
2022-09-22T18:11:08Z [chat] traffyboi: <@&887894985398157363> thae
2022-09-22T18:11:09Z [chat] Klee: Woah! It is a slime!  (ﾉ>ω<)ﾉ  Klee has counted 14 slimes for Thaelon!
2022-09-22T18:13:07Z [chat] Vent (Aile): Fullgo
2022-09-22T18:16:55Z [chat] traffyboi: <@&887894985398157363> aile
2022-09-22T18:16:55Z [chat] Klee: Woah! It is a slime!  (ﾉ>ω<)ﾉ  Klee has counted 14 slimes for aile!
2022-09-22T18:18:13Z [chat] Pengest: 17
2022-09-22T18:26:32Z [chat] Tatumi: <@&887894985398157363> aile
2022-09-22T18:26:32Z [chat] Klee: Woah! It is a slime!  (ﾉ>ω<)ﾉ  Klee has counted 15 slimes for aile!
2022-09-22T18:28:13Z [chat] Kenshin: Fill go
2022-09-22T18:32:52Z [chat] Vent (Aile): man even alt won't let me do burst runs
2022-09-22T18:40:44Z [chat] G̷̉̕u̷͑̚ǹ̴̕ẗ̴̕ḧ̵̏e̴͆́ṙ̵͝: <@&887894985398157363> me
2022-09-22T18:40:44Z [chat] Klee: Woah! It is a slime!  (ﾉ>ω<)ﾉ  Klee has counted 3 slimes for Gunther!
2022-09-22T18:42:26Z [chat] variant-*: zoomed <:hidethepainaway:888099981658050592>
2022-09-22T18:43:00Z [chat] traffyboi: oh
2022-09-22T18:43:02Z [chat] traffyboi: you zoomed
2022-09-22T18:43:06Z [chat] traffyboi: <:JabbaKek:887916458309451796>
2022-09-22T18:43:19Z [chat] traffyboi: <a:riot:821476629356216392>
