2022-09-21T04:46:04Z Bot is starting up...
2022-09-21T04:46:07Z Bot is ready.
2022-09-21T04:46:12Z [chat] Kenshin: Yeet Oscar btw
2022-09-21T04:46:19Z [chat] Kenshin: Gold hunter
2022-09-21T04:46:24Z [chat] Kenshin: Mofo solo’d ur slime earlier
2022-09-21T04:46:52Z [chat] traffyboi: <@926128198574547024>
2022-09-21T04:47:41Z [chat] Gold Hunter: alright, ill see if there's someone named oscar on my friend list
2022-09-21T04:48:00Z [chat] Gold Hunter: after slime is done
2022-09-21T04:48:22Z [chat] traffyboi: slime is ded
2022-09-21T04:48:29Z [chat] Ioni: <@&887894985398157363> vent
2022-09-21T04:48:30Z [chat] Klee: Woah! It is a slime!  (ﾉ>ω<)ﾉ  Klee has counted 20 slimes for Vent!
2022-09-21T04:48:43Z [chat] Tatumi: <@207924668844212225> <@&887894985398157363>
2022-09-21T04:48:44Z [chat] Klee: Woah! It is a slime!  (ﾉ>ω<)ﾉ  Klee has counted 21 slimes for Vent!
2022-09-21T04:48:50Z [chat] traffyboi: <:honkpoint:679365714498289665>
2022-09-21T04:48:54Z [add] Ioni: 1 gold
2022-09-21T04:48:54Z [chat] Ioni: !add  1 gold
2022-09-21T04:48:54Z [chat] Klee: Klee has added a slime to GoldHunter! The number of slimes GoldHunter has summoned has gone from 7 to 8
2022-09-21T04:49:02Z [chat] traffyboi: !doubleping vent
2022-09-21T04:49:02Z [chat] Klee: Klee has subtracted a slime from Vent! The number of slimes Vent has summoned has gone from 21 to 20
2022-09-21T04:59:40Z [chat] Gold Hunter: i yeeted oscar
2022-09-21T05:06:01Z [chat] traffyboi: <:GoodGood:588843228493774855>
2022-09-21T05:36:04Z [chat] Tedo: <@&887894985398157363> me
2022-09-21T05:36:04Z [chat] Klee: Woah! It is a slime!  (ﾉ>ω<)ﾉ  Klee has counted 1 slimes for Tedo!
2022-09-21T05:37:14Z [chat] Ioni: i'm sorry
2022-09-21T05:37:19Z [chat] Ioni: i zoomed
2022-09-21T05:37:41Z [chat] traffyboi: <:worryPitchfork:791025339043676210>
2022-09-21T05:39:55Z [chat] Ioni: :<
