2022-09-26T01:22:46Z Bot is starting up...
2022-09-26T01:22:46Z [chat] || eph || booyah ||: 14ded
2022-09-26T01:22:48Z Bot is ready.
2022-09-26T01:23:13Z [add] 17maple: 1 dan
2022-09-26T01:23:13Z [chat] 17maple: !add 1 dan
2022-09-26T01:23:14Z [chat] Klee: Klee has added a slime to Dan! The number of slimes Dan has summoned has gone from 13 to 14
2022-09-26T01:23:34Z [add] 17maple: 1 mixer
2022-09-26T01:23:34Z [chat] 17maple: !add 1 mixer
2022-09-26T01:23:35Z [chat] Klee: Klee has added a slime to Mixer! The number of slimes Mixer has summoned has gone from 5 to 6
2022-09-26T01:23:38Z [add] 17maple: -1 dan
2022-09-26T01:23:38Z [chat] 17maple: !add -1 dan
2022-09-26T01:23:38Z [chat] Klee: Klee has added a slime to Dan! The number of slimes Dan has summoned has gone from 14 to 13
2022-09-26T01:31:46Z [chat] DoujinKAMI: <@&887894985398157363> me
2022-09-26T01:31:47Z [chat] Klee: Woah! It is a slime!  (ﾉ>ω<)ﾉ  Klee has counted 34 slimes for DoujinKAMI!
2022-09-26T01:49:07Z [chat] DoujinKAMI: <@&887894985398157363> me
2022-09-26T01:49:08Z [chat] Klee: Woah! It is a slime!  (ﾉ>ω<)ﾉ  Klee has counted 35 slimes for DoujinKAMI!
2022-09-26T01:50:09Z [chat] Vent (Aile): link bruhhhh
2022-09-26T01:50:22Z [chat] Tachii: Yeeted
2022-09-26T01:50:34Z [chat] donuts: <@&887894985398157363> vent
2022-09-26T01:50:34Z [chat] Klee: Woah! It is a slime!  (ﾉ>ω<)ﾉ  Klee has counted 46 slimes for Vent!
2022-09-26T01:51:53Z [chat] esyw: Doujin can xoom?
2022-09-26T01:51:58Z [chat] Vent (Aile): yeah link zoomed it
2022-09-26T01:52:11Z [chat] Link2D3atH: o sht didnt i pause it
2022-09-26T01:52:17Z [chat] Vent (Aile): <:angy:891267255302750208>
