2022-09-20T23:22:12Z Bot is starting up...
2022-09-20T23:22:15Z Bot is ready.
2022-09-20T23:25:04Z [chat] rocketeer: <@&887894985398157363> me
2022-09-20T23:25:05Z [chat] Klee: Woah! It is a slime!  (ﾉ>ω<)ﾉ  Klee has counted 10 slimes for rocketeer!
2022-09-20T23:25:26Z [add] rocketeer: 1 rocket
2022-09-20T23:25:26Z [chat] rocketeer: !add 1 rocket
2022-09-20T23:25:27Z [chat] Klee: Klee has added a slime to rocketeer! The number of slimes rocketeer has summoned has gone from 10 to 11
2022-09-20T23:25:31Z [add] rocketeer: 2 thaelon
2022-09-20T23:25:31Z [chat] rocketeer: !add 2 thaelon
2022-09-20T23:25:31Z [chat] Klee: Klee has added a slime to Thaelon! The number of slimes Thaelon has summoned has gone from 9 to 11
2022-09-20T23:25:54Z [add] rocketeer: 1 traffy
2022-09-20T23:25:54Z [chat] rocketeer: !add 1 traffy
2022-09-20T23:25:54Z [chat] Klee: Klee has added a slime to traffyboi! The number of slimes traffyboi has summoned has gone from 23 to 24
2022-09-20T23:25:58Z [add] rocketeer: 1 gold
2022-09-20T23:25:59Z [chat] rocketeer: !add 1 gold
2022-09-20T23:25:59Z [chat] Klee: Klee has added a slime to GoldHunter! The number of slimes GoldHunter has summoned has gone from 6 to 7
2022-09-20T23:38:31Z [add] traffyboi: -1 thae
2022-09-20T23:38:32Z [chat] traffyboi: !add -1 thae
2022-09-20T23:38:32Z [chat] Klee: Klee has added a slime to Thaelon! The number of slimes Thaelon has summoned has gone from 11 to 10
2022-09-20T23:39:00Z [chat] traffyboi: one of the two was counted
2022-09-20T23:39:45Z [chat] traffyboi: thx for catching klee up rocket <:peepoHappy:756223242598875138>
2022-09-20T23:42:37Z [chat] Thaelon: should we be worried about klee?
2022-09-20T23:44:27Z [chat] traffyboi: only if you have a soul
2022-09-20T23:44:47Z [chat] zero00: <@&887894985398157363> tachi
2022-09-20T23:44:47Z [chat] Klee: Woah! It is a slime!  (ﾉ>ω<)ﾉ  Klee has counted 13 slimes for Tachii!
2022-09-20T23:44:49Z [chat] Tachii: dam
2022-09-20T23:45:32Z [chat] Kenshin: 19 jesus
2022-09-20T23:45:37Z [chat] Vent (Aile): full
