2022-09-18T00:24:33Z Bot is starting up...
2022-09-18T00:24:36Z Bot is ready.
2022-09-18T00:28:38Z [chat] DoujinKAMI: <@&887894985398157363> me
2022-09-18T00:28:38Z [chat] Klee: Woah! It is a slime!  (ï¾‰>Ï‰<)ï¾‰  Klee has counted 9 slimes for DoujinKAMI!
2022-09-18T00:31:48Z [chat] DoujinKAMI: !top_three
2022-09-18T00:31:49Z [chat] Klee: The current first is ['Kenshin'] with 11 slimes! Second is ['rocketeer', 'DoujinKAMI'] with 9 slimes, and third is ['Vent', 'Ioni'] with 8 slimes! They are the best! â½â½Ù©(à¹‘ËƒÌ¶ÍˆÌ€ á—¨ Ë‚Ì¶ÍˆÌ)Û¶â¾â¾
2022-09-18T00:33:12Z [chat] variant-*: <@&887894985398157363> me
2022-09-18T00:33:12Z [chat] Klee: Woah! It is a slime!  (ï¾‰>Ï‰<)ï¾‰  Klee has counted 3 slimes for virant (Variant-1)!
2022-09-18T00:56:42Z [chat] feindishly2 (Bulbasaur): <@&887894985398157363> me
2022-09-18T00:56:42Z [chat] Klee: Woah! It is a slime!  (ï¾‰>Ï‰<)ï¾‰  Klee has counted 5 slimes for Bulbasaur!
2022-09-18T00:57:32Z [chat] Odyn: we not friend bulbasaur?
2022-09-18T00:58:09Z [chat] feindishly2 (Bulbasaur): not yet
2022-09-18T00:58:55Z [chat] Odyn: sent you the request
2022-09-18T00:58:57Z [chat] Odyn: ðŸ™‚
2022-09-18T01:00:19Z [chat] traffyboi: ded11
2022-09-18T01:00:33Z [chat] traffyboi: 
2022-09-18T01:01:03Z [chat] traffyboi: i probably wasn't quite fast enough to determine if they zoomed or not
2022-09-18T01:01:21Z [chat] feindishly2 (Bulbasaur): yeah, it's unclear if it was zoomed.
2022-09-18T01:06:43Z [chat] Kenshin: <@&887894985398157363> sunscream
2022-09-18T01:06:44Z [chat] Klee: Woah! It is a slime!  (ï¾‰>Ï‰<)ï¾‰  Klee has counted 1 slimes for Sunscream!
2022-09-18T01:07:47Z [chat] Tachii: Zoomed by MY
2022-09-18T01:08:12Z [chat] sunscream: <@&887894985398157363> me
2022-09-18T01:08:12Z [chat] Klee: Woah! It is a slime!  (ï¾‰>Ï‰<)ï¾‰  Klee has counted 2 slimes for Sunscream!
2022-09-18T01:08:37Z [chat] Kenshin: another one or wat
2022-09-18T01:08:47Z [chat] traffyboi: don't see it if so
2022-09-18T01:08:48Z [chat] Kenshin: boot my emi
2022-09-18T01:08:50Z [add] Kenshin: -1 sunscream
2022-09-18T01:08:51Z [chat] Kenshin: !add -1 sunscream
2022-09-18T01:08:51Z [chat] Klee: Klee has added a slime to Sunscream! The number of slimes Sunscream has summoned has gone from 2 to 1
2022-09-18T01:09:24Z [chat] traffyboi: <@779788554259660814> remove all MY_ from your friend list
2022-09-18T01:17:08Z [chat] Ioni: <@&887894985398157363> link
2022-09-18T01:17:09Z [chat] Klee: Woah! It is a slime!  (ï¾‰>Ï‰<)ï¾‰  Klee has counted 3 slimes for Link2D3atH!
