2022-09-18T04:54:28Z Bot is starting up...
2022-09-18T04:54:30Z Bot is ready.
2022-09-18T05:14:47Z [chat] esyw: <@&887894985398157363> me
2022-09-18T05:14:47Z [chat] Klee: Woah! It is a slime!  (ﾉ>ω<)ﾉ  Klee has counted 3 slimes for esyw!
2022-09-18T05:15:40Z [chat] Tedo: gone
2022-09-18T05:15:55Z [chat] Ophianne: Someone zoomeddd
2022-09-18T05:16:11Z [chat] DoujinKAMI: moss
2022-09-18T05:16:49Z [chat] Tatumi: <:slimeknife:887947273139519488> <:gun:887924242753159238>
2022-09-18T05:18:24Z [chat] Moss: Mb
2022-09-18T05:18:47Z [chat] Moss: I tapped and walked off, forgot to pause
2022-09-18T05:39:36Z [chat] CloudExt: <@&887894985398157363> me
2022-09-18T05:39:36Z [chat] Klee: Woah! It is a slime!  (ﾉ>ω<)ﾉ  Klee has counted 1 slimes for CloudExt!
2022-09-18T05:40:55Z [chat] DoujinKAMI: im in a rando slime but i didnt see clouds, anyone else?
2022-09-18T05:41:20Z [chat] esyw: Gone? U try refresh
2022-09-18T05:41:22Z [chat] fiE: <@&887894985398157363> me
2022-09-18T05:41:23Z [chat] Klee: Woah! It is a slime!  (ﾉ>ω<)ﾉ  Klee has counted 3 slimes for fiE!
2022-09-18T05:41:48Z [chat] DoujinKAMI: i didnt refresh cause i just joined in a randos slime
2022-09-18T05:42:18Z [chat] Tedo: cloud ded at 8
2022-09-18T05:42:31Z [chat] Tedo: i’m in fie’s now
2022-09-18T05:42:42Z [chat] DoujinKAMI: same
2022-09-18T05:46:38Z [chat] Tatumi: <@509805857425588224> <@&887894985398157363>
2022-09-18T05:46:38Z [chat] Tedo: <@&887894985398157363> ken
2022-09-18T05:46:38Z [chat] Klee: Woah! It is a slime!  (ﾉ>ω<)ﾉ  Klee has counted 13 slimes for Kenshin!
2022-09-18T05:46:38Z [chat] Klee: Woah! It is a slime!  (ﾉ>ω<)ﾉ  Klee has counted 14 slimes for Kenshin!
2022-09-18T05:46:43Z [chat] Tedo: fuk
2022-09-18T05:46:50Z [chat] Tedo: !doubleping ken
2022-09-18T05:46:50Z [chat] Klee: Klee has subtracted a slime from Kenshin! The number of slimes Kenshin has summoned has gone from 14 to 13
2022-09-18T05:47:47Z [chat] DoujinKAMI: 18th
2022-09-18T05:49:33Z [chat] Variant-2: <@&887894985398157363> donuts
2022-09-18T05:49:33Z [chat] Klee: Woah! It is a slime!  (ﾉ>ω<)ﾉ  Klee has counted 4 slimes for donuts!
