2022-09-27T20:13:40Z Bot is starting up...
2022-09-27T20:13:43Z Bot is ready.
2022-09-27T20:18:40Z [chat] Thaelon: <@&887894985398157363> var
2022-09-27T20:18:40Z [chat] Klee: Woah! It is a slime!  (ﾉ>ω<)ﾉ  Klee has counted 13 slimes for virant (Variant-1)!
2022-09-27T20:18:55Z [add] traffyboi: 1 vent
2022-09-27T20:18:55Z [chat] traffyboi: !add 1 vent
2022-09-27T20:18:55Z [chat] Klee: Klee has added a slime to Vent! The number of slimes Vent has summoned has gone from 52 to 53
2022-09-27T20:19:31Z [chat] DoujinKAMI: 17th
2022-09-27T20:26:09Z [add] traffyboi: 1 donut
2022-09-27T20:26:09Z [chat] traffyboi: !add 1 donut
2022-09-27T20:26:09Z [chat] Klee: Klee has added a slime to donuts! The number of slimes donuts has summoned has gone from 27 to 28
2022-09-27T20:26:14Z [add] traffyboi: 1 ken
2022-09-27T20:26:14Z [chat] traffyboi: !add 1 ken
2022-09-27T20:26:15Z [chat] Klee: Klee has added a slime to Kenshin! The number of slimes Kenshin has summoned has gone from 45 to 46
2022-09-27T20:26:29Z [add] traffyboi: 1 ainthe
2022-09-27T20:26:29Z [chat] traffyboi: !add 1 ainthe
2022-09-27T20:26:29Z [chat] Klee: Klee has added a slime to Ainthe! The number of slimes Ainthe has summoned has gone from 6 to 7
2022-09-27T20:26:39Z [add] traffyboi: 1 doujin
2022-09-27T20:26:39Z [chat] traffyboi: !add 1 doujin
2022-09-27T20:26:39Z [chat] Klee: Klee has added a slime to DoujinKAMI! The number of slimes DoujinKAMI has summoned has gone from 40 to 41
2022-09-27T20:27:07Z [add] traffyboi: 1 spike
2022-09-27T20:27:07Z [chat] traffyboi: !add 1 spike
2022-09-27T20:27:07Z [chat] Klee: Klee has added a slime to Spike/Chitoge! The number of slimes Spike/Chitoge has summoned has gone from 5 to 6
2022-09-27T20:27:20Z [add] traffyboi: 1 mixer
2022-09-27T20:27:20Z [chat] traffyboi: !add 1 mixer
2022-09-27T20:27:20Z [chat] Klee: Klee has added a slime to Mixer! The number of slimes Mixer has summoned has gone from 8 to 9
2022-09-27T20:27:28Z [add] traffyboi: 1 esyw
2022-09-27T20:27:28Z [chat] traffyboi: !add 1 esyw
2022-09-27T20:27:29Z [chat] Klee: Klee has added a slime to esyw! The number of slimes esyw has summoned has gone from 8 to 9
2022-09-27T20:27:37Z [add] traffyboi: 1 thae
2022-09-27T20:27:37Z [chat] traffyboi: !add 1 thae
2022-09-27T20:27:37Z [chat] Klee: Klee has added a slime to Thaelon! The number of slimes Thaelon has summoned has gone from 23 to 24
2022-09-27T20:27:46Z [add] traffyboi: 1 peng
2022-09-27T20:27:46Z [chat] traffyboi: !add 1 peng
2022-09-27T20:27:47Z [chat] Klee: Klee has added a slime to Pengest! The number of slimes Pengest has summoned has gone from 7 to 8
2022-09-27T20:27:55Z [add] traffyboi: 1 tatu
2022-09-27T20:27:55Z [chat] traffyboi: !add 1 tatu
2022-09-27T20:27:55Z [chat] Klee: Klee has added a slime to Tatumi! The number of slimes Tatumi has summoned has gone from 33 to 34
2022-09-27T20:28:02Z [add] traffyboi: 1 donuts
2022-09-27T20:28:02Z [chat] traffyboi: !add 1 donuts
2022-09-27T20:28:02Z [chat] Klee: Klee has added a slime to donuts! The number of slimes donuts has summoned has gone from 28 to 29
2022-09-27T20:28:14Z [add] traffyboi: 1 consutron
2022-09-27T20:28:14Z [chat] traffyboi: !add 1 consutron
2022-09-27T20:28:14Z [chat] Klee: Klee has added a slime to Consutron! The number of slimes Consutron has summoned has gone from 3 to 4
2022-09-27T20:28:24Z [add] traffyboi: 1 kenshin
2022-09-27T20:28:24Z [chat] traffyboi: !add 1 kenshin
2022-09-27T20:28:24Z [chat] Klee: Klee has added a slime to Kenshin! The number of slimes Kenshin has summoned has gone from 46 to 47
2022-09-27T20:28:33Z [add] traffyboi: 1 zero
2022-09-27T20:28:33Z [chat] traffyboi: !add 1 zero
2022-09-27T20:28:33Z [chat] Klee: Klee has added a slime to zero00! The number of slimes zero00 has summoned has gone from 36 to 37
2022-09-27T20:28:57Z [add] traffyboi: 1 donuts
2022-09-27T20:28:57Z [chat] traffyboi: !add 1 donuts
2022-09-27T20:28:57Z [chat] Klee: Klee has added a slime to donuts! The number of slimes donuts has summoned has gone from 29 to 30
2022-09-27T20:29:03Z [add] traffyboi: 1 kenshin
2022-09-27T20:29:03Z [chat] traffyboi: !add 1 kenshin
2022-09-27T20:29:03Z [chat] Klee: Klee has added a slime to Kenshin! The number of slimes Kenshin has summoned has gone from 47 to 48
2022-09-27T20:31:47Z [chat] traffyboi: 
2022-09-27T20:31:50Z [add] traffyboi: -1 tatumi
2022-09-27T20:31:50Z [chat] traffyboi: !add -1 tatumi
2022-09-27T20:31:50Z [chat] Klee: Klee has added a slime to Tatumi! The number of slimes Tatumi has summoned has gone from 34 to 33
2022-09-27T20:32:48Z [chat] traffyboi: !top_three
2022-09-27T20:32:48Z [chat] Klee: The current first is ['traffyboi'] with 59 slimes! Second is ['Vent'] with 53 slimes, and third is ['Kenshin'] with 48 slimes! They are the best! ⁽⁽٩(๑˃̶͈̀ ᗨ ˂̶͈́)۶⁾⁾
2022-09-27T20:37:30Z [chat] donuts: !top_ten <:feelspainman:887929815347367948>
2022-09-27T20:37:30Z [chat] Klee: Klee does not know this command... ヾ(⌒(_´･ㅅ･`)_
2022-09-27T20:37:37Z [chat] traffyboi: <:donkpoint:818645178558316564>
2022-09-27T20:58:38Z [chat] DoujinKAMI: <@&887894985398157363> tachii
2022-09-27T20:58:38Z [chat] Klee: Woah! It is a slime!  (ﾉ>ω<)ﾉ  Klee has counted 19 slimes for Tachii!
2022-09-27T21:01:35Z [chat] G̷̉̕u̷͑̚ǹ̴̕ẗ̴̕ḧ̵̏e̴͆́ṙ̵͝: Sorry forgot to pause
