2022-09-26T20:59:49Z Bot is starting up...
2022-09-26T20:59:51Z Bot is ready.
2022-09-26T21:39:34Z [chat] rocketeer: <@&887894985398157363> me
2022-09-26T21:39:34Z [chat] Klee: Woah! It is a slime!  (ﾉ>ω<)ﾉ  Klee has counted 19 slimes for rocketeer!
2022-09-26T21:39:46Z [add] rocketeer: 1 tachii
2022-09-26T21:39:46Z [chat] rocketeer: !add 1 tachii
2022-09-26T21:39:47Z [chat] Klee: Klee has added a slime to Tachii! The number of slimes Tachii has summoned has gone from 17 to 18
2022-09-26T21:40:19Z [chat] traffyboi: thx rocket
2022-09-26T21:41:06Z [chat] traffyboi: actually looks like klee got that one
2022-09-26T21:41:09Z [chat] traffyboi: 
2022-09-26T21:41:12Z [add] traffyboi: -1 tachii
2022-09-26T21:41:13Z [chat] traffyboi: !add -1 tachii
2022-09-26T21:41:13Z [chat] Klee: Klee has added a slime to Tachii! The number of slimes Tachii has summoned has gone from 18 to 17
2022-09-26T21:43:07Z [chat] rocketeer: what about this one?
2022-09-26T21:44:19Z [chat] traffyboi: that's the one i was referring to
2022-09-26T21:44:44Z [chat] traffyboi: the last slime klee counted on its own for tachii was #16
2022-09-26T21:44:50Z [chat] feindishly2 (Bulbasaur): wow, I was still able to get in after 5 minutes! Thanks for pausing everyone!
2022-09-26T21:45:01Z [chat] traffyboi: then when you added 1 to compensate for the missed one, it went to 18
2022-09-26T21:45:24Z [chat] zero00: <@&887894985398157363> mixer
2022-09-26T21:45:24Z [chat] Klee: Woah! It is a slime!  (ﾉ>ω<)ﾉ  Klee has counted 7 slimes for Mixer!
2022-09-26T21:45:44Z [chat] traffyboi: which means 17 got skipped, which means that it actually got that one, the bot just died before it could send the message
2022-09-26T21:45:57Z [chat] rocketeer: got it. klee works in mysterious ways
2022-09-26T21:46:36Z [chat] traffyboi: yeah, sometimes it fails to count b/c it's not online. and sometimes it just fails to post the message to the channel, but it actually did count
2022-09-26T21:53:21Z [chat] G̷̉̕u̷͑̚ǹ̴̕ẗ̴̕ḧ̵̏e̴͆́ṙ̵͝: <@&887894985398157363> me
2022-09-26T21:53:21Z [chat] Klee: Woah! It is a slime!  (ﾉ>ω<)ﾉ  Klee has counted 4 slimes for Gunther!
