2022-09-25T05:31:43Z Bot is starting up...
2022-09-25T05:31:46Z Bot is ready.
2022-09-25T05:50:13Z [chat] Gold Hunter: how do i add a counter to my slimecount? it didn't do it for my prev summon
2022-09-25T05:53:09Z [chat] traffyboi: d/w about it
2022-09-25T05:53:16Z [chat] traffyboi: one of us will get it sorted eventually
2022-09-25T05:54:09Z [chat] traffyboi: i'd rather people don't only go about adding their own when they notice one is missing. it makes it harder to then go back and track the rest that were missed before that
2022-09-25T05:56:37Z [chat] DoujinKAMI: we appreciate you all who go back and do the counting
2022-09-25T06:06:45Z [chat] Tedo: <@&887894985398157363> ken
2022-09-25T06:06:45Z [chat] Klee: Woah! It is a slime!  (ﾉ>ω<)ﾉ  Klee has counted 34 slimes for Kenshin!
2022-09-25T06:07:45Z [chat] esyw: Full
2022-09-25T06:09:11Z [add] traffyboi: 1 gold
2022-09-25T06:09:11Z [chat] traffyboi: !add 1 gold
2022-09-25T06:09:11Z [chat] Klee: Klee has added a slime to GoldHunter! The number of slimes GoldHunter has summoned has gone from 11 to 12
2022-09-25T06:09:22Z [add] traffyboi: 1 mixer
2022-09-25T06:09:22Z [chat] traffyboi: !add 1 mixer
2022-09-25T06:09:22Z [chat] Klee: Klee has added a slime to Mixer! The number of slimes Mixer has summoned has gone from 2 to 3
2022-09-25T06:09:28Z [add] traffyboi: 1 traffy
2022-09-25T06:09:29Z [chat] traffyboi: !add 1 traffy
2022-09-25T06:09:29Z [chat] Klee: Klee has added a slime to traffyboi! The number of slimes traffyboi has summoned has gone from 46 to 47
2022-09-25T06:09:38Z [add] traffyboi: 1 variant
2022-09-25T06:09:38Z [chat] traffyboi: !add 1 variant
2022-09-25T06:09:38Z [chat] Klee: Klee has added a slime to virant (Variant-1)! The number of slimes virant (Variant-1) has summoned has gone from 9 to 10
2022-09-25T06:09:51Z [add] traffyboi: 1 plain
2022-09-25T06:09:51Z [chat] traffyboi: !add 1 plain
2022-09-25T06:09:51Z [chat] Klee: Klee has added a slime to PlainDoe! The number of slimes PlainDoe has summoned has gone from 12 to 13
2022-09-25T06:09:57Z [add] traffyboi: 1 ken
2022-09-25T06:09:57Z [chat] traffyboi: !add 1 ken
2022-09-25T06:09:57Z [chat] Klee: Klee has added a slime to Kenshin! The number of slimes Kenshin has summoned has gone from 34 to 35
2022-09-25T06:18:15Z [chat] Vent (Aile): @top_three
2022-09-25T06:18:21Z [chat] Vent (Aile): !top_three
2022-09-25T06:18:21Z [chat] Klee: The current first is ['traffyboi'] with 47 slimes! Second is ['Vent'] with 42 slimes, and third is ['Kenshin'] with 35 slimes! They are the best! ⁽⁽٩(๑˃̶͈̀ ᗨ ˂̶͈́)۶⁾⁾
