2022-09-17T13:00:17Z Bot is starting up...
2022-09-17T13:00:20Z Bot is ready.
2022-09-17T13:15:53Z [chat] rocketeer: <@&887894985398157363> me
2022-09-17T13:15:53Z [chat] Klee: Woah! It is a slime!  (ﾉ>ω<)ﾉ  Klee has counted 8 slimes for rocketeer!
2022-09-17T13:16:23Z [add] || eph || booyah ||: 1 ken
2022-09-17T13:16:23Z [chat] || eph || booyah ||: !add 1 ken
2022-09-17T13:16:24Z [chat] Klee: Klee has added a slime to Kenshin! The number of slimes Kenshin has summoned has gone from 9 to 10
2022-09-17T13:25:47Z [chat] || eph || booyah ||: <@&887894985398157363> <@197085461624127488>
2022-09-17T13:25:48Z [chat] Klee: Woah! It is a slime!  (ﾉ>ω<)ﾉ  Klee has counted 4 slimes for Thaelon!
2022-09-17T13:29:03Z [add] 17maple: 1 fie
2022-09-17T13:29:03Z [chat] 17maple: !add 1 fie
2022-09-17T13:29:04Z [chat] Klee: Klee has added a slime to fiE! The number of slimes fiE has summoned has gone from 1 to 2
2022-09-17T13:36:22Z [chat] rocketeer: <@&887894985398157363> tachii
2022-09-17T13:36:23Z [chat] Klee: Woah! It is a slime!  (ﾉ>ω<)ﾉ  Klee has counted 6 slimes for Tachii!
2022-09-17T13:36:54Z [chat] || eph || booyah ||: 12th
2022-09-17T13:37:32Z [chat] Vent (Aile): !top_three
2022-09-17T13:37:32Z [chat] Klee: The current first is ['Kenshin'] with 10 slimes! Second is ['Vent', 'Ioni', 'rocketeer', 'DoujinKAMI'] with 8 slimes, and third is ['traffyboi', 'Tachii', 'zero00'] with 6 slimes! They are the best! ⁽⁽٩(๑˃̶͈̀ ᗨ ˂̶͈́)۶⁾⁾
2022-09-17T13:38:34Z [chat] || eph || booyah ||: fullded
2022-09-17T13:45:40Z [chat] || eph || booyah ||: <@&887894985398157363> eph
2022-09-17T13:45:40Z [chat] Klee: Woah! It is a slime!  (ﾉ>ω<)ﾉ  Klee has counted 2 slimes for eph | booyah!
2022-09-17T13:47:49Z [chat] Vent (Aile): fullgo
2022-09-17T13:53:12Z [chat] mUmU: <@&887894985398157363> <@176147192719998977>
2022-09-17T13:53:13Z [chat] Klee: Woah! It is a slime!  (ﾉ>ω<)ﾉ  Klee has counted 7 slimes for Tachii!
2022-09-17T13:54:43Z [chat] Zerefsis: Full
