2022-09-28T14:55:01Z Bot is starting up...
2022-09-28T14:55:04Z Bot is ready.
2022-09-28T14:57:38Z [chat] RenTrout: it was. I think that is a returning player that has been on my list for ages and never really plays. I took him(her?) off
2022-09-28T14:57:49Z [chat] || eph || booyah ||: 13ded
2022-09-28T14:58:00Z [chat] Tachii: only 13
2022-09-28T14:58:00Z [chat] donuts: @ULTRA me
2022-09-28T14:58:01Z [chat] Tachii: meh
2022-09-28T14:58:19Z [chat] || eph || booyah ||: <@&887894985398157363> donuts
2022-09-28T14:58:19Z [chat] Klee: Woah! It is a slime!  (ﾉ>ω<)ﾉ  Klee has counted 38 slimes for donuts!
2022-09-28T14:58:19Z [chat] Thaelon: everyone running burst?
2022-09-28T14:58:23Z [chat] Tachii: lol
2022-09-28T14:58:58Z [chat] mUmU: gone?
2022-09-28T14:59:00Z [chat] CloudExt: dead
2022-09-28T14:59:02Z [chat] CloudExt: kookoobear
2022-09-28T15:01:15Z [chat] donuts: Well they're gone now
2022-09-28T15:04:42Z [chat] variant-*: Maybe. I'm on lvl 12 right now. What's the context for your question? (And in slime channel too.)
2022-09-28T15:05:35Z [chat] Tachii: cmon
2022-09-28T15:07:17Z [chat] Thaelon: oh nothing important just the low fills of slimes.  Might be burnout as well who knows
2022-09-28T15:07:54Z [chat] variant-*: <:daviOK:887930625900830721>
2022-09-28T15:48:48Z [chat] Dostic: <@394763425777057794> <@&887894985398157363>
2022-09-28T15:48:48Z [chat] Klee: Woah! It is a slime!  (ﾉ>ω<)ﾉ  Klee has counted 36 slimes for Tatumi!
2022-09-28T15:52:28Z [chat] Tedo: ded18
