2022-09-24T04:16:12Z Bot is starting up...
2022-09-24T04:16:14Z Bot is ready.
2022-09-24T04:16:20Z [add] traffyboi: 1 maple
2022-09-24T04:16:20Z [chat] traffyboi: !add 1 maple
2022-09-24T04:16:20Z [add] 17maple: 1 maple
2022-09-24T04:16:20Z [chat] 17maple: !add 1 maple
2022-09-24T04:16:20Z [chat] Klee: Klee has added a slime to 17maple! The number of slimes 17maple has summoned has gone from 0 to 1
2022-09-24T04:16:20Z [chat] Klee: Klee has added a slime to 17maple! The number of slimes 17maple has summoned has gone from 1 to 2
2022-09-24T04:16:22Z [chat] 17maple: lol
2022-09-24T04:16:22Z [chat] traffyboi: lol
2022-09-24T04:16:25Z [chat] traffyboi: <:donkpoint:818645178558316564>
2022-09-24T04:16:26Z [chat] 17maple: i will do it
2022-09-24T04:16:31Z [chat] 17maple: its fine, thx traf
2022-09-24T04:16:35Z [add] 17maple: -1 maple
2022-09-24T04:16:35Z [chat] 17maple: !add -1 maple
2022-09-24T04:16:35Z [chat] Klee: Klee has added a slime to 17maple! The number of slimes 17maple has summoned has gone from 2 to 1
2022-09-24T04:16:38Z [chat] 17maple: and now sleeping time
2022-09-24T04:16:49Z [chat] traffyboi: <a:sleepyphone:944345800518017084>
2022-09-24T04:27:10Z [chat] Tedo: <@&887894985398157363> tymp
2022-09-24T04:27:11Z [chat] Klee: Woah! It is a slime!  (ﾉ>ω<)ﾉ  Klee has counted 5 slimes for Tympest!
2022-09-24T04:27:29Z [chat] leafa1244: zoomed
2022-09-24T04:27:36Z [chat] leafa1244: only 6 ppl got in
2022-09-24T04:27:40Z [chat] Moss: 
2022-09-24T04:28:41Z [chat] Ophianne: There was a rando before me
2022-09-24T04:28:46Z [chat] Ophianne: The first person in
2022-09-24T04:29:05Z [chat] Ophianne: But it wasnt axia
2022-09-24T04:29:07Z [chat] PlainDoe: Aixia zoomed
2022-09-24T04:29:23Z [chat] Ophianne: So that rando before me actually paused
2022-09-24T04:29:28Z [chat] Ophianne: I am surprised
2022-09-24T04:30:10Z [chat] PlainDoe: 
2022-09-24T04:55:13Z [chat] Tatumi: <@&887894985398157363> ME
2022-09-24T04:55:13Z [chat] Klee: Woah! It is a slime!  (ﾉ>ω<)ﾉ  Klee has counted 24 slimes for Tatumi!
2022-09-24T04:56:42Z [chat] PlainDoe: Ded I think
2022-09-24T04:57:14Z [chat] feindishly2 (Bulbasaur): yeah, I don't see it
2022-09-24T04:57:21Z [chat] Ophianne: Moss zoomed
2022-09-24T04:57:24Z [chat] DoujinKAMI: 
2022-09-24T04:57:28Z [chat] Moss: Was me
2022-09-24T04:57:40Z [chat] Moss: I was picking up the kids mess during the entry
2022-09-24T04:58:00Z [chat] Ophianne: <:slimeknife:887947273139519488>
2022-09-24T04:58:03Z [chat] Moss: 
2022-09-24T04:58:06Z [chat] leafa1244: rip
2022-09-24T04:58:26Z [chat] Moss: 
2022-09-24T04:58:27Z [chat] Moss: Blame her
2022-09-24T04:58:47Z [chat] Ophianne: <:facepalm:888070327278637097>
2022-09-24T04:59:02Z [chat] Tatumi: <@&887894985398157363> <@207924668844212225>
2022-09-24T04:59:02Z [chat] Klee: Woah! It is a slime!  (ﾉ>ω<)ﾉ  Klee has counted 39 slimes for Vent!
2022-09-24T04:59:05Z [chat] feindishly2 (Bulbasaur): respect.  managing a raid AND child.  Man can multitask.  I fuck up, and I just need to pee or something.
2022-09-24T04:59:27Z [chat] Ophianne: Moss zooming again? Kek
2022-09-24T04:59:37Z [chat] Moss: Eh
2022-09-24T04:59:43Z [chat] Moss: I didnt do anything.... Yet
2022-09-24T04:59:53Z [chat] Moss: I'm not even in the raid
2022-09-24T05:00:08Z [chat] Moss: I dont think vent is on my FL
2022-09-24T05:00:36Z [chat] Moss: 
2022-09-24T05:00:41Z [chat] Moss: Just poking at lanfei
2022-09-24T05:01:45Z [chat] feindishly2 (Bulbasaur): ...how was this picture taken?  2 phones?
2022-09-24T05:05:32Z [chat] feindishly2 (Bulbasaur): ded btw
