2022-09-25T07:21:24Z Bot is starting up...
2022-09-25T07:21:27Z Bot is ready.
2022-09-25T07:21:55Z [add] traffyboi: 1 reddl
2022-09-25T07:21:55Z [chat] traffyboi: !add 1 reddl
2022-09-25T07:21:55Z [chat] Klee: Klee has added a slime to ReddlsRow! The number of slimes ReddlsRow has summoned has gone from 4 to 5
2022-09-25T07:21:59Z [add] traffyboi: 1 bulba
2022-09-25T07:21:59Z [chat] traffyboi: !add 1 bulba
2022-09-25T07:21:59Z [chat] Klee: Klee has added a slime to Bulbasaur! The number of slimes Bulbasaur has summoned has gone from 15 to 16
2022-09-25T07:22:03Z [chat] DoujinKAMI: shameless zoomed
2022-09-25T07:22:23Z [chat] DoujinKAMI: 
2022-09-25T07:22:59Z [chat] variant-*: I missed because of the zoom i think
2022-09-25T07:23:05Z [chat] Vent (Aile): <:angy:891267255302750208>
2022-09-25T07:23:16Z [chat] Vent (Aile): why does the name sound familiar
2022-09-25T07:23:42Z [chat] traffyboi: it's b/c that's what all of us who play this game are
2022-09-25T07:24:38Z [chat] feindishly2 (Bulbasaur): shoot sorry. First time he zoomed, may have to kick
2022-09-25T07:25:04Z [chat] DoujinKAMI: <a:yayeet:888088079750017024>
2022-09-25T07:25:20Z [chat] traffyboi: <a:yayeet:888088079750017024>
2022-09-25T07:26:15Z [chat] Vent (Aile): I think he might have zoomed another of your slimes before
2022-09-25T07:42:40Z [chat] Angel: <@&887894985398157363> me
2022-09-25T07:42:41Z [chat] Klee: Woah! It is a slime!  (ﾉ>ω<)ﾉ  Klee has counted 5 slimes for Angel!
2022-09-25T07:44:04Z [chat] Vent (Aile): <@139262103214227456> your zoomin again
2022-09-25T07:44:10Z [chat] Link2D3atH: <:hidethepainaway:888099981658050592>
2022-09-25T07:44:46Z [chat] traffyboi: angel get rid of Chia
2022-09-25T07:45:12Z [chat] traffyboi: would've zoomed if *somebody* else hadn't
2022-09-25T07:46:45Z [chat] Angel: First time in 3 years. But I'll be watching
2022-09-25T07:46:58Z [chat] traffyboi: obv up to you
2022-09-25T07:47:08Z [chat] traffyboi: but Chia has been kicked out of other slime groups for zooming
2022-09-25T07:54:26Z [chat] Angel: This time we don't really know if it was him, but thanks for the info Traffy.
2022-09-25T07:58:38Z [chat] Link2D3atH: pretty sure it was me who got it kill 1th but traffy  saw him getting 2th after me
2022-09-25T07:59:44Z [chat] Vent (Aile): if link held out for like 5-10 more secs he could have passed the blame on chia <:topkek:887923315342213142>
2022-09-25T08:08:00Z [chat] Link2D3atH: probly but still i was watching a stream and joining if it wasn't for the animation i will pause on entering but kinda look a way for a seg and it was death and got ping <:hidethepainaway:888099981658050592>
2022-09-25T08:17:40Z [chat] traffyboi: <@&887894985398157363> vent
2022-09-25T08:17:40Z [chat] Klee: Woah! It is a slime!  (ﾉ>ω<)ﾉ  Klee has counted 43 slimes for Vent!
2022-09-25T08:17:54Z [chat] traffyboi: might've been able to snipe this one before anyone else saw
2022-09-25T08:18:09Z [chat] traffyboi: <:evilpepesip:641240176252944394>
2022-09-25T08:18:11Z [chat] DoujinKAMI: i saw
2022-09-25T08:18:16Z [chat] traffyboi: damn
2022-09-25T08:18:18Z [chat] DoujinKAMI: 👀
2022-09-25T08:18:37Z [chat] traffyboi: ofc i would *never* do that
2022-09-25T08:19:39Z [chat] Vent (Aile): <:keklul:887934339680206858>
2022-09-25T08:20:04Z [chat] Dostic: Still made it
2022-09-25T08:20:05Z [chat] Dostic: 18
