2022-09-15T23:47:41Z Bot is starting up...
2022-09-15T23:47:43Z Bot is ready.
2022-09-15T23:48:02Z [chat] Tatumi: Full
2022-09-15T23:48:29Z [chat] traffyboi: 4th in tympest
2022-09-15T23:48:38Z [chat] traffyboi: i'd say start the 3min timer now
2022-09-15T23:48:41Z [chat] || eph || booyah ||: still there
2022-09-15T23:48:47Z [chat] traffyboi: seems like most ppl went in rockets instead
2022-09-15T23:49:38Z [chat] Tachii: ded
2022-09-15T23:55:08Z [chat] Ioni: <@&887894985398157363> me
2022-09-15T23:55:09Z [chat] Klee: Woah! It is a slime!  (ﾉ>ω<)ﾉ  Klee has counted 2 slimes for Ioni!
2022-09-15T23:55:47Z [add] traffyboi: 1 rocket
2022-09-15T23:55:47Z [chat] traffyboi: !add 1 rocket
2022-09-15T23:55:48Z [chat] Klee: Klee has added a slime to rocketeer! The number of slimes rocketeer has summoned has gone from 3 to 4
2022-09-15T23:56:22Z [add] traffyboi: 1 tymp
2022-09-15T23:56:22Z [chat] traffyboi: !add 1 tymp
2022-09-15T23:56:22Z [chat] Klee: Klee has added a slime to Tympest! The number of slimes Tympest has summoned has gone from 1 to 2
2022-09-15T23:56:30Z [add] traffyboi: 1 eph
2022-09-15T23:56:30Z [chat] traffyboi: !add 1 eph
2022-09-15T23:56:30Z [chat] Klee: Klee has added a slime to eph | booyah! The number of slimes eph | booyah has summoned has gone from 0 to 1
2022-09-15T23:58:51Z [chat] Tatumi: Dead
2022-09-16T00:15:02Z [chat] Vent (Aile): rentrout 14
2022-09-16T00:15:37Z [chat] Vent (Aile): ded
2022-09-16T00:27:54Z [chat] Tatumi: <@197085461624127488> <@&887894985398157363>
2022-09-16T00:27:55Z [chat] Klee: Woah! It is a slime!  (ﾉ>ω<)ﾉ  Klee has counted 2 slimes for Thaelon!
2022-09-16T00:28:36Z [chat] Vent (Aile): 16
2022-09-16T00:29:45Z [chat] Kenshin: full go
2022-09-16T00:35:11Z [chat] Thaelon: <@&887894985398157363> traff
2022-09-16T00:35:11Z [chat] Klee: Woah! It is a slime!  (ﾉ>ω<)ﾉ  Klee has counted 1 slimes for traffyboi!
2022-09-16T00:36:16Z [chat] Tatumi: Full
