2022-09-28T07:40:56Z Bot is starting up...
2022-09-28T07:40:59Z Bot is ready.
2022-09-28T07:49:24Z [chat] traffyboi: <@&887894985398157363> link
2022-09-28T07:49:25Z [chat] Klee: Woah! It is a slime!  (ﾉ>ω<)ﾉ  Klee has counted 15 slimes for Link2D3atH!
2022-09-28T07:49:37Z [chat] Link2D3atH: <:WorryEyes:887929819852050442>
2022-09-28T07:55:05Z [chat] traffyboi: ded
2022-09-28T07:55:07Z [chat] traffyboi: only 7 ppl
2022-09-28T07:55:43Z [chat] traffyboi: nobody complained about getting in tho so guess it's just real slow
2022-09-28T07:57:15Z [chat] ainthe: <@&887894985398157363> tat
2022-09-28T07:57:15Z [chat] Klee: Woah! It is a slime!  (ﾉ>ω<)ﾉ  Klee has counted 34 slimes for Tatumi!
2022-09-28T07:57:40Z [chat] ainthe: rando started
2022-09-28T07:57:47Z [chat] traffyboi: mempy not rando
2022-09-28T07:58:44Z [chat] ainthe: ah ok
2022-09-28T07:59:16Z [chat] traffyboi: so, if he zooms, mention and we can ~~yell at him~~ ask him not to
2022-09-28T08:01:28Z [chat] traffyboi: ded
2022-09-28T08:01:29Z [chat] traffyboi: 7 again
2022-09-28T08:01:35Z [chat] traffyboi: and i was first to finish just now
2022-09-28T08:01:38Z [chat] traffyboi: <:megaWorry:501756690077712389>
2022-09-28T08:01:53Z [chat] traffyboi: not many ppl on rn i guess
2022-09-28T08:04:03Z [chat] PlainDoe: <@&887894985398157363> me
2022-09-28T08:04:03Z [chat] Klee: Woah! It is a slime!  (ﾉ>ω<)ﾉ  Klee has counted 15 slimes for PlainDoe!
2022-09-28T08:09:10Z [chat] Moss: There's a second slime
2022-09-28T08:09:21Z [chat] traffyboi: ping it
2022-09-28T08:09:23Z [chat] traffyboi: been long enough
2022-09-28T08:09:27Z [chat] Moss: I couldn't see the name
2022-09-28T08:09:33Z [chat] Moss: my iphone's screen is ass
2022-09-28T08:09:37Z [chat] Moss: or my eye is ass
2022-09-28T08:09:38Z [chat] traffyboi: <@&887894985398157363> donuts
2022-09-28T08:09:38Z [chat] Klee: Woah! It is a slime!  (ﾉ>ω<)ﾉ  Klee has counted 35 slimes for donuts!
2022-09-28T08:09:38Z [chat] variant-*: Donut
2022-09-28T08:09:54Z [chat] Moss: I just saw a D in the name
2022-09-28T08:09:56Z [chat] Moss: should be donut
2022-09-28T08:09:59Z [chat] Moss: im paused, dw
2022-09-28T08:13:06Z [chat] variant-*: Dead
2022-09-28T08:19:03Z [chat] traffyboi: <@&887894985398157363> me
2022-09-28T08:19:03Z [chat] Klee: Woah! It is a slime!  (ﾉ>ω<)ﾉ  Klee has counted 63 slimes for traffyboi!
2022-09-28T08:22:01Z [chat] traffyboi: fullded
