2022-09-28T18:23:41Z Bot is starting up...
2022-09-28T18:23:44Z Bot is ready.
2022-09-28T18:23:58Z [add] 17maple: 2 thaelon
2022-09-28T18:23:58Z [chat] 17maple: !add 2 thaelon
2022-09-28T18:23:58Z [chat] Klee: Klee has added a slime to Thaelon! The number of slimes Thaelon has summoned has gone from 24 to 26
2022-09-28T18:24:10Z [add] 17maple: 1 dostic
2022-09-28T18:24:10Z [chat] 17maple: !add 1 dostic
2022-09-28T18:24:10Z [chat] Klee: Klee has added a slime to Dostic! The number of slimes Dostic has summoned has gone from 7 to 8
2022-09-28T18:24:16Z [add] 17maple: 1 traf
2022-09-28T18:24:16Z [chat] 17maple: !add 1 traf
2022-09-28T18:24:16Z [chat] Klee: Klee has added a slime to traffyboi! The number of slimes traffyboi has summoned has gone from 63 to 64
2022-09-28T18:24:31Z [add] 17maple: 1 tymp
2022-09-28T18:24:31Z [chat] 17maple: !add 1 tymp
2022-09-28T18:24:31Z [chat] Klee: Klee has added a slime to Tympest! The number of slimes Tympest has summoned has gone from 7 to 8
2022-09-28T18:24:48Z [add] 17maple: 1 cats
2022-09-28T18:24:48Z [chat] 17maple: !add 1 cats
2022-09-28T18:24:48Z [chat] Klee: Klee has added a slime to Cats On Mars! The number of slimes Cats On Mars has summoned has gone from 5 to 6
2022-09-28T18:25:12Z [add] 17maple: 1 traf
2022-09-28T18:25:12Z [chat] 17maple: !add 1 traf
2022-09-28T18:25:12Z [chat] Klee: Klee has added a slime to traffyboi! The number of slimes traffyboi has summoned has gone from 64 to 65
2022-09-28T18:25:17Z [add] 17maple: 1 tach
2022-09-28T18:25:17Z [chat] 17maple: !add 1 tach
2022-09-28T18:25:18Z [chat] Klee: Klee has added a slime to Tachii! The number of slimes Tachii has summoned has gone from 20 to 21
2022-09-28T18:26:12Z [chat] 17maple: Added some slimes that were not counted, let me know if the number is wrong
2022-09-28T18:45:05Z [chat] || eph || booyah ||: <@&887894985398157363> rocket
2022-09-28T18:45:06Z [chat] Klee: Woah! It is a slime!  (ﾉ>ω<)ﾉ  Klee has counted 22 slimes for rocketeer!
2022-09-28T18:45:08Z [chat] || eph || booyah ||: 2 randos in
2022-09-28T18:46:36Z [chat] Gold Hunter: 17 dead
2022-09-28T18:46:50Z [chat] Gold Hunter: Not sure which rando zoomed
2022-09-28T18:47:15Z [chat] || eph || booyah ||: 
2022-09-28T18:47:16Z [chat] || eph || booyah ||: yuyu
2022-09-28T18:47:24Z [chat] || eph || booyah ||: https://tenor.com/view/yusuke-brun%C3%A3o-bruno-gif-22762150
2022-09-28T18:47:57Z [chat] rocketeer: yeeted
2022-09-28T18:48:06Z [chat] || eph || booyah ||: https://tenor.com/view/see-ya-ya-yeet-ash-chucks-pikachu-im-sick-of-you-now-throw-gif-16987702
2022-09-28T18:50:06Z [chat] traffyboi: <@&887894985398157363> zero
2022-09-28T18:50:06Z [chat] Klee: Woah! It is a slime!  (ﾉ>ω<)ﾉ  Klee has counted 40 slimes for zero00!
2022-09-28T18:50:37Z [chat] || eph || booyah ||: 12th
2022-09-28T18:51:06Z [chat] mUmU: full
