2022-09-27T21:44:04Z Bot is starting up...
2022-09-27T21:44:06Z Bot is ready.
2022-09-27T21:44:16Z [add] traffyboi: 0 me
2022-09-27T21:44:16Z [chat] traffyboi: !add 0 me
2022-09-27T21:44:17Z [chat] Klee: Klee has added a slime to traffyboi! The number of slimes traffyboi has summoned has gone from 59 to 59
2022-09-27T21:44:29Z [add] traffyboi: 1 me
2022-09-27T21:44:29Z [chat] traffyboi: !add 1 me
2022-09-27T21:44:29Z [chat] Klee: Klee has added a slime to traffyboi! The number of slimes traffyboi has summoned has gone from 59 to 60
2022-09-27T21:49:18Z [chat] donuts: <@&887894985398157363> var
2022-09-27T21:49:18Z [chat] Tatumi: <@&887894985398157363> <@579199616143327258>
2022-09-27T21:49:18Z [chat] Klee: Woah! It is a slime!  (ﾉ>ω<)ﾉ  Klee has counted 14 slimes for virant (Variant-1)!
2022-09-27T21:49:19Z [chat] Klee: Woah! It is a slime!  (ﾉ>ω<)ﾉ  Klee has counted 15 slimes for virant (Variant-1)!
2022-09-27T21:49:59Z [chat] traffyboi: !doubleping var
2022-09-27T21:50:00Z [chat] Klee: Klee has subtracted a slime from virant (Variant-1)! The number of slimes virant (Variant-1) has summoned has gone from 15 to 14
2022-09-27T22:15:59Z [chat] traffyboi: <@&887894985398157363> ken
2022-09-27T22:16:00Z [chat] Klee: Woah! It is a slime!  (ﾉ>ω<)ﾉ  Klee has counted 49 slimes for Kenshin!
2022-09-27T22:17:22Z [chat] mUmU: 19th
2022-09-27T22:28:37Z [chat] traffyboi: <@&887894985398157363> link
2022-09-27T22:28:38Z [chat] Klee: Woah! It is a slime!  (ﾉ>ω<)ﾉ  Klee has counted 14 slimes for Link2D3atH!
2022-09-27T22:32:55Z [chat] traffyboi: <@&887894985398157363> rocket
2022-09-27T22:32:55Z [chat] Klee: Woah! It is a slime!  (ﾉ>ω<)ﾉ  Klee has counted 21 slimes for rocketeer!
2022-09-27T22:33:54Z [chat] Tedo: mixer has 0 in theirs
2022-09-27T22:33:59Z [chat] Tedo: don’t ping
2022-09-27T22:34:18Z [chat] Tachii: been 2 mins gud nuff
2022-09-27T22:34:24Z [chat] Tachii: <@&887894985398157363> mixer
2022-09-27T22:34:25Z [chat] Klee: Woah! It is a slime!  (ﾉ>ω<)ﾉ  Klee has counted 10 slimes for Mixer!
2022-09-27T22:34:46Z [chat] rocketeer: almost missed my own slime <:sweat:887942060152340480>
2022-09-27T22:35:33Z [chat] luxury777: good job team
2022-09-27T22:35:54Z [chat] DoujinKAMI: least panicy double
2022-09-27T22:37:25Z [chat] Tachii: i actually had 3 slimes was more panicky for me
2022-09-27T22:37:30Z [chat] Tachii: sniped tock's <:kekw:887896260625977355>
2022-09-27T22:38:32Z [chat] DoujinKAMI: idk what i did for him to unfriend me feelspainman
2022-09-27T22:39:20Z [chat] Tachii: hes in 2 slime groups alrdy
2022-09-27T22:39:31Z [chat] Tachii: idk why he still have me tho <:kekw:887896260625977355>
2022-09-27T22:39:35Z [chat] Vent (Aile): he unfriended vent but kept aile
2022-09-27T22:39:36Z [chat] traffyboi: he's not in two
2022-09-27T22:39:38Z [chat] luxury777: me too
2022-09-27T22:39:46Z [chat] Tachii: hes in ST iirc
2022-09-27T22:39:50Z [chat] traffyboi: nah
2022-09-27T22:39:50Z [chat] Vent (Aile): pretty sure he misinterpreted aile as the main and wanted to keep a heavy summoner
2022-09-27T22:39:52Z [chat] traffyboi: that's Tick
2022-09-27T22:39:53Z [chat] traffyboi: his alt
2022-09-27T22:40:07Z [chat] Tachii: bruh
2022-09-27T22:40:23Z [chat] traffyboi: lol i ain't trollin
2022-09-27T22:40:28Z [chat] traffyboi: im srs
2022-09-27T22:40:30Z [chat] Tachii: i mean, aile is the better name <:hidethepainaway:888099981658050592>
2022-09-27T22:40:39Z [chat] Vent (Aile): his second alt is gonna be named croc
2022-09-27T22:40:54Z [chat] traffyboi: ya lost me
2022-09-27T22:40:57Z [chat] traffyboi: <:pain:893907255236390962>
2022-09-27T22:41:02Z [chat] Vent (Aile): https://tenor.com/view/waiting-crocodile-peter-pan-twirl-gif-5382822
2022-09-27T22:41:12Z [chat] Tachii: too deep into the memes
2022-09-27T22:41:57Z [chat] traffyboi: 
2022-09-27T22:42:00Z [chat] traffyboi: okay, now i understand
2022-09-27T22:42:01Z [chat] traffyboi: <:topkek:887923315342213142>
2022-09-27T22:42:08Z [chat] Vent (Aile): is it a meme?
2022-09-27T22:42:21Z [chat] Tachii: memes, lore, whats the diff <:topkek:887923315342213142>
2022-09-27T22:42:34Z [chat] traffyboi: anyway tock just wants ppl who one-shot consistently and summon consistently
