2022-09-20T05:48:38Z Bot is starting up...
2022-09-20T05:48:41Z Bot is ready.
2022-09-20T05:49:40Z [add] traffyboi: 1 lux
2022-09-20T05:49:40Z [chat] traffyboi: !add 1 lux
2022-09-20T05:49:40Z [chat] Klee: Klee has added a slime to luxury777! The number of slimes luxury777 has summoned has gone from 4 to 5
2022-09-20T05:49:48Z [add] traffyboi: 1 me
2022-09-20T05:49:48Z [chat] traffyboi: !add 1 me
2022-09-20T05:49:48Z [chat] Klee: Klee has added a slime to traffyboi! The number of slimes traffyboi has summoned has gone from 18 to 19
2022-09-20T05:49:57Z [add] traffyboi: 1 bulba
2022-09-20T05:49:57Z [chat] traffyboi: !add 1 bulba
2022-09-20T05:49:57Z [chat] Klee: Klee has added a slime to Bulbasaur! The number of slimes Bulbasaur has summoned has gone from 6 to 7
2022-09-20T05:57:52Z [chat] Vent (Aile): <@&887894985398157363> dont
2022-09-20T05:57:52Z [chat] Klee: Uh, Klee does not know this name, and therefore cannot add this slime to anyone...
2022-09-20T05:58:02Z [chat] Vent (Aile): oops
2022-09-20T05:58:15Z [add] Zerefsis: 1 donut
2022-09-20T05:58:15Z [chat] Zerefsis: !add 1 donut
2022-09-20T05:58:15Z [chat] Klee: Klee has added a slime to donuts! The number of slimes donuts has summoned has gone from 8 to 9
2022-09-20T05:58:16Z [chat] feindishly2 (Bulbasaur): donuts
2022-09-20T05:58:39Z [add] Zerefsis: 0 do
2022-09-20T05:58:39Z [chat] Zerefsis: !add 0 do
2022-09-20T05:58:39Z [chat] Klee: Klee has added a slime to DoujinKAMI! The number of slimes DoujinKAMI has summoned has gone from 15 to 15
2022-09-20T05:58:45Z [chat] Zerefsis: Lol
2022-09-20T05:59:25Z [chat] mUmU: 14th
2022-09-20T06:02:35Z [chat] Zerefsis: <@&887894985398157363> don
2022-09-20T06:02:35Z [chat] Klee: Woah! It is a slime!  (ﾉ>ω<)ﾉ  Klee has counted 10 slimes for donuts!
2022-09-20T06:03:12Z [chat] esyw: SU bribe?
2022-09-20T06:05:01Z [add] esyw: 0 optimus prime
2022-09-20T06:05:01Z [chat] esyw: !add 0 optimus prime
2022-09-20T06:05:01Z [chat] Klee: Klee has added a slime to esyw! The number of slimes esyw has summoned has gone from 5 to 5
2022-09-20T06:09:19Z [chat] leafa1244: <@&887894985398157363> me
2022-09-20T06:09:19Z [chat] Klee: Woah! It is a slime!  (ﾉ>ω<)ﾉ  Klee has counted 1 slimes for leafa!
2022-09-20T06:11:28Z [chat] mUmU: ded
2022-09-20T06:12:46Z [chat] Evian: I saw qenobi when I finish
2022-09-20T06:12:48Z [chat] esyw: Qenobi
2022-09-20T06:13:22Z [chat] leafa1244: <@&887894985398157363> me
2022-09-20T06:13:22Z [chat] Klee: Woah! It is a slime!  (ﾉ>ω<)ﾉ  Klee has counted 2 slimes for leafa!
2022-09-20T06:13:38Z [chat] esyw: Another su bribe lol
2022-09-20T06:15:06Z [chat] Vent (Aile): these back to back are sus
2022-09-20T06:35:30Z [chat] feindishly2 (Bulbasaur): <@&887894985398157363> traff
2022-09-20T06:35:30Z [chat] Klee: Woah! It is a slime!  (ﾉ>ω<)ﾉ  Klee has counted 20 slimes for traffyboi!
