2022-09-19T05:52:24Z Bot is starting up...
2022-09-19T05:52:26Z Bot is ready.
2022-09-19T05:52:54Z [add] traffyboi: 1 gonbu
2022-09-19T05:52:54Z [chat] traffyboi: !add 1 gonbu
2022-09-19T05:52:54Z [chat] Klee: Klee has added a slime to GonBu! The number of slimes GonBu has summoned has gone from 2 to 3
2022-09-19T05:52:57Z [add] traffyboi: 1 zero
2022-09-19T05:52:57Z [chat] traffyboi: !add 1 zero
2022-09-19T05:52:57Z [chat] Klee: Klee has added a slime to zero00! The number of slimes zero00 has summoned has gone from 8 to 9
2022-09-19T05:52:58Z [add] traffyboi: 1 me
2022-09-19T05:52:59Z [chat] traffyboi: !add 1 me
2022-09-19T05:52:59Z [chat] Klee: Klee has added a slime to traffyboi! The number of slimes traffyboi has summoned has gone from 10 to 11
2022-09-19T05:53:02Z [add] traffyboi: 1 doujin
2022-09-19T05:53:02Z [chat] traffyboi: !add 1 doujin
2022-09-19T05:53:02Z [chat] Klee: Klee has added a slime to DoujinKAMI! The number of slimes DoujinKAMI has summoned has gone from 12 to 13
2022-09-19T05:53:06Z [add] traffyboi: 1 tatumi
2022-09-19T05:53:06Z [chat] traffyboi: !add 1 tatumi
2022-09-19T05:53:06Z [chat] Klee: Klee has added a slime to Tatumi! The number of slimes Tatumi has summoned has gone from 6 to 7
2022-09-19T05:53:09Z [add] traffyboi: 1 zero
2022-09-19T05:53:09Z [chat] traffyboi: !add 1 zero
2022-09-19T05:53:09Z [chat] Klee: Klee has added a slime to zero00! The number of slimes zero00 has summoned has gone from 9 to 10
2022-09-19T05:53:15Z [add] traffyboi: 1 tachii
2022-09-19T05:53:15Z [chat] traffyboi: !add 1 tachii
2022-09-19T05:53:15Z [chat] Klee: Klee has added a slime to Tachii! The number of slimes Tachii has summoned has gone from 7 to 8
2022-09-19T05:53:19Z [add] traffyboi: 1 ioni
2022-09-19T05:53:19Z [chat] traffyboi: !add 1 ioni
2022-09-19T05:53:19Z [chat] Klee: Klee has added a slime to Ioni! The number of slimes Ioni has summoned has gone from 10 to 11
2022-09-19T05:53:21Z [add] traffyboi: 1 me
2022-09-19T05:53:21Z [chat] traffyboi: !add 1 me
2022-09-19T05:53:21Z [chat] Klee: Klee has added a slime to traffyboi! The number of slimes traffyboi has summoned has gone from 11 to 12
2022-09-19T05:53:25Z [add] traffyboi: 1 doujin
2022-09-19T05:53:25Z [chat] traffyboi: !add 1 doujin
2022-09-19T05:53:25Z [chat] Klee: Klee has added a slime to DoujinKAMI! The number of slimes DoujinKAMI has summoned has gone from 13 to 14
2022-09-19T05:56:08Z [chat] traffyboi: ok, hope that's caught up now
2022-09-19T05:56:39Z [chat] DoujinKAMI: youre doing the lords work
2022-09-19T06:12:56Z [chat] DoujinKAMI: <@&887894985398157363> me
2022-09-19T06:12:57Z [chat] Klee: Woah! It is a slime!  (ﾉ>ω<)ﾉ  Klee has counted 15 slimes for DoujinKAMI!
2022-09-19T06:13:30Z [chat] Ioni: Dude, how are you summoning that much
2022-09-19T06:14:09Z [chat] esyw: Ded
2022-09-19T06:14:15Z [chat] esyw: Yyyyyyyyyy
2022-09-19T06:14:16Z [chat] Moss: Was me
2022-09-19T06:14:21Z [chat] DoujinKAMI: lmao
2022-09-19T06:14:46Z [chat] esyw: Doesn't want to leave tedo boss
2022-09-19T06:14:48Z [chat] Moss: I was caught up in eating
2022-09-19T06:14:56Z [chat] esyw: Thought can make it lol
2022-09-19T06:15:06Z [chat] Moss: Mbmb
2022-09-19T06:15:52Z [chat] esyw: Haha no worries small matter
2022-09-19T06:16:17Z [chat] DoujinKAMI: honestly earlier i was complaining and was about to ask the rates for raid spawn on repeat battle then i had a stroke of good luck
2022-09-19T06:16:41Z [chat] esyw: Keep complaining then
2022-09-19T06:16:48Z [chat] DoujinKAMI: dude honestly
2022-09-19T06:25:32Z [chat] Ioni: Yea keep going lol
2022-09-19T06:26:05Z [chat] Ioni: I might have to do the same then
