2022-09-22T14:32:47Z Bot is starting up...
2022-09-22T14:32:50Z Bot is ready.
2022-09-22T14:35:56Z [chat] rocketeer: <@&887894985398157363> evian
2022-09-22T14:35:57Z [chat] Klee: Woah! It is a slime!  (ﾉ>ω<)ﾉ  Klee has counted 5 slimes for Evian!
2022-09-22T14:36:11Z [add] rocketeer: 1 rocket
2022-09-22T14:36:12Z [chat] rocketeer: !add 1 rocket
2022-09-22T14:36:12Z [chat] Klee: Klee has added a slime to rocketeer! The number of slimes rocketeer has summoned has gone from 12 to 13
2022-09-22T14:36:15Z [add] rocketeer: 1 cats
2022-09-22T14:36:15Z [chat] rocketeer: !add 1 cats
2022-09-22T14:36:15Z [chat] Klee: Klee has added a slime to Cats On Mars! The number of slimes Cats On Mars has summoned has gone from 3 to 4
2022-09-22T14:38:12Z [chat] || eph || booyah ||: ded
2022-09-22T14:38:54Z [chat] variant-*: 14ded
2022-09-22T14:39:33Z [chat] Vent (Aile): did auxo zoom?
2022-09-22T14:39:48Z [chat] variant-*: he's the first. But i dunno at what minutes
2022-09-22T15:08:06Z [chat] RenTrout: <@&887894985398157363> me
2022-09-22T15:08:07Z [chat] Klee: Woah! It is a slime!  (ﾉ>ω<)ﾉ  Klee has counted 1 slimes for RenTrout!
2022-09-22T15:08:50Z [chat] mUmU: spike has one
2022-09-22T15:08:55Z [chat] mUmU: no one in
2022-09-22T15:09:38Z [chat] Spike/Chitoge: yea im just paused in mine
2022-09-22T15:09:39Z [chat] traffyboi: <@&887894985398157363> spike
2022-09-22T15:09:39Z [chat] Klee: Woah! It is a slime!  (ﾉ>ω<)ﾉ  Klee has counted 3 slimes for Spike/Chitoge!
2022-09-22T15:09:43Z [chat] traffyboi: 2 in
2022-09-22T15:09:49Z [chat] traffyboi: and spike is another group that's been pingerd
2022-09-22T15:09:52Z [chat] traffyboi: zoom ren
2022-09-22T15:09:57Z [chat] mUmU: ren ded 12
2022-09-22T15:10:23Z [chat] || eph || booyah ||: 13
2022-09-22T15:10:30Z [chat] pawpaw: Both still haven't accepted my FR
2022-09-22T15:10:36Z [chat] || eph || booyah ||: 16th in spike's
2022-09-22T15:11:35Z [chat] || eph || booyah ||: fullded
2022-09-22T15:11:40Z [chat] RenTrout: Who zoom I didn’t catch results
2022-09-22T15:11:55Z [chat] traffyboi: we did b/c of double
2022-09-22T15:12:20Z [chat] || eph || booyah ||: ya, no chance to see who..once it was announced dead, it went brrr
