2022-09-24T02:10:02Z Bot is starting up...
2022-09-24T02:10:04Z Bot is ready.
2022-09-24T02:42:27Z [chat] traffyboi: <@&887894985398157363> me
2022-09-24T02:42:27Z [chat] Klee: Woah! It is a slime!  (ﾉ>ω<)ﾉ  Klee has counted 42 slimes for traffyboi!
2022-09-24T02:42:30Z [chat] traffyboi: errrr
2022-09-24T02:42:31Z [chat] traffyboi: VENT
2022-09-24T02:42:41Z [add] traffyboi: -1 me
2022-09-24T02:42:42Z [chat] traffyboi: !add -1 me
2022-09-24T02:42:42Z [chat] Klee: Klee has added a slime to traffyboi! The number of slimes traffyboi has summoned has gone from 42 to 41
2022-09-24T02:42:45Z [chat] traffyboi: !-add 1 vent
2022-09-24T02:42:45Z [chat] Klee: Klee does not know this command... ヾ(⌒(_´･ㅅ･`)_
2022-09-24T02:42:57Z [add] traffyboi: 1 vent
2022-09-24T02:42:57Z [chat] traffyboi: !add 1 vent
2022-09-24T02:42:58Z [chat] Klee: Klee has added a slime to Vent! The number of slimes Vent has summoned has gone from 36 to 37
2022-09-24T02:43:05Z [add] traffyboi: 1 gold
2022-09-24T02:43:05Z [chat] traffyboi: !add 1 gold
2022-09-24T02:43:05Z [chat] Klee: Klee has added a slime to GoldHunter! The number of slimes GoldHunter has summoned has gone from 10 to 11
2022-09-24T02:45:10Z [chat] Kenshin: ded17
2022-09-24T02:55:07Z [chat] DoujinKAMI: <@&887894985398157363> me
2022-09-24T02:55:08Z [chat] Klee: Woah! It is a slime!  (ﾉ>ω<)ﾉ  Klee has counted 27 slimes for DoujinKAMI!
