2022-09-01T07:05:50Z Bot is starting up...
2022-09-01T07:05:53Z Bot is ready.
2022-09-01T07:32:49Z [chat] variant-*: <@&887894985398157363> gold
2022-09-01T07:32:49Z [chat] Klee: Woah! It is a slime!  (ﾉ>ω<)ﾉ  Klee has counted 10 slimes for GoldHunter!
2022-09-01T07:33:07Z [chat] Gold Hunter: Do I get the honor of final slime spawn?
2022-09-01T07:33:19Z [chat] variant-*: may be <:kekw:887896260625977355>
2022-09-01T07:33:38Z [chat] Vent (Aile): not if traffy has anything to say about it
2022-09-01T07:34:14Z [chat] Gold Hunter: :<:monkaS:889254939946254366>
2022-09-01T07:34:29Z [chat] traffyboi: i been tryin
2022-09-01T07:34:42Z [chat] Gold Hunter: If the final spawn is worth 3 points I'm sure traffy would find a way to make it happen
2022-09-01T07:54:57Z [chat] Vent (Aile): <@&887894985398157363> aile
2022-09-01T07:54:57Z [chat] Klee: Woah! It is a slime!  (ﾉ>ω<)ﾉ  Klee has counted 26 slimes for aile!
2022-09-01T07:55:11Z [chat] traffyboi: you sob
2022-09-01T07:55:12Z [chat] DoujinKAMI: niceee
2022-09-01T07:55:18Z [chat] traffyboi: i just used last ticket
2022-09-01T07:55:21Z [chat] Vent (Aile): its not on vent
2022-09-01T07:55:28Z [chat] Vent (Aile): <:HyperREE:888088123781820477>
2022-09-01T07:55:38Z [chat] traffyboi: <:kekw:674563315699154944>
2022-09-01T07:57:11Z [chat] traffyboi: <@&887894985398157363> me
2022-09-01T07:57:11Z [chat] Klee: Woah! It is a slime!  (ﾉ>ω<)ﾉ  Klee has counted 71 slimes for traffyboi!
2022-09-01T07:57:19Z [chat] DoujinKAMI: bruh
2022-09-01T07:57:34Z [chat] DoujinKAMI: had a pocket slime for that last minute
2022-09-01T07:57:35Z [chat] variant-*: <:1010:887934359909330994>
2022-09-01T07:57:43Z [chat] traffyboi: <:topkek:887923315342213142>
2022-09-01T07:57:46Z [chat] traffyboi: i swept to get this slime
2022-09-01T07:57:48Z [chat] Vent (Aile): my last ticket
2022-09-01T07:57:55Z [chat] traffyboi: 200 stam, worth
2022-09-01T07:58:01Z [chat] Vent (Aile): I still had a pocket summon ticket tho
2022-09-01T07:58:05Z [chat] Vent (Aile): was gonna spend it on that lmao
2022-09-01T07:58:16Z [chat] Vent (Aile): zip zop zoom
2022-09-01T07:58:27Z [chat] traffyboi: ded
2022-09-01T07:58:28Z [chat] DoujinKAMI: yeah its gone
2022-09-01T07:59:20Z [chat] Vent (Aile): 40 sec left to claim all ragna rewards
2022-09-01T08:00:03Z [chat] Vent (Aile): nice got an anemone spa skin
2022-09-01T08:00:29Z [chat] variant-*: got water tix on last plat from slime <:1010:887934359909330994>
2022-09-01T08:00:48Z [chat] variant-*: oops, wrong reply
2022-09-01T08:01:15Z [chat] variant-*: The slime god hath spoken
2022-09-01T08:01:28Z [chat] Gold Hunter: i cannot believe it...
2022-09-01T08:01:35Z [chat] traffyboi: <:topkek:887923315342213142>
2022-09-01T08:01:54Z [chat] G̷̉̕u̷͑̚ǹ̴̕ẗ̴̕ḧ̵̏e̴͆́ṙ̵͝: That was a good finale lol
2022-09-01T08:02:10Z [chat] G̷̉̕u̷͑̚ǹ̴̕ẗ̴̕ḧ̵̏e̴͆́ṙ̵͝: As always will post slime results after work today<:borryDed:888008371276501052>
2022-09-01T08:03:12Z [chat] variant-*: looking forward to it <:feelspainman:887929815347367948>
2022-09-01T08:03:56Z [chat] variant-*: Klee is already up-to-date from what I know
