2022-09-19T19:09:40Z Bot is starting up...
2022-09-19T19:09:43Z Bot is ready.
2022-09-19T19:11:14Z [chat] Zerefsis: https://tenor.com/view/when-gif-20190303
2022-09-19T19:11:31Z [chat] traffyboi: !top_three
2022-09-19T19:11:32Z [chat] Klee: The current first is ['traffyboi', 'Kenshin'] with 17 slimes! Second is ['Vent', 'DoujinKAMI'] with 15 slimes, and third is ['Ioni', 'zero00'] with 12 slimes! They are the best! ⁽⁽٩(๑˃̶͈̀ ᗨ ˂̶͈́)۶⁾⁾
2022-09-19T19:11:57Z [chat] Zerefsis: lmao
2022-09-19T19:12:04Z [chat] traffyboi: <:GoodGood:588843228493774855>
2022-09-19T19:12:17Z [chat] traffyboi: https://en.wikipedia.org/wiki/Law_of_large_numbers
2022-09-19T19:16:02Z [chat] Ioni: lol
2022-09-19T19:16:23Z [chat] Ioni: how am i still there
2022-09-19T19:16:49Z [chat] traffyboi: btw how much y'all bribing ur interns?
2022-09-19T19:17:41Z [chat] traffyboi: <:evilpepesip:641240176252944394>
2022-09-19T19:19:10Z [chat] Kenshin: Less than u apparently
2022-09-19T19:19:21Z [chat] traffyboi: <:JabbaKek:887916458309451796>
2022-09-19T19:25:02Z [chat] Tachii: I bribed him to get me to top 10 endless
2022-09-19T19:25:08Z [chat] Tachii: Delivered
2022-09-19T19:27:02Z [chat] traffyboi: <:hmmCapitalist:932776392674906112>
2022-09-19T19:32:16Z [chat] Tachii: 9-1 was a legendary run for me
2022-09-19T19:32:30Z [chat] Tachii: 3 of those from traff <:topkek:887923315342213142>
2022-09-19T19:32:52Z [chat] traffyboi: <:sadhonkler:676518905857966150>
2022-09-19T19:33:42Z [chat] Kenshin: Ouch <:feelspainman:887929815347367948>
2022-09-19T19:34:16Z [chat] Kenshin: I can see the fire of vengeance burning within traff
2022-09-19T19:34:40Z [chat] traffyboi: idk what to do about it lol
2022-09-19T19:35:00Z [chat] traffyboi: 
2022-09-19T19:35:03Z [chat] traffyboi: <:JabbaKek:887916458309451796>
2022-09-19T19:35:18Z [chat] Tachii: Double hp on everybody ayoo
2022-09-19T19:37:29Z [chat] Kenshin: This
2022-09-19T19:37:49Z [chat] Kenshin: <:feelspainman:887929815347367948>
2022-09-19T19:38:27Z [chat] traffyboi: i think me using the word "what" probably set me up for that
2022-09-19T19:38:37Z [chat] traffyboi: i should've said "how"
2022-09-19T19:39:21Z [chat] Ioni: <@&887894985398157363> lux
2022-09-19T19:39:21Z [chat] Klee: Woah! It is a slime!  (ﾉ>ω<)ﾉ  Klee has counted 4 slimes for luxury777!
2022-09-19T19:40:12Z [chat] mUmU: gone?
2022-09-19T19:40:20Z [chat] Kenshin: I zoomed
2022-09-19T19:40:26Z [chat] traffyboi: <a:yayeet:888088079750017024>
2022-09-19T19:40:32Z [chat] Kenshin: Someone from work msged me i looked away
2022-09-19T19:40:37Z [chat] Kenshin: <:02ded:888123262373101569>
2022-09-19T19:40:47Z [chat] Kenshin: Sorry
2022-09-19T19:41:26Z [chat] luxury777: Thats my 2nd slime zoomed😞
2022-09-19T19:41:48Z [chat] Zerefsis: https://tenor.com/view/meme-gif-23642644
