2022-09-25T15:00:54Z Bot is starting up...
2022-09-25T15:00:56Z Bot is ready.
2022-09-25T15:02:01Z [add] 17maple: 1 peng
2022-09-25T15:02:01Z [chat] 17maple: !add 1 peng
2022-09-25T15:02:01Z [chat] Klee: Klee has added a slime to Pengest! The number of slimes Pengest has summoned has gone from 6 to 7
2022-09-25T15:02:17Z [add] 17maple: 1 angel
2022-09-25T15:02:17Z [chat] 17maple: !add 1 angel
2022-09-25T15:02:18Z [chat] Klee: Klee has added a slime to Angel! The number of slimes Angel has summoned has gone from 5 to 6
2022-09-25T15:02:19Z [add] 17maple: 1 ken
2022-09-25T15:02:19Z [chat] 17maple: !add 1 ken
2022-09-25T15:02:19Z [chat] Klee: Klee has added a slime to Kenshin! The number of slimes Kenshin has summoned has gone from 36 to 37
2022-09-25T15:02:21Z [add] 17maple: 1 link
2022-09-25T15:02:21Z [chat] 17maple: !add 1 link
2022-09-25T15:02:21Z [chat] Klee: Klee has added a slime to Link2D3atH! The number of slimes Link2D3atH has summoned has gone from 10 to 11
2022-09-25T15:10:06Z [chat] Dostic: <@&887894985398157363> traffy
2022-09-25T15:10:06Z [chat] Klee: Woah! It is a slime!  (ﾉ>ω<)ﾉ  Klee has counted 51 slimes for traffyboi!
2022-09-25T15:29:47Z [chat] Thaelon: <@&887894985398157363> traff
2022-09-25T15:29:48Z [chat] Klee: Woah! It is a slime!  (ﾉ>ω<)ﾉ  Klee has counted 52 slimes for traffyboi!
2022-09-25T15:54:50Z [chat] Dan: <@&887894985398157363> me
2022-09-25T15:54:51Z [chat] Klee: Woah! It is a slime!  (ﾉ>ω<)ﾉ  Klee has counted 8 slimes for Dan!
2022-09-25T15:57:21Z [chat] mUmU: made it!!!
