2022-08-01T13:40:55Z Bot is starting up...
2022-08-01T13:40:58Z Bot is ready.
2022-08-01T13:55:49Z [chat] Thaelon: <@&887894985398157363> traff
2022-08-01T13:55:49Z [chat] Klee: Woah! It is a slime!  (ﾉ>ω<)ﾉ  Klee has counted 53 slimes for traffyboi!
2022-08-01T13:59:43Z [chat] ainthe: fullded
2022-08-01T14:01:33Z [chat] Tympest: <@&887894985398157363> me
2022-08-01T14:01:34Z [chat] Klee: Woah! It is a slime!  (ﾉ>ω<)ﾉ  Klee has counted 10 slimes for Tympest!
2022-08-01T14:04:36Z [chat] pawpaw: Pls accept FR <@292615553942683648>
2022-08-01T14:07:35Z [chat] Tympest: done
2022-08-01T14:09:15Z [chat] Tedo: <@&887894985398157363> me
2022-08-01T14:09:16Z [chat] Klee: Woah! It is a slime!  (ﾉ>ω<)ﾉ  Klee has counted 12 slimes for Tedo!
2022-08-01T14:10:15Z [chat] pawpaw: Pls accept <@826618819191242792>
2022-08-01T14:11:01Z [chat] Kenshin: <:smug1:887925741839351858>
2022-08-01T14:18:35Z [chat] Cats On Mars: <@&887894985398157363> cwnt
2022-08-01T14:18:35Z [chat] Klee: Uh, Klee does not know this name, and therefore cannot add this slime to anyone...
2022-08-01T14:18:36Z [chat] Cats On Mars: vent
2022-08-01T14:19:17Z [add] Cats On Mars: 1 vent
2022-08-01T14:19:17Z [chat] Cats On Mars: !add 1 vent
2022-08-01T14:19:18Z [chat] Klee: Klee has added a slime to Vent! The number of slimes Vent has summoned has gone from 43 to 44
2022-08-01T14:22:06Z [chat] || eph || booyah ||: ded
2022-08-01T14:55:42Z [chat] Kenshin: <@&887894985398157363> me
2022-08-01T14:55:43Z [chat] Klee: Woah! It is a slime!  (ﾉ>ω<)ﾉ  Klee has counted 44 slimes for Kenshin!
2022-08-01T14:56:42Z [chat] Thaelon: fullgo
2022-08-01T14:57:11Z [chat] Kenshin: Ful
2022-08-01T14:57:31Z [chat] donuts: Ded
2022-08-01T15:35:16Z [chat] DoujinKAMI: <@&887894985398157363> vent
2022-08-01T15:35:16Z [chat] zero00: <@&887894985398157363> vent
2022-08-01T15:35:16Z [chat] Klee: Woah! It is a slime!  (ﾉ>ω<)ﾉ  Klee has counted 45 slimes for Vent!
2022-08-01T15:35:17Z [chat] Klee: Woah! It is a slime!  (ﾉ>ω<)ﾉ  Klee has counted 46 slimes for Vent!
2022-08-01T15:35:30Z [chat] zero00: !doubleping vent
2022-08-01T15:35:30Z [chat] Klee: Klee has subtracted a slime from Vent! The number of slimes Vent has summoned has gone from 46 to 45
2022-08-01T15:37:06Z [chat] variant-*: dead17
2022-08-01T15:37:13Z [chat] variant-*: it's me and ainthe
2022-08-01T15:37:17Z [chat] variant-*: got distracted
2022-08-01T15:38:03Z [chat] Kenshin: Ainthe pls slow down
2022-08-01T15:38:35Z [chat] ainthe: ok!
2022-08-01T16:25:19Z [chat] Thaelon: <@&887894985398157363> me
2022-08-01T16:25:20Z [chat] Klee: Woah! It is a slime!  (ﾉ>ω<)ﾉ  Klee has counted 11 slimes for Thaelon!
2022-08-01T16:26:33Z [chat] mUmU: 18th
2022-08-01T16:27:34Z [chat] luxury777: Full
2022-08-01T16:27:47Z [chat] luxury777: Unfortunately
2022-08-01T16:28:19Z [chat] traffyboi: full is the goal
2022-08-01T16:28:26Z [chat] traffyboi: <:keklul:887934339680206858>
2022-08-01T17:15:45Z [chat] donuts: <@&887894985398157363> me
2022-08-01T17:15:45Z [chat] Klee: Woah! It is a slime!  (ﾉ>ω<)ﾉ  Klee has counted 36 slimes for donuts!
2022-08-01T17:16:06Z [chat] donuts: !top_three
2022-08-01T17:16:06Z [chat] Klee: The current first is ['traffyboi'] with 53 slimes! Second is ['Vent'] with 45 slimes, and third is ['Kenshin'] with 44 slimes! They are the best! ⁽⁽٩(๑˃̶͈̀ ᗨ ˂̶͈́)۶⁾⁾
2022-08-01T17:16:42Z [chat] donuts: kenshin you have to spawn one or vent you need to spawn 8
2022-08-01T17:20:04Z [chat] Kenshin: <:kekw:887896260625977355>
2022-08-01T17:24:46Z [chat] donuts: <@&887894985398157363> me
2022-08-01T17:24:46Z [chat] Klee: Woah! It is a slime!  (ﾉ>ω<)ﾉ  Klee has counted 37 slimes for donuts!
2022-08-01T17:25:14Z [chat] Kenshin: Nice
2022-08-01T17:25:18Z [chat] donuts: maybe i'll just get 8 more in a row
2022-08-01T17:25:36Z [chat] traffyboi: my spawns have slowed way down
2022-08-01T17:25:45Z [chat] traffyboi: <:scheming:588835410596200454>
2022-08-01T17:25:57Z [chat] traffyboi: I didn't bribe SU hard enough it seems
2022-08-01T17:25:58Z [chat] Tedo: ful i’m last
2022-08-01T17:26:46Z [chat] donuts: yeah i had a few overnights where I didn't anything
2022-08-01T17:28:34Z [chat] donuts: !top_four <:frontpepe:888064980929368145>
2022-08-01T17:28:34Z [chat] Klee: Klee does not know this command... ヾ(⌒(_´･ㅅ･`)_
2022-08-01T17:28:45Z [chat] donuts: I tried
2022-08-01T17:53:37Z [chat] Foxcolt: <@&887894985398157363> <@238091448073846784>
2022-08-01T17:53:37Z [chat] Klee: Woah! It is a slime!  (ﾉ>ω<)ﾉ  Klee has counted 14 slimes for rocketeer!
2022-08-01T17:54:41Z [chat] variant-*: full
2022-08-01T19:10:23Z [chat] Vent (Aile): <@&887894985398157363> tachii
2022-08-01T19:10:24Z [chat] Klee: Woah! It is a slime!  (ﾉ>ω<)ﾉ  Klee has counted 18 slimes for Tachii!
2022-08-01T19:11:05Z [chat] || eph || booyah ||: 12th
2022-08-01T19:13:05Z [chat] Apeks: full
2022-08-01T19:23:04Z [chat] Kenshin: <@&887894985398157363> me
2022-08-01T19:23:05Z [chat] Klee: Woah! It is a slime!  (ﾉ>ω<)ﾉ  Klee has counted 45 slimes for Kenshin!
2022-08-01T19:24:00Z [chat] || eph || booyah ||: 17th
2022-08-01T19:26:26Z [chat] Kenshin: Fulded
2022-08-01T19:30:09Z [chat] Kenshin: !top_three
2022-08-01T19:30:10Z [chat] Klee: The current first is ['traffyboi'] with 53 slimes! Second is ['Vent', 'Kenshin'] with 45 slimes, and third is ['donuts'] with 37 slimes! They are the best! ⁽⁽٩(๑˃̶͈̀ ᗨ ˂̶͈́)۶⁾⁾
2022-08-01T19:36:43Z [chat] Foxcolt: <@&887894985398157363> <@207924668844212225>
2022-08-01T19:36:43Z [chat] Klee: Woah! It is a slime!  (ﾉ>ω<)ﾉ  Klee has counted 46 slimes for Vent!
2022-08-01T19:47:28Z [chat] Thaelon: <@&887894985398157363> zero
2022-08-01T19:47:28Z [chat] Klee: Woah! It is a slime!  (ﾉ>ω<)ﾉ  Klee has counted 26 slimes for zero00!
2022-08-01T19:49:09Z [chat] Reddl: ffull
2022-08-01T19:51:29Z [chat] Vent (Aile): <@&887894985398157363> aile
2022-08-01T19:51:29Z [chat] Klee: Woah! It is a slime!  (ﾉ>ω<)ﾉ  Klee has counted 20 slimes for aile!
2022-08-01T19:52:08Z [chat] Vent (Aile): Choo choo
2022-08-01T19:53:13Z [chat] mUmU: 13th
2022-08-01T20:03:17Z [chat] Kenshin: <@&887894985398157363> traf
2022-08-01T20:03:17Z [chat] Klee: Woah! It is a slime!  (ﾉ>ω<)ﾉ  Klee has counted 54 slimes for traffyboi!
2022-08-01T20:04:29Z [chat] mUmU: 19th
2022-08-01T20:05:31Z [chat] Levi: fullded
2022-08-01T20:09:59Z [chat] Dostic: <@&887894985398157363> <@274682038970482688>
2022-08-01T20:09:59Z [chat] Klee: Woah! It is a slime!  (ﾉ>ω<)ﾉ  Klee has counted 16 slimes for ReddlsRow!
2022-08-01T20:11:13Z [chat] Tedo: gone
2022-08-01T20:11:17Z [chat] Angel: 
2022-08-01T20:11:24Z [chat] Angel: A rando
2022-08-01T20:11:26Z [chat] Reddl: ; /
2022-08-01T20:12:28Z [chat] Reddl: this guy has in his description: stop speedrunning slime xD
2022-08-01T20:12:53Z [chat] Reddl: 15 got in
2022-08-01T20:13:26Z [chat] Thaelon: I see that guy comment on the subreddit a lot
2022-08-01T20:13:46Z [chat] Vent (Aile): save that screenshot and next time he posts on subreddit comment with it
2022-08-01T20:13:50Z [chat] Vent (Aile): <:topkek:887923315342213142>
2022-08-01T20:14:36Z [chat] DoujinKAMI: Lmaoo
2022-08-01T20:15:46Z [chat] zero00: <@&887894985398157363> donuts
2022-08-01T20:15:46Z [chat] Kenshin: <@&887894985398157363> donuts
2022-08-01T20:15:46Z [chat] Klee: Woah! It is a slime!  (ﾉ>ω<)ﾉ  Klee has counted 38 slimes for donuts!
2022-08-01T20:15:46Z [chat] Klee: Woah! It is a slime!  (ﾉ>ω<)ﾉ  Klee has counted 39 slimes for donuts!
2022-08-01T20:16:00Z [chat] Tedo: !doubleping donuts
2022-08-01T20:16:00Z [chat] Klee: Klee has subtracted a slime from donuts! The number of slimes donuts has summoned has gone from 39 to 38
2022-08-01T20:16:33Z [chat] Vent (Aile): 18
2022-08-01T20:16:52Z [chat] Reddl: gone
2022-08-01T20:17:25Z [chat] Kenshin: <@139262103214227456> too fast
2022-08-01T20:19:00Z [chat] donuts: Booo
2022-08-01T20:19:02Z [chat] Link2D3atH: ups i thought i pause <:WorryEyes:887929819852050442>
2022-08-01T20:19:07Z [chat] donuts: Missed it
2022-08-01T20:19:25Z [chat] donuts: But that was my fault
2022-08-01T20:39:06Z [chat] DoujinKAMI: <@&887894985398157363> me
2022-08-01T20:39:07Z [chat] Klee: Woah! It is a slime!  (ﾉ>ω<)ﾉ  Klee has counted 4 slimes for DoujinKAMI!
2022-08-01T20:39:25Z [chat] Vent (Aile): someone zoomed
2022-08-01T20:39:28Z [chat] Vent (Aile): <@&887894985398157363> aile
2022-08-01T20:39:28Z [chat] Klee: Woah! It is a slime!  (ﾉ>ω<)ﾉ  Klee has counted 21 slimes for aile!
2022-08-01T20:39:32Z [chat] || eph || booyah ||: doujin's dead
2022-08-01T20:39:40Z [chat] Reddl: Cathpalug
2022-08-01T20:39:54Z [chat] Kenshin: Damn
2022-08-01T20:39:56Z [chat] Tedo: zoomed doujinkami’s
2022-08-01T20:39:59Z [chat] DoujinKAMI: Time to yeet
2022-08-01T20:40:04Z [chat] Link2D3atH: dead i join alie
2022-08-01T20:40:05Z [chat] || eph || booyah ||: <:bigbrainfroge:695296170330685543>
2022-08-01T20:40:32Z [chat] Vent (Aile): I was gonna zoom doujin's anyway to make aile <:smug1:887925741839351858>
2022-08-01T20:42:55Z [chat] || eph || booyah ||: aile full ded
2022-08-01T21:30:21Z [chat] Vent (Aile): <@&887894985398157363> aile
2022-08-01T21:30:21Z [chat] Klee: Woah! It is a slime!  (ﾉ>ω<)ﾉ  Klee has counted 22 slimes for aile!
2022-08-01T21:33:29Z [chat] traffyboi: ded17
2022-08-01T21:37:35Z [chat] Vent (Aile): <@&887894985398157363> tachii
2022-08-01T21:37:35Z [chat] Klee: Woah! It is a slime!  (ﾉ>ω<)ﾉ  Klee has counted 19 slimes for Tachii!
2022-08-01T21:37:49Z [chat] DoujinKAMI: <@&887894985398157363> me
2022-08-01T21:37:49Z [chat] Klee: Woah! It is a slime!  (ﾉ>ω<)ﾉ  Klee has counted 5 slimes for DoujinKAMI!
2022-08-01T21:38:02Z [chat] traffyboi: 2 in kami's
2022-08-01T21:38:12Z [chat] traffyboi: i bet it's gonna get zoomed, ima stay in tachii's
2022-08-01T21:38:13Z [chat] DoujinKAMI: cathpalug already jumped on
2022-08-01T21:38:20Z [chat] traffyboi: yeah
2022-08-01T21:38:26Z [chat] traffyboi: don't zoom tachii's y'all
2022-08-01T21:38:26Z [chat] Vent (Aile): yeet that dude
2022-08-01T21:38:29Z [chat] Kenshin: I thought u yeeted then
2022-08-01T21:38:33Z [chat] traffyboi: probably can't yet
2022-08-01T21:38:36Z [chat] Tachii: mines ded
2022-08-01T21:38:37Z [chat] Kenshin: Oh
2022-08-01T21:38:42Z [chat] DoujinKAMI: Yeah cant yet
2022-08-01T21:38:42Z [chat] traffyboi: rip <:pain:893907255236390962>
2022-08-01T21:38:59Z [chat] Kenshin: Shit im in doujins not tachiis lol
2022-08-01T21:39:11Z [chat] Kenshin: I paused
2022-08-01T21:39:15Z [chat] traffyboi: it's ded
2022-08-01T21:39:15Z [chat] Kenshin: Shouldnt have
2022-08-01T21:39:16Z [chat] traffyboi: no need
2022-08-01T21:39:17Z [chat] Kenshin: No pt
2022-08-01T21:39:18Z [chat] traffyboi: lol
2022-08-01T21:39:18Z [chat] Vent (Aile): doujin dead
2022-08-01T21:39:19Z [chat] DoujinKAMI: it got zoooom
2022-08-01T21:39:26Z [chat] Kenshin: Yea only me and him in it
2022-08-01T21:39:31Z [chat] Kenshin: I should have zoom the fuk out
2022-08-01T21:39:40Z [chat] Pengest: Tachi got zoomed too it seems?
2022-08-01T21:39:42Z [chat] traffyboi: yeah
2022-08-01T21:39:48Z [chat] || eph || booyah ||: 17 made tachii's
2022-08-01T21:39:48Z [chat] traffyboi: someone prolly zoom when they saw double
2022-08-01T21:40:25Z [chat] DoujinKAMI: one of my randos also got slime and thought it was tachii
2022-08-01T21:40:56Z [chat] Kenshin: Burst of slime. Typical shit rng code from su
2022-08-01T21:41:02Z [chat] Kenshin: Beckett got one too
2022-08-01T21:41:06Z [chat] || eph || booyah ||: https://tenor.com/view/shower-showering-flow-flowing-pouring-gif-12198611
2022-08-01T21:41:07Z [chat] DoujinKAMI: lmaooo
2022-08-01T21:48:12Z [chat] traffyboi: <@&887894985398157363> donuts
2022-08-01T21:48:13Z [chat] Klee: Woah! It is a slime!  (ﾉ>ω<)ﾉ  Klee has counted 39 slimes for donuts!
2022-08-01T21:48:44Z [chat] DoujinKAMI: oh fuk
2022-08-01T21:48:54Z [chat] DoujinKAMI: i had to use ad raid tix lmao
2022-08-01T21:49:00Z [chat] DoujinKAMI: thank god i had one stored
2022-08-01T21:52:13Z [chat] traffyboi: ded19
2022-08-01T22:05:23Z [chat] Ioni: <@&887894985398157363> me
2022-08-01T22:05:24Z [chat] Klee: Woah! It is a slime!  (ﾉ>ω<)ﾉ  Klee has counted 4 slimes for Ioni!
2022-08-01T22:05:52Z [chat] donuts: I do not have you I think
2022-08-01T22:06:01Z [chat] DoujinKAMI: me neither
2022-08-01T22:06:12Z [chat] traffyboi: <:frogebackpat:753824263865106462>
2022-08-01T22:53:25Z [chat] donuts: <@&887894985398157363> oph
2022-08-01T22:53:25Z [chat] Klee: Woah! It is a slime!  (ﾉ>ω<)ﾉ  Klee has counted 4 slimes for Ophianne!
2022-08-01T22:54:34Z [chat] Umbrella (GoldHunter): Someone zoomed :(
2022-08-01T22:54:58Z [chat] traffyboi: you sure you have oph?
2022-08-01T22:55:10Z [chat] Vent (Aile): kenshin
2022-08-01T22:55:16Z [chat] Vent (Aile): 👀
2022-08-01T22:55:39Z [chat] donuts: ded then?
2022-08-01T22:55:47Z [chat] traffyboi: yup
2022-08-01T22:55:55Z [chat] Vent (Aile): 
2022-08-01T22:55:58Z [chat] traffyboi: <@509805857425588224> too fast
2022-08-01T22:56:03Z [chat] traffyboi: <:stabking:571389699281780810>
2022-08-01T22:56:09Z [chat] donuts: kenshin better go yell at them
2022-08-01T22:56:09Z [chat] || eph || booyah ||: MONSTER
2022-08-01T22:56:43Z [chat] Kenshin: <:02ded:888123262373101569>
2022-08-01T22:57:03Z [chat] Kenshin: I await judgment
2022-08-01T22:57:16Z [chat] || eph || booyah ||: https://media.discordapp.net/attachments/549847377130029082/907156920618582036/banhammer.gif
2022-08-01T22:57:42Z [chat] Umbrella (GoldHunter): Burn the witch!
2022-08-01T22:57:45Z [chat] Umbrella (GoldHunter): Lol
2022-08-01T22:57:53Z [chat] Vent (Aile): timeout 72 hours
2022-08-01T22:57:59Z [chat] Vent (Aile): <:feelspainman:887929815347367948>
2022-08-01T22:57:59Z [chat] traffyboi: <:topkek:887923315342213142>
2022-08-01T22:58:07Z [chat] || eph || booyah ||: must record yourself deleting your account
2022-08-01T22:59:04Z [chat] Kenshin: Thats actually pr easy
2022-08-01T22:59:07Z [chat] Kenshin: <:topkek:887923315342213142>
2022-08-01T22:59:18Z [chat] Kenshin: Just need to redow load 3 gb
2022-08-01T23:00:08Z [chat] || eph || booyah ||: account, not game <:upsidedownfrogesip:716424665085771786>
2022-08-01T23:01:04Z [chat] traffyboi: how about timeout 4 hours if zoom again within next 36, bumping warning time up 12 more hours since had warning time before
2022-08-01T23:01:38Z [chat] traffyboi: i still think a warning beforehand is the way to go
2022-08-01T23:01:51Z [chat] || eph || booyah ||: this is ken's first offense in forever. likely unnecessary
2022-08-01T23:02:52Z [chat] traffyboi: it's a vote, so im fine with that too
2022-08-01T23:02:56Z [chat] Zerefsis: https://tenor.com/view/league-of-legends-league-lol-meme-gif-26261097
2022-08-01T23:03:29Z [chat] || eph || booyah ||: vile
2022-08-01T23:03:35Z [chat] DoujinKAMI: thats toxic
2022-08-01T23:04:00Z [chat] DoujinKAMI: at least dota 2
2022-08-01T23:04:36Z [chat] traffyboi: but first offense in forever is a bit generous https://discord.com/channels/887892391317606491/887894832708730881/1003645296045211748
2022-08-01T23:04:38Z [chat] traffyboi: <:keklul:887934339680206858>
2022-08-01T23:04:45Z [chat] Vent (Aile): do it so he falls behind the slime race <:keklul:887934339680206858>
2022-08-01T23:04:53Z [chat] || eph || booyah ||: OH SHI-
2022-08-01T23:05:02Z [chat] traffyboi: and he even gave himself a warning a day or two ago b/c he zoomed
2022-08-01T23:05:12Z [chat] || eph || booyah ||: next offense is obviously -10 slime count
2022-08-01T23:05:17Z [chat] || eph || booyah ||: <:frogerage:707298776003379230>
2022-08-01T23:05:17Z [chat] traffyboi: <:topkek:887923315342213142>
2022-08-01T23:05:18Z [chat] Vent (Aile): I'm ok with that
2022-08-01T23:06:33Z [chat] Vent (Aile): <:keklul:887934339680206858>
2022-08-01T23:06:36Z [chat] Kenshin: Im ok with this or the slime count
2022-08-01T23:06:46Z [chat] Kenshin: <:02ded:888123262373101569>
2022-08-01T23:06:48Z [chat] Kenshin: Hit me
2022-08-01T23:07:14Z [chat] donuts: !top_three
2022-08-01T23:07:15Z [chat] Klee: The current first is ['traffyboi'] with 54 slimes! Second is ['Vent'] with 46 slimes, and third is ['Kenshin'] with 45 slimes! They are the best! ⁽⁽٩(๑˃̶͈̀ ᗨ ˂̶͈́)۶⁾⁾
2022-08-01T23:07:22Z [chat] traffyboi: <:topkek:887923315342213142>
2022-08-01T23:07:28Z [chat] donuts: kenshin needs to stay tied with vent
2022-08-01T23:07:30Z [chat] traffyboi: donuts like "hmm, which way do i vote"
2022-08-01T23:07:42Z [chat] traffyboi: "lemme check the scores real quick"
2022-08-01T23:08:01Z [chat] Umbrella (GoldHunter): I agree, zooming must not go unpunished... But 20 games of league is too much, I wouldn't wish that on my worst enemy
2022-08-01T23:08:16Z [chat] DoujinKAMI: ^ this
2022-08-01T23:08:26Z [chat] traffyboi: what if he had to stream it for all of us to watch
2022-08-01T23:08:45Z [chat] traffyboi: then we'd get entertainment out of it
2022-08-01T23:08:53Z [chat] Kenshin: Bruh. I’ll time myself out for 72 hours over that
2022-08-01T23:08:58Z [chat] traffyboi: <:topkek:887923315342213142>
2022-08-01T23:09:31Z [chat] Vent (Aile): no burst 72 hours
2022-08-01T23:09:38Z [chat] Kenshin: <:02monka:888123260527607858>
2022-08-01T23:09:42Z [chat] Kenshin: U monster
2022-08-01T23:09:49Z [chat] traffyboi: <:honkpoint:679365714498289665>
2022-08-01T23:12:11Z [chat] Vent (Aile): <:Hephlaugh:887924849148829696>
2022-08-01T23:16:23Z [chat] Kenshin: 1. What traff suggested. 2. -10 slime count. Both are if i zoom in the next 36 hours
2022-08-01T23:16:35Z [chat] rocketeer: <@&887894985398157363> <@203492157158326273>
2022-08-01T23:16:35Z [chat] Klee: Woah! It is a slime!  (ﾉ>ω<)ﾉ  Klee has counted 5 slimes for Ophianne!
2022-08-01T23:17:18Z [chat] traffyboi: we can wait till you zoom again to decide kenshin <:keklul:887934339680206858>
2022-08-01T23:17:27Z [chat] Kenshin: 3. I go free
2022-08-01T23:17:29Z [chat] Kenshin: <:keklul:887934339680206858>
2022-08-01T23:17:34Z [chat] traffyboi: <:kek:703210595209707580>
2022-08-01T23:17:49Z [chat] DoujinKAMI: 4 = league
2022-08-01T23:17:53Z [chat] Kenshin: No
2022-08-01T23:17:56Z [chat] traffyboi: <:topkek:887923315342213142>
2022-08-01T23:18:10Z [chat] Vent (Aile): 5 burst bunishment
2022-08-01T23:18:23Z [chat] Vent (Aile): <:kekw:887896260625977355>
2022-08-01T23:18:28Z [chat] Kenshin: No weird punishments <:feelspainman:887929815347367948>
2022-08-01T23:18:37Z [chat] traffyboi: <:jnxcfroge:776919726462730260>
2022-08-01T23:19:30Z [chat] donuts: well -10 would put me in third...
2022-08-01T23:19:40Z [chat] Kenshin: It would <:feelspainman:887929815347367948>
2022-08-01T23:20:00Z [chat] traffyboi: i don't like the slime one. don't sully our precious counts!!
2022-08-01T23:20:08Z [chat] donuts: but you'd probably outspawn me somehow and then you wouldn't be able to catch vent for the tie so i'd lose out anyway
2022-08-01T23:20:29Z [chat] Kenshin: Better vote 3 then <:keklul:887934339680206858>
2022-08-01T23:21:06Z [chat] Kenshin: Damit zeref take off that 4
2022-08-01T23:21:30Z [chat] DoujinKAMI: they want to watch you burn
2022-08-01T23:21:34Z [chat] DoujinKAMI: to a crisp
2022-08-01T23:23:06Z [chat] Zerefsis: Better download now
2022-08-01T23:23:12Z [chat] DoujinKAMI: LMAO
2022-08-01T23:23:24Z [chat] DoujinKAMI: i was nice knowing you ken
2022-08-01T23:23:45Z [chat] Kenshin: Its been a nice 24 hours doujin
2022-08-01T23:34:38Z [chat] rocketeer: <@&887894985398157363> me
2022-08-01T23:34:38Z [chat] Klee: Woah! It is a slime!  (ﾉ>ω<)ﾉ  Klee has counted 15 slimes for rocketeer!
2022-08-01T23:35:47Z [chat] Pengest: 14th
2022-08-01T23:36:09Z [chat] ainthe: 19
2022-08-01T23:38:28Z [chat] Kenshin: Ded
2022-08-01T23:52:03Z [chat] traffyboi: <@&887894985398157363> tachii
2022-08-01T23:52:03Z [chat] Klee: Woah! It is a slime!  (ﾉ>ω<)ﾉ  Klee has counted 20 slimes for Tachii!
2022-08-01T23:54:09Z [chat] Vent (Aile): dead
2022-08-01T23:54:38Z [chat] zero00: gene
2022-08-01T23:54:49Z [chat] Vent (Aile): almost made it lol 19/20 when I clicked start
2022-08-02T00:01:55Z [chat] Vent (Aile): <@&887894985398157363> vent
2022-08-02T00:01:55Z [chat] Klee: Woah! It is a slime!  (ﾉ>ω<)ﾉ  Klee has counted 47 slimes for Vent!
2022-08-02T00:03:36Z [chat] Pengest: Dang didn't see it
2022-08-02T00:03:38Z [chat] mUmU: sorry
2022-08-02T00:03:47Z [chat] mUmU: forgot to pause
2022-08-02T00:03:50Z [chat] mUmU: 19/20 tho
2022-08-02T00:03:57Z [chat] Vent (Aile): that could have been pengest
2022-08-02T00:04:01Z [chat] Vent (Aile): <:topkek:887923315342213142>
2022-08-02T00:04:19Z [chat] mUmU: sry my dude
2022-08-02T00:11:00Z [chat] traffyboi: how hard would it be to add a zoom counter to Klee <:keklul:887934339680206858>
2022-08-02T00:11:21Z [chat] traffyboi: so the top 3 zoomers can get a role at end of ragna like top 3 slimers <:keklul:887934339680206858>
2022-08-02T00:11:46Z [chat] Vent (Aile): @zoomer
2022-08-02T00:11:50Z [chat] traffyboi: <:topkek:887923315342213142>
