2022-08-28T17:12:52Z Bot is starting up...
2022-08-28T17:12:55Z Bot is ready.
2022-08-28T17:13:04Z [add] variant-*: 1 tach
2022-08-28T17:13:04Z [chat] variant-*: !add 1 tach
2022-08-28T17:13:04Z [chat] Klee: Klee has added a slime to Tachii! The number of slimes Tachii has summoned has gone from 22 to 23
2022-08-28T17:29:01Z [chat] Vent (Aile): <@&887894985398157363> aile
2022-08-28T17:29:01Z [chat] Klee: Woah! It is a slime!  (ﾉ>ω<)ﾉ  Klee has counted 15 slimes for aile!
2022-08-28T17:29:51Z [chat] DoujinKAMI: 18th
2022-08-28T17:30:03Z [chat] variant-*: 20th
2022-08-28T18:49:22Z [chat] luxury777: <@&887894985398157363> me
2022-08-28T18:49:23Z [chat] Klee: Woah! It is a slime!  (ﾉ>ω<)ﾉ  Klee has counted 8 slimes for luxury777!
2022-08-28T19:05:40Z [chat] DoujinKAMI: <@&887894985398157363> aile
2022-08-28T19:05:41Z [chat] Klee: Woah! It is a slime!  (ﾉ>ω<)ﾉ  Klee has counted 16 slimes for aile!
2022-08-28T19:06:45Z [chat] || eph || booyah ||: 18ded
2022-08-28T19:06:50Z [chat] || eph || booyah ||: link
2022-08-28T19:06:53Z [chat] || eph || booyah ||: gotta slow down
2022-08-28T19:07:13Z [chat] Vent (Aile): <:angy:891267255302750208>
2022-08-28T19:07:26Z [chat] traffyboi: <@139262103214227456> slow down
2022-08-28T19:12:40Z [chat] rocketeer: <@&887894985398157363> me
2022-08-28T19:12:41Z [chat] Klee: Woah! It is a slime!  (ﾉ>ω<)ﾉ  Klee has counted 11 slimes for rocketeer!
2022-08-28T19:16:31Z [chat] || eph || booyah ||: ded
2022-08-28T19:29:13Z [chat] rocketeer: <@&887894985398157363> me
2022-08-28T19:29:14Z [chat] Klee: Woah! It is a slime!  (ﾉ>ω<)ﾉ  Klee has counted 12 slimes for rocketeer!
2022-08-28T19:31:48Z [chat] Vent (Aile): ded
2022-08-28T19:33:06Z [chat] Vent (Aile): Missed it on aile
2022-08-28T19:33:44Z [chat] || eph || booyah ||: 19ded
2022-08-28T19:55:18Z [chat] DoujinKAMI: <@&887894985398157363> me
2022-08-28T19:55:19Z [chat] Klee: Woah! It is a slime!  (ﾉ>ω<)ﾉ  Klee has counted 20 slimes for DoujinKAMI!
2022-08-28T19:58:44Z [chat] Consutron: <@&887894985398157363> <@292615553942683648>
2022-08-28T19:58:45Z [chat] Klee: Woah! It is a slime!  (ﾉ>ω<)ﾉ  Klee has counted 4 slimes for Tympest!
2022-08-28T19:58:56Z [chat] Consutron: one random in I think
2022-08-28T20:02:56Z [chat] traffyboi: ded12
2022-08-28T20:02:59Z [chat] traffyboi: i killed first
2022-08-28T20:03:02Z [chat] traffyboi: <:thinkingfroge:679322849357463557>
2022-08-28T20:03:05Z [chat] || eph || booyah ||: <:dcgfroge:681442049505099798>
2022-08-28T20:03:05Z [chat] traffyboi: slow time i guess?
2022-08-28T20:03:08Z [chat] Vent (Aile): you zoomer
2022-08-28T20:03:21Z [chat] traffyboi: <:pain:893907255236390962> i just killed tho
2022-08-28T20:03:25Z [chat] traffyboi: when i said
2022-08-28T20:03:32Z [chat] || eph || booyah ||: https://tenor.com/view/sure-jennifer-lawrence-the-mocking-jay-the-hunger-games-katniss-gif-5415223
2022-08-28T20:03:44Z [chat] Vent (Aile): on kill mine said 16 lol
2022-08-28T20:03:44Z [chat] traffyboi: i would admit it!
2022-08-28T20:03:48Z [chat] traffyboi: wut
2022-08-28T20:03:55Z [chat] traffyboi: did i join someone else's slime <:awkward:887933018793201694>
2022-08-28T20:03:57Z [chat] || eph || booyah ||: <a:shakesquint:877195916757577728>
2022-08-28T20:03:59Z [chat] Vent (Aile): lmao
2022-08-28T20:04:00Z [chat] || eph || booyah ||: WHAT'S THE TRUTH
2022-08-28T20:04:02Z [chat] Vent (Aile): bruh you went to the wrong slime
2022-08-28T20:04:06Z [chat] || eph || booyah ||: <:hands:694995390000267354>
2022-08-28T20:04:18Z [chat] traffyboi: i already claimed i have no idea
2022-08-28T20:04:19Z [chat] traffyboi: LOL
2022-08-28T20:04:44Z [chat] || eph || booyah ||: vent, we're going to have to go good cop, bad cop on him
2022-08-28T20:04:53Z [chat] traffyboi: <a:aworryRun2:601196179878969382>
2022-08-28T20:05:03Z [chat] Vent (Aile): https://tenor.com/view/prison-jail-bugs-bunny-prison-bugs-bunny-criminal-gif-15752790
2022-08-28T20:05:06Z [chat] || eph || booyah ||: <:umarupolice:589416554710564873>
2022-08-28T20:06:15Z [chat] traffyboi: okay im pretty sure it was a delitist slime that spawned at the same time but never got pinged
2022-08-28T20:06:32Z [chat] Vent (Aile): 🐍
2022-08-28T20:06:57Z [chat] || eph || booyah ||: you're free to go...THIS TIME
2022-08-28T20:07:13Z [chat] || eph || booyah ||: https://tenor.com/view/john-cena-im-watching-you-i-am-watching-you-wwe-watch-out-gif-25856329
2022-08-28T20:07:21Z [chat] traffyboi: <:prayBanshee:849978606800863282>
2022-08-28T20:16:11Z [chat] Kenshin: <@&887894985398157363> var
2022-08-28T20:16:13Z [chat] Klee: Woah! It is a slime!  (ﾉ>ω<)ﾉ  Klee has counted 6 slimes for virant (Variant-1)!
2022-08-28T20:18:13Z [chat] G̷̉̕u̷͑̚ǹ̴̕ẗ̴̕ḧ̵̏e̴͆́ṙ̵͝: Sorry i forgot to pause that one
2022-08-28T20:47:35Z [chat] Reddl: <@&887894985398157363> variant
2022-08-28T20:47:36Z [chat] Klee: Woah! It is a slime!  (ﾉ>ω<)ﾉ  Klee has counted 7 slimes for virant (Variant-1)!
2022-08-28T20:48:40Z [chat] Zerefsis: Someone tainted
2022-08-28T20:48:58Z [chat] DoujinKAMI: i suck
2022-08-28T20:48:59Z [chat] Vent (Aile): Ded too
2022-08-28T20:49:06Z [chat] DoujinKAMI: i zoom
2022-08-28T20:49:25Z [chat] DoujinKAMI: alt tab for like 2 secs
2022-08-28T20:50:22Z [chat] Zerefsis: Tainted by dctouko
2022-08-28T21:06:27Z [chat] zero00: <@&887894985398157363> doujin
2022-08-28T21:06:27Z [chat] Klee: Woah! It is a slime!  (ﾉ>ω<)ﾉ  Klee has counted 21 slimes for DoujinKAMI!
2022-08-28T21:09:18Z [chat] mUmU: 14th
2022-08-28T21:09:46Z [chat] Vent (Aile): dead
2022-08-28T21:12:33Z [chat] DoujinKAMI: <@&887894985398157363> me
2022-08-28T21:12:34Z [chat] Klee: Woah! It is a slime!  (ﾉ>ω<)ﾉ  Klee has counted 22 slimes for DoujinKAMI!
2022-08-28T21:13:52Z [chat] ainthe: 11th
2022-08-28T21:15:58Z [chat] mUmU: didn't make it
2022-08-28T21:18:01Z [chat] DoujinKAMI: ill spawn another one for you my dude
2022-08-28T21:42:01Z [chat] Apeks: <@&887894985398157363> <@207924668844212225>
2022-08-28T21:42:01Z [chat] Klee: Woah! It is a slime!  (ﾉ>ω<)ﾉ  Klee has counted 44 slimes for Vent!
2022-08-28T22:35:29Z [chat] Vent (Aile): <@&887894985398157363> vent
2022-08-28T22:35:30Z [chat] Klee: Woah! It is a slime!  (ﾉ>ω<)ﾉ  Klee has counted 45 slimes for Vent!
2022-08-28T22:36:52Z [chat] donuts: die?
2022-08-28T22:37:04Z [chat] donuts: looks like it
2022-08-28T22:37:10Z [chat] Vent (Aile): <:02ded:888123262373101569>
2022-08-28T22:37:32Z [chat] Vent (Aile): tachii
2022-08-28T22:38:52Z [chat] Tachii: My game crashed <:facepalm:888070327278637097>
2022-08-28T22:40:35Z [chat] Tachii: Wait a min I killed it? <:facepalm:888070327278637097>
2022-08-28T22:40:57Z [chat] Tachii: Sry folks
2022-08-28T22:41:10Z [chat] Vent (Aile): yeahhhh lol
2022-08-29T00:05:05Z [chat] Vent (Aile): <@&887894985398157363> aile
2022-08-29T00:05:05Z [chat] Klee: Woah! It is a slime!  (ﾉ>ω<)ﾉ  Klee has counted 17 slimes for aile!
2022-08-29T00:09:06Z [chat] Angel: Full
2022-08-29T00:22:25Z [chat] Tatumi: <@&887894985398157363> ME
2022-08-29T00:22:25Z [chat] Klee: Woah! It is a slime!  (ﾉ>ω<)ﾉ  Klee has counted 27 slimes for Tatumi!
2022-08-29T00:23:08Z [chat] mUmU: 15th
2022-08-29T00:23:38Z [chat] donuts: Ded
2022-08-29T00:23:50Z [chat] donuts: Would have been 19th
2022-08-29T00:24:12Z [chat] Vent (Aile): 
2022-08-29T00:24:38Z [chat] Vent (Aile): mumu you should pause before you report your placement <:keklul:887934339680206858>
2022-08-29T00:25:55Z [chat] mUmU: i'm really sorry
2022-08-29T00:28:33Z [chat] mUmU: very busy at work, will time my self out
2022-08-29T00:30:41Z [chat] Tatumi: <@&887894985398157363> ME
2022-08-29T00:30:42Z [chat] Klee: Woah! It is a slime!  (ﾉ>ω<)ﾉ  Klee has counted 28 slimes for Tatumi!
2022-08-29T00:31:08Z [chat] Vent (Aile): tatumi popping off
2022-08-29T00:33:53Z [chat] traffyboi: ded18
2022-08-29T00:35:06Z [chat] Kenshin: gimme 10 mins to manual my last burst kkthx
2022-08-29T00:35:12Z [chat] Kenshin: <:topkek:887923315342213142>
