2022-08-26T14:34:44Z Bot is starting up...
2022-08-26T14:34:46Z Bot is ready.
2022-08-26T15:08:53Z [chat] Kenshin: <@&887894985398157363> traf
2022-08-26T15:08:54Z [chat] Klee: Woah! It is a slime!  (ﾉ>ω<)ﾉ  Klee has counted 45 slimes for traffyboi!
2022-08-26T15:14:48Z [chat] Dostic: <@&887894985398157363> donuts
2022-08-26T15:14:48Z [chat] Klee: Woah! It is a slime!  (ﾉ>ω<)ﾉ  Klee has counted 29 slimes for donuts!
2022-08-26T15:54:17Z [chat] Angel: <@&887894985398157363> traff
2022-08-26T15:54:18Z [chat] Klee: Woah! It is a slime!  (ﾉ>ω<)ﾉ  Klee has counted 46 slimes for traffyboi!
2022-08-26T15:55:16Z [chat] Tock: full
2022-08-26T15:55:17Z [chat] variant-*: full go
2022-08-26T15:58:26Z [add] traffyboi: 0 fie
2022-08-26T15:58:27Z [chat] traffyboi: !add 0 fie
2022-08-26T15:58:27Z [chat] Klee: Klee has added a slime to fiE! The number of slimes fiE has summoned has gone from 8 to 8
2022-08-26T15:58:29Z [add] traffyboi: 1 fie
2022-08-26T15:58:29Z [chat] traffyboi: !add 1 fie
2022-08-26T15:58:30Z [chat] Klee: Klee has added a slime to fiE! The number of slimes fiE has summoned has gone from 8 to 9
2022-08-26T15:59:03Z [add] traffyboi: 0 me
2022-08-26T15:59:03Z [chat] traffyboi: !add 0 me
2022-08-26T15:59:03Z [chat] Klee: Klee has added a slime to traffyboi! The number of slimes traffyboi has summoned has gone from 46 to 46
2022-08-26T15:59:09Z [add] traffyboi: 1 me
2022-08-26T15:59:09Z [chat] traffyboi: !add 1 me
2022-08-26T15:59:09Z [chat] Klee: Klee has added a slime to traffyboi! The number of slimes traffyboi has summoned has gone from 46 to 47
2022-08-26T16:01:16Z [add] variant-*: 1 evian
2022-08-26T16:01:16Z [chat] variant-*: !add 1 evian
2022-08-26T16:01:16Z [chat] Klee: Klee has added a slime to Evian! The number of slimes Evian has summoned has gone from 3 to 4
2022-08-26T16:02:56Z [add] traffyboi: 1 Dan
2022-08-26T16:02:56Z [chat] traffyboi: !add 1 Dan
2022-08-26T16:02:57Z [chat] Klee: Klee has added a slime to Dan! The number of slimes Dan has summoned has gone from 4 to 5
2022-08-26T16:10:09Z [chat] Kenshin: <@&887894985398157363> me
2022-08-26T16:10:09Z [chat] Klee: Woah! It is a slime!  (ﾉ>ω<)ﾉ  Klee has counted 38 slimes for Kenshin!
2022-08-26T16:10:46Z [chat] DoujinKAMI: 18th
2022-08-26T16:11:30Z [chat] variant-*: full
2022-08-26T16:20:33Z [chat] Vent (Aile): <@&887894985398157363> traff
2022-08-26T16:20:34Z [chat] Klee: Woah! It is a slime!  (ﾉ>ω<)ﾉ  Klee has counted 48 slimes for traffyboi!
2022-08-26T16:21:40Z [chat] Vent (Aile): theres another slime, please fill fast lol
2022-08-26T16:22:01Z [chat] Angel: Full
2022-08-26T16:22:02Z [chat] Leofarr: max goo
