2022-08-19T20:22:08Z Bot is starting up...
2022-08-19T20:22:11Z Bot is ready.
2022-08-19T20:51:35Z [chat] zero00: <@&887894985398157363> me
2022-08-19T20:51:36Z [chat] Klee: Woah! It is a slime!  (ﾉ>ω<)ﾉ  Klee has counted 4 slimes for zero00!
2022-08-19T20:53:36Z [chat] Tedo: gone
2022-08-19T20:54:09Z [chat] G̷̉̕u̷͑̚ǹ̴̕ẗ̴̕ḧ̵̏e̴͆́ṙ̵͝: 
2022-08-19T22:03:28Z [chat] rocketeer: <@&887894985398157363> vent
2022-08-19T22:03:28Z [chat] Klee: Woah! It is a slime!  (ﾉ>ω<)ﾉ  Klee has counted 6 slimes for Vent!
2022-08-19T22:28:13Z [chat] Thaelon: <@&887894985398157363> gunth
2022-08-19T22:28:14Z [chat] Klee: Woah! It is a slime!  (ﾉ>ω<)ﾉ  Klee has counted 2 slimes for Gunther!
2022-08-19T22:28:44Z [chat] G̷̉̕u̷͑̚ǹ̴̕ẗ̴̕ḧ̵̏e̴͆́ṙ̵͝: Damn you fast
2022-08-19T22:28:58Z [chat] G̷̉̕u̷͑̚ǹ̴̕ẗ̴̕ḧ̵̏e̴͆́ṙ̵͝: That boy was still in the summon animation
2022-08-19T22:29:21Z [chat] Tachii: Fuck I zoomed
2022-08-19T22:29:25Z [chat] Tachii: Sry bros
2022-08-19T22:29:31Z [chat] Apeks: Tsk tsk
2022-08-19T22:29:33Z [chat] Zerefsis: did you remove me gunth? I dont have you
2022-08-19T22:29:44Z [chat] Tachii: <:facepalm:888070327278637097>
2022-08-19T22:30:06Z [chat] Tachii: Just stared at it blankly after I entered too <:facepalm:888070327278637097>
2022-08-19T22:30:35Z [chat] traffyboi: you high?
2022-08-19T22:30:41Z [chat] G̷̉̕u̷͑̚ǹ̴̕ẗ̴̕ḧ̵̏e̴͆́ṙ̵͝: No I never removed anyone
2022-08-19T22:31:05Z [chat] Tachii: High after *ahem*
2022-08-19T22:31:21Z [chat] traffyboi: high after slime
2022-08-19T22:31:27Z [chat] traffyboi: i gotchu
2022-08-19T22:31:36Z [chat] Tachii: <:JabbaKek:887916458309451796>
2022-08-19T22:42:26Z [chat] Thaelon: haha literally loaded up the game as it came up I guess
2022-08-19T22:43:03Z [chat] rocketeer: <@&887894985398157363> kenshin
2022-08-19T22:43:03Z [chat] Thaelon: <@&887894985398157363> kens
2022-08-19T22:43:03Z [chat] Klee: Woah! It is a slime!  (ﾉ>ω<)ﾉ  Klee has counted 10 slimes for Kenshin!
2022-08-19T22:43:03Z [chat] Klee: Woah! It is a slime!  (ﾉ>ω<)ﾉ  Klee has counted 11 slimes for Kenshin!
2022-08-19T22:43:24Z [chat] mUmU: gunther too
2022-08-19T22:43:30Z [chat] G̷̉̕u̷͑̚ǹ̴̕ẗ̴̕ḧ̵̏e̴͆́ṙ̵͝: <@&887894985398157363> me
2022-08-19T22:43:30Z [chat] mUmU: no one in tho
2022-08-19T22:43:30Z [chat] Klee: Woah! It is a slime!  (ﾉ>ω<)ﾉ  Klee has counted 3 slimes for Gunther!
2022-08-19T22:43:33Z [chat] Tedo: gunther has 1
2022-08-19T22:43:34Z [chat] mUmU: ahh
2022-08-19T22:43:37Z [chat] Tedo: damnit pinged
2022-08-19T22:44:01Z [chat] Tedo: !doubleping kenshin
2022-08-19T22:44:01Z [chat] Klee: Klee has subtracted a slime from Kenshin! The number of slimes Kenshin has summoned has gone from 11 to 10
2022-08-19T22:44:03Z [chat] traffyboi: zooming kenshin's
2022-08-19T22:44:09Z [chat] mUmU: k
2022-08-19T22:44:14Z [chat] G̷̉̕u̷͑̚ǹ̴̕ẗ̴̕ḧ̵̏e̴͆́ṙ̵͝: Zoom zoom
2022-08-19T22:44:14Z [chat] Zerefsis: ded
2022-08-19T22:44:18Z [chat] G̷̉̕u̷͑̚ǹ̴̕ẗ̴̕ḧ̵̏e̴͆́ṙ̵͝: I'm holding
2022-08-19T22:44:19Z [chat] traffyboi: who
2022-08-19T22:44:23Z [chat] Zerefsis: gunth I sent you a fr
2022-08-19T22:44:30Z [chat] traffyboi: k so not gunth lul
2022-08-19T22:44:31Z [chat] G̷̉̕u̷͑̚ǹ̴̕ẗ̴̕ḧ̵̏e̴͆́ṙ̵͝: <:pepeHug:887977296521199616>
2022-08-19T22:44:31Z [chat] mUmU: ken ded 14
2022-08-19T22:44:39Z [chat] Kenshin: <:HyperREE:888088123781820477>
2022-08-19T22:44:41Z [chat] G̷̉̕u̷͑̚ǹ̴̕ẗ̴̕ḧ̵̏e̴͆́ṙ̵͝: Will accept in a sec
2022-08-19T22:44:50Z [chat] Tedo: gun 12/20
2022-08-19T22:44:56Z [chat] traffyboi: wut u ragin about kenshin
