2022-08-25T01:29:30Z Bot is starting up...
2022-08-25T01:29:33Z Bot is ready.
2022-08-25T02:11:07Z [chat] traffyboi: <@&887894985398157363> me
2022-08-25T02:11:08Z [chat] Klee: Woah! It is a slime!  (ﾉ>ω<)ﾉ  Klee has counted 36 slimes for traffyboi!
2022-08-25T02:11:22Z [chat] Tachii: dont see
2022-08-25T02:11:33Z [chat] Tedo: wat
2022-08-25T02:11:40Z [chat] traffyboi: <:pain:893907255236390962>
2022-08-25T02:11:43Z [chat] PlainDoe: Gone I guess
2022-08-25T02:11:46Z [chat] Tachii: :angery:
2022-08-25T02:11:51Z [add] traffyboi: -1 me
2022-08-25T02:11:51Z [chat] traffyboi: !add -1 me
2022-08-25T02:11:52Z [chat] Klee: Klee has added a slime to traffyboi! The number of slimes traffyboi has summoned has gone from 36 to 35
2022-08-25T02:11:55Z [chat] Gold Hunter: Don't see either
2022-08-25T02:12:01Z [chat] Tachii: wtf i cant do other channel emojis here
2022-08-25T02:12:05Z [chat] Tachii: <:02ded:888123262373101569>
2022-08-25T02:12:52Z [chat] traffyboi: not at computer, someone in delitist just pinged it, so I assumed. won't do that anymore I guess
2022-08-25T02:15:06Z [chat] traffyboi: looks like there was one, just got hella zoomed. man...
2022-08-25T02:16:17Z [chat] Tachii: makes you question things dont it <:hidethepainaway:888099981658050592>
2022-08-25T02:57:46Z [chat] luxury777: <@&887894985398157363> me
2022-08-25T02:57:47Z [chat] Klee: Woah! It is a slime!  (ﾉ>ω<)ﾉ  Klee has counted 5 slimes for luxury777!
2022-08-25T02:59:55Z [chat] Tachii: gonna add the ones klee missed
2022-08-25T03:00:00Z [add] Tachii: 0 leofarr
2022-08-25T03:00:00Z [chat] Tachii: !add 0 leofarr
2022-08-25T03:00:01Z [chat] Klee: Klee has added a slime to Leofarr! The number of slimes Leofarr has summoned has gone from 2 to 2
2022-08-25T03:00:09Z [add] Tachii: 1 leofarr
2022-08-25T03:00:09Z [chat] Tachii: !add 1 leofarr
2022-08-25T03:00:09Z [chat] Klee: Klee has added a slime to Leofarr! The number of slimes Leofarr has summoned has gone from 2 to 3
2022-08-25T03:00:09Z [chat] DoujinKAMI: i forgot to pause
2022-08-25T03:00:24Z [add] Tachii: 1 traff
2022-08-25T03:00:25Z [chat] Tachii: !add 1 traff
2022-08-25T03:00:25Z [chat] Klee: Klee has added a slime to traffyboi! The number of slimes traffyboi has summoned has gone from 35 to 36
2022-08-25T03:01:01Z [add] Tachii: 1 zero
2022-08-25T03:01:02Z [chat] Tachii: !add 1 zero
2022-08-25T03:01:02Z [chat] Klee: Klee has added a slime to zero00! The number of slimes zero00 has summoned has gone from 8 to 9
2022-08-25T03:01:06Z [add] Tachii: 1 link
2022-08-25T03:01:06Z [chat] Tachii: !add 1 link
2022-08-25T03:01:07Z [chat] Klee: Klee has added a slime to Link2D3atH! The number of slimes Link2D3atH has summoned has gone from 7 to 8
2022-08-25T03:01:14Z [add] Tachii: 1 vent
2022-08-25T03:01:14Z [chat] Tachii: !add 1 vent
2022-08-25T03:01:14Z [chat] Klee: Klee has added a slime to Vent! The number of slimes Vent has summoned has gone from 23 to 24
