2022-08-01T00:47:07Z Bot is starting up...
2022-08-01T00:47:09Z Bot is ready.
2022-08-01T00:48:38Z [add] variant-*: 0 doujin
2022-08-01T00:48:39Z [chat] variant-*: !add 0 doujin
2022-08-01T00:48:39Z [chat] Klee: Klee has added a slime to DoujinKAMI! The number of slimes DoujinKAMI has summoned has gone from 3 to 3
2022-08-01T00:52:05Z [chat] DoujinKAMI: Klee finally notices me ;-;
2022-08-01T01:15:21Z [chat] rocketeer: <@&887894985398157363> <@563082215198556211>
2022-08-01T01:15:22Z [chat] Klee: Woah! It is a slime!  (ﾉ>ω<)ﾉ  Klee has counted 24 slimes for zero00!
2022-08-01T01:19:19Z [chat] Kenshin: Fulded
2022-08-01T01:54:10Z [chat] Vent (Aile): <@&887894985398157363> vent
2022-08-01T01:54:11Z [chat] Klee: Woah! It is a slime!  (ﾉ>ω<)ﾉ  Klee has counted 42 slimes for Vent!
2022-08-01T01:56:55Z [chat] Kenshin: !top_three
2022-08-01T01:56:56Z [chat] Klee: The current first is ['traffyboi'] with 51 slimes! Second is ['Vent'] with 42 slimes, and third is ['Kenshin'] with 41 slimes! They are the best! ⁽⁽٩(๑˃̶͈̀ ᗨ ˂̶͈́)۶⁾⁾
2022-08-01T01:57:55Z [chat] Vent (Aile): <:huaji:887909354018316298>
2022-08-01T02:00:35Z [chat] Kenshin: <:feelspainman:887929815347367948>
2022-08-01T02:01:21Z [chat] Kenshin: link made me tap refresh raid screen
2022-08-01T02:01:29Z [chat] Kenshin: <:kekwait:887896407103664138>
2022-08-01T02:04:40Z [chat] Ophianne: Tfw spawning all night and no slime
2022-08-01T02:04:46Z [chat] Ophianne: Wtf is this
2022-08-01T02:05:52Z [chat] || eph || booyah ||: rng
2022-08-01T02:13:24Z [chat] Kenshin: each run of 1-4-2 has roughly 0.5% chance of a slime
2022-08-01T02:13:25Z [chat] Kenshin: so
2022-08-01T02:13:39Z [chat] Kenshin: it's incredibly hard. it just seem easy due to the number of ppl
2022-08-01T02:13:41Z [chat] Ophianne: Lmao
2022-08-01T02:13:53Z [chat] Ophianne: No wonder i have only spawned 1 slime this whole raid
2022-08-01T02:14:10Z [chat] Kenshin: which is why we have to fill it up as much as we can
2022-08-01T02:14:13Z [chat] Kenshin: it is not easy
2022-08-01T03:01:25Z [chat] Kenshin: <@&887894985398157363> tach
2022-08-01T03:01:26Z [chat] Klee: Woah! It is a slime!  (ﾉ>ω<)ﾉ  Klee has counted 17 slimes for Tachii!
2022-08-01T03:04:47Z [chat] Tachii: ful
2022-08-01T03:10:48Z [chat] pawpaw: <@176147192719998977> testing.
2022-08-01T03:11:03Z [chat] Vent (Aile): <:feelspainman:887929815347367948>
2022-08-01T03:11:15Z [chat] Tachii: this is what it looks like when you get pinged
2022-08-01T04:23:27Z [chat] fiE: <@&887894985398157363> ME
2022-08-01T04:23:27Z [chat] Klee: Woah! It is a slime!  (ﾉ>ω<)ﾉ  Klee has counted 7 slimes for fiE!
2022-08-01T04:24:23Z [chat] Vent (Aile): blackshadow nuked it
2022-08-01T04:24:45Z [chat] esyw: ?
2022-08-01T04:25:03Z [chat] Vent (Aile): 
2022-08-01T04:25:19Z [chat] Vent (Aile): missed it on vent
2022-08-01T04:29:45Z [chat] fiE: damn, gonna kick him from my friend list
2022-08-01T04:32:54Z [chat] Tatumi: <@509805857425588224> <@&887894985398157363> ME
2022-08-01T04:32:54Z [chat] Klee: Woah! It is a slime!  (ﾉ>ω<)ﾉ  Klee has counted 42 slimes for Kenshin!
2022-08-01T04:33:17Z [chat] mUmU: wat
2022-08-01T04:33:56Z [chat] traffyboi: lol
2022-08-01T04:34:00Z [chat] traffyboi: <:thinkingfroge:679322849357463557>
2022-08-01T04:34:18Z [chat] esyw: Only kenshin haha
2022-08-01T04:34:55Z [chat] esyw: He wanted to share the count
2022-08-01T04:35:49Z [chat] Tatumi: I forgot to delete "Me"
2022-08-01T04:36:01Z [chat] traffyboi: you are kenshin
2022-08-01T04:36:03Z [chat] traffyboi: got it
2022-08-01T04:36:15Z [chat] Tatumi: <:smug1:887925741839351858> <:smug1:887925741839351858>
2022-08-01T04:49:54Z [chat] leafa1244: <@&887894985398157363> me
2022-08-01T04:49:54Z [chat] Klee: Woah! It is a slime!  (ﾉ>ω<)ﾉ  Klee has counted 9 slimes for leafa!
2022-08-01T04:50:28Z [chat] ainthe: dont see it?
2022-08-01T04:50:34Z [chat] Tedo: nope
2022-08-01T04:50:36Z [chat] leafa1244: i pinged pretty late
2022-08-01T04:50:37Z [chat] PlainDoe: Ded?
2022-08-01T04:50:45Z [chat] leafa1244: lemme see
2022-08-01T04:51:05Z [chat] Tedo: its gone
2022-08-01T04:51:18Z [chat] Vent (Aile): I was at raidscreen refreshed and didn't see anything
2022-08-01T04:51:27Z [chat] PlainDoe: <@&887894985398157363> me
2022-08-01T04:51:28Z [chat] Klee: Woah! It is a slime!  (ﾉ>ω<)ﾉ  Klee has counted 21 slimes for PlainDoe!
2022-08-01T04:51:32Z [chat] leafa1244: 
2022-08-01T04:51:36Z [chat] leafa1244: apollo part of ultra?
2022-08-01T04:52:23Z [chat] ainthe: no
2022-08-01T04:52:32Z [chat] leafa1244: hmm ok
2022-08-01T04:52:37Z [chat] traffyboi: yeet HERETIC
2022-08-01T04:53:15Z [chat] traffyboi: https://discord.com/channels/887892391317606491/887896779020980234/1002135948018061333
