2022-08-27T15:19:22Z Bot is starting up...
2022-08-27T15:19:25Z Bot is ready.
2022-08-27T15:34:02Z [chat] GonBu: <@&887915507804692511> <@465942228791984149>
2022-08-27T15:34:03Z [chat] Klee: Woah! It is a slime!  (ﾉ>ω<)ﾉ  Klee has counted 5 slimes for GonBu!
2022-08-27T15:40:34Z [chat] Zerefsis: Why aren’t u in ultra gon?
2022-08-27T15:41:51Z [chat] Kenshin: This may be the most active he has been for the past 2 years
2022-08-27T16:24:25Z [chat] variant-*: <@&887894985398157363> esyw
2022-08-27T16:24:26Z [chat] Klee: Woah! It is a slime!  (ﾉ>ω<)ﾉ  Klee has counted 11 slimes for esyw!
2022-08-27T16:26:02Z [chat] esyw: Thanks, just updated discord. Get stucked in new interface
2022-08-27T16:26:47Z [chat] Vent (Aile): 19
2022-08-27T16:27:23Z [chat] mantis: Sorry I zoomed my bad
2022-08-27T16:29:42Z [chat] || eph || booyah ||: https://tenor.com/view/funny-mantis-morgan-freeman-walking-drunk-gif-3309862
2022-08-27T17:06:29Z [chat] G̷̉̕u̷͑̚ǹ̴̕ẗ̴̕ḧ̵̏e̴͆́ṙ̵͝: Eph as always on point with the gifs
2022-08-27T17:07:01Z [chat] ainthe: <@&887894985398157363> tachi
2022-08-27T17:07:02Z [chat] Klee: Woah! It is a slime!  (ﾉ>ω<)ﾉ  Klee has counted 21 slimes for Tachii!
2022-08-27T17:07:12Z [chat] ainthe: was already 2 inside
2022-08-27T17:08:12Z [chat] variant-*: full
2022-08-27T17:35:14Z [chat] Ophianne: <@&887894985398157363> me
2022-08-27T17:35:14Z [chat] Klee: Woah! It is a slime!  (ﾉ>ω<)ﾉ  Klee has counted 11 slimes for Ophianne!
2022-08-27T17:37:09Z [chat] Zerefsis: full
2022-08-27T17:43:46Z [chat] || eph || booyah ||: https://tenor.com/view/game-of-thrones-go-t-dothraki-itisknown-khaleesi-gif-5465236
2022-08-27T18:01:19Z [chat] fiE: <@&887894985398157363> ME
2022-08-27T18:01:19Z [chat] Klee: Woah! It is a slime!  (ﾉ>ω<)ﾉ  Klee has counted 10 slimes for fiE!
2022-08-27T18:02:28Z [chat] Kenshin: 14
2022-08-27T18:02:35Z [chat] Kenshin: Keep holding
2022-08-27T18:03:00Z [chat] || eph || booyah ||: https://tenor.com/view/hold-stonk-hold-wallace-hold-braveheart-stonks-gif-20142609
2022-08-27T18:04:09Z [chat] Consutron: Xuxon killed it
2022-08-27T18:04:09Z [chat] Gold Hunter: best gifs... lol
2022-08-27T18:32:57Z [chat] zero00: <@&887894985398157363> traffy
2022-08-27T18:32:58Z [chat] Klee: Woah! It is a slime!  (ﾉ>ω<)ﾉ  Klee has counted 56 slimes for traffyboi!
2022-08-27T18:36:24Z [chat] || eph || booyah ||: fullded
2022-08-27T19:12:53Z [chat] zero00: <@&887894985398157363> thaelon
2022-08-27T19:12:54Z [chat] Klee: Woah! It is a slime!  (ﾉ>ω<)ﾉ  Klee has counted 15 slimes for Thaelon!
2022-08-27T19:41:53Z [chat] Tatumi: <@207924668844212225> <@&887894985398157363>
2022-08-27T19:41:54Z [chat] Klee: Woah! It is a slime!  (ﾉ>ω<)ﾉ  Klee has counted 38 slimes for Vent!
2022-08-27T19:42:23Z [chat] ainthe: <@&887894985398157363> zere
2022-08-27T19:42:23Z [chat] Klee: Woah! It is a slime!  (ﾉ>ω<)ﾉ  Klee has counted 5 slimes for Zerefsis!
2022-08-27T19:42:31Z [chat] ainthe: im paused in zere jumped in wrong one
2022-08-27T19:43:04Z [chat] rocketeer: Both gone?
2022-08-27T19:43:09Z [chat] mUmU: only see vent
2022-08-27T19:43:31Z [chat] ainthe: im still paused
2022-08-27T19:43:45Z [chat] DoujinKAMI: i think both gone now
2022-08-27T19:43:48Z [chat] Gold Hunter: im still in one of them, but if they're both not visible safe to kill?
2022-08-27T19:44:01Z [chat] Thaelon: kill away
2022-08-27T19:44:03Z [chat] Gold Hunter: k
2022-08-27T19:45:10Z [chat] Zerefsis: what
2022-08-27T19:45:20Z [chat] Zerefsis: you mean zero?
2022-08-27T19:45:26Z [chat] Zerefsis: I never had one
2022-08-27T19:45:53Z [chat] rocketeer: Shhh just take the credit <:kekw:887896260625977355>
2022-08-27T19:46:19Z [chat] ainthe: ohh was a z
2022-08-27T19:47:12Z [chat] DoujinKAMI: anyone else in Z's slime?
2022-08-27T19:47:18Z [chat] DoujinKAMI: i only ever saw vent
2022-08-27T19:47:27Z [chat] ainthe: my bad it was vent, i just checked
2022-08-27T19:47:35Z [chat] DoujinKAMI: gotcha
2022-08-27T20:13:48Z [chat] Thaelon: <@&887894985398157363> moss
2022-08-27T20:13:49Z [chat] Klee: Woah! It is a slime!  (ﾉ>ω<)ﾉ  Klee has counted 5 slimes for Moss!
2022-08-27T20:14:33Z [chat] mUmU: 13th
2022-08-27T21:34:59Z [add] traffyboi: -1 zeref
2022-08-27T21:34:59Z [chat] traffyboi: !add -1 zeref
2022-08-27T21:35:00Z [chat] Klee: Klee has added a slime to Zerefsis! The number of slimes Zerefsis has summoned has gone from 5 to 4
