2022-08-29T16:32:36Z Bot is starting up...
2022-08-29T16:32:39Z Bot is ready.
2022-08-29T17:16:13Z [chat] Tatumi: <@&887894985398157363> ME
2022-08-29T17:16:13Z [chat] Klee: Woah! It is a slime!  (ï¾‰>Ï‰<)ï¾‰  Klee has counted 29 slimes for Tatumi!
2022-08-29T17:17:55Z [chat] donuts: Full
2022-08-29T18:21:42Z [chat] traffyboi: <@&887894985398157363> vent
2022-08-29T18:21:43Z [chat] Klee: Woah! It is a slime!  (ï¾‰>Ï‰<)ï¾‰  Klee has counted 46 slimes for Vent!
2022-08-29T18:22:25Z [chat] || eph || booyah ||: 17th
2022-08-29T18:22:56Z [chat] || eph || booyah ||: fulded
2022-08-29T20:30:53Z [chat] Tachii: <@&887894985398157363> me
2022-08-29T20:30:53Z [chat] Klee: Woah! It is a slime!  (ï¾‰>Ï‰<)ï¾‰  Klee has counted 25 slimes for Tachii!
2022-08-29T20:33:47Z [chat] mUmU: ded
2022-08-29T21:13:09Z [chat] traffyboi: <@&887894985398157363> thae
2022-08-29T21:13:09Z [chat] Klee: Woah! It is a slime!  (ï¾‰>Ï‰<)ï¾‰  Klee has counted 17 slimes for Thaelon!
2022-08-29T21:41:42Z [chat] Kenshin: <@&887894985398157363> zero
2022-08-29T21:41:43Z [chat] Klee: Woah! It is a slime!  (ï¾‰>Ï‰<)ï¾‰  Klee has counted 23 slimes for zero00!
2022-08-29T21:50:39Z [chat] rocketeer: <@&887894985398157363> me
2022-08-29T21:50:40Z [chat] Klee: Woah! It is a slime!  (ï¾‰>Ï‰<)ï¾‰  Klee has counted 13 slimes for rocketeer!
2022-08-29T22:01:29Z [chat] Thaelon: <@&887894985398157363> me
2022-08-29T22:01:30Z [chat] Klee: Woah! It is a slime!  (ï¾‰>Ï‰<)ï¾‰  Klee has counted 18 slimes for Thaelon!
2022-08-29T22:07:37Z [chat] Tedo: ded13
2022-08-29T22:27:51Z [chat] traffyboi: <@&887894985398157363> me
2022-08-29T22:27:52Z [chat] Klee: Woah! It is a slime!  (ï¾‰>Ï‰<)ï¾‰  Klee has counted 62 slimes for traffyboi!
2022-08-29T22:28:45Z [chat] Vent (Aile): fullgo
2022-08-29T22:40:51Z [chat] rocketeer: tock has a slime if you still have him
2022-08-29T22:45:17Z [chat] rocketeer: <@&887894985398157363> zero
2022-08-29T22:45:17Z [chat] Klee: Woah! It is a slime!  (ï¾‰>Ï‰<)ï¾‰  Klee has counted 24 slimes for zero00!
2022-08-29T23:26:51Z [chat] Vent (Aile): <@&887894985398157363> aile
2022-08-29T23:26:52Z [chat] Klee: Woah! It is a slime!  (ï¾‰>Ï‰<)ï¾‰  Klee has counted 18 slimes for aile!
2022-08-29T23:28:06Z [chat] || eph || booyah ||: 18th
2022-08-29T23:31:13Z [chat] || eph || booyah ||: fullded
2022-08-30T00:15:08Z [chat] rocketeer: <@&887894985398157363> me
2022-08-30T00:15:09Z [chat] Klee: Woah! It is a slime!  (ï¾‰>Ï‰<)ï¾‰  Klee has counted 14 slimes for rocketeer!
2022-08-30T00:16:34Z [chat] DoujinKAMI: 16th
2022-08-30T00:38:50Z [chat] Pengest: <@&887894985398157363>  tach
2022-08-30T00:38:51Z [chat] Klee: Woah! It is a slime!  (ï¾‰>Ï‰<)ï¾‰  Klee has counted 26 slimes for Tachii!
2022-08-30T00:40:17Z [chat] Vent (Aile): cant believe I made it
2022-08-30T00:43:58Z [chat] Vent (Aile): oh jk lol I was only 2 min late, thought I was 4 min
2022-08-30T00:54:16Z [chat] Kenshin: tachii not full in 2 mins is pr lucky for u
2022-08-30T01:07:22Z [chat] Vent (Aile): truee
2022-08-30T01:14:31Z [chat] Foxcolt: <@&887894985398157363> me
2022-08-30T01:14:31Z [chat] Klee: Woah! It is a slime!  (ï¾‰>Ï‰<)ï¾‰  Klee has counted 3 slimes for Foxcolt!
2022-08-30T01:17:41Z [chat] Vent (Aile): !top_three
2022-08-30T01:17:41Z [chat] Klee: The current first is ['traffyboi'] with 62 slimes! Second is ['Kenshin'] with 47 slimes, and third is ['Vent'] with 46 slimes! They are the best! â½â½Ù©(à¹‘ËƒÌ¶ÍˆÌ€ á—¨ Ë‚Ì¶ÍˆÌ)Û¶â¾â¾
2022-08-30T01:26:47Z [chat] Kenshin: <@&887894985398157363> aile
2022-08-30T01:26:48Z [chat] Klee: Woah! It is a slime!  (ï¾‰>Ï‰<)ï¾‰  Klee has counted 19 slimes for aile!
2022-08-30T01:28:06Z [chat] Tachii: Sry I keeled
2022-08-30T01:28:13Z [chat] Vent (Aile): <:angy:891267255302750208>
2022-08-30T01:28:22Z [chat] Tachii: Joined late at least <:hidethepainaway:888099981658050592>
2022-08-30T01:40:05Z [chat] zero00: <@&887894985398157363> me
2022-08-30T01:40:06Z [chat] Klee: Woah! It is a slime!  (ï¾‰>Ï‰<)ï¾‰  Klee has counted 25 slimes for zero00!
2022-08-30T01:40:43Z [chat] DoujinKAMI: full
2022-08-30T01:40:45Z [chat] Kenshin: Full
2022-08-30T01:40:52Z [chat] Kenshin: ._.
2022-08-30T03:01:01Z [add] variant-*: 1 gonb
2022-08-30T03:01:01Z [chat] variant-*: !add 1 gonb
2022-08-30T03:01:02Z [chat] Klee: Klee has added a slime to GonBu! The number of slimes GonBu has summoned has gone from 5 to 6
2022-08-30T03:01:47Z [add] variant-*: 1 plain
2022-08-30T03:01:48Z [chat] variant-*: !add 1 plain
2022-08-30T03:01:48Z [chat] Klee: Klee has added a slime to PlainDoe! The number of slimes PlainDoe has summoned has gone from 20 to 21
2022-08-30T03:02:00Z [add] variant-*: 1 zero
2022-08-30T03:02:00Z [chat] variant-*: !add 1 zero
2022-08-30T03:02:00Z [chat] Klee: Klee has added a slime to zero00! The number of slimes zero00 has summoned has gone from 25 to 26
2022-08-30T03:02:49Z [add] variant-*: -1 plaindoe
2022-08-30T03:02:49Z [chat] variant-*: !add -1 plaindoe
2022-08-30T03:02:49Z [chat] Klee: Klee has added a slime to PlainDoe! The number of slimes PlainDoe has summoned has gone from 21 to 20
2022-08-30T03:03:04Z [chat] variant-*: (already counted)
2022-08-30T03:03:32Z [chat] Vent (Aile): <@&887894985398157363> vent
2022-08-30T03:03:32Z [chat] Klee: Woah! It is a slime!  (ï¾‰>Ï‰<)ï¾‰  Klee has counted 47 slimes for Vent!
2022-08-30T03:05:04Z [chat] Vent (Aile): !top_three
2022-08-30T03:05:04Z [chat] Klee: The current first is ['traffyboi'] with 62 slimes! Second is ['Vent', 'Kenshin'] with 47 slimes, and third is ['donuts'] with 38 slimes! They are the best! â½â½Ù©(à¹‘ËƒÌ¶ÍˆÌ€ á—¨ Ë‚Ì¶ÍˆÌ)Û¶â¾â¾
2022-08-30T03:05:11Z [chat] Vent (Aile): ðŸ‘€
2022-08-30T03:39:29Z [chat] Mixer: <@&887894985398157363> ME
2022-08-30T03:39:30Z [chat] Moss: mixer
2022-08-30T03:39:30Z [chat] Klee: Woah! It is a slime!  (ï¾‰>Ï‰<)ï¾‰  Klee has counted 2 slimes for Mixer!
2022-08-30T03:39:40Z [chat] Moss: im first in, but im paused
2022-08-30T03:42:21Z [chat] Vent (Aile): <@&887894985398157363> traff
2022-08-30T03:42:22Z [chat] Klee: Woah! It is a slime!  (ï¾‰>Ï‰<)ï¾‰  Klee has counted 63 slimes for traffyboi!
