2022-08-03T01:36:27Z Bot is starting up...
2022-08-03T01:36:30Z Bot is ready.
2022-08-03T01:37:07Z [chat] Vent (Aile): in some way or form I want people trying sell their account to announce it/quit as its kinda bs to use the group as an advertising point
2022-08-03T01:37:09Z [chat] || eph || booyah ||: ya, i'm aligned with that
2022-08-03T01:37:52Z [chat] Tachii: meh no point with that since you cant moderate that lol
2022-08-03T01:37:55Z [chat] || eph || booyah ||: i wouldn't mind, if the rate of sold accounts to active accounts wasn't so bad. we've had what, like 1, actually stick after selling?
2022-08-03T01:37:59Z [chat] Tachii: theyre gonna quit anyway
2022-08-03T01:38:24Z [chat] Vent (Aile): yeah I think it's tasteless/pointless but just how I feel
2022-08-03T01:38:26Z [chat] Vent (Aile): since its annoying
2022-08-03T01:38:29Z [chat] || eph || booyah ||: agreed
2022-08-03T01:38:34Z [chat] Vent (Aile): herectic and a few others for example
2022-08-03T01:38:43Z [chat] || eph || booyah ||: but ya, tach is right, not much we can do but remove when we notice it
2022-08-03T01:38:59Z [chat] Tachii: heretic is a special kind of asshole
2022-08-03T01:39:02Z [chat] Tachii: <:topkek:887923315342213142>
2022-08-03T01:39:36Z [chat] Vent (Aile): yeah but he wasn't the only one, plenty of instances of a new buyer not joining killing a few slimes before they get yeeted
2022-08-03T01:39:57Z [chat] || eph || booyah ||: ya, just the most blatant example
2022-08-03T01:40:22Z [chat] Vent (Aile): not really anything actionable about it, just a complaint since it got me thinking on what annoyed
2022-08-03T01:40:39Z [chat] || eph || booyah ||: there is a certain... **rebound** user..i'd prefer not come back, partially part of that
2022-08-03T01:40:41Z [chat] Pengest: <@&887894985398157363>  me
2022-08-03T01:40:42Z [chat] Klee: Woah! It is a slime!  (ﾉ>ω<)ﾉ  Klee has counted 4 slimes for Pengest!
2022-08-03T01:40:47Z [chat] || eph || booyah ||: 
2022-08-03T01:40:57Z [chat] || eph || booyah ||: 9th
2022-08-03T01:41:01Z [chat] Tachii: hes prob not coming back <:topkek:887923315342213142>
2022-08-03T01:41:11Z [chat] || eph || booyah ||: https://tenor.com/view/doubt-press-x-la-noire-meme-x-button-gif-19259237
2022-08-03T01:41:13Z [chat] Ioni: i don't have him... sad
2022-08-03T01:41:25Z [chat] || eph || booyah ||: dude's like a bad check..always coming back
2022-08-03T01:41:48Z [chat] Tachii: would be worthwhile to check <#887898969622085713> every ragna Ioni
2022-08-03T01:41:55Z [chat] Vent (Aile): lmao if it wasn't for the "I'm glad I quit" acting like reika I wouldn't have cared much
2022-08-03T01:42:22Z [chat] Pengest: I got room sorry I just cleared my fl
2022-08-03T01:42:52Z [chat] Ioni: yeah i should do that haha
2022-08-03T01:43:45Z [chat] Kenshin: Fulded
2022-08-03T01:45:17Z [chat] Tachii: <:feelsgood:822335817598500914>
2022-08-03T01:56:25Z [chat] Vent (Aile): <@&887894985398157363> lux
2022-08-03T01:56:26Z [chat] Klee: Woah! It is a slime!  (ﾉ>ω<)ﾉ  Klee has counted 6 slimes for luxury777!
2022-08-03T01:58:59Z [chat] mUmU: Full
2022-08-03T01:59:01Z [chat] Kenshin: 20. Go
2022-08-03T02:25:49Z [chat] Tachii: <@&887894985398157363> tympest
2022-08-03T02:25:50Z [chat] Klee: Woah! It is a slime!  (ﾉ>ω<)ﾉ  Klee has counted 13 slimes for Tympest!
2022-08-03T02:49:39Z [chat] Vent (Aile): <@&887894985398157363> vent
2022-08-03T02:49:39Z [chat] Klee: Woah! It is a slime!  (ﾉ>ω<)ﾉ  Klee has counted 52 slimes for Vent!
2022-08-03T02:50:10Z [chat] Kenshin: !sself
2022-08-03T02:50:10Z [chat] Klee: Klee knows that you have summoned 49 slimes so far this season! You are the best!
2022-08-03T02:50:15Z [chat] Kenshin: <:topkek:887923315342213142>
2022-08-03T02:50:41Z [chat] variant-*: full
2022-08-03T03:25:45Z [chat] RenTrout: <@&887894985398157363> me
2022-08-03T03:25:45Z [chat] Klee: Woah! It is a slime!  (ﾉ>ω<)ﾉ  Klee has counted 3 slimes for RenTrout!
2022-08-03T03:26:43Z [chat] Link2D3atH: <:hidethepainaway:888099981658050592>  whew?
2022-08-03T03:52:41Z [chat] Vent (Aile): <@&887894985398157363> vent
2022-08-03T03:52:41Z [chat] Klee: Woah! It is a slime!  (ﾉ>ω<)ﾉ  Klee has counted 53 slimes for Vent!
2022-08-03T03:56:06Z [chat] Tatumi: Full ded
2022-08-03T04:02:07Z [chat] DoujinKAMI: <@&887894985398157363> <@847443895327785030>
2022-08-03T04:02:07Z [chat] Klee: Woah! It is a slime!  (ﾉ>ω<)ﾉ  Klee has counted 11 slimes for esyw!
2022-08-03T04:02:32Z [chat] esyw: Thanks
2022-08-03T04:05:31Z [chat] esyw: Ded
2022-08-03T04:06:31Z [chat] Ioni: <@926128198574547024> trafy
2022-08-03T04:06:43Z [chat] Tedo: lol
2022-08-03T04:06:46Z [chat] Zerefsis: <@&887894985398157363> trafy
2022-08-03T04:06:46Z [chat] Klee: Uh, Klee does not know this name, and therefore cannot add this slime to anyone...
2022-08-03T04:06:48Z [chat] Tedo: <@&887894985398157363> traf
2022-08-03T04:06:49Z [chat] Klee: Woah! It is a slime!  (ﾉ>ω<)ﾉ  Klee has counted 64 slimes for traffyboi!
2022-08-03T04:07:02Z [chat] Ioni: rip
2022-08-03T04:07:31Z [chat] Zerefsis: fuck
2022-08-03T04:07:32Z [chat] Levi: ded?
2022-08-03T04:07:35Z [chat] Link2D3atH: <:WorryEyes:887929819852050442>
2022-08-03T04:07:36Z [chat] Zerefsis: I zoomed
2022-08-03T04:07:42Z [chat] Levi: rip
2022-08-03T04:07:46Z [chat] Zerefsis: that not the first time either
2022-08-03T04:07:57Z [chat] Zerefsis: <:feelspainman:887929815347367948>
2022-08-03T04:07:58Z [chat] Kenshin: 20 league matches
2022-08-03T04:08:03Z [chat] Zerefsis: fuck u
2022-08-03T04:08:04Z [chat] Kenshin: <:pepepoint:887916456623341598>
2022-08-03T04:08:17Z [chat] Kenshin: 20
2022-08-03T04:08:18Z [chat] Kenshin: league
2022-08-03T04:08:19Z [chat] Kenshin: matches
2022-08-03T04:08:26Z [chat] Kenshin: with
2022-08-03T04:08:27Z [chat] Kenshin: live
2022-08-03T04:08:28Z [chat] Kenshin: stream
2022-08-03T04:08:47Z [chat] traffyboi: <a:aPES_LaptopPopcorn:682654292909490284>
2022-08-03T04:09:38Z [chat] Zerefsis: https://tenor.com/view/later-window-jump-out-bye-gif-11493618
2022-08-03T04:12:15Z [chat] traffyboi: <@&887894985398157363> tatumi
2022-08-03T04:12:15Z [chat] Klee: Woah! It is a slime!  (ﾉ>ω<)ﾉ  Klee has counted 24 slimes for Tatumi!
2022-08-03T04:13:05Z [chat] Levi: 19
2022-08-03T04:13:35Z [chat] Kenshin: 20
2022-08-03T04:13:36Z [chat] Kenshin: go
2022-08-03T05:00:46Z [chat] variant-*: <@&887894985398157363> vent
2022-08-03T05:00:47Z [chat] Klee: Woah! It is a slime!  (ﾉ>ω<)ﾉ  Klee has counted 54 slimes for Vent!
2022-08-03T05:37:18Z [chat] Pengest: <@506124628188594181>  <@&887894985398157363>
2022-08-03T05:37:18Z [chat] Klee: Woah! It is a slime!  (ﾉ>ω<)ﾉ  Klee has counted 43 slimes for donuts!
2022-08-03T05:41:14Z [chat] Zerefsis: ded
2022-08-03T06:03:09Z [chat] DoujinKAMI: <@&887894985398157363> me
2022-08-03T06:03:09Z [chat] Klee: Woah! It is a slime!  (ﾉ>ω<)ﾉ  Klee has counted 8 slimes for DoujinKAMI!
2022-08-03T06:04:07Z [chat] Collin: <@&887894985398157363> me
2022-08-03T06:04:08Z [chat] Klee: Woah! It is a slime!  (ﾉ>ω<)ﾉ  Klee has counted 4 slimes for Collin!
2022-08-03T06:05:17Z [chat] variant-*: I zoomed kami, sry
2022-08-03T06:05:33Z [chat] mUmU: collin;s 10th
2022-08-03T06:05:46Z [chat] variant-*: paused on collins
2022-08-03T06:05:53Z [chat] DoujinKAMI: ill try and make it
2022-08-03T06:06:09Z [chat] esyw: Try? Yours is ded
2022-08-03T06:06:18Z [chat] DoujinKAMI: to collins i mean
2022-08-03T06:06:35Z [chat] DoujinKAMI: oh nvm collin and i arent friends
2022-08-03T06:06:46Z [chat] mUmU: lol
2022-08-03T06:06:48Z [chat] Collin: <:sadge:887936601915797525>
2022-08-03T06:07:45Z [chat] esyw: Ded I killed
2022-08-03T06:08:41Z [chat] DoujinKAMI: <@&887894985398157363> me again
2022-08-03T06:08:41Z [chat] Klee: Woah! It is a slime!  (ﾉ>ω<)ﾉ  Klee has counted 9 slimes for DoujinKAMI!
2022-08-03T06:11:50Z [chat] esyw: Ded
2022-08-03T06:20:39Z [chat] Moss: <@&887894985398157363> me
2022-08-03T06:20:40Z [chat] Klee: Woah! It is a slime!  (ﾉ>ω<)ﾉ  Klee has counted 4 slimes for Moss!
2022-08-03T06:26:15Z [chat] Tedo: <@&887894985398157363> kenshin
2022-08-03T06:26:15Z [chat] Klee: Woah! It is a slime!  (ﾉ>ω<)ﾉ  Klee has counted 50 slimes for Kenshin!
2022-08-03T06:28:39Z [chat] Vent (Aile): Fullded
