2022-08-02T23:34:44Z Bot is starting up...
2022-08-02T23:34:47Z Bot is ready.
2022-08-03T00:06:42Z [chat] Vent (Aile): <@&887894985398157363> aile
2022-08-03T00:06:43Z [chat] Klee: Woah! It is a slime!  (ï¾‰>Ï‰<)ï¾‰  Klee has counted 24 slimes for aile!
2022-08-03T00:15:35Z [chat] Vent (Aile): 10 ðŸ‘€
2022-08-03T00:31:36Z [chat] zero00: <@&887894985398157363> thaelon
2022-08-03T00:31:37Z [chat] Klee: Woah! It is a slime!  (ï¾‰>Ï‰<)ï¾‰  Klee has counted 12 slimes for Thaelon!
2022-08-03T00:33:05Z [chat] mUmU: 15th
2022-08-03T00:34:24Z [chat] donuts: 18th
2022-08-03T00:40:58Z [chat] Vent (Aile): <@&887894985398157363> aile
2022-08-03T00:40:59Z [chat] Klee: Woah! It is a slime!  (ï¾‰>Ï‰<)ï¾‰  Klee has counted 25 slimes for aile!
2022-08-03T00:41:18Z [chat] Vent (Aile): !top_three
2022-08-03T00:41:18Z [chat] Klee: The current first is ['traffyboi'] with 63 slimes! Second is ['Vent'] with 51 slimes, and third is ['Kenshin'] with 49 slimes! They are the best! â½â½Ù©(à¹‘ËƒÌ¶ÍˆÌ€ á—¨ Ë‚Ì¶ÍˆÌ)Û¶â¾â¾
2022-08-03T00:41:35Z [chat] || eph || booyah ||: 10th
2022-08-03T00:43:19Z [chat] Tachii: itching closer to 69
2022-08-03T00:43:32Z [chat] DoujinKAMI: <:topkek:887923315342213142>
2022-08-03T00:44:21Z [chat] || eph || booyah ||: 16ded
2022-08-03T00:44:35Z [chat] Tachii: back to burst
2022-08-03T00:44:56Z [chat] donuts: kenshin, you can tie vent, i believe in you
2022-08-03T00:46:42Z [chat] donuts: !sself
2022-08-03T00:46:42Z [chat] Klee: Klee knows that you have summoned 41 slimes so far this season! You are the best!
2022-08-03T00:46:58Z [chat] Vent (Aile): summon 10 more slimes donut
2022-08-03T00:47:31Z [chat] Vent (Aile): ask plaindoe for their hack
2022-08-03T00:53:06Z [chat] donuts: i'm on it
2022-08-03T00:58:07Z [add] 17maple: 1 mapleeee
2022-08-03T00:58:07Z [chat] 17maple: !add 1 mapleeee
2022-08-03T00:58:38Z [add] 17maple: 1 maple
2022-08-03T00:58:38Z [chat] 17maple: !add 1 maple
2022-08-03T00:58:38Z [chat] Klee: Klee has added a slime to 17maple! The number of slimes 17maple has summoned has gone from 2 to 3
2022-08-03T00:58:42Z [add] 17maple: -1 maple
2022-08-03T00:58:42Z [chat] 17maple: !add -1 maple
2022-08-03T00:58:42Z [chat] Klee: Klee has added a slime to 17maple! The number of slimes 17maple has summoned has gone from 3 to 2
2022-08-03T01:00:09Z [chat] Tachii: <:monkaS:322521847323426816>
2022-08-03T01:00:21Z [chat] 17maple: just some testing for new codes
2022-08-03T01:03:23Z [add] 17maple: 1 bruhhhh
2022-08-03T01:03:23Z [chat] 17maple: !add 1 bruhhhh
