2022-08-31T04:29:05Z Bot is starting up...
2022-08-31T04:29:07Z Bot is ready.
2022-08-31T04:29:39Z [add] traffyboi: 1 ken
2022-08-31T04:29:39Z [chat] traffyboi: !add 1 ken
2022-08-31T04:29:40Z [chat] Klee: Klee has added a slime to Kenshin! The number of slimes Kenshin has summoned has gone from 51 to 52
2022-08-31T04:29:52Z [add] traffyboi: 1 tachii
2022-08-31T04:29:53Z [chat] traffyboi: !add 1 tachii
2022-08-31T04:29:53Z [chat] Klee: Klee has added a slime to Tachii! The number of slimes Tachii has summoned has gone from 28 to 29
2022-08-31T04:30:29Z [add] traffyboi: -1 ken
2022-08-31T04:30:29Z [chat] traffyboi: !add -1 ken
2022-08-31T04:30:30Z [chat] Klee: Klee has added a slime to Kenshin! The number of slimes Kenshin has summoned has gone from 52 to 51
2022-08-31T04:31:25Z [chat] traffyboi: klee counted Kenshin's but not tachii's
2022-08-31T04:46:01Z [add] variant-*: -1 zero
2022-08-31T04:46:02Z [chat] variant-*: !add -1 zero
2022-08-31T04:46:02Z [chat] Klee: Klee has added a slime to zero00! The number of slimes zero00 has summoned has gone from 30 to 29
2022-08-31T04:46:07Z [chat] variant-*: (double-counted)
2022-08-31T04:49:51Z [add] variant-*: -1 tatumi
2022-08-31T04:49:52Z [chat] variant-*: !add -1 tatumi
2022-08-31T04:49:52Z [chat] Klee: Klee has added a slime to Tatumi! The number of slimes Tatumi has summoned has gone from 32 to 31
2022-08-31T05:12:05Z [chat] variant-*: <@&887894985398157363> pengest
2022-08-31T05:12:05Z [chat] Klee: Woah! It is a slime!  (ﾉ>ω<)ﾉ  Klee has counted 13 slimes for Pengest!
2022-08-31T05:12:26Z [chat] Pengest: Ty!
2022-08-31T05:14:51Z [chat] esyw: Ded
2022-08-31T05:15:03Z [chat] esyw: Is it zoomed?
2022-08-31T05:15:57Z [chat] mUmU: ded
2022-08-31T05:16:03Z [chat] Pengest: 
2022-08-31T05:16:17Z [chat] Pengest: Idk who
2022-08-31T05:16:29Z [chat] mUmU: 
2022-08-31T05:17:00Z [chat] mUmU: I finished at 1.15
2022-08-31T05:17:10Z [chat] variant-*: Those 2 are among the first three to enter.
2022-08-31T05:17:45Z [chat] Pengest: Fuck it I'll yeet um both lmao
2022-08-31T05:22:26Z [chat] pawpaw: <@&887894985398157363> me
2022-08-31T05:22:26Z [chat] Klee: Woah! It is a slime!  (ﾉ>ω<)ﾉ  Klee has counted 4 slimes for pawpaw!
2022-08-31T05:23:51Z [chat] Vent (Aile): gone?
2022-08-31T05:24:03Z [chat] esyw: Also ded lol
2022-08-31T05:24:03Z [chat] mUmU: wow
2022-08-31T05:24:31Z [chat] DoujinKAMI: the zoom hour
