2022-08-27T23:16:07Z Bot is starting up...
2022-08-27T23:16:10Z Bot is ready.
2022-08-27T23:16:11Z [chat] Klee: test
2022-08-27T23:16:11Z [chat] Klee: test
2022-08-27T23:20:24Z [chat] Dostic: <@&887894985398157363> doujinkami
2022-08-27T23:20:25Z [chat] Klee: Woah! It is a slime!  (ﾉ>ω<)ﾉ  Klee has counted 15 slimes for DoujinKAMI!
2022-08-27T23:20:57Z [chat] DoujinKAMI: Thanks
2022-08-27T23:24:51Z [chat] Kenshin: 
2022-08-27T23:24:52Z [chat] Kenshin: 13
2022-08-27T23:24:56Z [chat] Kenshin: <:megafroge:893992982456451133>
2022-08-28T00:11:41Z [chat] Kenshin: <@&887894985398157363> me
2022-08-28T00:11:42Z [chat] Klee: Woah! It is a slime!  (ﾉ>ω<)ﾉ  Klee has counted 45 slimes for Kenshin!
2022-08-28T00:12:26Z [chat] Vent (Aile): fullgo
2022-08-28T00:13:19Z [chat] Vent (Aile): <@&887894985398157363> tock
2022-08-28T00:13:19Z [chat] Klee: Woah! It is a slime!  (ﾉ>ω<)ﾉ  Klee has counted 8 slimes for Tock!
2022-08-28T00:13:20Z [chat] Thaelon: <@&887894985398157363> tock
2022-08-28T00:13:20Z [chat] Klee: Woah! It is a slime!  (ﾉ>ω<)ﾉ  Klee has counted 9 slimes for Tock!
2022-08-28T00:13:36Z [chat] || eph || booyah ||: !doubleping tock
2022-08-28T00:13:36Z [chat] Klee: Klee has subtracted a slime from Tock! The number of slimes Tock has summoned has gone from 9 to 8
2022-08-28T00:14:36Z [chat] || eph || booyah ||: 19th on tock
2022-08-28T00:14:56Z [chat] Vent (Aile): looks like tock dipped out of group
2022-08-28T00:15:29Z [chat] || eph || booyah ||: did he drop server?
2022-08-28T00:15:34Z [chat] Vent (Aile): yeah
2022-08-28T00:15:38Z [chat] || eph || booyah ||: odd...
2022-08-28T00:15:58Z [chat] Vent (Aile): think he went full time slayers instead of double agent
2022-08-28T00:16:12Z [chat] || eph || booyah ||: <a:cuteshrug:747936941328171140> ah well
2022-08-28T00:16:21Z [chat] || eph || booyah ||: wish he would have said something
2022-08-28T00:17:45Z [chat] Kenshin: maple added him to the bot list too lol
2022-08-28T00:19:50Z [chat] zero00: <@&887894985398157363> donuts
2022-08-28T00:19:51Z [chat] Klee: Woah! It is a slime!  (ﾉ>ω<)ﾉ  Klee has counted 35 slimes for donuts!
2022-08-28T00:20:33Z [chat] Vent (Aile): pause 6 minutes please <:lmaomask:887896298387288084>
2022-08-28T00:21:07Z [chat] donuts: I got you but can't speak for anyone else
2022-08-28T00:25:30Z [chat] Kenshin: is this still alive?
2022-08-28T00:26:39Z [chat] donuts: I'm still paused 😂
2022-08-28T00:26:59Z [chat] donuts: I'm guess 7 minutes it's dead
2022-08-28T00:27:18Z [chat] Kenshin: 19/20 wasnt even full LOL
2022-08-28T00:27:27Z [chat] Kenshin: and vent got in
2022-08-28T00:27:43Z [chat] Kenshin: unless he wanted aile to go in
2022-08-28T00:27:51Z [chat] donuts: Lol and still a lot of people paused
2022-08-28T00:28:21Z [chat] Vent (Aile): yeah aile was out of tix
2022-08-28T00:29:06Z [chat] Vent (Aile): I appreciate you guys <:wholesomefroge:887940727831678986>
2022-08-28T01:01:59Z [chat] DoujinKAMI: <@&887894985398157363> me
2022-08-28T01:01:59Z [chat] Klee: Woah! It is a slime!  (ﾉ>ω<)ﾉ  Klee has counted 16 slimes for DoujinKAMI!
2022-08-28T01:06:43Z [chat] || eph || booyah ||: 18ded
2022-08-28T01:07:59Z [chat] PlainDoe: <@&887894985398157363> aile
2022-08-28T01:08:00Z [chat] Klee: Woah! It is a slime!  (ﾉ>ω<)ﾉ  Klee has counted 13 slimes for aile!
2022-08-28T01:08:48Z [chat] luxury777: tf
2022-08-28T01:08:57Z [chat] luxury777: zoomed
2022-08-28T01:09:13Z [chat] || eph || booyah ||: ded?
2022-08-28T01:09:23Z [chat] luxury777: yup
2022-08-28T01:09:49Z [chat] Vent (Aile): <:angy:891267255302750208>  angel
