2022-08-29T03:14:43Z Bot is starting up...
2022-08-29T03:14:45Z Bot is ready.
2022-08-29T03:35:10Z [chat] Kenshin: <@&887894985398157363> donuts
2022-08-29T03:35:11Z [chat] Klee: Woah! It is a slime!  (ﾉ>ω<)ﾉ  Klee has counted 37 slimes for donuts!
2022-08-29T03:39:16Z [chat] Kenshin: ded
2022-08-29T03:39:39Z [chat] traffyboi: only 14, caught the zoomer
2022-08-29T03:39:52Z [chat] traffyboi: <:donkSip:888008393288212490>
2022-08-29T03:39:52Z [chat] Kenshin: waited 4 mins
2022-08-29T03:40:17Z [chat] traffyboi: <:PES_Suspicious:644097331121225728>
2022-08-29T03:44:52Z [add] Vent (Aile): 0 donut
2022-08-29T03:44:52Z [chat] Vent (Aile): !add 0 donut
2022-08-29T03:44:52Z [chat] Klee: Klee has added a slime to donuts! The number of slimes donuts has summoned has gone from 37 to 37
2022-08-29T03:45:05Z [chat] Vent (Aile): !top_three
2022-08-29T03:45:05Z [chat] Klee: The current first is ['traffyboi'] with 60 slimes! Second is ['Kenshin'] with 46 slimes, and third is ['Vent'] with 45 slimes! They are the best! ⁽⁽٩(๑˃̶͈̀ ᗨ ˂̶͈́)۶⁾⁾
2022-08-29T03:45:18Z [chat] DoujinKAMI: <@&887894985398157363> me
2022-08-29T03:45:19Z [chat] Klee: Woah! It is a slime!  (ﾉ>ω<)ﾉ  Klee has counted 23 slimes for DoujinKAMI!
2022-08-29T03:46:30Z [chat] traffyboi: lol vent checking how close donuts is
2022-08-29T03:46:43Z [chat] Vent (Aile): <:keklul:887934339680206858>
2022-08-29T03:46:59Z [chat] Vent (Aile): dead
2022-08-29T03:47:08Z [chat] Vent (Aile): <:angy:891267255302750208>
2022-08-29T03:47:11Z [chat] Kenshin: how u know
2022-08-29T03:47:15Z [chat] Kenshin: <:kekwait:887896407103664138>
2022-08-29T03:47:15Z [chat] Vent (Aile): I missed on aile
2022-08-29T03:47:25Z [chat] traffyboi: 
2022-08-29T03:47:26Z [chat] Kenshin: Adam
2022-08-29T03:47:50Z [chat] DoujinKAMI: his ass is grass
2022-08-29T03:48:21Z [chat] DoujinKAMI: my bad
2022-08-29T03:48:33Z [chat] DoujinKAMI: still got a few randos
2022-08-29T03:53:33Z [chat] DoujinKAMI: <@&887894985398157363>  me
2022-08-29T03:53:34Z [chat] Klee: Woah! It is a slime!  (ﾉ>ω<)ﾉ  Klee has counted 24 slimes for DoujinKAMI!
2022-08-29T03:53:51Z [chat] traffyboi: your loss, Adam
2022-08-29T03:53:54Z [chat] traffyboi: <:Hephlaugh:887924849148829696>
2022-08-29T03:55:46Z [chat] traffyboi: 
2022-08-29T03:55:50Z [chat] traffyboi: <:jnxcfroge:776919726462730260>
2022-08-29T03:55:56Z [chat] traffyboi: kami 7 slimes within 24 hours
2022-08-29T03:56:03Z [chat] traffyboi: comin' in hot
2022-08-29T03:56:28Z [chat] Gold Hunter: Kami is slime whisperer
2022-08-29T03:56:33Z [chat] traffyboi: ded17
2022-08-29T03:56:40Z [chat] Gold Hunter: He knows the slime language
2022-08-29T03:58:21Z [chat] DoujinKAMI: LOL Its hot time for me apparently <:keklul:887934339680206858>
2022-08-29T03:58:38Z [chat] DoujinKAMI: i always seem to get 2 back to back
