2022-08-27T21:45:54Z Bot is starting up...
2022-08-27T21:45:57Z Bot is ready.
2022-08-27T21:55:04Z [add] 17maple: 1 dan
2022-08-27T21:55:04Z [chat] 17maple: !add 1 dan
2022-08-27T21:55:04Z [chat] Klee: Klee has added a slime to Dan! The number of slimes Dan has summoned has gone from 5 to 6
2022-08-27T21:55:07Z [add] 17maple: 1 venrt
2022-08-27T21:55:07Z ERROR TRACE:
Traceback (most recent call last):
  File "main.py", line 536, in add
    original = AGE_members[member_id]
UnboundLocalError: local variable 'member_id' referenced before assignment
# TRACE END

2022-08-27T21:55:07Z [chat] 17maple: !add 1 venrt
2022-08-27T21:55:10Z [add] 17maple: 1 vent
2022-08-27T21:55:10Z [chat] 17maple: !add 1 vent
2022-08-27T21:55:11Z [chat] Klee: Klee has added a slime to Vent! The number of slimes Vent has summoned has gone from 38 to 39
2022-08-27T22:46:16Z [chat] Kenshin: <@&887894985398157363> me
2022-08-27T22:46:16Z [chat] Klee: Woah! It is a slime!  (ﾉ>ω<)ﾉ  Klee has counted 44 slimes for Kenshin!
2022-08-27T22:47:08Z [chat] Leofarr: ded at 17
2022-08-27T22:47:15Z [chat] Vent (Aile): wtf
2022-08-27T22:47:38Z [chat] Kenshin: 19
2022-08-27T22:47:42Z [chat] Kenshin: 
2022-08-27T22:47:51Z [chat] Kenshin: 
2022-08-27T22:48:25Z [chat] || eph || booyah ||: dammit ken, why you speed
