2022-08-29T04:16:23Z Bot is starting up...
2022-08-29T04:16:26Z [chat] mUmU: 
2022-08-29T04:16:26Z Bot is ready.
2022-08-29T04:16:36Z [chat] Kenshin: i think i remember sven
2022-08-29T04:17:18Z [add] traffyboi: 1 peng
2022-08-29T04:17:18Z [chat] traffyboi: !add 1 peng
2022-08-29T04:17:18Z [chat] Klee: Klee has added a slime to Pengest! The number of slimes Pengest has summoned has gone from 11 to 12
2022-08-29T04:17:23Z [chat] Pengest: Damn he's never done that before, that's the oldest friend 🥲
2022-08-29T04:17:55Z [chat] DoujinKAMI: update your message and call him out
2022-08-29T04:17:57Z [chat] DoujinKAMI: lol
2022-08-29T04:18:03Z [chat] traffyboi: <:frogethis:691642111858311259>
2022-08-29T04:18:04Z [chat] traffyboi: lol
2022-08-29T04:18:07Z [chat] Vent (Aile): Betrayal always comes from your friends
2022-08-29T04:18:09Z [chat] traffyboi: only way to communicate
2022-08-29T04:18:11Z [chat] Vent (Aile): <:topkek:887923315342213142>
2022-08-29T04:18:22Z [chat] traffyboi: <:pepesweat:588842556654092288>
2022-08-29T04:18:36Z [chat] traffyboi: vent sending messages
2022-08-29T04:19:15Z [chat] Tachii: 'dont make me do this even'
2022-08-29T04:20:32Z [chat] Pengest: That one 🤣
2022-08-29T04:54:48Z [chat] mUmU: <@&887894985398157363> me
2022-08-29T04:54:48Z [chat] Klee: Woah! It is a slime!  (ﾉ>ω<)ﾉ  Klee has counted 6 slimes for mUmU!
2022-08-29T05:04:35Z [chat] traffyboi: ded10
2022-08-29T05:04:38Z [chat] traffyboi: ew
