2022-08-20T01:32:08Z Bot is starting up...
2022-08-20T01:32:11Z Bot is ready.
2022-08-20T01:51:46Z [chat] Vent (Aile): <@&887894985398157363> aile
2022-08-20T01:51:47Z [chat] Klee: Woah! It is a slime!  (ﾉ>ω<)ﾉ  Klee has counted 2 slimes for aile!
2022-08-20T02:05:31Z [chat] Tachii: <@&887894985398157363> tedo
2022-08-20T02:05:31Z [chat] Klee: Woah! It is a slime!  (ﾉ>ω<)ﾉ  Klee has counted 2 slimes for Tedo!
2022-08-20T02:05:47Z [chat] Tedo: thx
2022-08-20T02:06:46Z [chat] Vent (Aile): 16th
2022-08-20T02:07:46Z [chat] Umbrella (GoldHunter): got in 17
2022-08-20T02:16:34Z [chat] Tachii: <@&887894985398157363> me
2022-08-20T02:16:34Z [chat] Klee: Woah! It is a slime!  (ﾉ>ω<)ﾉ  Klee has counted 3 slimes for Tachii!
2022-08-20T02:18:13Z [chat] Vent (Aile): fullgo
2022-08-20T02:33:55Z [chat] Tedo: <@&887894985398157363> me
2022-08-20T02:33:55Z [chat] Klee: Woah! It is a slime!  (ﾉ>ω<)ﾉ  Klee has counted 3 slimes for Tedo!
2022-08-20T02:34:15Z [chat] Kenshin: Im in thaelon
2022-08-20T02:34:17Z [chat] Kenshin: <:topkek:887923315342213142>
2022-08-20T02:34:20Z [chat] || eph || booyah ||: me too
2022-08-20T02:34:24Z [chat] || eph || booyah ||: <:dcgfroge:681442049505099798>
2022-08-20T02:34:31Z [chat] Cats On Mars: im also in thaleon
2022-08-20T02:34:31Z [chat] Kenshin: I’ll stay
2022-08-20T02:34:32Z [chat] Vent (Aile): I don't know which I'm in
2022-08-20T02:34:36Z [chat] Vent (Aile): is tedo lv 30?
2022-08-20T02:34:39Z [chat] || eph || booyah ||: i'm paused
2022-08-20T02:34:40Z [chat] Kenshin: Yes
2022-08-20T02:34:42Z [chat] Cats On Mars: both is 30
2022-08-20T02:34:44Z [chat] Kenshin: Both are 30
2022-08-20T02:34:49Z [chat] Kenshin: Im staying in thaelon
2022-08-20T02:34:51Z [chat] || eph || booyah ||: are both 30?
2022-08-20T02:34:56Z [chat] || eph || booyah ||: <:JabbaTheKek:588835757465272330>
2022-08-20T02:35:10Z [chat] || eph || booyah ||: <@&887894985398157363> thaelon
2022-08-20T02:35:11Z [chat] Klee: Woah! It is a slime!  (ﾉ>ω<)ﾉ  Klee has counted 1 slimes for Thaelon!
2022-08-20T02:35:12Z [chat] || eph || booyah ||: for the count
2022-08-20T02:35:12Z [chat] Thaelon: I don't know which one I'm in but I'm paused
2022-08-20T02:35:30Z [chat] Kenshin: Fuck i got a triple
2022-08-20T02:35:33Z [chat] Kenshin: Godam
2022-08-20T02:35:46Z [chat] Kenshin: opportunity cost
2022-08-20T02:35:51Z [chat] Kenshin: <:02ded:888123262373101569>
2022-08-20T02:35:53Z [chat] Tachii: I only see tedo
2022-08-20T02:35:59Z [chat] Kenshin: Thae ded?
2022-08-20T02:36:02Z [chat] || eph || booyah ||: unpausing thae, then
2022-08-20T02:36:04Z [chat] Kenshin: Ok unpausing
2022-08-20T02:36:31Z [chat] Umbrella (GoldHunter): i dont know who im in, so ill stay paused
2022-08-20T02:36:36Z [chat] || eph || booyah ||: thae 13 ded
2022-08-20T02:36:45Z [chat] esyw: Both ded
2022-08-20T02:36:46Z [chat] || eph || booyah ||: no slimes on my board
2022-08-20T02:36:48Z [chat] luxury777: Zoomed
2022-08-20T02:36:50Z [chat] Tedo: only 9 in mine, esyw kill
2022-08-20T02:36:55Z [chat] luxury777: I saw who...
2022-08-20T02:37:06Z [chat] luxury777: Lol yup
2022-08-20T02:37:07Z [chat] esyw: 3 minutes from your ping time
2022-08-20T02:37:11Z [chat] luxury777: Is okay
2022-08-20T02:37:44Z [chat] Kenshin: My 3rd also zoomed
2022-08-20T02:37:48Z [chat] Kenshin: <:02ded:888123262373101569>
2022-08-20T02:38:02Z [chat] Tedo: just gotta not ping dubs
2022-08-20T02:38:42Z [chat] Kenshin: Farking SU with their shit rng codes
2022-08-20T02:38:48Z [chat] Kenshin: Pops slimes at the same time
2022-08-20T02:39:25Z [chat] esyw: Sorry if I killed too fast
2022-08-20T02:40:33Z [chat] Kenshin: Its usually a bit chaotic during doubles
2022-08-20T02:40:45Z [chat] Kenshin: Not much anyone can do about it
2022-08-20T02:49:42Z [chat] Kenshin: <@&887894985398157363> me
2022-08-20T02:49:42Z [chat] Klee: Woah! It is a slime!  (ﾉ>ω<)ﾉ  Klee has counted 11 slimes for Kenshin!
2022-08-20T02:50:22Z [chat] Vent (Aile): 17 and 18
2022-08-20T02:51:15Z [chat] Kenshin: Full go
2022-08-20T03:37:24Z [chat] Vent (Aile): <@&887894985398157363> vent
2022-08-20T03:37:25Z [chat] Klee: Woah! It is a slime!  (ﾉ>ω<)ﾉ  Klee has counted 8 slimes for Vent!
2022-08-20T03:38:01Z [chat] Vent (Aile): 
2022-08-20T03:38:07Z [chat] Vent (Aile): 🥲
2022-08-20T03:38:34Z [chat] Kenshin: <:hidethepainaway:888099981658050592>
2022-08-20T03:40:13Z [chat] Vent (Aile): fullgo
2022-08-20T03:45:34Z [chat] leafa1244: is sweep not affected by hot time?
2022-08-20T04:40:47Z [chat] PlainDoe: <@&887894985398157363> me
2022-08-20T04:40:48Z [chat] Klee: Woah! It is a slime!  (ﾉ>ω<)ﾉ  Klee has counted 2 slimes for PlainDoe!
2022-08-20T04:42:28Z [chat] traffyboi: full
2022-08-20T04:47:49Z [chat] traffyboi: <@&887894985398157363> me
2022-08-20T04:47:51Z [chat] Klee: Woah! It is a slime!  (ﾉ>ω<)ﾉ  Klee has counted 8 slimes for traffyboi!
2022-08-20T04:49:14Z [chat] Link2D3atH: full
2022-08-20T05:36:05Z [chat] DoujinKAMI: @ultra me
2022-08-20T05:36:09Z [chat] DoujinKAMI: Whoops
2022-08-20T05:36:25Z [chat] DoujinKAMI: <@&887894985398157363> me
2022-08-20T05:36:26Z [chat] Klee: Woah! It is a slime!  (ﾉ>ω<)ﾉ  Klee has counted 2 slimes for DoujinKAMI!
2022-08-20T05:37:02Z [chat] CloudExt: <@&887894985398157363> me
2022-08-20T05:37:02Z [chat] Klee: Woah! It is a slime!  (ﾉ>ω<)ﾉ  Klee has counted 1 slimes for CloudExt!
2022-08-20T05:37:22Z [chat] Link2D3atH: both gone
2022-08-20T05:37:56Z [chat] Link2D3atH: didn't even got a chance to get in any<:hidethepainaway:888099981658050592>
2022-08-20T05:38:02Z [chat] Vent (Aile): Bruh I killed clouds thinking it was dead
2022-08-20T05:38:15Z [chat] Vent (Aile): I killed it after you said it was gone
2022-08-20T05:38:23Z [chat] CloudExt: <:feelspainman:887929815347367948>
2022-08-20T05:38:40Z [chat] traffyboi: you sure you scrolled through whole list link <:huaji:887909354018316298>
2022-08-20T05:38:52Z [chat] traffyboi: (and that ur friends with cloud)
2022-08-20T05:39:05Z [chat] Vent (Aile): <:topkek:887923315342213142> <:topkek:887923315342213142>
2022-08-20T05:39:44Z [chat] Link2D3atH: I saw kami with 9 try to join and end on loading then refresh and didn't see cloud <:kekw:887896260625977355>
2022-08-20T05:40:09Z [chat] traffyboi: probably just had to scroll down <:pepePoint:676472373003681799>
2022-08-20T05:41:51Z [chat] Ioni: <@&887894985398157363> me
2022-08-20T05:41:52Z [chat] Klee: Woah! It is a slime!  (ﾉ>ω<)ﾉ  Klee has counted 1 slimes for Ioni!
2022-08-20T05:50:58Z [chat] ainthe: have a lv16 if anyone wants in
