2022-08-27T07:25:26Z Bot is starting up...
2022-08-27T07:25:29Z Bot is ready.
2022-08-27T07:25:29Z [chat] Klee: test
2022-08-27T07:27:01Z [add] traffyboi: 1 doujinkami
2022-08-27T07:27:02Z [chat] traffyboi: !add 1 doujinkami
2022-08-27T07:27:02Z [chat] Klee: Klee has added a slime to DoujinKAMI! The number of slimes DoujinKAMI has summoned has gone from 14 to 15
2022-08-27T07:27:11Z [chat] traffyboi: nope, looks like klee caught that one
2022-08-27T07:27:17Z [add] traffyboi: -1 doujinkami
2022-08-27T07:27:17Z [chat] traffyboi: !add -1 doujinkami
2022-08-27T07:27:17Z [chat] Klee: Klee has added a slime to DoujinKAMI! The number of slimes DoujinKAMI has summoned has gone from 15 to 14
2022-08-27T07:27:41Z [add] Vent (Aile): 0 vent
2022-08-27T07:27:41Z [chat] Vent (Aile): !add 0 vent
2022-08-27T07:27:41Z [chat] Klee: Klee has added a slime to Vent! The number of slimes Vent has summoned has gone from 36 to 36
2022-08-27T07:27:54Z [add] traffyboi: 0 me
2022-08-27T07:27:54Z [chat] traffyboi: !add 0 me
2022-08-27T07:27:55Z [chat] Klee: Klee has added a slime to traffyboi! The number of slimes traffyboi has summoned has gone from 54 to 54
2022-08-27T07:28:01Z [chat] traffyboi: mine's good too
2022-08-27T07:28:14Z [chat] traffyboi: and yeah, so is urs
2022-08-27T07:28:21Z [chat] traffyboi: klee was just being shy
2022-08-27T07:28:27Z [chat] traffyboi: wasn't asleep this time
2022-08-27T07:40:34Z [chat] Vent (Aile): <@&887894985398157363> vent
2022-08-27T07:40:34Z [chat] Klee: Woah! It is a slime!  (ﾉ>ω<)ﾉ  Klee has counted 37 slimes for Vent!
2022-08-27T07:44:26Z [chat] DoujinKAMI: ded
