2022-08-28T14:07:11Z Bot is starting up...
2022-08-28T14:07:14Z Bot is ready.
2022-08-28T14:08:27Z [add] 17maple: 1 esyw
2022-08-28T14:08:27Z [chat] 17maple: !add 1 esyw
2022-08-28T14:08:27Z [chat] Klee: Klee has added a slime to esyw! The number of slimes esyw has summoned has gone from 12 to 13
2022-08-28T14:08:31Z [add] 17maple: 1 aile
2022-08-28T14:08:31Z [chat] 17maple: !add 1 aile
2022-08-28T14:08:31Z [chat] Klee: Klee has added a slime to aile! The number of slimes aile has summoned has gone from 13 to 14
2022-08-28T14:22:01Z [chat] zero00: <@&887894985398157363> me
2022-08-28T14:22:01Z [chat] Klee: Woah! It is a slime!  (ﾉ>ω<)ﾉ  Klee has counted 20 slimes for zero00!
2022-08-28T14:22:44Z [chat] zero00: ful
2022-08-28T14:22:52Z [chat] Tachii: <:02monka:888123260527607858>
2022-08-28T14:23:05Z [chat] Kenshin: Full
2022-08-28T14:23:11Z [chat] Vent (Aile): Full in less than a minute <:02ded:888123262373101569>
2022-08-28T14:23:30Z [chat] Vent (Aile): <@&887894985398157363> consutron
2022-08-28T14:23:31Z [chat] Klee: Woah! It is a slime!  (ﾉ>ω<)ﾉ  Klee has counted 1 slimes for Consutron!
2022-08-28T14:24:15Z [chat] || eph || booyah ||: 10th
2022-08-28T14:25:00Z [chat] G̷̉̕u̷͑̚ǹ̴̕ẗ̴̕ḧ̵̏e̴͆́ṙ̵͝: 14
2022-08-28T14:26:34Z [chat] || eph || booyah ||: ded
2022-08-28T14:26:38Z [chat] || eph || booyah ||: 17
