2022-08-31T21:03:26Z Bot is starting up...
2022-08-31T21:03:29Z Bot is ready.
2022-08-31T21:04:37Z [chat] Spike/Chitoge: <@&887894985398157363> Kenshin
2022-08-31T21:04:37Z [chat] Klee: Woah! It is a slime!  (ﾉ>ω<)ﾉ  Klee has counted 54 slimes for Kenshin!
2022-08-31T21:04:42Z [chat] Kenshin: Yesh
2022-08-31T21:04:50Z [chat] traffyboi: what device
2022-08-31T21:05:25Z [chat] Kenshin: Phone
2022-08-31T21:05:35Z [chat] traffyboi: curse broken
2022-08-31T21:06:14Z [chat] Kenshin: Now give me 15 slimes
2022-08-31T21:06:29Z [chat] traffyboi: <:keklul:887934339680206858>
2022-08-31T21:09:55Z [chat] Kenshin: <@&887894985398157363> me again
2022-08-31T21:09:55Z [chat] Klee: Woah! It is a slime!  (ﾉ>ω<)ﾉ  Klee has counted 55 slimes for Kenshin!
2022-08-31T21:10:13Z [chat] Spike/Chitoge: ??? im sweeping over here and nothing
2022-08-31T21:10:21Z [chat] Spike/Chitoge: sweep is a scam don't even need to actually test it
2022-08-31T21:10:29Z [chat] Spike/Chitoge: <:charms9Angy:950964902451896371>
2022-08-31T21:10:54Z [chat] Kenshin: MOAR
2022-08-31T21:10:57Z [chat] Kenshin: 14 moar
2022-08-31T21:13:22Z [chat] traffyboi: careful kenshin
2022-08-31T21:13:29Z [chat] traffyboi: you're gonna trigger the game's desire sensor
2022-08-31T21:14:59Z [chat] Tedo: <@&887894985398157363> zero
2022-08-31T21:15:00Z [chat] Klee: Woah! It is a slime!  (ﾉ>ω<)ﾉ  Klee has counted 31 slimes for zero00!
2022-08-31T21:15:43Z [chat] Kenshin: There ain’t no hiding. Always want slimes
2022-08-31T21:17:26Z [chat] traffyboi: ded
2022-08-31T21:25:35Z [chat] Thaelon: <@&887894985398157363> zero
2022-08-31T21:25:36Z [chat] Klee: Woah! It is a slime!  (ﾉ>ω<)ﾉ  Klee has counted 32 slimes for zero00!
2022-08-31T21:57:03Z [chat] traffyboi: <@&887894985398157363> variant
2022-08-31T21:57:04Z [chat] Klee: Woah! It is a slime!  (ﾉ>ω<)ﾉ  Klee has counted 9 slimes for virant (Variant-1)!
2022-08-31T22:02:33Z [chat] traffyboi: only 12...
