2022-08-18T20:20:56Z Bot is starting up...
2022-08-18T20:20:59Z Bot is ready.
2022-08-18T21:58:23Z [chat] traffyboi: <@&887894985398157363> gunther 26
2022-08-18T21:58:24Z [chat] Klee: Woah! It is a slime!  (ﾉ>ω<)ﾉ  Klee has counted 1 slimes for Gunther!
2022-08-18T21:58:32Z [chat] G̷̉̕u̷͑̚ǹ̴̕ẗ̴̕ḧ̵̏e̴͆́ṙ̵͝: <@&887894985398157363> me 26
2022-08-18T21:58:32Z [chat] Klee: Woah! It is a slime!  (ﾉ>ω<)ﾉ  Klee has counted 2 slimes for Gunther!
2022-08-18T21:58:38Z [chat] traffyboi: <:donkpoint:818645178558316564>
2022-08-18T21:58:50Z [chat] traffyboi: :!add -1 gunther
2022-08-18T21:58:54Z [chat] traffyboi: ...
2022-08-18T21:59:02Z [add] traffyboi: -1 gunther
2022-08-18T21:59:02Z [chat] traffyboi: !add -1 gunther
2022-08-18T21:59:02Z [chat] Klee: Klee has added a slime to Gunther! The number of slimes Gunther has summoned has gone from 2 to 1
2022-08-18T21:59:15Z [chat] G̷̉̕u̷͑̚ǹ̴̕ẗ̴̕ḧ̵̏e̴͆́ṙ̵͝: Soz, got a sucky connection rn
2022-08-18T21:59:28Z [chat] G̷̉̕u̷͑̚ǹ̴̕ẗ̴̕ḧ̵̏e̴͆́ṙ̵͝: Thx traffy
2022-08-18T21:59:28Z [chat] traffyboi: lol it's all good
2022-08-18T21:59:31Z [chat] G̷̉̕u̷͑̚ǹ̴̕ẗ̴̕ḧ̵̏e̴͆́ṙ̵͝: <:pepeHug:887977296521199616>
2022-08-18T22:07:48Z [chat] Pengest: <@&887894985398157363>  me
2022-08-18T22:07:48Z [chat] Klee: Woah! It is a slime!  (ﾉ>ω<)ﾉ  Klee has counted 2 slimes for Pengest!
2022-08-18T22:08:45Z [chat] traffyboi: don't see it
2022-08-18T22:09:02Z [chat] Vent (Aile): <:slimeknife:887947273139519488>
2022-08-18T22:09:40Z [chat] mUmU: ded?
2022-08-18T22:10:02Z [chat] Pengest: Gimme a sec
2022-08-18T22:10:12Z [chat] traffyboi: ya it's ded
2022-08-18T22:10:19Z [chat] rocketeer: 
2022-08-18T22:11:16Z [chat] traffyboi: <@176147192719998977> you zoom? <:pepesip:636202900946812937>
2022-08-18T22:11:37Z [chat] Tachii: I saw ur msg then zoomer
2022-08-18T22:11:41Z [chat] Tachii: <:hidethepainaway:888099981658050592>
2022-08-18T22:11:47Z [chat] Vent (Aile): Good excuse
2022-08-18T22:11:56Z [chat] Tachii: Fax
2022-08-18T22:11:59Z [chat] Vent (Aile): <:keklul:887934339680206858>
2022-08-18T22:12:00Z [chat] traffyboi: nah i believe
2022-08-18T22:12:19Z [chat] traffyboi: tachii would never lie to us
2022-08-18T22:12:23Z [chat] Pengest: I'll get rid of tony I thought that person was in this group
2022-08-18T22:12:24Z [chat] traffyboi: <:evilpepesip:641240176252944394>
2022-08-18T22:18:01Z [chat] Tachii: I got a smol slimu
2022-08-18T22:18:04Z [chat] Tachii: Lv 12
2022-08-18T22:24:25Z [chat] mUmU: <@&959225786844446820> me lvl 9 in a few sec
2022-08-18T22:55:00Z [chat] Foxcolt: <@&887894985398157363> me 29 I’ll pause
2022-08-18T22:55:01Z [chat] Klee: Woah! It is a slime!  (ﾉ>ω<)ﾉ  Klee has counted 1 slimes for Foxcolt!
2022-08-18T22:57:44Z [chat] pawpaw: Still not on my FR fox. Full FL.
2022-08-18T23:00:03Z [chat] Foxcolt: I’ll make spot now if you want to invite
2022-08-18T23:22:42Z [chat] leafa1244: <@&887894985398157363> traffy
2022-08-18T23:22:42Z [chat] Klee: Woah! It is a slime!  (ﾉ>ω<)ﾉ  Klee has counted 3 slimes for traffyboi!
2022-08-18T23:33:16Z [chat] || eph || booyah ||: <@&887894985398157363> traff
2022-08-18T23:33:17Z [chat] Klee: Woah! It is a slime!  (ﾉ>ω<)ﾉ  Klee has counted 4 slimes for traffyboi!
2022-08-18T23:34:06Z [chat] Reddl: 18
2022-08-18T23:34:15Z [chat] mUmU: fulled
2022-08-18T23:34:44Z [chat] Tedo: fulgo
2022-08-19T00:14:05Z [chat] rocketeer: lvl 18 me
2022-08-19T00:39:26Z [chat] Tachii: another smol slime
2022-08-19T01:03:59Z [chat] Tachii: <@&887894985398157363> me lv 20
2022-08-19T01:04:00Z [chat] Klee: Woah! It is a slime!  (ﾉ>ω<)ﾉ  Klee has counted 1 slimes for Tachii!
2022-08-19T01:04:15Z [chat] Tachii: 4 slimes from 1-20 :tired:
2022-08-19T01:05:49Z [chat] || eph || booyah ||: 0 for me
2022-08-19T01:06:05Z [chat] || eph || booyah ||: still zero after another 12 lvl 30 spawns, too
2022-08-19T01:06:09Z [chat] || eph || booyah ||: <:frogerage:707298776003379230>
2022-08-19T01:06:54Z [chat] Tachii: i killed
2022-08-19T01:47:15Z [chat] CloudExt: <@&887894985398157363> vent
2022-08-19T01:47:15Z [chat] Klee: Woah! It is a slime!  (ﾉ>ω<)ﾉ  Klee has counted 1 slimes for Vent!
2022-08-19T01:50:39Z [chat] Kenshin: ded
2022-08-19T02:20:00Z [chat] Vent (Aile): <@&887894985398157363> aile
2022-08-19T02:20:01Z [chat] Klee: Woah! It is a slime!  (ﾉ>ω<)ﾉ  Klee has counted 1 slimes for aile!
2022-08-19T02:22:50Z [chat] esyw: Ded
2022-08-19T02:23:48Z [chat] Vent (Aile): 
2022-08-19T02:23:51Z [chat] Kenshin: 
2022-08-19T02:23:58Z [chat] Kenshin: <:topkek:887923315342213142>
2022-08-19T02:24:06Z [chat] Tachii: well it aint me
2022-08-19T02:24:11Z [chat] Kenshin: that's not our zero
2022-08-19T02:24:13Z [chat] Cats On Mars: why rocketeer is always on the top
2022-08-19T02:24:15Z [chat] Kenshin: that' the cap Zero
2022-08-19T02:24:32Z [chat] Kenshin: yeet him vent
2022-08-19T02:24:46Z [chat] Kenshin: he's a zoomer
2022-08-19T02:24:49Z [chat] Kenshin: last raid too
2022-08-19T02:24:55Z [chat] Kenshin: iirc it was mantis
2022-08-19T02:25:09Z [chat] rocketeer: cuz I'm a gigachad
2022-08-19T02:26:15Z [chat] Cats On Mars: <:WorryEyes:887929819852050442> <:pepePOG:887909363782672395> sr for blaming u yesterday then, i always think that the person who is on top is the 1st one kill
2022-08-19T02:26:28Z [chat] Kenshin: nah, it's random
2022-08-19T02:27:29Z [chat] Cats On Mars: <:pepeok:887926994354987088>
2022-08-19T02:44:00Z [chat] PlainDoe: Lvl 10 on me starting in 5 sec
