2022-08-26T16:40:58Z Bot is starting up...
2022-08-26T16:41:01Z Bot is ready.
2022-08-26T16:46:04Z [chat] Vent (Aile): <@&887894985398157363> traff
2022-08-26T16:46:05Z [chat] Klee: Woah! It is a slime!  (ﾉ>ω<)ﾉ  Klee has counted 49 slimes for traffyboi!
2022-08-26T16:46:30Z [chat] Vent (Aile): hax
2022-08-26T16:46:39Z [chat] traffyboi: <:megaWorry:501756690077712389>
2022-08-26T16:48:05Z [chat] traffyboi: full
2022-08-26T16:53:44Z [chat] Tock: <@&887894985398157363> me
2022-08-26T16:53:44Z [chat] Klee: Klee has added the slime on 2022-08-26T16:53:44Z. ( ๑>ᴗ<๑ )
2022-08-26T16:54:13Z [chat] Vent (Aile): full
2022-08-26T16:54:14Z [chat] DoujinKAMI: damn its full already
2022-08-26T16:54:14Z [chat] Kenshin: 15
2022-08-26T16:54:25Z [chat] Kenshin: Ok
2022-08-26T16:55:11Z [chat] Angel: In 10 sec full?
2022-08-26T16:55:12Z [chat] Angel: You're too fast fot me guys
2022-08-26T16:55:21Z [chat] traffyboi: tock part of another group
2022-08-26T16:56:29Z [chat] Kenshin: It started at 14 so not unexpected
2022-08-26T17:04:26Z [chat] Tachii: Lol
2022-08-26T17:11:41Z [chat] Tock: <@&887894985398157363> me
2022-08-26T17:11:41Z [chat] Klee: Klee has added the slime on 2022-08-26T17:11:41Z. ( ๑>ᴗ<๑ )
2022-08-26T17:12:01Z [chat] Kenshin: 14
2022-08-26T17:12:11Z [chat] Reddl: full
2022-08-26T17:12:12Z [chat] Tedo: full
2022-08-26T17:12:15Z [chat] esyw: Full
2022-08-26T17:12:15Z [chat] DoujinKAMI: oh klee was updated huh, thats cool
2022-08-26T17:12:17Z [chat] Kenshin: <:topkek:887923315342213142>
2022-08-26T17:12:23Z [chat] esyw: Damn fast
2022-08-26T17:13:01Z [chat] Kenshin: Only 5 ultra made it
2022-08-26T17:13:33Z [chat] Reddl: late ping for ultra i guess
2022-08-26T17:14:30Z [chat] Tock: mostly afk and just relaying the pings when i see it
2022-08-26T17:15:18Z [chat] Link2D3atH: <@&887894985398157363> zer
2022-08-26T17:15:19Z [chat] Klee: Woah! It is a slime!  (ﾉ>ω<)ﾉ  Klee has counted 5 slimes for Zerefsis!
2022-08-26T17:15:25Z [chat] rocketeer: <@&887894985398157363> zero
2022-08-26T17:15:26Z [chat] Klee: Woah! It is a slime!  (ﾉ>ω<)ﾉ  Klee has counted 14 slimes for zero00!
2022-08-26T17:15:28Z [chat] Zerefsis: what?
2022-08-26T17:15:31Z [chat] Zerefsis: loool
2022-08-26T17:15:48Z [add] variant-*: -1 zere
2022-08-26T17:15:49Z [chat] variant-*: !add -1 zere
2022-08-26T17:15:49Z [chat] Klee: Klee has added a slime to Zerefsis! The number of slimes Zerefsis has summoned has gone from 5 to 4
2022-08-26T17:15:57Z [chat] traffyboi: full go
2022-08-26T17:16:13Z [chat] Tock: bot broken for me <:dcisyrinxcry:666715670452502571>
2022-08-26T17:16:14Z [chat] traffyboi: wait
2022-08-26T17:16:17Z [chat] traffyboi: zere full
2022-08-26T17:16:21Z [chat] traffyboi: sorry didn't see zero had one
2022-08-26T17:16:26Z [chat] Kenshin: It was zero
2022-08-26T17:16:33Z [chat] Kenshin: Zeref never had one
2022-08-26T17:16:34Z [chat] Tachii: Wat
2022-08-26T17:16:37Z [chat] traffyboi: oh
2022-08-26T17:16:42Z [chat] traffyboi: lul
2022-08-26T17:16:43Z [chat] Tachii: <:JabbaKek:887916458309451796>
2022-08-26T17:16:53Z [chat] Zerefsis: zer is me yo
2022-08-26T17:16:54Z [chat] Moss: zero yeeted me i guess ;_;
2022-08-26T17:16:55Z [chat] variant-*: zero full, you made me shocked, lol
2022-08-26T17:17:02Z [chat] traffyboi: i apologize
2022-08-26T17:17:11Z [chat] traffyboi: <a:aPES_Sorry:619845777983799297>
2022-08-26T17:17:34Z [chat] Zerefsis: it was filling quite fast
2022-08-26T17:18:17Z [chat] Kenshin: Maple has to add ur name to the bots codes
2022-08-26T17:18:25Z [chat] Kenshin: So it wont work until he does that
2022-08-26T18:01:27Z [chat] esyw: <@&887894985398157363> donut
2022-08-26T18:01:28Z [chat] Klee: Woah! It is a slime!  (ﾉ>ω<)ﾉ  Klee has counted 30 slimes for donuts!
2022-08-26T18:02:21Z [chat] mUmU: full go
2022-08-26T18:34:34Z [chat] Kenshin: <@&887894985398157363> me
2022-08-26T18:34:35Z [chat] Klee: Woah! It is a slime!  (ﾉ>ω<)ﾉ  Klee has counted 39 slimes for Kenshin!
2022-08-26T18:36:13Z [chat] RenTrout: <@&887894985398157363> me
2022-08-26T18:36:13Z [chat] Klee: Woah! It is a slime!  (ﾉ>ω<)ﾉ  Klee has counted 4 slimes for RenTrout!
2022-08-26T18:36:33Z [chat] || eph || booyah ||: ken's full
2022-08-26T18:36:43Z [chat] || eph || booyah ||: paused in ren
2022-08-26T18:36:47Z [chat] DoujinKAMI: coolbeans
2022-08-26T18:38:40Z [chat] RenTrout: is coldwater ours? he zoomed on mine
2022-08-26T18:39:24Z [chat] esyw: Nope. Pour him cold water
2022-08-26T18:56:08Z [chat] Kenshin: <@&887894985398157363> tat
2022-08-26T18:56:08Z [chat] Klee: Woah! It is a slime!  (ﾉ>ω<)ﾉ  Klee has counted 19 slimes for Tatumi!
2022-08-26T18:57:41Z [chat] Tachii: Shit I zoomed I think
2022-08-26T18:57:51Z [chat] Kenshin: <:slimeknife:887947273139519488>
2022-08-26T18:59:25Z [chat] Tatumi: Full
2022-08-26T18:59:29Z [chat] Zerefsis: you think?
2022-08-26T18:59:33Z [chat] esyw: Nope u didn't
2022-08-26T18:59:35Z [chat] Zerefsis: you didnt
2022-08-26T18:59:37Z [chat] Tachii: Oh
2022-08-26T18:59:39Z [chat] Tachii: Lol
2022-08-26T18:59:43Z [chat] Kenshin: U zoomed STs tho
2022-08-26T18:59:47Z [chat] Kenshin: <:topkek:887923315342213142>
2022-08-26T18:59:53Z [chat] Tachii: <:hidethepainaway:888099981658050592>
2022-08-26T19:01:18Z [chat] Kenshin: <@&887894985398157363> me
2022-08-26T19:01:19Z [chat] Klee: Woah! It is a slime!  (ﾉ>ω<)ﾉ  Klee has counted 40 slimes for Kenshin!
2022-08-26T19:03:28Z [chat] DoujinKAMI: fullded
2022-08-26T19:24:14Z [chat] Dan: <@&887894985398157363> <@70695826074107904>
2022-08-26T19:24:15Z [chat] Klee: Klee has added the slime on 2022-08-26T19:24:15Z. ( ๑>ᴗ<๑ )
2022-08-26T19:24:30Z [chat] mUmU: 13th
2022-08-26T19:24:38Z [chat] luxury777: Full
2022-08-26T19:24:41Z [chat] luxury777: Jeez
2022-08-26T19:24:43Z [chat] DoujinKAMI: jeez
2022-08-26T19:24:48Z [chat] || eph || booyah ||: JEEZ
2022-08-26T19:25:39Z [chat] G̷̉̕u̷͑̚ǹ̴̕ẗ̴̕ḧ̵̏e̴͆́ṙ̵͝: Oh we having new klee messages?
2022-08-26T19:27:35Z [chat] Kenshin: Tock is new so maple hasnt added him to the bot yet
2022-08-26T19:27:39Z [chat] Kenshin: Thats my assumption
2022-08-26T19:40:21Z [chat] Tedo: <@&887894985398157363> vent
2022-08-26T19:40:22Z [chat] Klee: Woah! It is a slime!  (ﾉ>ω<)ﾉ  Klee has counted 35 slimes for Vent!
2022-08-26T19:40:47Z [chat] donuts: !sself
2022-08-26T19:40:48Z [chat] Klee: Klee knows that you have summoned 30 slimes so far this season! You are the best!
2022-08-26T19:42:38Z [chat] Zerefsis: ded now
2022-08-26T19:43:10Z [chat] Kenshin: Senor killed a bit too fast
2022-08-26T19:43:18Z [chat] Kenshin: 19/20
2022-08-26T20:00:01Z [chat] G̷̉̕u̷͑̚ǹ̴̕ẗ̴̕ḧ̵̏e̴͆́ṙ̵͝: <@&887894985398157363> me
2022-08-26T20:00:02Z [chat] Klee: Woah! It is a slime!  (ﾉ>ω<)ﾉ  Klee has counted 5 slimes for Gunther!
2022-08-26T20:00:19Z [chat] Zerefsis: tatumi too
2022-08-26T20:00:25Z [chat] G̷̉̕u̷͑̚ǹ̴̕ẗ̴̕ḧ̵̏e̴͆́ṙ̵͝: oh no
2022-08-26T20:00:28Z [chat] rocketeer: 3 in tatumi
2022-08-26T20:00:29Z [chat] Zerefsis: has 3
2022-08-26T20:00:35Z [chat] Zerefsis: both 6 now lol
2022-08-26T20:00:37Z [chat] G̷̉̕u̷͑̚ǹ̴̕ẗ̴̕ḧ̵̏e̴͆́ṙ̵͝: rush or no rush?
2022-08-26T20:00:38Z [chat] mUmU: 5in tatumi
2022-08-26T20:00:47Z [chat] luxury777: Whyyy
2022-08-26T20:00:49Z [chat] Zerefsis: one is ded now
2022-08-26T20:00:53Z [chat] luxury777: We always do dis
2022-08-26T20:00:59Z [chat] mUmU: lol
2022-08-26T20:01:02Z [chat] G̷̉̕u̷͑̚ǹ̴̕ẗ̴̕ḧ̵̏e̴͆́ṙ̵͝: who ded?
2022-08-26T20:01:03Z [chat] Zerefsis: I didnt which one I just instantly enterd the other
2022-08-26T20:01:08Z [chat] Zerefsis: :(((
2022-08-26T20:01:08Z [chat] ainthe: herding cats
2022-08-26T20:01:17Z [chat] mUmU: Im paused in Gun
2022-08-26T20:01:22Z [chat] ainthe: same
2022-08-26T20:01:23Z [chat] luxury777: Same
2022-08-26T20:01:37Z [chat] Zerefsis: goddamn
2022-08-26T20:01:52Z [chat] G̷̉̕u̷͑̚ǹ̴̕ẗ̴̕ḧ̵̏e̴͆́ṙ̵͝: mine is dead
2022-08-26T20:02:13Z [add] rocketeer: 1 tatumi
2022-08-26T20:02:13Z [chat] rocketeer: !add 1 tatumi
2022-08-26T20:02:13Z [chat] Klee: Klee has added a slime to Tatumi! The number of slimes Tatumi has summoned has gone from 19 to 20
2022-08-26T20:02:29Z [chat] Thaelon: <@&887894985398157363> gunth
2022-08-26T20:02:29Z [chat] Klee: Woah! It is a slime!  (ﾉ>ω<)ﾉ  Klee has counted 6 slimes for Gunther!
2022-08-26T20:02:35Z [chat] G̷̉̕u̷͑̚ǹ̴̕ẗ̴̕ḧ̵̏e̴͆́ṙ̵͝: run it back boiis
2022-08-26T20:02:36Z [chat] G̷̉̕u̷͑̚ǹ̴̕ẗ̴̕ḧ̵̏e̴͆́ṙ̵͝: lol
2022-08-26T20:03:01Z [chat] G̷̉̕u̷͑̚ǹ̴̕ẗ̴̕ḧ̵̏e̴͆́ṙ̵͝: this one is hold though
2022-08-26T20:04:30Z [chat] Zerefsis: ded
2022-08-26T20:04:35Z [chat] || eph || booyah ||: fast
2022-08-26T20:04:45Z [chat] || eph || booyah ||: less than 2min
2022-08-26T20:04:47Z [chat] donuts: That was me sorry
2022-08-26T20:04:51Z [chat] donuts: Thought I paused
2022-08-26T20:04:57Z [chat] || eph || booyah ||: https://tenor.com/view/eating-hungry-giant-donut-sweet-dessert-gif-14238418
2022-08-26T20:05:03Z [chat] || eph || booyah ||: this is you next time
2022-08-26T20:05:04Z [chat] G̷̉̕u̷͑̚ǹ̴̕ẗ̴̕ḧ̵̏e̴͆́ṙ̵͝: lol
2022-08-26T20:05:10Z [chat] donuts: Bad donut
2022-08-26T20:51:55Z [chat] Kenshin: <@&887894985398157363> me
2022-08-26T20:51:56Z [chat] Klee: Woah! It is a slime!  (ﾉ>ω<)ﾉ  Klee has counted 41 slimes for Kenshin!
2022-08-26T20:53:31Z [chat] luxury777: Full
2022-08-26T20:53:37Z [chat] luxury777: With me
2022-08-26T20:53:47Z [chat] Gold Hunter: If slime says 18/20 and you join then that means when you join it's 19
2022-08-26T20:54:03Z [chat] Kenshin: Or 21 and sol
2022-08-26T20:54:04Z [chat] || eph || booyah ||: yes, and?
2022-08-26T20:54:09Z [chat] Gold Hunter: So luxury would say 19/20 and when he joins it's full?
2022-08-26T20:54:18Z [chat] luxury777: Yup
2022-08-26T20:54:25Z [chat] luxury777: Exactly what i did
2022-08-26T20:54:31Z [chat] Gold Hunter: Ok got it. So if I join at 19 I'd say full
2022-08-26T20:54:34Z [chat] || eph || booyah ||: correct
2022-08-26T20:54:42Z [chat] Gold Hunter: And if I join at 18 then I'd say 19th
2022-08-26T20:54:45Z [chat] || eph || booyah ||: yes
2022-08-26T20:54:49Z [chat] Gold Hunter: Got it. Thanks
2022-08-26T20:55:14Z [chat] luxury777: Dont really have to say 19th tho
2022-08-26T20:55:31Z [chat] luxury777: 20th or full is most important id say
2022-08-26T20:55:55Z [chat] || eph || booyah ||: i mean, i don't mind the non-full callouts, lets me know if i have time to make it from some other area
2022-08-26T20:56:11Z [chat] luxury777: Thats a good point
2022-08-26T21:03:49Z [chat] donuts: <@&887894985398157363> me
2022-08-26T21:03:50Z [chat] Klee: Woah! It is a slime!  (ﾉ>ω<)ﾉ  Klee has counted 31 slimes for donuts!
2022-08-26T21:05:56Z [chat] Gold Hunter: Sry I zoomed 2 mins it's dead
2022-08-26T21:06:05Z [chat] Gold Hunter: Shit sry
2022-08-26T21:15:13Z [chat] rocketeer: <@&887894985398157363> tatumi
2022-08-26T21:15:14Z [chat] Klee: Woah! It is a slime!  (ﾉ>ω<)ﾉ  Klee has counted 21 slimes for Tatumi!
2022-08-26T21:18:03Z [chat] || eph || booyah ||: fullded
2022-08-26T21:38:13Z [chat] Tock: <@&887894985398157363> me
2022-08-26T21:38:13Z [chat] Klee: Klee has added the slime on 2022-08-26T21:38:13Z. ( ๑>ᴗ<๑ )
2022-08-26T21:39:07Z [chat] donuts: full
2022-08-26T21:48:51Z [chat] traffyboi: <@&887894985398157363> zero
2022-08-26T21:48:51Z [chat] Klee: Woah! It is a slime!  (ﾉ>ω<)ﾉ  Klee has counted 15 slimes for zero00!
2022-08-26T21:49:42Z [chat] donuts: 19th
2022-08-26T21:50:15Z [chat] Zerefsis: Full
2022-08-26T22:03:51Z [chat] rocketeer: <@&887894985398157363> traffy
2022-08-26T22:03:52Z [chat] Klee: Woah! It is a slime!  (ﾉ>ω<)ﾉ  Klee has counted 50 slimes for traffyboi!
2022-08-26T22:03:55Z [chat] Kenshin: Traff hax
2022-08-26T22:04:40Z [chat] traffyboi: <a:NM_PepeHacker:723885242972373094>
2022-08-26T22:04:40Z [chat] luxury777: Full
2022-08-26T22:05:06Z [chat] luxury777: I can barely summon a raid
2022-08-26T22:05:13Z [chat] luxury777: Had to restart game
2022-08-26T22:05:21Z [chat] traffyboi: happens sometimes
2022-08-26T22:05:23Z [chat] traffyboi: <:happypepeshrug:601273920615743498>
2022-08-26T22:05:51Z [chat] luxury777: Im gonna sweep to restart Rng <:topkek:887923315342213142>
2022-08-26T22:06:04Z [chat] traffyboi: <:revgalaxyfroge:738551631871868991>
2022-08-26T22:07:16Z [chat] Tachii: jfc 50 alrdy
2022-08-26T22:10:22Z [chat] traffyboi: ima have to give my intern a raise
2022-08-26T22:10:37Z [chat] traffyboi: is it called a raise if you up the amount you bribe someone?
2022-08-26T22:10:54Z [chat] Tachii: yes...\
2022-08-26T22:11:01Z [chat] zero00: <@&887894985398157363> me
2022-08-26T22:11:01Z [chat] Tedo: i think it’s just a higher bribe
2022-08-26T22:11:01Z [chat] Klee: Woah! It is a slime!  (ﾉ>ω<)ﾉ  Klee has counted 16 slimes for zero00!
2022-08-26T22:11:27Z [chat] Tachii: depends if ur bribe is a one time fee or periodical i guess lul
2022-08-26T22:11:40Z [chat] Tedo: that or someone just turned your anarcho cap scheme against you and is now milking money outta you
2022-08-26T22:11:49Z [chat] traffyboi: <:lul:549873959517028352>
2022-08-26T22:12:49Z [chat] mUmU: ded
2022-08-26T22:19:15Z [chat] zero00: <@&887894985398157363> lux
2022-08-26T22:19:15Z [chat] Klee: Woah! It is a slime!  (ﾉ>ω<)ﾉ  Klee has counted 6 slimes for luxury777!
2022-08-26T22:19:44Z [chat] traffyboi: complaining in this discord really is magic
2022-08-26T22:20:11Z [chat] Tachii: slime me next pls
2022-08-26T22:20:21Z [chat] Tachii: (jk im not even spawning)
2022-08-26T22:20:51Z [chat] luxury777: My tinfoil
2022-08-26T22:20:53Z [chat] luxury777: Never fails
2022-08-26T22:21:07Z [chat] traffyboi: i complain about not getting enough water tix, get 6 in one day
i complain about wanting more water tix still, instantly get a slime
lux complains about not being able to spawn a raid, gets a slime
