2022-08-02T02:58:32Z Bot is starting up...
2022-08-02T02:58:34Z Bot is ready.
2022-08-02T02:59:15Z [chat] zero00: <@&887894985398157363> me
2022-08-02T02:59:15Z [chat] Klee: Woah! It is a slime!  (ﾉ>ω<)ﾉ  Klee has counted 28 slimes for zero00!
2022-08-02T02:59:36Z [add] traffyboi: 0 kenshin
2022-08-02T02:59:36Z [chat] traffyboi: !add 0 kenshin
2022-08-02T02:59:36Z [chat] Klee: Klee has added a slime to Kenshin! The number of slimes Kenshin has summoned has gone from 45 to 45
2022-08-02T02:59:39Z [add] traffyboi: 1 kenshin
2022-08-02T02:59:39Z [chat] traffyboi: !add 1 kenshin
2022-08-02T02:59:39Z [chat] Klee: Klee has added a slime to Kenshin! The number of slimes Kenshin has summoned has gone from 45 to 46
2022-08-02T02:59:42Z [add] traffyboi: 0 vent
2022-08-02T02:59:43Z [chat] traffyboi: !add 0 vent
2022-08-02T02:59:43Z [chat] Klee: Klee has added a slime to Vent! The number of slimes Vent has summoned has gone from 48 to 48
2022-08-02T02:59:49Z [add] traffyboi: 1 vent
2022-08-02T02:59:49Z [chat] traffyboi: !add 1 vent
2022-08-02T02:59:50Z [chat] Klee: Klee has added a slime to Vent! The number of slimes Vent has summoned has gone from 48 to 49
2022-08-02T02:59:52Z [add] traffyboi: 0 tatumi
2022-08-02T02:59:52Z [chat] traffyboi: !add 0 tatumi
2022-08-02T02:59:52Z [chat] Klee: Klee has added a slime to Tatumi! The number of slimes Tatumi has summoned has gone from 20 to 20
2022-08-02T02:59:55Z [add] traffyboi: 1 tatumi
2022-08-02T02:59:55Z [chat] traffyboi: !add 1 tatumi
2022-08-02T02:59:55Z [chat] Klee: Klee has added a slime to Tatumi! The number of slimes Tatumi has summoned has gone from 20 to 21
2022-08-02T03:00:05Z [chat] traffyboi: verified counts again before adding
2022-08-02T03:02:12Z [chat] Tedo: gone
2022-08-02T03:02:14Z [chat] traffyboi: ded20
2022-08-02T03:06:37Z [chat] Kenshin: <@&887894985398157363> zero again
2022-08-02T03:06:37Z [chat] Klee: Woah! It is a slime!  (ﾉ>ω<)ﾉ  Klee has counted 29 slimes for zero00!
2022-08-02T03:08:41Z [chat] ainthe: boo ded
2022-08-02T03:08:53Z [chat] DoujinKAMI: ded at 19
2022-08-02T03:09:13Z [chat] Vent (Aile): Mcu via
2022-08-02T03:09:51Z [chat] Vent (Aile): Prob faster pause rule in other group
2022-08-02T03:21:31Z [chat] traffyboi: <@&887894985398157363> tymop
2022-08-02T03:21:31Z [chat] Klee: Uh, Klee does not know this name, and therefore cannot add this slime to anyone...
2022-08-02T03:21:36Z [add] traffyboi: 1 tymp
2022-08-02T03:21:36Z [chat] traffyboi: !add 1 tymp
2022-08-02T03:21:36Z [chat] Klee: Klee has added a slime to Tympest! The number of slimes Tympest has summoned has gone from 10 to 11
2022-08-02T03:21:51Z [chat] Kenshin: pr crazy slime day
2022-08-02T03:22:09Z [chat] DoujinKAMI: i dont think i have tymp
2022-08-02T03:22:33Z [chat] Kenshin: reset cant come soon enough
2022-08-02T03:22:35Z [chat] Kenshin: <:huaji:887909354018316298>
2022-08-02T03:22:47Z [chat] DoujinKAMI: youre telling me
2022-08-02T03:30:51Z [chat] DoujinKAMI: <@&887894985398157363> me
2022-08-02T03:30:52Z [chat] Klee: Woah! It is a slime!  (ﾉ>ω<)ﾉ  Klee has counted 7 slimes for DoujinKAMI!
2022-08-02T03:31:18Z [chat] Kenshin: no tickets lol
2022-08-02T03:31:34Z [chat] DoujinKAMI: is that one guy in there?
2022-08-02T03:31:50Z [chat] Umbrella (GoldHunter): can't see slime, i think i tried accepting ur request doujin but ur fr is full
2022-08-02T03:31:59Z [chat] Kenshin: didnt even go check
2022-08-02T03:32:24Z [chat] DoujinKAMI: yeah umbrella my bad
2022-08-02T03:32:36Z [chat] DoujinKAMI: Ill get you on the reset
2022-08-02T03:32:41Z [chat] Umbrella (GoldHunter): cool
2022-08-02T03:32:43Z [chat] Vent (Aile): Is it dead
2022-08-02T03:32:50Z [chat] traffyboi: ya
2022-08-02T03:33:32Z [chat] Kenshin: hey traff, doujin got 7 in 1 day
2022-08-02T03:33:38Z [chat] Kenshin: that's 91 in 13
2022-08-02T03:33:45Z [chat] traffyboi: <:02ded:888123262373101569>
2022-08-02T03:34:26Z [chat] DoujinKAMI: just making up for my 0 from yesterday
2022-08-02T03:58:29Z [chat] Tatumi: <@&887894985398157363> ME
2022-08-02T03:58:29Z [chat] Klee: Woah! It is a slime!  (ﾉ>ω<)ﾉ  Klee has counted 22 slimes for Tatumi!
2022-08-02T04:01:29Z [chat] Kenshin: ded
2022-08-02T05:21:34Z [chat] Link2D3atH: <@&887894985398157363> tymp
2022-08-02T05:21:35Z [chat] Klee: Woah! It is a slime!  (ﾉ>ω<)ﾉ  Klee has counted 12 slimes for Tympest!
2022-08-02T05:23:12Z [chat] Umbrella (GoldHunter): its dead
2022-08-02T05:23:15Z [chat] Umbrella (GoldHunter): couldn't join
2022-08-02T05:25:00Z [chat] Link2D3atH: to many a head of me dio no idea
2022-08-02T05:46:57Z [chat] Levi: <@&887894985398157363> traffy
2022-08-02T05:46:58Z [chat] Klee: Woah! It is a slime!  (ﾉ>ω<)ﾉ  Klee has counted 56 slimes for traffyboi!
2022-08-02T07:15:23Z [chat] PlainDoe: <@&887894985398157363> me
2022-08-02T07:15:24Z [chat] Klee: Woah! It is a slime!  (ﾉ>ω<)ﾉ  Klee has counted 23 slimes for PlainDoe!
2022-08-02T07:17:43Z [chat] pawpaw: <@189350494328586240> already waiting for FR accept
2022-08-02T07:18:21Z [chat] PlainDoe: <:02heart:887940727739383828>
2022-08-02T07:18:35Z [chat] PlainDoe: I accept after this slime
2022-08-02T07:19:05Z [chat] Zerefsis: 16th
2022-08-02T07:32:49Z [chat] fiE: <@&887894985398157363> ME
2022-08-02T07:32:50Z [chat] Klee: Woah! It is a slime!  (ﾉ>ω<)ﾉ  Klee has counted 8 slimes for fiE!
2022-08-02T07:33:49Z [chat] pawpaw: <@961291207210856448> already waiting FR accept.
2022-08-02T07:33:55Z [chat] DoujinKAMI: I don't see it, but I might not be friends
2022-08-02T07:34:21Z [chat] fiE: okay mate, will accept after this slime
2022-08-02T07:34:28Z [chat] fiE: yea, please do add me bro
2022-08-02T07:36:49Z [chat] Tedo: zoomed
2022-08-02T07:36:53Z [chat] Tedo: moon or cgz
2022-08-02T07:37:07Z [chat] fiE: i'll kick them both
2022-08-02T07:41:00Z [chat] Cats On Mars: <@&887894985398157363> ophi
2022-08-02T07:41:01Z [chat] Klee: Woah! It is a slime!  (ﾉ>ω<)ﾉ  Klee has counted 7 slimes for Ophianne!
2022-08-02T07:45:41Z [chat] fiE: <@&887894985398157363> Me again
2022-08-02T07:45:42Z [chat] Klee: Woah! It is a slime!  (ﾉ>ω<)ﾉ  Klee has counted 9 slimes for fiE!
2022-08-02T07:49:07Z [chat] Cats On Mars: Killed it at 9th <:WorryEyes:887929819852050442> sr guys
2022-08-02T07:52:30Z [chat] pawpaw: Thanks <@961291207210856448>
2022-08-02T07:53:13Z [chat] Cats On Mars: <:pepeok:887926994354987088>
2022-08-02T07:55:01Z [chat] fiE: yw dude
2022-08-02T07:55:14Z [chat] fiE: that's alright 👍
2022-08-02T07:58:38Z [chat] Cats On Mars: <@&887894985398157363> vent
2022-08-02T07:58:39Z [chat] Klee: Woah! It is a slime!  (ﾉ>ω<)ﾉ  Klee has counted 50 slimes for Vent!
2022-08-02T07:59:30Z [chat] DoujinKAMI: Vent the slime magnet
2022-08-02T08:02:40Z [chat] DoujinKAMI: Ded 17
2022-08-02T08:19:32Z [chat] fiE: <@&887894985398157363> Me again lol
2022-08-02T08:19:33Z [chat] Klee: Woah! It is a slime!  (ﾉ>ω<)ﾉ  Klee has counted 10 slimes for fiE!
2022-08-02T08:20:10Z [chat] Link2D3atH: zoom
2022-08-02T08:20:11Z [chat] Vent (Aile): dead
2022-08-02T08:20:15Z [chat] DoujinKAMI: Someone zoomws
2022-08-02T08:20:19Z [chat] fiE: ...
2022-08-02T08:20:23Z [chat] Vent (Aile): karlatz or something
2022-08-02T08:20:25Z [chat] Vent (Aile): lemme check
2022-08-02T08:20:29Z [chat] fiE: did anyone catch who zoomed it?
2022-08-02T08:20:48Z [chat] Vent (Aile): keartz lol
2022-08-02T08:21:01Z [chat] Vent (Aile): I had the k and z right
2022-08-02T08:21:27Z [chat] fiE: lmao
2022-08-02T08:21:34Z [chat] fiE: he's been kicked
2022-08-02T08:21:36Z [chat] Link2D3atH: time to yet <:pekorasmug:887924564145889340>
2022-08-02T08:28:10Z [chat] Vent (Aile): <@&887894985398157363> traff
2022-08-02T08:28:10Z [chat] Klee: Woah! It is a slime!  (ﾉ>ω<)ﾉ  Klee has counted 57 slimes for traffyboi!
2022-08-02T08:36:51Z [chat] Collin: <@&887894985398157363> me
2022-08-02T08:36:51Z [chat] Klee: Woah! It is a slime!  (ﾉ>ω<)ﾉ  Klee has counted 3 slimes for Collin!
2022-08-02T08:41:43Z [chat] Vent (Aile): waited 5 min and still first
2022-08-02T09:08:46Z [chat] Link2D3atH: <@&887894985398157363> trafi
2022-08-02T09:08:47Z [chat] Klee: Uh, Klee does not know this name, and therefore cannot add this slime to anyone...
2022-08-02T09:08:54Z [chat] Link2D3atH: late ping randoms in  btw
2022-08-02T09:09:24Z [add] Vent (Aile): 1 traff
2022-08-02T09:09:24Z [chat] Vent (Aile): !add 1 traff
2022-08-02T09:09:24Z [chat] Klee: Klee has added a slime to traffyboi! The number of slimes traffyboi has summoned has gone from 57 to 58
2022-08-02T09:55:31Z [chat] Vent (Aile): <@&887894985398157363> kenshin
2022-08-02T09:55:32Z [chat] Klee: Woah! It is a slime!  (ﾉ>ω<)ﾉ  Klee has counted 47 slimes for Kenshin!
2022-08-02T09:55:39Z [chat] Vent (Aile): <@&887894985398157363> traffy
2022-08-02T09:55:39Z [chat] Klee: Woah! It is a slime!  (ﾉ>ω<)ﾉ  Klee has counted 59 slimes for traffyboi!
2022-08-02T10:00:55Z [chat] Vent (Aile): <@&887894985398157363> rrocket
2022-08-02T10:00:55Z [chat] Klee: Uh, Klee does not know this name, and therefore cannot add this slime to anyone...
2022-08-02T10:01:27Z [add] Vent (Aile): 1 rocket
2022-08-02T10:01:27Z [chat] Vent (Aile): !add 1 rocket
2022-08-02T10:01:27Z [chat] Klee: Klee has added a slime to rocketeer! The number of slimes rocketeer has summoned has gone from 15 to 16
2022-08-02T10:20:38Z [chat] Tatumi: <@&887894985398157363> ME
2022-08-02T10:20:39Z [chat] Klee: Woah! It is a slime!  (ﾉ>ω<)ﾉ  Klee has counted 23 slimes for Tatumi!
2022-08-02T10:50:02Z [chat] Link2D3atH: <@&887894985398157363> me
2022-08-02T10:50:02Z [chat] Klee: Woah! It is a slime!  (ﾉ>ω<)ﾉ  Klee has counted 17 slimes for Link2D3atH!
2022-08-02T10:51:55Z [chat] Zerefsis: plain has a slime :x
2022-08-02T10:52:02Z [chat] Zerefsis: 0 inhabitants tho
2022-08-02T10:52:17Z [chat] PlainDoe: I am in link slime
2022-08-02T10:52:32Z [chat] Vent (Aile): 30 more seconds
2022-08-02T10:52:36Z [chat] PlainDoe: Okay
2022-08-02T10:52:50Z [chat] Vent (Aile): fingers crossed it stays alive another minute lol
2022-08-02T10:52:56Z [chat] Zerefsis: link was almost full I think
2022-08-02T10:53:05Z [chat] Vent (Aile): unpausing
2022-08-02T10:53:46Z [chat] Zerefsis: <@&887894985398157363> plain
2022-08-02T10:53:47Z [chat] Klee: Woah! It is a slime!  (ﾉ>ω<)ﾉ  Klee has counted 24 slimes for PlainDoe!
2022-08-02T10:53:55Z [chat] Zerefsis: link ded
2022-08-02T10:55:25Z [chat] PlainDoe: I think mine is full
2022-08-02T10:55:31Z [chat] Apeks: full and dead
2022-08-02T11:19:57Z [chat] Tatumi: <@189350494328586240> <@&887894985398157363>
2022-08-02T11:19:58Z [chat] Klee: Woah! It is a slime!  (ﾉ>ω<)ﾉ  Klee has counted 25 slimes for PlainDoe!
2022-08-02T11:20:45Z [chat] Vent (Aile): plaindoe on fire today
2022-08-02T12:10:11Z [chat] variant-*: <@&887894985398157363> angel
2022-08-02T12:10:12Z [chat] Klee: Woah! It is a slime!  (ﾉ>ω<)ﾉ  Klee has counted 5 slimes for Angel!
2022-08-02T12:12:55Z [chat] esyw: Gone
2022-08-02T12:13:19Z [chat] esyw: Sorry
2022-08-02T12:13:35Z [chat] esyw: Still here
2022-08-02T12:13:38Z [chat] esyw: 17th
2022-08-02T12:13:38Z [chat] Kenshin: Bruh
2022-08-02T12:13:56Z [chat] esyw: Sorry forget to refresh
2022-08-02T12:14:06Z [chat] Kenshin: Need to be careful saying ‘ded’ here
2022-08-02T12:14:12Z [chat] esyw: Mb
2022-08-02T12:51:55Z [chat] Ophianne: <@&887894985398157363> me
2022-08-02T12:51:55Z [chat] Klee: Woah! It is a slime!  (ﾉ>ω<)ﾉ  Klee has counted 8 slimes for Ophianne!
2022-08-02T12:53:34Z [chat] Kenshin: 12
2022-08-02T13:05:46Z [chat] PlainDoe: <@&887894985398157363> me
2022-08-02T13:05:46Z [chat] Klee: Woah! It is a slime!  (ﾉ>ω<)ﾉ  Klee has counted 26 slimes for PlainDoe!
2022-08-02T13:06:40Z [chat] Thaelon: 16th
2022-08-02T13:07:39Z [chat] Kenshin: 19
2022-08-02T13:07:47Z [chat] Kenshin: Bless pausing
2022-08-02T13:08:09Z [chat] PlainDoe: full now
2022-08-02T13:16:15Z [chat] PlainDoe: <@&887894985398157363> me
2022-08-02T13:16:15Z [chat] Klee: Woah! It is a slime!  (ﾉ>ω<)ﾉ  Klee has counted 27 slimes for PlainDoe!
2022-08-02T13:16:38Z [chat] Tachii: this man is on a tear <a:02pogslide:819366840098750484>
2022-08-02T13:17:48Z [chat] Kenshin: Full ded
2022-08-02T13:18:05Z [chat] || eph || booyah ||: ded
2022-08-02T13:18:06Z [chat] Kenshin: Missed it
2022-08-02T13:18:24Z [chat] Kenshin: Reception is  unusually  bad
2022-08-02T13:30:21Z [chat] Kenshin: <@&887894985398157363> me
2022-08-02T13:30:22Z [chat] Klee: Woah! It is a slime!  (ﾉ>ω<)ﾉ  Klee has counted 48 slimes for Kenshin!
2022-08-02T13:30:49Z [chat] || eph || booyah ||: zero's got one, as well
2022-08-02T13:31:06Z [chat] || eph || booyah ||: no one was in it when i went into ken's
2022-08-02T13:31:13Z [chat] zero00: <@&887894985398157363> me
2022-08-02T13:31:13Z [chat] Klee: Woah! It is a slime!  (ﾉ>ω<)ﾉ  Klee has counted 30 slimes for zero00!
2022-08-02T13:31:20Z [chat] || eph || booyah ||: welp
2022-08-02T13:31:30Z [chat] rocketeer: kenshin ded
2022-08-02T13:31:36Z [chat] Tachii: 
2022-08-02T13:31:44Z [chat] Tachii: u zoomed and summoned a slime <:monkahmm:677393629098278922>
2022-08-02T13:31:51Z [chat] Vent (Aile): Idk which I went into
2022-08-02T13:31:54Z [chat] Kenshin: Mines ded
2022-08-02T13:31:57Z [chat] Tachii: or was it the opposite <:monkahmm:677393629098278922>
2022-08-02T13:32:09Z [chat] Kenshin: Mone
2022-08-02T13:32:15Z [chat] Kenshin: Mine wad ded first
2022-08-02T13:32:20Z [chat] Kenshin: I got into zeros
2022-08-02T13:32:24Z [chat] zero00: wrong order... I saw someone typing in my other group, so assumed it will be pinged
2022-08-02T13:32:26Z [chat] Thaelon: other's is full
2022-08-02T13:32:30Z [chat] Thaelon: zero
2022-08-02T13:32:51Z [chat] || eph || booyah ||: 11 made ken's
2022-08-02T13:33:04Z [chat] Thaelon: I got to Ken's didn't even realize there were 2
2022-08-02T13:33:04Z [chat] Kenshin: It was. So if u didnt ping its just 1 sec difference
2022-08-02T13:36:27Z [chat] Kenshin: Typical situation. Get a slime ping. Stop ur own story farm, generating a slime of ur own
2022-08-02T13:36:29Z [chat] Kenshin: <:topkek:887923315342213142>
2022-08-02T13:38:25Z [chat] Tachii: in general it does feel like a lot of raids gets summoned at the same time lol
2022-08-02T13:38:42Z [chat] donuts: lol i thought i was in kens but was in someone elses entirely.
2022-08-02T14:03:49Z [chat] Thaelon: <@&887894985398157363> cloud
2022-08-02T14:03:49Z [chat] Klee: Woah! It is a slime!  (ﾉ>ω<)ﾉ  Klee has counted 6 slimes for CloudExt!
2022-08-02T14:04:37Z [chat] || eph || booyah ||: 9th
2022-08-02T14:06:03Z [chat] Reddl: moss double zoomed 😮
2022-08-02T14:06:31Z [chat] Reddl: mantis got a slime too
2022-08-02T14:06:40Z [chat] mantis: Got zoomed again
2022-08-02T14:07:01Z [chat] || eph || booyah ||: <@207111511410212865> hey man, slowdown
2022-08-02T14:07:03Z [chat] Kenshin: Dont see it
2022-08-02T14:07:06Z [chat] Kenshin: Who zoomed mantis
2022-08-02T14:07:10Z [chat] || eph || booyah ||: moss
2022-08-02T14:07:25Z [chat] Kenshin: <:HyperREE:888088123781820477>
2022-08-02T14:07:40Z [chat] Kenshin: Thats intentional isnt it
2022-08-02T14:07:58Z [chat] Kenshin: I cant think of a world where that is not intentional
2022-08-02T14:08:20Z [chat] Kenshin: No ping and zooms
2022-08-02T14:08:45Z [chat] Kenshin: 2x
2022-08-02T14:10:58Z [chat] Tatumi: <:slimeknife:887947273139519488>
2022-08-02T14:11:32Z [chat] mantis: 
2022-08-02T14:12:07Z [chat] mantis: Not trying to be a dick but it happened twice at this point with my slime
2022-08-02T14:12:34Z [chat] Kenshin: Thats not our zero
2022-08-02T14:12:45Z [chat] Kenshin: Wait let mr heck
2022-08-02T14:13:07Z [chat] Kenshin: 
2022-08-02T14:13:12Z [chat] Kenshin: Our zero is lower case
2022-08-02T14:13:48Z [chat] mantis: Ah okay thanks my bad zero imma toss the other one
2022-08-02T14:15:09Z [chat] Kenshin: Dangerous accusarion EPH <:feelspainman:887929815347367948>
2022-08-02T14:15:49Z [chat] || eph || booyah ||: wasn't me
2022-08-02T14:16:43Z [chat] || eph || booyah ||: <@&887894985398157363> me
2022-08-02T14:16:43Z [chat] Klee: Woah! It is a slime!  (ﾉ>ω<)ﾉ  Klee has counted 5 slimes for eph || booyah!
2022-08-02T14:19:33Z [chat] || eph || booyah ||: fullded
2022-08-02T14:24:04Z [chat] Kenshin: Zero should add 2 0s in game like his discord name <:topkek:887923315342213142>
2022-08-02T14:24:15Z [chat] Kenshin: There is a lookalike zoomer tarnishing ur bame
2022-08-02T14:24:23Z [chat] || eph || booyah ||: 00zero00nilnullcero
2022-08-02T14:25:01Z [chat] Tachii: just do zero0 as his avatars characters name is 00 <:hidethepainaway:888099981658050592>
2022-08-02T14:25:32Z [chat] Tachii: or i guess zero2.... but thats kinda like 02 <:topkek:887923315342213142>
2022-08-02T14:27:05Z [chat] Tachii: salty mantis didnt even ping here
2022-08-02T14:30:06Z [chat] Kenshin: <:frogeHmm:888110563354370128>
2022-08-02T14:31:03Z [chat] Kenshin: <@&887894985398157363> twch
2022-08-02T14:31:03Z [chat] Klee: Uh, Klee does not know this name, and therefore cannot add this slime to anyone...
2022-08-02T14:31:16Z [add] Kenshin: 1 tachii
2022-08-02T14:31:17Z [chat] Kenshin: !add 1 tachii
2022-08-02T14:31:17Z [chat] Klee: Klee has added a slime to Tachii! The number of slimes Tachii has summoned has gone from 20 to 21
2022-08-02T14:33:48Z [chat] Angel: <@&887894985398157363> traffi
2022-08-02T14:33:48Z [chat] Klee: Uh, Klee does not know this name, and therefore cannot add this slime to anyone...
2022-08-02T14:34:25Z [chat] || eph || booyah ||: 19ded on tach
2022-08-02T14:34:36Z [add] || eph || booyah ||: 1 traf
2022-08-02T14:34:36Z [chat] || eph || booyah ||: !add 1 traf
2022-08-02T14:34:36Z [chat] Klee: Klee has added a slime to traffyboi! The number of slimes traffyboi has summoned has gone from 59 to 60
2022-08-02T14:34:46Z [chat] Angel: Thanks
2022-08-02T14:35:02Z [chat] variant-*: 14th
2022-08-02T14:39:05Z [chat] || eph || booyah ||: fullded
2022-08-02T15:11:33Z [chat] Kenshin: !top_three
2022-08-02T15:11:33Z [chat] Klee: The current first is ['traffyboi'] with 60 slimes! Second is ['Vent'] with 50 slimes, and third is ['Kenshin'] with 48 slimes! They are the best! ⁽⁽٩(๑˃̶͈̀ ᗨ ˂̶͈́)۶⁾⁾
2022-08-02T15:13:06Z [chat] || eph || booyah ||: so close
2022-08-02T15:19:50Z [chat] Tachii: !sself
2022-08-02T15:19:50Z [chat] Klee: Klee knows that you have summoned 21 slimes so far this season! You are the best!
2022-08-02T15:21:05Z [chat] fiE: <@&887894985398157363> me
2022-08-02T15:21:05Z [chat] Klee: Woah! It is a slime!  (ﾉ>ω<)ﾉ  Klee has counted 11 slimes for fiE!
2022-08-02T15:25:01Z [chat] Thaelon: heatheat
2022-08-02T15:25:37Z [chat] Kenshin: Zoomed?
2022-08-02T15:25:39Z [chat] Kenshin: Mqq?
2022-08-02T15:30:07Z [chat] variant-*: not sure, not enough info
2022-08-02T16:12:54Z [chat] Umbrella (GoldHunter): <@&887894985398157363> me
2022-08-02T16:12:55Z [chat] Klee: Woah! It is a slime!  (ﾉ>ω<)ﾉ  Klee has counted 5 slimes for GoldHunter!
2022-08-02T16:13:22Z [chat] Kenshin: U got a MY
2022-08-02T16:16:47Z [chat] Kenshin: Ded
2022-08-02T16:24:17Z [chat] variant-*: <@&887894985398157363> zere
2022-08-02T16:24:17Z [chat] Klee: Woah! It is a slime!  (ﾉ>ω<)ﾉ  Klee has counted 9 slimes for Zerefsis!
2022-08-02T16:24:28Z [chat] Ophianne: <@&887894985398157363> <@215506389353758720>
2022-08-02T16:24:28Z [chat] Klee: Woah! It is a slime!  (ﾉ>ω<)ﾉ  Klee has counted 10 slimes for Zerefsis!
2022-08-02T16:24:32Z [chat] variant-*: donuts too
2022-08-02T16:24:37Z [chat] variant-*: 1 in
2022-08-02T16:24:43Z [chat] Ophianne: Damn
2022-08-02T16:25:01Z [chat] variant-*: oph, you are in zere
2022-08-02T16:25:36Z [chat] Kenshin: <@&887894985398157363> donuts
2022-08-02T16:25:37Z [chat] Klee: Woah! It is a slime!  (ﾉ>ω<)ﾉ  Klee has counted 40 slimes for donuts!
2022-08-02T16:25:42Z [chat] zero00: gone
2022-08-02T16:25:44Z [chat] Ophianne: Yea
2022-08-02T16:25:55Z [chat] Ophianne: I might need to zoom it cuz im low battery rn
2022-08-02T16:25:55Z [chat] variant-*: too bad
2022-08-02T16:26:03Z [chat] Ophianne: Pausing for as long as possible
2022-08-02T16:26:14Z [chat] variant-*: already dead
2022-08-02T16:26:19Z [chat] variant-*: can unpause
2022-08-02T16:26:25Z [chat] Ophianne: Ah ok thanks
2022-08-02T16:26:39Z [chat] Kenshin: Donuts ded. Dont see it
2022-08-02T16:26:59Z [chat] variant-*: yeah, like zero said
2022-08-02T16:27:56Z [chat] variant-*: !doubleping zere
2022-08-02T16:27:56Z [chat] Klee: Klee has subtracted a slime from Zerefsis! The number of slimes Zerefsis has summoned has gone from 10 to 9
2022-08-02T16:46:08Z [chat] Cats On Mars: <@&887894985398157363> consutron
2022-08-02T16:46:08Z [chat] Klee: Woah! It is a slime!  (ﾉ>ω<)ﾉ  Klee has counted 1 slimes for Consutron!
2022-08-02T16:49:37Z [chat] Umbrella (GoldHunter): Dead 12
2022-08-02T16:58:13Z [chat] PlainDoe: <@&887894985398157363> donut
2022-08-02T16:58:14Z [chat] Klee: Woah! It is a slime!  (ﾉ>ω<)ﾉ  Klee has counted 41 slimes for donuts!
2022-08-02T16:58:23Z [chat] luxury777: <@&887894985398157363> someone
2022-08-02T16:58:23Z [chat] Klee: Woah! It is a slime!  (ﾉ>ω<)ﾉ  Klee has counted 6 slimes for luxury777!
2022-08-02T16:58:28Z [chat] luxury777: Wat
2022-08-02T16:58:44Z [chat] mUmU: donut
2022-08-02T16:58:44Z [chat] Thaelon: is that just donuts again?
2022-08-02T16:59:25Z [add] mUmU: 1 donut
2022-08-02T16:59:25Z [chat] mUmU: !add 1 donut
2022-08-02T16:59:26Z [chat] Klee: Klee has added a slime to donuts! The number of slimes donuts has summoned has gone from 41 to 42
2022-08-02T16:59:38Z [add] mUmU: -1 lux
2022-08-02T16:59:38Z [chat] mUmU: !add -1 lux
2022-08-02T16:59:38Z [chat] Klee: Klee has added a slime to luxury777! The number of slimes luxury777 has summoned has gone from 6 to 5
2022-08-02T17:02:18Z [chat] mUmU: wait
2022-08-02T17:02:27Z [chat] ainthe: i think u added an extra
2022-08-02T17:02:28Z [add] mUmU: -1 donut
2022-08-02T17:02:28Z [chat] mUmU: !add -1 donut
2022-08-02T17:02:28Z [chat] Klee: Klee has added a slime to donuts! The number of slimes donuts has summoned has gone from 42 to 41
2022-08-02T17:03:15Z [chat] esyw: <@&887894985398157363> traf
2022-08-02T17:03:15Z [chat] Klee: Woah! It is a slime!  (ﾉ>ω<)ﾉ  Klee has counted 61 slimes for traffyboi!
2022-08-02T17:04:01Z [chat] Kenshin: 12
2022-08-02T17:04:12Z [chat] Apeks: 16
2022-08-02T17:07:14Z [chat] Kenshin: Dd
2022-08-02T17:26:04Z [chat] PlainDoe: <@&887894985398157363> me
2022-08-02T17:26:05Z [chat] Klee: Woah! It is a slime!  (ﾉ>ω<)ﾉ  Klee has counted 28 slimes for PlainDoe!
2022-08-02T17:26:28Z [chat] Kenshin: This Doe is on fire today
2022-08-02T17:26:38Z [chat] Kenshin: <:1010:887934359909330994>
2022-08-02T17:27:28Z [chat] rocketeer: full
2022-08-02T17:38:08Z [chat] Tedo: <@&887894985398157363> fie
2022-08-02T17:38:08Z [chat] Senor Tonto: <@&887894985398157363> <@961291207210856448>
2022-08-02T17:38:09Z [chat] Klee: Woah! It is a slime!  (ﾉ>ω<)ﾉ  Klee has counted 12 slimes for fiE!
2022-08-02T17:38:09Z [chat] Klee: Woah! It is a slime!  (ﾉ>ω<)ﾉ  Klee has counted 13 slimes for fiE!
2022-08-02T17:38:13Z [chat] Tedo: shit
2022-08-02T17:38:18Z [chat] Tedo: !doublping fie
2022-08-02T17:38:18Z [chat] Klee: Klee does not know this command... ヾ(⌒(_´･ㅅ･`)_
2022-08-02T17:38:22Z [chat] Tedo: fuuuuuuck
2022-08-02T17:38:26Z [chat] Senor Tonto: lmao
2022-08-02T17:38:28Z [chat] Tedo: !doubleping fir
2022-08-02T17:38:28Z [chat] Klee: Klee has subtracted a slime from Firis! The number of slimes Firis has summoned has gone from 0 to -1
2022-08-02T17:38:32Z [chat] Tedo: OMFG
2022-08-02T17:38:39Z [chat] Tedo: !doubleping fie
2022-08-02T17:38:39Z [chat] Klee: Klee has subtracted a slime from fiE! The number of slimes fiE has summoned has gone from 13 to 12
2022-08-02T17:38:46Z [add] Tedo: 1 firis
2022-08-02T17:38:46Z [chat] Tedo: !add 1 firis
2022-08-02T17:38:46Z [chat] Klee: Klee has added a slime to Firis! The number of slimes Firis has summoned has gone from -1 to 0
2022-08-02T17:38:51Z [chat] Ophianne: lmao
2022-08-02T17:38:56Z [chat] esyw: Lol
2022-08-02T17:39:14Z [chat] variant-*: Full
2022-08-02T17:41:04Z [chat] Kenshin: How to know total number of slimes
2022-08-02T17:41:36Z [chat] variant-*: !total
2022-08-02T17:41:36Z [chat] Klee: For the current season, we have summoned 596 slimes so far! Dear RNG God, please help us summon more slime! ٩(๑•̀ω•́๑)۶
2022-08-02T17:42:45Z [chat] Kenshin: Hmm. Highest ever was 648.  But i feel like this raid was pr nuts in terms of slimes
2022-08-02T17:43:06Z [chat] Kenshin: My onyx approaching 7m 😆
2022-08-02T17:43:16Z [chat] Ophianne: gimme
2022-08-02T17:43:29Z [chat] Ophianne: ive got 1.8m now  OTL
2022-08-02T17:46:00Z [chat] Kenshin: Engarde next
2022-08-02T17:46:05Z [chat] Kenshin: Lota onyx
2022-08-02T17:46:10Z [chat] Ophianne: tfw i dont even know what that is
2022-08-02T17:46:16Z [chat] Ophianne: im so out of touch
2022-08-02T17:46:23Z [chat] Kenshin: Endless duel with restriction on units
2022-08-02T17:46:31Z [chat] Ophianne: lmao
2022-08-02T17:46:40Z [chat] Ophianne: all that onyx gonna go back into building endless duel teams
2022-08-02T17:46:46Z [chat] Ophianne: i havent even started building them yet
2022-08-02T17:46:51Z [chat] Kenshin: Oh….
2022-08-02T17:46:59Z [chat] Kenshin: Then u wont get a lot <:hidethepainaway:888099981658050592>
2022-08-02T17:47:15Z [chat] Kenshin: U need an ok-ish team
2022-08-02T17:47:25Z [chat] Ophianne: any link for cookie cutter teams i can just copy paste
2022-08-02T17:48:14Z [chat] Ophianne: ive got many 4* evolution slimes waiting to be used
2022-08-02T17:48:26Z [chat] Ophianne: cant be bothered to evolve them to 5*
2022-08-02T17:48:57Z [chat] Kenshin: https://discord.com/channels/887892391317606491/887896686461063199/1004083322181394442
2022-08-02T17:49:01Z [chat] Kenshin: Posted there
2022-08-02T17:49:09Z [chat] Kenshin: Top is newbie team. Bottom is end game
2022-08-02T17:49:44Z [chat] Ophianne: tfw im half taiwanese but cant read chinese
2022-08-02T17:49:47Z [chat] Ophianne: fml
2022-08-02T17:50:35Z [chat] Ophianne: man i got everyone but ziva
2022-08-02T18:10:29Z [chat] Tatumi: <@&887894985398157363> <@120428736637173760>
2022-08-02T18:10:29Z [chat] Klee: Woah! It is a slime!  (ﾉ>ω<)ﾉ  Klee has counted 62 slimes for traffyboi!
2022-08-02T18:12:35Z [chat] rocketeer: full
2022-08-02T18:55:17Z [chat] Levi: <@&887894985398157363> me
2022-08-02T18:55:17Z [chat] Klee: Woah! It is a slime!  (ﾉ>ω<)ﾉ  Klee has counted 3 slimes for Levi!
2022-08-02T18:55:36Z [chat] Kenshin: Sydys
2022-08-02T18:55:38Z [chat] Kenshin: <:frogeHmm:888110563354370128>
2022-08-02T18:55:52Z [chat] Kenshin: Lets see if he zooms again
2022-08-02T18:56:42Z [chat] Tedo: ful thabkfully
2022-08-02T19:52:39Z [chat] 17maple: <@&887894985398157363> me
2022-08-02T19:52:40Z [chat] Klee: Woah! It is a slime!  (ﾉ>ω<)ﾉ  Klee has counted 2 slimes for 17maple!
2022-08-02T19:53:01Z [chat] || eph || booyah ||: <@&887894985398157363> vent
2022-08-02T19:53:02Z [chat] Klee: Woah! It is a slime!  (ﾉ>ω<)ﾉ  Klee has counted 51 slimes for Vent!
2022-08-02T19:53:04Z [chat] || eph || booyah ||: he's got 1 in it
2022-08-02T19:53:11Z [chat] luxury777: Yea unfortunately
2022-08-02T19:53:20Z [chat] Thaelon: zoom maple or no?
2022-08-02T19:53:31Z [chat] Zerefsis: yea
2022-08-02T19:53:48Z [chat] Zerefsis: fuckk
2022-08-02T19:53:55Z [chat] Zerefsis: I was in vent the whole time
2022-08-02T19:53:55Z [chat] || eph || booyah ||: dcg just announced vent's
2022-08-02T19:54:03Z [chat] Thaelon: it's gone
2022-08-02T19:54:03Z [chat] Zerefsis: didnt even see maple
2022-08-02T19:54:11Z [chat] donuts: vents gone?
2022-08-02T19:54:14Z [chat] Thaelon: yeah
2022-08-02T19:54:15Z [chat] Link2D3atH: both zoom
2022-08-02T19:54:24Z [chat] luxury777: Lol
2022-08-02T19:54:25Z [chat] Link2D3atH: didn't even in to 1 <:kekw:887896260625977355>
2022-08-02T19:54:35Z [chat] DoujinKAMI: Damn
2022-08-02T20:15:03Z [chat] Kenshin: SU is playing us with all these double slimes today
2022-08-02T20:15:28Z [chat] Kenshin: (Was busy and missed the fun this last one)
2022-08-02T20:38:05Z [chat] Levi: <@&887894985398157363> oph
2022-08-02T20:38:06Z [chat] Klee: Woah! It is a slime!  (ﾉ>ω<)ﾉ  Klee has counted 9 slimes for Ophianne!
2022-08-02T20:39:53Z [chat] Thaelon: don't see it
2022-08-02T20:40:06Z [chat] Dan: mb
2022-08-02T20:41:10Z [chat] Dan: i didnt press pause propperly
2022-08-02T20:52:54Z [chat] DoujinKAMI: damn no raids in progress
2022-08-02T20:53:12Z [chat] DoujinKAMI: anyone else experiencing a drought
2022-08-02T21:09:35Z [chat] Tedo: <@&887894985398157363> aile
2022-08-02T21:09:35Z [chat] Klee: Woah! It is a slime!  (ﾉ>ω<)ﾉ  Klee has counted 23 slimes for aile!
2022-08-02T21:13:38Z [chat] Tedo: 14ded
2022-08-02T21:25:41Z [chat] zero00: <@&887894985398157363> me
2022-08-02T21:25:42Z [chat] Klee: Woah! It is a slime!  (ﾉ>ω<)ﾉ  Klee has counted 31 slimes for zero00!
2022-08-02T21:26:49Z [chat] Link2D3atH: 
2022-08-02T21:27:10Z [chat] Link2D3atH: welp another day another zoomer <:hidethepainaway:888099981658050592>
2022-08-02T21:27:43Z [chat] Kenshin: Oof
2022-08-02T21:28:19Z [chat] Angel: Sorry I was distracted again <:sweat:887942060152340480>
2022-08-02T21:29:17Z [chat] Angel: Is that annoying animation that prevents from pausing at first
2022-08-02T21:29:58Z [chat] Kenshin: Im trying to get into the habit of toggling to x1 manual
2022-08-02T21:30:07Z [chat] Kenshin: Then even if i forget it does nothing
