2022-08-03T10:58:21Z Bot is starting up...
2022-08-03T10:58:23Z Bot is ready.
2022-08-03T11:29:10Z [chat] Vent (Aile): <@&887894985398157363> aile
2022-08-03T11:29:10Z [chat] Klee: Woah! It is a slime!  (ﾉ>ω<)ﾉ  Klee has counted 26 slimes for aile!
2022-08-03T11:30:40Z [chat] mantis: <@&887894985398157363> me
2022-08-03T11:30:40Z [chat] Klee: Woah! It is a slime!  (ﾉ>ω<)ﾉ  Klee has counted 10 slimes for mantis!
2022-08-03T11:31:46Z [chat] ainthe: both ded
2022-08-03T11:32:07Z [chat] variant-*: <:feelsbadman:887936602054201424>
2022-08-03T11:32:21Z [chat] ainthe: natfallen zoomed mantis
2022-08-03T11:32:27Z [chat] Vent (Aile): 
2022-08-03T11:33:16Z [chat] Vent (Aile): are those your double agent friends?
2022-08-03T11:33:21Z [chat] mantis: Yeah
2022-08-03T11:33:41Z [chat] Vent (Aile): <:slimeknife:887947273139519488>
2022-08-03T11:34:10Z [chat] mantis: At this point imma see how much they snipe for next ragna. If it’s bad imma just kick ‘em and keep y’all
2022-08-03T11:45:17Z [chat] Cats On Mars: <@&887894985398157363> fie
2022-08-03T11:45:17Z [chat] Klee: Woah! It is a slime!  (ﾉ>ω<)ﾉ  Klee has counted 13 slimes for fiE!
2022-08-03T11:45:47Z [chat] donuts: ded
2022-08-03T11:46:01Z [chat] donuts: someone zoomed
2022-08-03T11:46:06Z [chat] variant-*: MQQ
2022-08-03T11:46:08Z [chat] PlainDoe: Sigh
2022-08-03T11:47:03Z [chat] Tatumi: 😩
2022-08-03T11:52:20Z [chat] fiE: he's been Yeeted
2022-08-03T11:52:23Z [chat] fiE: sorry guys..
2022-08-03T11:52:55Z [chat] variant-*: thanks fie
2022-08-03T11:57:08Z [chat] Vent (Aile): <@&887894985398157363> aile
2022-08-03T11:57:08Z [chat] Klee: Woah! It is a slime!  (ﾉ>ω<)ﾉ  Klee has counted 27 slimes for aile!
2022-08-03T13:36:23Z [chat] zero00: <@&887894985398157363> rocket
2022-08-03T13:36:24Z [chat] Klee: Woah! It is a slime!  (ﾉ>ω<)ﾉ  Klee has counted 17 slimes for rocketeer!
2022-08-03T13:37:43Z [chat] Kenshin: Dont see
2022-08-03T13:37:50Z [chat] Senor Tonto: shoot i forgot to pause my b
2022-08-03T13:38:00Z [chat] Kenshin: Bruuuuuh
2022-08-03T13:38:07Z [chat] Senor Tonto: i look away one second and its dead
2022-08-03T13:38:43Z [chat] Thaelon: you gotta get in QUICK today
2022-08-03T13:42:03Z [chat] pawpaw: <@&887894985398157363> me
2022-08-03T13:42:31Z [chat] Tachii: not there
2022-08-03T13:42:31Z [chat] 17maple: Is pawpaw new?
2022-08-03T13:42:32Z [chat] Tachii: -_-
2022-08-03T13:43:18Z [chat] Thaelon: I looked a few seconds after ping and nothing and he's in my friends list
2022-08-03T13:43:21Z [chat] Kenshin: 0/20 lol
2022-08-03T13:43:30Z [chat] Kenshin: Im in a slime
2022-08-03T13:43:33Z [chat] Kenshin: I don’t know whos
2022-08-03T13:43:56Z [chat] || eph || booyah ||: i had paw added, still don't see it
2022-08-03T13:43:58Z [chat] Kenshin: Ok not paws
2022-08-03T13:44:30Z [chat] pawpaw: Wait do I press help first? I thought friends can immediately attack it.
2022-08-03T13:44:40Z [chat] || eph || booyah ||: what level is it?
2022-08-03T13:44:48Z [chat] pawpaw: 30
2022-08-03T13:44:52Z [chat] Tachii: its ded
2022-08-03T13:44:58Z [chat] || eph || booyah ||: then ya, it's dead
2022-08-03T13:45:01Z [chat] Tachii: nobody here got in, if any
2022-08-03T13:45:12Z [chat] Kenshin: Unless its his first 30 <:smug1:887925741839351858>
2022-08-03T13:45:38Z [chat] rocketeer: might've been zoomed by jupiter
2022-08-03T13:45:40Z [chat] rocketeer: 
2022-08-03T13:45:54Z [chat] Kenshin: Might <:smug1:887925741839351858>
2022-08-03T13:45:56Z [chat] Tachii: theres only one person there LOL
2022-08-03T13:46:42Z [chat] pawpaw: Oh right I haven't added all of you yet here. And I haven't cleared my FL. My bad.
2022-08-03T13:47:12Z [chat] Kenshin: Its ok. Jupiter wouldnt be caught first anyway
2022-08-03T14:34:23Z [chat] fiE: <@&887894985398157363> me
2022-08-03T14:34:23Z [chat] Klee: Woah! It is a slime!  (ﾉ>ω<)ﾉ  Klee has counted 14 slimes for fiE!
2022-08-03T14:35:06Z [chat] variant-*: dead
2022-08-03T14:35:08Z [chat] Tachii: zoomed
2022-08-03T14:35:13Z [chat] Kenshin: Whoa
2022-08-03T14:35:19Z [chat] Cats On Mars: <@274133775917645824> slowdown man
2022-08-03T14:35:20Z [chat] Dan: fml me again
2022-08-03T14:35:53Z [chat] Dan: im working on a thesis forgot to close phone again
2022-08-03T14:36:00Z [chat] Dan: sry
