2022-08-31T05:27:51Z Bot is starting up...
2022-08-31T05:27:54Z Bot is ready.
2022-08-31T05:28:25Z [chat] Link2D3atH: is dead?
2022-08-31T05:28:27Z [chat] variant-*: I don't understand that reference <:kekw:887896260625977355>
2022-08-31T05:29:11Z [chat] CloudExt: https://tenor.com/view/thelionking-lionking-mufasa-longlivetheking-scar-gif-20263689
2022-08-31T05:29:15Z [chat] variant-*: hm, dead 14, I'm first
2022-08-31T05:29:27Z [chat] variant-*: strange on this
2022-08-31T05:29:47Z [chat] esyw: Link did u refresh?
2022-08-31T05:30:03Z [chat] Pengest: Same I checked and saw vari lmao
2022-08-31T05:30:19Z [chat] Link2D3atH: I'm in I just ask so I can kill
2022-08-31T05:30:29Z [chat] variant-*: lol
2022-08-31T05:30:33Z [chat] esyw: Lol
2022-08-31T05:30:37Z [chat] variant-*: better ask more completely next time
2022-08-31T05:30:46Z [chat] variant-*: or just follow 3 minutes rule to kill
2022-08-31T05:30:52Z [chat] variant-*: idk 2 or 3 minutes
2022-08-31T05:31:00Z [chat] variant-*: I'm following 3 or more
2022-08-31T05:31:21Z [chat] Link2D3atH: I wasn't able to get in any on the previous cuz they got zoom <:hidethepainaway:888099981658050592>
2022-08-31T05:31:43Z [chat] variant-*: I see.
2022-08-31T05:32:32Z [chat] variant-*: We need people to report if can't enter the slime to give more info for the rest. If they can, of course.
2022-08-31T05:34:09Z [add] variant-*: 1 tedo
2022-08-31T05:34:09Z [chat] variant-*: !add 1 tedo
2022-08-31T05:34:10Z [chat] Klee: Klee has added a slime to Tedo! The number of slimes Tedo has summoned has gone from 8 to 9
2022-08-31T05:38:56Z [chat] esyw: <@&887894985398157363> me
2022-08-31T05:38:56Z [chat] Klee: Woah! It is a slime!  (ﾉ>ω<)ﾉ  Klee has counted 14 slimes for esyw!
2022-08-31T06:05:11Z [chat] pawpaw: <@&887894985398157363> me
2022-08-31T06:05:11Z [chat] Klee: Woah! It is a slime!  (ﾉ>ω<)ﾉ  Klee has counted 5 slimes for pawpaw!
