2022-08-27T09:23:04Z Bot is starting up...
2022-08-27T09:23:06Z Bot is ready.
2022-08-27T09:28:51Z ERROR TRACE:
Traceback (most recent call last):
  File "main.py", line 613, in test
    await ctx.send('ok', reference = partialMsg)
  File "/opt/virtualenvs/python3/lib/python3.8/site-packages/discord/abc.py", line 1065, in send
    data = await state.http.send_message(channel.id, content, tts=tts, embed=embed,
  File "/opt/virtualenvs/python3/lib/python3.8/site-packages/discord/http.py", line 254, in request
    raise HTTPException(r, data)
discord.errors.HTTPException: 400 Bad Request (error code: 50035): Invalid Form Body
In message_reference: Unknown message
# TRACE END

2022-08-27T09:42:34Z [chat] Pengest: <@&887894985398157363>  me
2022-08-27T09:42:35Z [chat] Klee: Woah! It is a slime!  (ﾉ>ω<)ﾉ  Klee has counted 9 slimes for Pengest!
2022-08-27T09:42:42Z [chat] Pengest: I live
2022-08-27T09:43:11Z [chat] Vent (Aile): jon killed it
2022-08-27T09:44:22Z [chat] Vent (Aile): It's yeet o'clock
2022-08-27T09:44:30Z [chat] GonBu: <@&887915507804692511> <@465942228791984149>
2022-08-27T09:44:30Z [chat] Klee: Woah! It is a slime!  (ﾉ>ω<)ﾉ  Klee has counted 4 slimes for GonBu!
2022-08-27T09:44:42Z [chat] GonBu: personal record
2022-08-27T09:44:43Z [chat] GonBu: 4 slimes
2022-08-27T09:44:44Z [chat] GonBu: pog
2022-08-27T09:47:22Z [chat] Pengest: Yeet I clock he was good till he wasn't
2022-08-27T10:00:58Z [chat] G̷̉̕u̷͑̚ǹ̴̕ẗ̴̕ḧ̵̏e̴͆́ṙ̵͝: <@&887894985398157363> traffy
2022-08-27T10:00:58Z [chat] Klee: Woah! It is a slime!  (ﾉ>ω<)ﾉ  Klee has counted 55 slimes for traffyboi!
2022-08-27T10:01:08Z [chat] G̷̉̕u̷͑̚ǹ̴̕ẗ̴̕ḧ̵̏e̴͆́ṙ̵͝: Pengest why are you not pinging?
2022-08-27T10:01:31Z [chat] G̷̉̕u̷͑̚ǹ̴̕ẗ̴̕ḧ̵̏e̴͆́ṙ̵͝: 3 randos in there i think
2022-08-27T10:02:03Z [chat] Pengest: I checked here and you pinged
2022-08-27T10:02:09Z [chat] Pengest: Sorry I play on my phone
2022-08-27T10:02:19Z [chat] GonBu: 55 slimes <:monkaS:889254939946254366>
2022-08-27T10:02:39Z [chat] Pengest: So I lag sometimes also I'm not in my normal state I'm on an island
2022-08-27T10:02:45Z [chat] Pengest: Internet bad
2022-08-27T10:03:11Z [chat] Pengest: Gunty I really do try
2022-08-27T10:04:05Z [chat] G̷̉̕u̷͑̚ǹ̴̕ẗ̴̕ḧ̵̏e̴͆́ṙ̵͝: It all good
2022-08-27T10:04:10Z [chat] G̷̉̕u̷͑̚ǹ̴̕ẗ̴̕ḧ̵̏e̴͆́ṙ̵͝: Was just wondering why
2022-08-27T10:05:22Z [chat] G̷̉̕u̷͑̚ǹ̴̕ẗ̴̕ḧ̵̏e̴͆́ṙ̵͝: <:wholesomefroge:887940727831678986>
2022-08-27T10:12:37Z [chat] PlainDoe: <@&887894985398157363> donut
2022-08-27T10:12:38Z [chat] Klee: Woah! It is a slime!  (ﾉ>ω<)ﾉ  Klee has counted 33 slimes for donuts!
2022-08-27T10:38:59Z [chat] Kenshin: <@&887894985398157363> me
2022-08-27T10:38:59Z [chat] Klee: Woah! It is a slime!  (ﾉ>ω<)ﾉ  Klee has counted 43 slimes for Kenshin!
2022-08-27T10:40:14Z [chat] Reddl: full
2022-08-27T10:42:07Z [chat] GonBu: on an island <:monkaS:889254939946254366> are you rich or something
2022-08-27T10:45:44Z [chat] donuts: <@&887894985398157363> me
2022-08-27T10:45:44Z [chat] Klee: Woah! It is a slime!  (ﾉ>ω<)ﾉ  Klee has counted 34 slimes for donuts!
2022-08-27T10:48:27Z [chat] Kenshin: 17 ded
