2022-08-02T22:31:35Z Bot is starting up...
2022-08-02T22:31:38Z Bot is ready.
2022-08-02T22:35:07Z [chat] Kenshin: <@&887894985398157363> me
2022-08-02T22:35:07Z [chat] Klee: Woah! It is a slime!  (ﾉ>ω<)ﾉ  Klee has counted 49 slimes for Kenshin!
2022-08-02T22:36:05Z [chat] DoujinKAMI: 18th
2022-08-02T22:37:39Z [chat] Tedo: ded
2022-08-02T22:41:23Z [chat] Vent (Aile): alright gonna test out that macro on the next slime
2022-08-02T22:42:37Z [chat] Umbrella (GoldHunter): <@&887894985398157363> me
2022-08-02T22:42:38Z [chat] Vent (Aile): and the macro itself is press escape after 12 seconds
2022-08-02T22:42:38Z [chat] Klee: Woah! It is a slime!  (ﾉ>ω<)ﾉ  Klee has counted 6 slimes for GoldHunter!
2022-08-02T22:42:46Z [chat] Tedo: my is in
2022-08-02T22:43:02Z [chat] Tedo: my-miao
2022-08-02T22:43:07Z [chat] DoujinKAMI: ded
2022-08-02T22:43:09Z [chat] Tedo: kick em
2022-08-02T22:43:29Z [chat] Umbrella (GoldHunter): It's dead already?
2022-08-02T22:43:38Z [chat] mUmU: I just got in
2022-08-02T22:43:45Z [chat] Vent (Aile): no it wasn't omg
2022-08-02T22:43:49Z [chat] Umbrella (GoldHunter): O ok
2022-08-02T22:43:52Z [chat] mUmU: lol
2022-08-02T22:43:57Z [chat] DoujinKAMI: i dont have umbrella?
2022-08-02T22:43:59Z [chat] Vent (Aile): I killed it
2022-08-02T22:44:00Z [chat] Umbrella (GoldHunter): I'm still paused
2022-08-02T22:44:10Z [chat] Tachii: Bruh
2022-08-02T22:44:11Z [chat] Vent (Aile): gdi doujin lol
2022-08-02T22:44:17Z [chat] Umbrella (GoldHunter): Oh ok I'm gonna kill too now
2022-08-02T22:44:20Z [chat] Tachii: Don't accuse like that <:topkek:750094582888267947>
2022-08-02T22:44:25Z [chat] mUmU: <:JabbaKek:887916458309451796>
2022-08-02T22:44:25Z [chat] DoujinKAMI: mannnn
2022-08-02T22:44:29Z [chat] DoujinKAMI: my bad
2022-08-02T22:44:52Z [chat] Vent (Aile): yeet the MY anyway
2022-08-02T22:46:48Z [chat] DoujinKAMI: Goldhunter still waiting on fr accept
2022-08-02T22:47:02Z [chat] DoujinKAMI: thought i had you already my b
2022-08-02T22:54:43Z [chat] Umbrella (GoldHunter): Can you send fr again
2022-08-02T22:54:59Z [chat] Umbrella (GoldHunter): Request disappeared after it said ur fr was full
2022-08-02T22:56:27Z [chat] DoujinKAMI: gotcha, sent
2022-08-02T23:07:03Z [chat] Tachii: <@&887894985398157363> me
2022-08-02T23:07:03Z [chat] Klee: Woah! It is a slime!  (ﾉ>ω<)ﾉ  Klee has counted 22 slimes for Tachii!
2022-08-02T23:08:22Z [chat] CloudExt: Deas
2022-08-02T23:08:28Z [chat] Thaelon: it was me guys
2022-08-02T23:08:33Z [chat] Thaelon: first time this ragna, I'll see myself out
