2022-08-29T07:31:27Z Bot is starting up...
2022-08-29T07:31:30Z Bot is ready.
2022-08-29T07:31:40Z [add] traffyboi: 1 moss
2022-08-29T07:31:40Z [chat] traffyboi: !add 1 moss
2022-08-29T07:31:41Z [chat] Klee: Klee has added a slime to Moss! The number of slimes Moss has summoned has gone from 5 to 6
2022-08-29T07:32:01Z [add] traffyboi: 1 cats
2022-08-29T07:32:01Z [chat] traffyboi: !add 1 cats
2022-08-29T07:32:01Z [chat] Klee: Klee has added a slime to Cats On Mars! The number of slimes Cats On Mars has summoned has gone from 7 to 8
2022-08-29T07:41:53Z [chat] mantis: <@&887894985398157363> me
2022-08-29T07:41:54Z [chat] Klee: Woah! It is a slime!  (ﾉ>ω<)ﾉ  Klee has counted 4 slimes for mantis!
2022-08-29T07:48:51Z [chat] Apeks: <@&887894985398157363> me
2022-08-29T07:48:52Z [chat] Zerefsis: <@&887894985398157363> kenshin
2022-08-29T07:48:52Z [chat] Klee: Woah! It is a slime!  (ﾉ>ω<)ﾉ  Klee has counted 1 slimes for Apeks!
2022-08-29T07:48:53Z [chat] Klee: Woah! It is a slime!  (ﾉ>ω<)ﾉ  Klee has counted 47 slimes for Kenshin!
2022-08-29T07:49:07Z [chat] Zerefsis: <:hidethepainaway:888099981658050592> im in kenshins already
2022-08-29T07:49:38Z [chat] Vent (Aile): looks like everyone went to kenshin first
2022-08-29T07:49:57Z [chat] Vent (Aile): when I went in 8 in ken 0 in apek
2022-08-29T07:50:02Z [chat] Apeks: nice
2022-08-29T07:50:28Z [chat] traffyboi: let's kill Kenshin's then <:huaji:887909354018316298>
2022-08-29T07:50:41Z [chat] Vent (Aile): 20 more sec
2022-08-29T07:51:01Z [chat] Vent (Aile): go kill
2022-08-29T07:51:27Z [chat] traffyboi: wow apeks was still at 0
2022-08-29T07:51:32Z [chat] traffyboi: noice everyone
2022-08-29T07:51:47Z [chat] Zerefsis: i dont have apeks
2022-08-29T07:51:49Z [chat] Zerefsis: time to add
2022-08-29T07:51:53Z [chat] DoujinKAMI: i dont have apeks but i got a rando with slime
2022-08-29T07:52:13Z [chat] traffyboi: <:yummy:887929818639913011>
2022-08-29T07:54:17Z [chat] traffyboi: 3 mins since I entered apeks, killing
