2022-08-30T13:35:34Z Bot is starting up...
2022-08-30T13:35:37Z Bot is ready.
2022-08-30T13:38:02Z [chat] || eph || booyah ||: haven't removed him yet, but i'm also not pausing his slimes <:upsidedownfrogesip:716424665085771786>
2022-08-30T13:49:44Z [chat] zero00: <@&887894985398157363> vent
2022-08-30T13:49:45Z [chat] Klee: Woah! It is a slime!  (ﾉ>ω<)ﾉ  Klee has counted 49 slimes for Vent!
2022-08-30T13:54:17Z [chat] || eph || booyah ||: fullded
2022-08-30T13:59:15Z [chat] Tatumi: <@&887894985398157363> ME
2022-08-30T13:59:15Z [chat] Klee: Woah! It is a slime!  (ﾉ>ω<)ﾉ  Klee has counted 30 slimes for Tatumi!
2022-08-30T13:59:16Z [chat] Angel: <@&887894985398157363> tat
2022-08-30T13:59:16Z [chat] Klee: Woah! It is a slime!  (ﾉ>ω<)ﾉ  Klee has counted 31 slimes for Tatumi!
2022-08-30T13:59:39Z [chat] Angel: Sorry
2022-08-30T13:59:47Z [add] variant-*: 1 mixer
2022-08-30T13:59:47Z [chat] variant-*: !add 1 mixer
2022-08-30T13:59:47Z [chat] Klee: Klee has added a slime to Mixer! The number of slimes Mixer has summoned has gone from 2 to 3
2022-08-30T13:59:54Z [add] variant-*: 1 tach
2022-08-30T13:59:54Z [chat] variant-*: !add 1 tach
2022-08-30T13:59:55Z [chat] Klee: Klee has added a slime to Tachii! The number of slimes Tachii has summoned has gone from 26 to 27
2022-08-30T14:01:35Z [chat] Kenshin: !doubleping tatu
2022-08-30T14:01:36Z [chat] Klee: Klee has subtracted a slime from Tatumi! The number of slimes Tatumi has summoned has gone from 31 to 30
2022-08-30T14:03:37Z [chat] variant-*: full dead
2022-08-30T14:06:35Z [chat] Angel: Thank you!
2022-08-30T14:16:18Z [chat] Thaelon: <@&887894985398157363> me
2022-08-30T14:16:19Z [chat] Klee: Woah! It is a slime!  (ﾉ>ω<)ﾉ  Klee has counted 19 slimes for Thaelon!
2022-08-30T14:19:13Z [chat] Kenshin: 
2022-08-30T14:19:23Z [chat] Kenshin: Gotta go faster so they know your not retired
2022-08-30T14:19:27Z [chat] Kenshin: <:pepepoint:887916456623341598>
2022-08-30T14:19:29Z [chat] 17maple: ded
2022-08-30T14:20:34Z [chat] || eph || booyah ||: who the fuck is wei wu
2022-08-30T14:20:42Z [chat] || eph || booyah ||: imagine, retiring
2022-08-30T14:26:13Z [chat] Thaelon: can't quit on your waifus <:CryWorry:888087987362095146>
