2022-08-03T09:46:25Z Bot is starting up...
2022-08-03T09:46:28Z Bot is ready.
2022-08-03T09:48:33Z [chat] Pengest: <@&887894985398157363>  me
2022-08-03T09:48:33Z [chat] Klee: Woah! It is a slime!  (ï¾‰>Ï‰<)ï¾‰  Klee has counted 5 slimes for Pengest!
2022-08-03T09:52:23Z [chat] Ophianne: Someone zoomed it?
2022-08-03T09:53:55Z [chat] Pengest: Hmm they haven't done that before and it was around 3-4 min
2022-08-03T09:54:12Z [chat] Pengest: I'll keep it in mind for the future
2022-08-03T09:54:16Z [chat] Ophianne: Not sure cuz theres only 10 ppl in
2022-08-03T09:54:30Z [chat] Ophianne: Prob not then
2022-08-03T09:54:37Z [chat] Ophianne: Just not many active at this time
2022-08-03T09:54:46Z [chat] Pengest: Yeah true sometimes it's pretty low
2022-08-03T10:01:20Z [chat] Zerefsis: <@&887894985398157363> me
2022-08-03T10:01:21Z [chat] Klee: Woah! It is a slime!  (ï¾‰>Ï‰<)ï¾‰  Klee has counted 10 slimes for Zerefsis!
2022-08-03T10:03:55Z [chat] Pengest: <@&887894985398157363>  me
2022-08-03T10:03:55Z [chat] Klee: Woah! It is a slime!  (ï¾‰>Ï‰<)ï¾‰  Klee has counted 6 slimes for Pengest!
2022-08-03T10:04:05Z [chat] Pengest: I'll wait
2022-08-03T10:04:19Z [chat] Pengest: For the first group and if someone zooms sorry
2022-08-03T10:04:36Z [chat] Vent (Aile): going into pengest
2022-08-03T10:05:18Z [chat] Ophianne: Zeref ded
2022-08-03T10:05:28Z [chat] Ophianne: Can kill and come to pengest
2022-08-03T10:09:17Z [chat] Ophianne: Seems like a low count timing
2022-08-03T10:09:26Z [chat] Ophianne: 11 participants for pengest raid
2022-08-03T10:09:44Z [chat] variant-*: and no one complained
2022-08-03T10:09:55Z [chat] Ophianne: Yea
2022-08-03T10:10:21Z [chat] Pengest: ðŸ‘
2022-08-03T10:26:34Z [chat] donuts: <@&887894985398157363> me
2022-08-03T10:26:35Z [chat] Klee: Woah! It is a slime!  (ï¾‰>Ï‰<)ï¾‰  Klee has counted 44 slimes for donuts!
