2022-08-25T03:54:42Z Bot is starting up...
2022-08-25T03:54:45Z Bot is ready.
2022-08-25T04:07:40Z [chat] Tatumi: <@847443895327785030> <@&887894985398157363>
2022-08-25T04:07:40Z [chat] Klee: Woah! It is a slime!  (ﾉ>ω<)ﾉ  Klee has counted 6 slimes for esyw!
2022-08-25T04:07:58Z [chat] esyw: Thanks
2022-08-25T04:09:55Z [chat] mUmU: 12th
2022-08-25T04:23:45Z [chat] Tedo: <@&887894985398157363> vent
2022-08-25T04:23:46Z [chat] Klee: Woah! It is a slime!  (ﾉ>ω<)ﾉ  Klee has counted 25 slimes for Vent!
2022-08-25T04:28:38Z [chat] Ioni: D: my bad i did wait for 3 minutes but still only 11
2022-08-25T04:29:36Z [chat] Ioni: <@&887894985398157363> me
2022-08-25T04:29:36Z [chat] Klee: Woah! It is a slime!  (ﾉ>ω<)ﾉ  Klee has counted 8 slimes for Ioni!
2022-08-25T04:33:26Z [chat] Kenshin: ded 12
2022-08-25T04:40:42Z [chat] Leofarr: <@&887894985398157363>  <@509805857425588224>
2022-08-25T04:40:42Z [chat] Klee: Woah! It is a slime!  (ﾉ>ω<)ﾉ  Klee has counted 34 slimes for Kenshin!
2022-08-25T04:42:35Z [chat] Kenshin: Des?
2022-08-25T04:42:38Z [chat] Kenshin: Ded?
2022-08-25T04:42:45Z [chat] Kenshin: Im not in it
2022-08-25T04:42:49Z [chat] Kenshin: Cant see
2022-08-25T04:43:27Z [chat] DoujinKAMI: 
2022-08-25T04:43:33Z [chat] Leofarr: oof
2022-08-25T04:43:33Z [chat] Kenshin: <@312642855330119681>
2022-08-25T04:43:54Z [chat] Tatumi: Yes 12/20
2022-08-25T04:46:21Z [chat] Dostic: Burned my toast and didnt pause slime :(
Sorry
2022-08-25T04:47:04Z [chat] Kenshin: <:slimeknife:887947273139519488>
2022-08-25T04:59:41Z [chat] Gold Hunter: That's the worst when you can't get in your own slime... I missed it too!
2022-08-25T05:27:17Z [chat] Odyn: <@&887894985398157363> me
2022-08-25T05:27:17Z [chat] Klee: Woah! It is a slime!  (ﾉ>ω<)ﾉ  Klee has counted 3 slimes for Odyn!
2022-08-25T05:42:33Z [chat] esyw: Just wondering sometimes, how can one enter the slime but forget to pause? Isn't it just another click? Haha
2022-08-25T05:51:05Z [chat] variant-*: Long wait time from entering to actually can pause means: distraction, either urgent or not, can easily sneak in. Most of us multitask, I assume.
2022-08-25T05:56:21Z [chat] Spike/Chitoge: <@&887894985398157363> me
2022-08-25T05:56:22Z [chat] Klee: Woah! It is a slime!  (ﾉ>ω<)ﾉ  Klee has counted 1 slimes for Spike/Chitoge!
2022-08-25T05:56:40Z [chat] Spike/Chitoge: was from a ticket this season sucks lol
2022-08-25T05:58:02Z [chat] Neostep(id:bqwr8ircu6sc): <@&887894985398157363> me
2022-08-25T05:58:02Z [chat] Klee: Woah! It is a slime!  (ﾉ>ω<)ﾉ  Klee has counted 1 slimes for Neostep!
2022-08-25T05:58:16Z [chat] esyw: Anyone in there?
2022-08-25T05:58:42Z [chat] Neostep(id:bqwr8ircu6sc): yeah i say 1 person before i got in
2022-08-25T05:59:56Z [chat] esyw: Ded
2022-08-25T06:00:00Z [chat] Gold Hunter: didn't see the second slime
2022-08-25T06:00:05Z [chat] esyw: Yah
2022-08-25T06:00:09Z [chat] Gold Hunter: full or killed?
2022-08-25T06:01:18Z [chat] esyw: Not sure
2022-08-25T06:03:35Z [chat] esyw: When kenshin not here noone lead us when double slime haha
2022-08-25T06:04:04Z [chat] Leofarr: lol
2022-08-25T06:28:14Z [chat] PlainDoe: <@&887894985398157363> me!
2022-08-25T06:28:14Z [chat] Klee: Woah! It is a slime!  (ﾉ>ω<)ﾉ  Klee has counted 14 slimes for PlainDoe!
2022-08-25T06:29:35Z [chat] esyw: 28
2022-08-25T06:29:38Z [chat] esyw: 18
2022-08-25T06:31:59Z [chat] PlainDoe: Fulded
2022-08-25T06:33:04Z [chat] Pengest: <@&887894985398157363>  me
2022-08-25T06:33:05Z [chat] Klee: Woah! It is a slime!  (ﾉ>ω<)ﾉ  Klee has counted 6 slimes for Pengest!
2022-08-25T06:36:30Z [chat] esyw: Ded
2022-08-25T07:05:47Z [chat] Cats On Mars: <@&887894985398157363> me
2022-08-25T07:05:48Z [chat] Klee: Woah! It is a slime!  (ﾉ>ω<)ﾉ  Klee has counted 4 slimes for Cats On Mars!
2022-08-25T07:12:34Z [chat] Vent (Aile): <@&887894985398157363> aile
2022-08-25T07:12:35Z [chat] Klee: Woah! It is a slime!  (ﾉ>ω<)ﾉ  Klee has counted 9 slimes for aile!
2022-08-25T07:15:53Z [chat] Pengest: 11
2022-08-25T07:22:34Z [chat] Pengest: <@&887894985398157363> <@591897303573331978>
2022-08-25T07:22:35Z [chat] Klee: Woah! It is a slime!  (ﾉ>ω<)ﾉ  Klee has counted 3 slimes for Evian!
2022-08-25T07:23:34Z [chat] Tedo: gawn
2022-08-25T07:24:11Z [chat] Pengest: 
2022-08-25T07:34:45Z [chat] Pengest: <@&887894985398157363>  me
2022-08-25T07:34:45Z [chat] Klee: Woah! It is a slime!  (ﾉ>ω<)ﾉ  Klee has counted 7 slimes for Pengest!
2022-08-25T07:46:14Z [chat] Pengest: <@&887894985398157363>  <@120428736637173760>
2022-08-25T07:46:14Z [chat] Klee: Woah! It is a slime!  (ﾉ>ω<)ﾉ  Klee has counted 37 slimes for traffyboi!
2022-08-25T07:47:58Z [chat] Zerefsis: gone
2022-08-25T07:48:05Z [chat] Ophianne: Zoomed
2022-08-25T07:48:07Z [chat] Ophianne: Who
2022-08-25T07:48:50Z [chat] Zerefsis: maybe it was full, traf is also in another slime group
2022-08-25T07:49:06Z [chat] Ophianne: Eeeee
2022-08-25T07:49:23Z [chat] Pengest: 
2022-08-25T07:49:31Z [chat] Pengest: List to long haha
2022-08-25T07:49:47Z [chat] Zerefsis: was it full?
2022-08-25T07:50:04Z [chat] Pengest: 15
2022-08-25T07:50:28Z [chat] Zerefsis: then it was zoomed <:pepeCry:888004889354047559>
2022-08-25T09:22:25Z [chat] Dan: <@&887894985398157363> <@207111511410212865>
2022-08-25T09:22:25Z [chat] Klee: Woah! It is a slime!  (ﾉ>ω<)ﾉ  Klee has counted 4 slimes for Moss!
2022-08-25T11:05:06Z [chat] PlainDoe: <@&887894985398157363> tatumi
2022-08-25T11:05:06Z [chat] Klee: Woah! It is a slime!  (ﾉ>ω<)ﾉ  Klee has counted 11 slimes for Tatumi!
2022-08-25T11:07:55Z [chat] Ophianne: Oops i zoomed OTL
2022-08-25T11:16:42Z [chat] donuts: <@&887894985398157363> me
2022-08-25T11:16:43Z [chat] Klee: Woah! It is a slime!  (ﾉ>ω<)ﾉ  Klee has counted 26 slimes for donuts!
2022-08-25T11:17:58Z [chat] Kenshin: 11
2022-08-25T11:20:46Z [chat] Kenshin: Ded go
2022-08-25T11:24:36Z [chat] Vent (Aile): <@&887894985398157363> vent
2022-08-25T11:24:36Z [chat] Klee: Woah! It is a slime!  (ﾉ>ω<)ﾉ  Klee has counted 26 slimes for Vent!
2022-08-25T11:24:56Z [chat] donuts: !top_three
2022-08-25T11:24:57Z [chat] Klee: The current first is ['traffyboi'] with 37 slimes! Second is ['Kenshin'] with 34 slimes, and third is ['Vent', 'donuts'] with 26 slimes! They are the best! ⁽⁽٩(๑˃̶͈̀ ᗨ ˂̶͈́)۶⁾⁾
2022-08-25T11:28:29Z [chat] Kenshin: Wow. Dry night
2022-08-25T11:28:41Z [chat] donuts: i didn't get anything overnight
2022-08-25T11:29:33Z [chat] Kenshin: Looks like dry in general
2022-08-25T11:39:49Z [chat] mUmU: <@&887894985398157363> <@926128198574547024>
2022-08-25T11:39:51Z [chat] Klee: Woah! It is a slime!  (ﾉ>ω<)ﾉ  Klee has counted 4 slimes for GoldHunter!
2022-08-25T11:39:58Z [chat] mUmU: Some rando in
2022-08-25T11:40:13Z [chat] Kenshin: Notuing
2022-08-25T11:40:14Z [chat] Kenshin: Ded
2022-08-25T11:40:15Z [chat] rocketeer: don't see
2022-08-25T11:40:22Z [chat] Kenshin: <:HyperREE:888088123781820477>
2022-08-25T11:40:42Z [chat] Kenshin: Remove that rando
2022-08-25T11:41:31Z [chat] mUmU: 
2022-08-25T12:35:17Z [chat] rocketeer: <@&887894985398157363> zero
2022-08-25T12:35:18Z [chat] Klee: Woah! It is a slime!  (ﾉ>ω<)ﾉ  Klee has counted 10 slimes for zero00!
2022-08-25T12:37:34Z [chat] || eph || booyah ||: gone
2022-08-25T13:02:19Z [chat] Tachii: <@&887894985398157363> me
2022-08-25T13:02:19Z [chat] Klee: Woah! It is a slime!  (ﾉ>ω<)ﾉ  Klee has counted 17 slimes for Tachii!
2022-08-25T13:03:36Z [chat] Kenshin: Fill go
2022-08-25T13:03:38Z [chat] Kenshin: Full
2022-08-25T13:33:42Z [chat] Tock: <@&887894985398157363> aile
2022-08-25T13:33:43Z [chat] Klee: Woah! It is a slime!  (ﾉ>ω<)ﾉ  Klee has counted 10 slimes for aile!
2022-08-25T13:33:59Z [chat] Vent (Aile): also zero
2022-08-25T13:34:00Z [chat] || eph || booyah ||: zero too
2022-08-25T13:34:19Z [chat] || eph || booyah ||: i think i'm in zero's
2022-08-25T13:34:21Z [chat] || eph || booyah ||: >.<
2022-08-25T13:34:27Z [chat] || eph || booyah ||: pause
2022-08-25T13:34:33Z [chat] zero00: <@&887894985398157363> me
2022-08-25T13:34:33Z [chat] Klee: Woah! It is a slime!  (ﾉ>ω<)ﾉ  Klee has counted 11 slimes for zero00!
2022-08-25T13:35:04Z [chat] Vent (Aile): killing ailes
2022-08-25T13:35:31Z [chat] Vent (Aile): lol zeros full
2022-08-25T13:35:45Z [chat] Thaelon: both are gone
2022-08-25T13:36:07Z [chat] Zerefsis: <:pepeCry:888004889354047559>
2022-08-25T13:40:16Z [chat] Vent (Aile): <@&887894985398157363> variant
2022-08-25T13:40:16Z [chat] Klee: Woah! It is a slime!  (ﾉ>ω<)ﾉ  Klee has counted 2 slimes for virant (Variant-1)!
2022-08-25T13:46:43Z [chat] Thaelon: <@&887894985398157363> tat
2022-08-25T13:46:44Z [chat] Klee: Woah! It is a slime!  (ﾉ>ω<)ﾉ  Klee has counted 12 slimes for Tatumi!
2022-08-25T13:46:53Z [chat] Thaelon: rando possibly in
2022-08-25T13:46:57Z [chat] Tock: 
2022-08-25T13:49:01Z [chat] Tachii: ded
2022-08-25T13:50:18Z [chat] donuts: not sure if it was zoomed but holy and mempy killed first
2022-08-25T13:50:45Z [chat] Tachii: ye
2022-08-25T13:50:48Z [chat] Kenshin: I turned sound off to watch ads forgot to tirn it back on. Missed 3 slimes
2022-08-25T13:50:53Z [chat] Thaelon: wrawrawra was the rando I saw and he's still going
2022-08-25T13:50:56Z [chat] Kenshin: <:topkek:887923315342213142>
2022-08-25T14:11:28Z [chat] GonBu: <@&887915507804692511> <@465942228791984149>
2022-08-25T14:11:29Z [chat] Klee: Woah! It is a slime!  (ﾉ>ω<)ﾉ  Klee has counted 3 slimes for GonBu!
2022-08-25T14:11:54Z [chat] donuts: dead?
2022-08-25T14:12:18Z [chat] donuts: unless i don't have you on fl
2022-08-25T14:12:22Z [chat] Tachii: check if u actually have him lul
2022-08-25T14:12:42Z [chat] donuts: thought i did, but guess i don't
2022-08-25T14:12:58Z [chat] Vent (Aile): <@&887894985398157363> vent
2022-08-25T14:12:59Z [chat] GonBu: I'm friendless+no bitches
2022-08-25T14:13:00Z [chat] Klee: Woah! It is a slime!  (ﾉ>ω<)ﾉ  Klee has counted 27 slimes for Vent!
2022-08-25T14:13:02Z [chat] GonBu: <:sadge:887936601915797525>
2022-08-25T14:13:52Z [chat] Vent (Aile): !top_three
2022-08-25T14:13:52Z [chat] Klee: The current first is ['traffyboi'] with 37 slimes! Second is ['Kenshin'] with 34 slimes, and third is ['Vent'] with 27 slimes! They are the best! ⁽⁽٩(๑˃̶͈̀ ᗨ ˂̶͈́)۶⁾⁾
2022-08-25T14:13:59Z [chat] Vent (Aile): <:02ded:888123262373101569>
2022-08-25T14:14:25Z [chat] Tachii: !sself
2022-08-25T14:14:25Z [chat] Klee: Klee knows that you have summoned 17 slimes so far this season! You are the best!
2022-08-25T14:14:27Z [chat] Vent (Aile): traff went from 5 behind to 10 above
2022-08-25T14:14:45Z [chat] Tachii: damn im actually summoning a lotta slimes tbh
2022-08-25T14:14:46Z [chat] donuts: Ah vent pulled ahead
2022-08-25T14:14:53Z [chat] Dan: 19th in vent
2022-08-25T14:14:53Z [chat] donuts: !sself
2022-08-25T14:14:53Z [chat] Klee: Klee knows that you have summoned 26 slimes so far this season! You are the best!
2022-08-25T14:15:04Z [chat] GonBu: !sself
2022-08-25T14:15:04Z [chat] Klee: Klee knows that you have summoned 3 slimes so far this season! You are the best!
2022-08-25T14:15:10Z [chat] Kenshin: Donuts closing in
2022-08-25T14:15:13Z [chat] GonBu: Damn, I'm proud, 3 slimes
2022-08-25T14:15:14Z [chat] donuts: Always destined to be 4th
2022-08-25T14:15:40Z [chat] Tachii: ded
2022-08-25T14:15:51Z [chat] GonBu: Just get more lucky, ez
2022-08-25T14:32:48Z [chat] || eph || booyah ||: <@&887894985398157363> eph
2022-08-25T14:32:48Z [chat] Klee: Woah! It is a slime!  (ﾉ>ω<)ﾉ  Klee has counted 4 slimes for eph || booyah!
2022-08-25T14:34:18Z [chat] Tachii: fuledd
2022-08-25T15:20:01Z [chat] || eph || booyah ||: <@&887894985398157363> tatu
2022-08-25T15:20:02Z [chat] Klee: Woah! It is a slime!  (ﾉ>ω<)ﾉ  Klee has counted 13 slimes for Tatumi!
2022-08-25T15:48:05Z [chat] Kenshin: <@&887894985398157363> gold
2022-08-25T15:48:06Z [chat] Klee: Woah! It is a slime!  (ﾉ>ω<)ﾉ  Klee has counted 5 slimes for GoldHunter!
2022-08-25T15:51:57Z [chat] || eph || booyah ||: 19ded
2022-08-25T15:52:22Z [chat] Collin: <@&887894985398157363> me
2022-08-25T15:52:23Z [chat] Klee: Woah! It is a slime!  (ﾉ>ω<)ﾉ  Klee has counted 4 slimes for Collin!
2022-08-25T16:00:24Z [chat] Tatumi: <@&887894985398157363> ME
2022-08-25T16:00:25Z [chat] Klee: Woah! It is a slime!  (ﾉ>ω<)ﾉ  Klee has counted 14 slimes for Tatumi!
2022-08-25T16:00:54Z [chat] || eph || booyah ||: pinged 15sec before my next ticket <:ayyyfroge:686930028444778506>
2022-08-25T16:02:39Z [chat] Dostic: full
2022-08-25T16:27:49Z [chat] traffyboi: <@&887894985398157363> me
2022-08-25T16:27:50Z [chat] Klee: Woah! It is a slime!  (ﾉ>ω<)ﾉ  Klee has counted 38 slimes for traffyboi!
2022-08-25T16:28:52Z [chat] Vent (Aile): full
2022-08-25T16:29:04Z [chat] Tedo: ded
2022-08-25T16:47:58Z [chat] Dostic: <@&887894985398157363> me
2022-08-25T16:47:59Z [chat] Klee: Woah! It is a slime!  (ﾉ>ω<)ﾉ  Klee has counted 5 slimes for Dostic!
2022-08-25T16:50:24Z [chat] Kenshin: Full ded
2022-08-25T17:02:45Z [chat] variant-*: I'll add some past missing counts. Only a few left, you guys are great.
2022-08-25T17:03:03Z [add] variant-*: 1 tachii
2022-08-25T17:03:04Z [chat] variant-*: !add 1 tachii
2022-08-25T17:03:04Z [chat] Klee: Klee has added a slime to Tachii! The number of slimes Tachii has summoned has gone from 17 to 18
2022-08-25T17:03:15Z [add] variant-*: 1 vent
2022-08-25T17:03:15Z [chat] variant-*: !add 1 vent
2022-08-25T17:03:15Z [chat] Klee: Klee has added a slime to Vent! The number of slimes Vent has summoned has gone from 27 to 28
2022-08-25T17:03:41Z [add] variant-*: 1 tachii
2022-08-25T17:03:41Z [chat] variant-*: !add 1 tachii
2022-08-25T17:03:41Z [chat] Klee: Klee has added a slime to Tachii! The number of slimes Tachii has summoned has gone from 18 to 19
2022-08-25T17:05:38Z [chat] variant-*: Mumu's ping was for kenshin's slime (https://discord.com/channels/887892391317606491/887894832708730881/1011865050694291486).
So I will correct this count.
2022-08-25T17:05:50Z [add] variant-*: -1 mumu
2022-08-25T17:05:50Z [chat] variant-*: !add -1 mumu
2022-08-25T17:05:50Z [chat] Klee: Klee has added a slime to mUmU! The number of slimes mUmU has summoned has gone from 4 to 3
2022-08-25T17:05:59Z [add] variant-*: 1 kenshin
2022-08-25T17:05:59Z [chat] variant-*: !add 1 kenshin
2022-08-25T17:05:59Z [chat] Klee: Klee has added a slime to Kenshin! The number of slimes Kenshin has summoned has gone from 34 to 35
2022-08-25T17:06:15Z [chat] variant-*: All done!
2022-08-25T17:06:19Z [chat] variant-*: !top_three
2022-08-25T17:06:19Z [chat] Klee: The current first is ['traffyboi'] with 38 slimes! Second is ['Kenshin'] with 35 slimes, and third is ['Vent'] with 28 slimes! They are the best! ⁽⁽٩(๑˃̶͈̀ ᗨ ˂̶͈́)۶⁾⁾
2022-08-25T17:07:43Z [chat] Kenshin: <:1010:887934359909330994>
2022-08-25T17:11:41Z [chat] traffyboi: damn good catch, not sure why i messed that up <:braindeadfroge:707694825406726194>
2022-08-25T17:12:04Z [chat] Kenshin: I know why
2022-08-25T17:12:08Z [chat] Kenshin: <:megafroge:893992982456451133>
2022-08-25T17:12:25Z [chat] Kenshin: (Jk)
2022-08-25T17:13:15Z [chat] traffyboi: <:blobsweatsip:759934644807401512>
2022-08-25T17:14:17Z [chat] Ophianne: @ultra variant
2022-08-25T17:15:07Z [chat] Kenshin: <@&887894985398157363> variant
2022-08-25T17:15:09Z [chat] Klee: Woah! It is a slime!  (ﾉ>ω<)ﾉ  Klee has counted 3 slimes for virant (Variant-1)!
2022-08-25T17:15:35Z [chat] || eph || booyah ||: 15th
2022-08-25T17:17:19Z [chat] Gold Hunter: Dead. I killed it at 2 mins sry
2022-08-25T17:55:21Z [chat] esyw: <@&887894985398157363> vent
2022-08-25T17:55:22Z [chat] Klee: Woah! It is a slime!  (ﾉ>ω<)ﾉ  Klee has counted 29 slimes for Vent!
2022-08-25T17:56:56Z [chat] mUmU: 19th
2022-08-25T17:58:46Z [chat] DoujinKAMI: fullded
2022-08-25T18:26:25Z [chat] variant-*: Found a slime in slayer tab <:monkaS:889254939946254366>
2022-08-25T18:26:59Z [chat] Thaelon: <@&887894985398157363> link
2022-08-25T18:27:01Z [chat] Klee: Woah! It is a slime!  (ﾉ>ω<)ﾉ  Klee has counted 9 slimes for Link2D3atH!
2022-08-25T18:45:57Z [chat] Tatumi: <@&887894985398157363> ME
2022-08-25T18:45:59Z [chat] Klee: Woah! It is a slime!  (ﾉ>ω<)ﾉ  Klee has counted 15 slimes for Tatumi!
2022-08-25T18:47:39Z [chat] donuts: 18th
2022-08-25T19:09:19Z [chat] Thaelon: <@&887894985398157363> traff
2022-08-25T19:09:21Z [chat] Klee: Woah! It is a slime!  (ﾉ>ω<)ﾉ  Klee has counted 39 slimes for traffyboi!
2022-08-25T19:09:56Z [chat] mUmU: 15th
2022-08-25T19:11:22Z [chat] traffyboi: fullded
2022-08-25T19:21:28Z [chat] zero00: <@&887894985398157363> thaelon
2022-08-25T19:21:28Z [chat] Klee: Woah! It is a slime!  (ﾉ>ω<)ﾉ  Klee has counted 11 slimes for Thaelon!
2022-08-25T19:22:12Z [chat] Zerefsis: Today was a very lucrative slime day
2022-08-25T19:22:37Z [chat] traffyboi: <:yummy:887929818639913011>
2022-08-25T19:22:44Z [chat] DoujinKAMI: idk yesterday was kinda crazy
2022-08-25T19:22:57Z [chat] DoujinKAMI: couldnt finish my lunch
2022-08-25T19:23:00Z [chat] traffyboi: zeref timezone prolly diff from urs
2022-08-25T19:23:13Z [chat] traffyboi: your yesterday might be part of his today
2022-08-25T19:23:26Z [chat] DoujinKAMI: true i didnt consider
2022-08-25T19:23:38Z [chat] traffyboi: im just makin shit up, i have no clue
2022-08-25T19:23:42Z [chat] traffyboi: <:lul:549873959517028352>
2022-08-25T19:24:14Z [chat] Zerefsis: Yeah something like that <:daviOK:887930625900830721>
2022-08-25T19:24:36Z [chat] Zerefsis: I haven’t slept much so today means the last 40h
2022-08-25T19:25:00Z [chat] Zerefsis: jk<:feelspainman:887929815347367948>
2022-08-25T19:25:04Z [chat] Thaelon: true slime commitment I like it
2022-08-25T19:25:38Z [chat] traffyboi: <:FeelsTiredAF:585816702697340940>
2022-08-25T19:29:23Z [chat] donuts: Today very lucrative gambler day for me
2022-08-25T19:29:55Z [chat] traffyboi: <:feelsInteresting:755698209363329054>
2022-08-25T19:31:15Z [chat] donuts: gambler anemone
2022-08-25T19:37:44Z [chat] Tedo: <@&887894985398157363> vent
2022-08-25T19:37:45Z [chat] Klee: Woah! It is a slime!  (ﾉ>ω<)ﾉ  Klee has counted 30 slimes for Vent!
2022-08-25T19:38:23Z [chat] donuts: Vent noooo!
2022-08-25T19:38:27Z [chat] mUmU: 16th
2022-08-25T19:38:27Z [chat] donuts: !top_three
2022-08-25T19:38:27Z [chat] Klee: The current first is ['traffyboi'] with 39 slimes! Second is ['Kenshin'] with 35 slimes, and third is ['Vent'] with 30 slimes! They are the best! ⁽⁽٩(๑˃̶͈̀ ᗨ ˂̶͈́)۶⁾⁾
2022-08-25T19:38:33Z [chat] donuts: !sself
2022-08-25T19:38:33Z [chat] Klee: Klee knows that you have summoned 26 slimes so far this season! You are the best!
2022-08-25T19:38:43Z [chat] donuts: leaving me in the dust.]
2022-08-25T19:40:28Z [chat] Kenshin: Fulded
2022-08-25T19:44:10Z [chat] traffyboi: <@&887894985398157363> zero
2022-08-25T19:44:11Z [chat] Klee: Woah! It is a slime!  (ﾉ>ω<)ﾉ  Klee has counted 12 slimes for zero00!
2022-08-25T19:49:41Z [chat] Kenshin: <@&887894985398157363> zero again
2022-08-25T19:49:42Z [chat] zero00: <@&887894985398157363> me
2022-08-25T19:49:42Z [chat] Klee: Woah! It is a slime!  (ﾉ>ω<)ﾉ  Klee has counted 13 slimes for zero00!
2022-08-25T19:49:43Z [chat] Klee: Woah! It is a slime!  (ﾉ>ω<)ﾉ  Klee has counted 14 slimes for zero00!
2022-08-25T19:49:54Z [add] zero00: -1 me
2022-08-25T19:49:54Z [chat] zero00: !add -1 me
2022-08-25T19:49:54Z [chat] Klee: Klee has added a slime to zero00! The number of slimes zero00 has summoned has gone from 14 to 13
2022-08-25T19:50:06Z [chat] || eph || booyah ||: 10th
2022-08-25T19:52:46Z [chat] Zerefsis: Fullded
2022-08-25T21:10:24Z [chat] zero00: <@&887894985398157363> tat
2022-08-25T21:10:27Z [chat] Klee: Woah! It is a slime!  (ﾉ>ω<)ﾉ  Klee has counted 16 slimes for Tatumi!
2022-08-25T21:13:30Z [chat] Kenshin: Tatumi how much gold u got
2022-08-25T21:14:49Z [chat] || eph || booyah ||: threeve
2022-08-25T21:15:23Z [chat] Tatumi: 
2022-08-25T21:17:53Z [chat] Kenshin: <:kekwait:887896407103664138>
2022-08-25T21:17:54Z [chat] traffyboi: like 1-2 more ragnas and you'll be at a billion
2022-08-25T21:18:02Z [chat] Kenshin: 1billion is gold cap
2022-08-25T21:18:05Z [chat] Kenshin: So
2022-08-25T21:18:12Z [chat] Kenshin: Ull be there next raid
2022-08-25T21:18:18Z [chat] traffyboi: let us know when you reach it <:JabbaKek:887916458309451796>
2022-08-25T21:18:40Z [chat] Kenshin: I guess he doesnt hoard bgs
2022-08-25T21:18:41Z [chat] Kenshin: <:JabbaKek:887916458309451796>
2022-08-25T21:18:58Z [chat] traffyboi: damn i didn't even notice the stam
2022-08-25T21:19:10Z [chat] traffyboi: <a:aworryGibNow:435794681503285248>
2022-08-25T21:19:18Z [chat] Kenshin: I have more onyx than him at least
2022-08-25T21:19:23Z [chat] Kenshin: <:Hephlaugh:887924849148829696>
2022-08-25T21:19:33Z [chat] traffyboi: but did you before buying that summer pack
2022-08-25T21:19:42Z [chat] Tatumi: <:topkek:887923315342213142> <:topkek:887923315342213142>
2022-08-25T21:19:51Z [chat] Tatumi: No
2022-08-25T21:20:03Z [chat] traffyboi: lol i was asking kenshin
2022-08-25T21:20:18Z [chat] traffyboi: you should buy it, 15 million gold closer to the cap <:huaji:887909354018316298>
2022-08-25T21:21:17Z [chat] donuts: Waaaat
2022-08-25T21:21:46Z [chat] Kenshin: Donuts didnt know
2022-08-25T21:21:48Z [chat] Kenshin: <:smug1:887925741839351858>
2022-08-25T21:21:53Z [chat] traffyboi: <:keklul:887934339680206858>
2022-08-25T21:22:06Z [chat] donuts: It's just chillin there
2022-08-25T21:22:28Z [chat] donuts: All those xtals. gold. onyx. Just chillin there
2022-08-25T21:22:31Z [chat] traffyboi: https://discord.com/channels/887892391317606491/887892391804153877/955834525668229160
2022-08-25T21:22:39Z [chat] traffyboi: <:topkek:887923315342213142>
2022-08-25T21:22:43Z [chat] Kenshin: I have 11.5 so yes id still have more than him
2022-08-25T21:22:46Z [chat] Kenshin: <:Hephlaugh:887924849148829696>
2022-08-25T21:22:53Z [chat] traffyboi: <:kekwait:887896407103664138>
2022-08-25T21:23:02Z [chat] traffyboi: damn that's a lot
2022-08-25T21:23:46Z [chat] traffyboi: i got 10mil, so i wouldn't have
2022-08-25T21:24:15Z [chat] Gold Hunter: omg he has 2 million crystals???? wtf????????????????
2022-08-25T21:24:28Z [chat] Kenshin: <:smug1:887925741839351858>
2022-08-25T21:24:37Z [chat] traffyboi: https://discord.com/channels/887892391317606491/887894832708730881/1012472066114592889
2022-08-25T21:24:41Z [chat] traffyboi: lol
2022-08-25T21:24:47Z [chat] Kenshin: This gonna trigger lota new folks
2022-08-25T21:24:51Z [chat] Kenshin: <:smug1:887925741839351858>
2022-08-25T21:24:54Z [chat] traffyboi: <:kekw:674563315699154944>
2022-08-25T21:25:33Z [chat] Gold Hunter: lol damn.. the noobiness just oozes outta all of my comments doesn't it
2022-08-25T21:25:55Z [chat] Kenshin: Nah. Tatumi is an exception rather than the norm
2022-08-25T21:26:13Z [chat] Kenshin: Other than LT i don’t know anyone who’d have more xtals than tatumi
2022-08-25T21:26:39Z [chat] Gold Hunter: sweet mother of god...
2022-08-25T21:29:16Z [chat] Tatumi: Who is LT?
2022-08-25T21:29:29Z [chat] Kenshin: Laotie101
2022-08-25T21:29:33Z [chat] Kenshin: A whale
2022-08-25T21:29:42Z [chat] Tatumi: Ok
2022-08-25T21:38:07Z [chat] Tatumi: <@&887894985398157363> ME
2022-08-25T21:38:08Z [chat] Klee: Woah! It is a slime!  (ﾉ>ω<)ﾉ  Klee has counted 17 slimes for Tatumi!
2022-08-25T21:38:31Z [chat] G̷̉̕u̷͑̚ǹ̴̕ẗ̴̕ḧ̵̏e̴͆́ṙ̵͝: i saw another one
2022-08-25T21:38:33Z [chat] rocketeer: link has one. 1 in
2022-08-25T21:38:34Z [chat] mUmU: link
2022-08-25T21:38:34Z [chat] G̷̉̕u̷͑̚ǹ̴̕ẗ̴̕ḧ̵̏e̴͆́ṙ̵͝: link?
2022-08-25T21:38:35Z [chat] Tedo: don’t ping link’s
2022-08-25T21:38:35Z [chat] mUmU: one in
2022-08-25T21:38:38Z [chat] traffyboi: o no
2022-08-25T21:38:38Z [chat] Zerefsis: <@&887894985398157363> link
2022-08-25T21:38:38Z [chat] Klee: Woah! It is a slime!  (ﾉ>ω<)ﾉ  Klee has counted 10 slimes for Link2D3atH!
2022-08-25T21:38:42Z [chat] Thaelon: zoom tat wait for link
2022-08-25T21:38:42Z [chat] traffyboi: idk whose im in
2022-08-25T21:38:42Z [chat] Tedo: goddamnit
2022-08-25T21:38:42Z [chat] Zerefsis: 1 in
2022-08-25T21:38:42Z [chat] traffyboi: lol
2022-08-25T21:38:43Z [chat] G̷̉̕u̷͑̚ǹ̴̕ẗ̴̕ḧ̵̏e̴͆́ṙ̵͝: lol too late
2022-08-25T21:38:51Z [chat] Zerefsis: Glass is in links
2022-08-25T21:39:09Z [chat] traffyboi: ima just chill lol, don't wanna zoom wrong one
2022-08-25T21:39:11Z [chat] Tedo: more in tat’s i think
2022-08-25T21:39:20Z [chat] mUmU: tat ded 15
2022-08-25T21:39:22Z [chat] Tedo: i was 4th in tats
2022-08-25T21:39:25Z [chat] Tedo: well duck
2022-08-25T21:39:33Z [chat] Thaelon: link still avail
2022-08-25T21:39:34Z [chat] mUmU: 8th in link
2022-08-25T21:39:49Z [chat] Kenshin: Chat always fun during doubles
2022-08-25T21:39:52Z [chat] Kenshin: <:smug1:887925741839351858>
2022-08-25T21:40:01Z [chat] G̷̉̕u̷͑̚ǹ̴̕ẗ̴̕ḧ̵̏e̴͆́ṙ̵͝: <a:nyanrunning:776936194990407680>
2022-08-25T21:40:09Z [chat] G̷̉̕u̷͑̚ǹ̴̕ẗ̴̕ḧ̵̏e̴͆́ṙ̵͝: got both baby
2022-08-25T21:40:11Z [chat] Zerefsis: Tat dead forgot to check if traf is in
2022-08-25T21:40:17Z [chat] Tedo: 14th in link
2022-08-25T21:40:28Z [chat] Kenshin: 1 more min
2022-08-25T21:40:37Z [chat] DoujinKAMI: its gone
2022-08-25T21:40:43Z [chat] DoujinKAMI: i missed it
2022-08-25T21:41:11Z [chat] traffyboi: damn i was in tatumi's
2022-08-25T21:41:19Z [chat] Kenshin: 
2022-08-25T21:41:48Z [chat] Link2D3atH: I just yeet glass
2022-08-25T21:42:05Z [chat] Zerefsis: I thought he quit
2022-08-25T21:42:13Z [chat] traffyboi: back b/c of LL
2022-08-25T21:42:25Z [chat] traffyboi: (i think)
2022-08-25T21:42:27Z [chat] Link2D3atH: he was out for like 2 months
2022-08-25T21:42:28Z [chat] traffyboi: who knows for how long tho
2022-08-25T21:42:37Z [chat] Link2D3atH: but he just came back
2022-08-25T22:54:09Z [chat] Leofarr: <@&887894985398157363>  me
2022-08-25T22:54:10Z [chat] Klee: Woah! It is a slime!  (ﾉ>ω<)ﾉ  Klee has counted 4 slimes for Leofarr!
2022-08-25T22:56:28Z [chat] Apeks: Full
2022-08-25T23:24:11Z [chat] Vent (Aile): <@&887894985398157363> vent
2022-08-25T23:24:12Z [chat] Klee: Woah! It is a slime!  (ﾉ>ω<)ﾉ  Klee has counted 31 slimes for Vent!
2022-08-25T23:27:38Z [chat] Vent (Aile): !top_three
2022-08-25T23:27:38Z [chat] Klee: The current first is ['traffyboi'] with 39 slimes! Second is ['Kenshin'] with 35 slimes, and third is ['Vent'] with 31 slimes! They are the best! ⁽⁽٩(๑˃̶͈̀ ᗨ ˂̶͈́)۶⁾⁾
2022-08-25T23:46:40Z [chat] Ioni: <@&887894985398157363> me
2022-08-25T23:46:43Z [chat] Klee: Woah! It is a slime!  (ﾉ>ω<)ﾉ  Klee has counted 9 slimes for Ioni!
2022-08-25T23:48:57Z [chat] mUmU: 16th
2022-08-25T23:50:08Z [chat] Kenshin: 18ded
2022-08-25T23:56:57Z [chat] || eph || booyah ||: <@&887894985398157363> ain
2022-08-25T23:56:57Z [chat] Klee: Woah! It is a slime!  (ﾉ>ω<)ﾉ  Klee has counted 15 slimes for PlainDoe!
2022-08-25T23:57:11Z [add] || eph || booyah ||: -1 plaind
2022-08-25T23:57:11Z [chat] || eph || booyah ||: !add -1 plaind
2022-08-25T23:57:12Z [chat] Klee: Klee has added a slime to PlainDoe! The number of slimes PlainDoe has summoned has gone from 15 to 14
2022-08-25T23:57:16Z [chat] Kenshin: nothing
2022-08-25T23:57:17Z [add] || eph || booyah ||: 1 aint
2022-08-25T23:57:17Z [chat] || eph || booyah ||: !add 1 aint
2022-08-25T23:57:17Z [chat] Klee: Klee has added a slime to Ainthe! The number of slimes Ainthe has summoned has gone from 1 to 2
2022-08-25T23:57:17Z [chat] Kenshin: ded
