2022-08-22T12:04:15Z Bot is starting up...
2022-08-22T12:04:17Z Bot is ready.
2022-08-22T12:37:02Z [chat] Tachii: <@&887894985398157363> me
2022-08-22T12:37:03Z [chat] Klee: Woah! It is a slime!  (ﾉ>ω<)ﾉ  Klee has counted 8 slimes for Tachii!
2022-08-22T12:37:57Z [chat] || eph || booyah ||: 16th
2022-08-22T12:41:26Z [chat] Tachii: <@&887894985398157363> me again
2022-08-22T12:41:27Z [chat] Klee: Woah! It is a slime!  (ﾉ>ω<)ﾉ  Klee has counted 9 slimes for Tachii!
2022-08-22T12:42:05Z [chat] esyw: On fire
2022-08-22T12:42:26Z [chat] || eph || booyah ||: 17th
2022-08-22T12:42:53Z [chat] Tachii: Need to be doing speed rankings :tired:
2022-08-22T12:44:11Z [chat] Kenshin: Ded
2022-08-22T13:14:48Z [chat] Tatumi: <@&887894985398157363> ME
2022-08-22T13:14:48Z [chat] Klee: Woah! It is a slime!  (ﾉ>ω<)ﾉ  Klee has counted 5 slimes for Tatumi!
2022-08-22T13:16:41Z [chat] Pengest: 17
2022-08-22T13:16:48Z [chat] PlainDoe: Full go!
2022-08-22T13:33:50Z [chat] Foxcolt: <@&887894985398157363> me
2022-08-22T13:33:51Z [chat] Klee: Woah! It is a slime!  (ﾉ>ω<)ﾉ  Klee has counted 2 slimes for Foxcolt!
2022-08-22T13:34:54Z [chat] variant-*: 14th
2022-08-22T13:35:23Z [chat] Kenshin: Gone
2022-08-22T13:35:25Z [chat] CloudExt: 
2022-08-22T13:35:26Z [chat] Kenshin: <:HyperREE:888088123781820477>
2022-08-22T13:35:45Z [chat] Collin: forgot paused sry
2022-08-22T14:14:05Z [chat] Thaelon: <@&887894985398157363> tachi
2022-08-22T14:14:05Z [chat] Klee: Woah! It is a slime!  (ﾉ>ω<)ﾉ  Klee has counted 10 slimes for Tachii!
2022-08-22T14:14:50Z [chat] CloudExt: full
2022-08-22T14:14:50Z [chat] variant-*: full go
2022-08-22T14:15:02Z [chat] Tachii: dayum
2022-08-22T14:15:12Z [chat] variant-*: <@&887894985398157363> cloud
2022-08-22T14:15:12Z [chat] Reddl: <@&887894985398157363> cloud
2022-08-22T14:15:12Z [chat] Klee: Woah! It is a slime!  (ﾉ>ω<)ﾉ  Klee has counted 3 slimes for CloudExt!
2022-08-22T14:15:12Z [chat] Klee: Woah! It is a slime!  (ﾉ>ω<)ﾉ  Klee has counted 4 slimes for CloudExt!
2022-08-22T14:15:24Z [chat] Tachii: notix lul
2022-08-22T14:15:31Z [chat] variant-*: !doubleping cloud
2022-08-22T14:15:32Z [chat] Klee: Klee has subtracted a slime from CloudExt! The number of slimes CloudExt has summoned has gone from 4 to 3
2022-08-22T14:17:23Z [chat] mantis: <@&887894985398157363> <@961291207210856448>
2022-08-22T14:17:23Z [chat] Klee: Woah! It is a slime!  (ﾉ>ω<)ﾉ  Klee has counted 4 slimes for fiE!
2022-08-22T14:17:25Z [chat] fiE: <@&887894985398157363> me
2022-08-22T14:17:25Z [chat] Klee: Woah! It is a slime!  (ﾉ>ω<)ﾉ  Klee has counted 5 slimes for fiE!
2022-08-22T14:17:39Z [chat] Thaelon: https://tenor.com/view/train-steam-gif-23821904
2022-08-22T14:17:41Z [chat] Zerefsis: I do burst once and 3 slimes spawn <:feelspainman:887929815347367948>
2022-08-22T14:18:05Z [chat] Vent (Aile): keeping trying to queue burst
2022-08-22T14:18:06Z [chat] rocketeer: you can quit burst and your ticket gets refunded
2022-08-22T14:18:16Z [chat] fiE: !doubleping fie
2022-08-22T14:18:16Z [chat] Klee: Klee has subtracted a slime from fiE! The number of slimes fiE has summoned has gone from 5 to 4
2022-08-22T14:18:16Z [chat] Zerefsis: yeah I did now lul
2022-08-22T14:18:28Z [chat] Zerefsis: you better spawn more
2022-08-22T14:24:31Z [chat] donuts: Weird. Didn't get 1% damage for one of those slime. But positive I killed from full health. Game didn't crash either.
2022-08-22T15:12:50Z [chat] Dostic: odyn still ultra?
2022-08-22T15:13:08Z [chat] Dostic: <@&887894985398157363> odyn
2022-08-22T15:13:09Z [chat] Klee: Woah! It is a slime!  (ﾉ>ω<)ﾉ  Klee has counted 1 slimes for Odyn!
2022-08-22T15:13:10Z [chat] Odyn: <@&887894985398157363> me
2022-08-22T15:13:10Z [chat] Klee: Woah! It is a slime!  (ﾉ>ω<)ﾉ  Klee has counted 2 slimes for Odyn!
2022-08-22T15:13:15Z [chat] Dostic: !doubleping odyn
2022-08-22T15:13:15Z [chat] Klee: Klee has subtracted a slime from Odyn! The number of slimes Odyn has summoned has gone from 2 to 1
2022-08-22T15:13:43Z [chat] esyw: Heretic
2022-08-22T15:13:52Z [chat] Kenshin: <:HyperREE:888088123781820477>
2022-08-22T15:13:53Z [chat] Odyn: is ultra or age?
2022-08-22T15:13:58Z [chat] Kenshin: Odyn. Kick that mofo
2022-08-22T15:14:04Z [chat] rocketeer: gone
2022-08-22T15:14:07Z [chat] Odyn: who?
2022-08-22T15:14:09Z [chat] esyw: Lol
2022-08-22T15:14:11Z [chat] Kenshin: Heretic
2022-08-22T15:14:15Z [chat] Gold Hunter: Looked like dead at 14
2022-08-22T15:14:22Z [chat] Kenshin: Kick heretic
2022-08-22T15:14:33Z [chat] Odyn: what keck means?
2022-08-22T15:14:36Z [chat] Odyn: kick
2022-08-22T15:14:39Z [chat] Kenshin: Yeet
2022-08-22T15:14:40Z [chat] Odyn: unfriend him?
2022-08-22T15:14:41Z [chat] Kenshin: Remove
2022-08-22T15:14:42Z [chat] Kenshin: Unfriend
2022-08-22T15:14:42Z [chat] rocketeer: remove him from friendslist
2022-08-22T15:14:49Z [chat] Odyn: ok
2022-08-22T15:14:56Z [chat] Odyn: ill do it after the slime
2022-08-22T15:16:16Z [chat] Zerefsis: <:feelspainman:887929815347367948>
2022-08-22T15:16:39Z [chat] rocketeer: should we ping everyone to check their friendslist for Heretic or not add him? this is like the third slime he's fucked up
2022-08-22T15:16:59Z [chat] Kenshin: Weve done that before
2022-08-22T15:17:51Z [chat] Odyn: 
2022-08-22T15:18:54Z [chat] Odyn: i probably should update/fix my friendlist
2022-08-22T15:18:56Z [chat] Kenshin: Ty
2022-08-22T15:45:21Z [chat] || eph || booyah ||: <@&887894985398157363> vent
2022-08-22T15:45:22Z [chat] Klee: Woah! It is a slime!  (ﾉ>ω<)ﾉ  Klee has counted 18 slimes for Vent!
2022-08-22T15:46:31Z [chat] Kenshin: Full
2022-08-22T15:46:34Z [chat] Dostic: dead
2022-08-22T15:46:34Z [chat] Kenshin: <:HyperREE:888088123781820477>
2022-08-22T15:46:40Z [chat] Kenshin: So fast wtfp
2022-08-22T15:48:09Z [chat] Tedo: <@&887894985398157363> vent
2022-08-22T15:48:10Z [chat] Klee: Woah! It is a slime!  (ﾉ>ω<)ﾉ  Klee has counted 19 slimes for Vent!
2022-08-22T15:48:20Z [chat] || eph || booyah ||: damn, i was still paused in the last one
2022-08-22T15:49:08Z [chat] || eph || booyah ||: 18th
2022-08-22T16:17:35Z [chat] luxury777: <@&887894985398157363> me
2022-08-22T16:17:35Z [chat] Klee: Woah! It is a slime!  (ﾉ>ω<)ﾉ  Klee has counted 3 slimes for luxury777!
2022-08-22T16:20:08Z [chat] || eph || booyah ||: 19ded
2022-08-22T17:10:33Z [chat] Kenshin: <@&887894985398157363> me
2022-08-22T17:10:33Z [chat] Klee: Woah! It is a slime!  (ﾉ>ω<)ﾉ  Klee has counted 25 slimes for Kenshin!
2022-08-22T17:12:34Z [chat] Kenshin: Ful go
2022-08-22T17:23:19Z [chat] Reddl: <@&887894985398157363> me
2022-08-22T17:23:19Z [chat] Klee: Woah! It is a slime!  (ﾉ>ω<)ﾉ  Klee has counted 3 slimes for ReddlsRow!
2022-08-22T17:24:29Z [chat] donuts: 19th
2022-08-22T17:25:31Z [chat] esyw: Ded
2022-08-22T17:41:14Z [chat] luxury777: <@&887894985398157363> me
2022-08-22T17:41:15Z [chat] Klee: Woah! It is a slime!  (ﾉ>ω<)ﾉ  Klee has counted 4 slimes for luxury777!
2022-08-22T17:41:44Z [chat] || eph || booyah ||: 14th
2022-08-22T17:42:07Z [chat] DoujinKAMI: Full
2022-08-22T17:42:28Z [chat] luxury777: Jeez
2022-08-22T17:44:44Z [chat] esyw: Hotcake
2022-08-22T17:47:08Z [chat] rocketeer: <@&887894985398157363> thaelon
2022-08-22T17:47:09Z [chat] Klee: Woah! It is a slime!  (ﾉ>ω<)ﾉ  Klee has counted 8 slimes for Thaelon!
2022-08-22T17:47:51Z [chat] || eph || booyah ||: 14th
2022-08-22T18:51:15Z [chat] DoujinKAMI: <@&887894985398157363> me
2022-08-22T18:51:16Z [chat] Klee: Woah! It is a slime!  (ﾉ>ω<)ﾉ  Klee has counted 4 slimes for DoujinKAMI!
2022-08-22T18:51:46Z [chat] Tedo: 2 unknowns in: wiku and wesbets(?)
2022-08-22T18:52:00Z [chat] Thaelon: ded
2022-08-22T18:52:09Z [chat] traffyboi: r i p
2022-08-22T18:52:13Z [chat] DoujinKAMI: wow
2022-08-22T18:52:28Z [chat] traffyboi: was Wiku
2022-08-22T18:53:48Z [chat] traffyboi: 
2022-08-22T19:47:33Z [chat] mantis: <@&887894985398157363> <@120428736637173760>
2022-08-22T19:47:33Z [chat] Klee: Woah! It is a slime!  (ﾉ>ω<)ﾉ  Klee has counted 19 slimes for traffyboi!
2022-08-22T19:48:35Z [chat] mUmU: full
2022-08-22T20:13:45Z [chat] ainthe: <@&887894985398157363> traffy
2022-08-22T20:13:46Z [chat] Klee: Woah! It is a slime!  (ﾉ>ω<)ﾉ  Klee has counted 20 slimes for traffyboi!
2022-08-22T20:14:26Z [chat] Thaelon: fullgo
2022-08-22T20:14:46Z [chat] Kenshin: Traff in full hax mode
2022-08-22T20:14:55Z [chat] traffyboi: kenshin don't even
2022-08-22T20:14:57Z [chat] traffyboi: <:topkek:887923315342213142>
2022-08-22T20:15:06Z [chat] traffyboi: ima link to your 4 in a row
2022-08-22T20:15:07Z [chat] || eph || booyah ||: lol
2022-08-22T20:15:30Z [chat] Kenshin: That i wasnt in myself. All my spawns seems to be when im sleeping
2022-08-22T20:15:35Z [chat] Kenshin: <:HyperREE:888088123781820477>
2022-08-22T20:15:50Z [chat] Tachii: Enjoy 1k onyx
2022-08-22T20:17:49Z [chat] Vent (Aile): !top_three
2022-08-22T20:17:49Z [chat] Klee: The current first is ['Kenshin'] with 25 slimes! Second is ['traffyboi'] with 20 slimes, and third is ['Vent'] with 19 slimes! They are the best! ⁽⁽٩(๑˃̶͈̀ ᗨ ˂̶͈́)۶⁾⁾
2022-08-22T20:18:21Z [chat] Tatumi: <@203492157158326273> <@&887894985398157363>
2022-08-22T20:18:22Z [chat] Klee: Woah! It is a slime!  (ﾉ>ω<)ﾉ  Klee has counted 5 slimes for Ophianne!
2022-08-22T20:18:43Z [chat] Kenshin: Sont ping link
2022-08-22T20:18:46Z [chat] Kenshin: Dont
2022-08-22T20:18:47Z [chat] mUmU: link has one
2022-08-22T20:18:47Z [chat] || eph || booyah ||: double
2022-08-22T20:18:49Z [chat] mUmU: no one in
2022-08-22T20:18:52Z [chat] Tachii: !sself
2022-08-22T20:18:53Z [chat] Klee: Klee knows that you have summoned 10 slimes so far this season! You are the best!
2022-08-22T20:19:01Z [chat] Kenshin: If anyone go into link. Ping it
2022-08-22T20:19:03Z [chat] leafa1244: should I zoom one to get to the other one
2022-08-22T20:19:06Z [chat] Kenshin: 0 dont ping
2022-08-22T20:19:18Z [chat] Kenshin: 1 more min we go
2022-08-22T20:19:20Z [chat] Tachii: Literally used all my ticket on speed run attempts
2022-08-22T20:19:23Z [chat] Tachii: Pls
2022-08-22T20:19:27Z [chat] || eph || booyah ||: used my last ticket on oph's
2022-08-22T20:19:28Z [chat] traffyboi: saw 1 in link
2022-08-22T20:19:30Z [chat] || eph || booyah ||: <:hands:694995390000267354>
2022-08-22T20:19:32Z [chat] Kenshin: Ok ping
2022-08-22T20:19:36Z [chat] traffyboi: <@&887894985398157363> link
2022-08-22T20:19:36Z [chat] Klee: Woah! It is a slime!  (ﾉ>ω<)ﾉ  Klee has counted 5 slimes for Link2D3atH!
2022-08-22T20:19:36Z [chat] Kenshin: <@&887894985398157363> link
2022-08-22T20:19:37Z [chat] Klee: Woah! It is a slime!  (ﾉ>ω<)ﾉ  Klee has counted 6 slimes for Link2D3atH!
2022-08-22T20:19:40Z [chat] Kenshin: Zooooooon
2022-08-22T20:19:43Z [chat] leafa1244: permission to zoom oph?
2022-08-22T20:19:45Z [chat] traffyboi: y
2022-08-22T20:19:45Z [chat] Kenshin: Yes
2022-08-22T20:19:47Z [chat] || eph || booyah ||: !doubleping link
2022-08-22T20:19:48Z [chat] Klee: Klee has subtracted a slime from Link2D3atH! The number of slimes Link2D3atH has summoned has gone from 6 to 5
2022-08-22T20:19:48Z [chat] traffyboi: ye
2022-08-22T20:20:13Z [chat] traffyboi: oph slime ded
2022-08-22T20:20:14Z [chat] Kenshin: Link ded 13
2022-08-22T20:20:15Z [chat] mUmU: link 5th
2022-08-22T20:20:19Z [chat] Kenshin: No
2022-08-22T20:20:22Z [chat] Kenshin: NO
2022-08-22T20:20:25Z [chat] Kenshin: link not ded
2022-08-22T20:20:26Z [chat] Kenshin: Sorry
2022-08-22T20:20:28Z [chat] Kenshin: Meant oph
2022-08-22T20:20:28Z [chat] mUmU: lol
2022-08-22T20:20:33Z [chat] || eph || booyah ||: ya, link's up at 13
2022-08-22T20:20:37Z [chat] traffyboi: pause in link
2022-08-22T20:20:41Z [chat] ainthe: 14 link
2022-08-22T20:20:44Z [chat] Kenshin: Paused
2022-08-22T20:20:53Z [chat] || eph || booyah ||: 
2022-08-22T20:20:58Z [chat] || eph || booyah ||: <a:shakesquint:877195916757577728>
2022-08-22T20:21:00Z [chat] Kenshin: Oph was des at 13
2022-08-22T20:21:22Z [chat] Zerefsis: Slimes always appear in numbers
2022-08-22T20:21:30Z [chat] Kenshin: Yep. Getting worse
2022-08-22T20:21:47Z [chat] Zerefsis: It’s rare to catch a slime apart from their pack
2022-08-22T20:22:35Z [chat] Kenshin: Ded 19
2022-08-22T20:22:39Z [chat] || eph || booyah ||: not bad
2022-08-22T20:22:40Z [chat] traffyboi: unlike kiwi's those little odd lookin birds are anti-social as fuck
2022-08-22T20:22:49Z [chat] || eph || booyah ||: https://tenor.com/view/kiwi-gif-5143537
2022-08-22T20:23:01Z [chat] traffyboi: ono
2022-08-22T20:23:06Z [chat] traffyboi: <:sadhonkler:676518905857966150>
2022-08-22T20:23:09Z [chat] traffyboi: poor kiwi
2022-08-22T20:24:48Z [chat] Zerefsis: https://tenor.com/view/dancing-kiwis-gif-26168357
2022-08-22T20:24:57Z [chat] Zerefsis: They got dem moves though
2022-08-22T20:25:03Z [chat] || eph || booyah ||: https://tenor.com/view/walking-bird-dancing-dance-boogey-gif-17878658
2022-08-22T20:33:20Z [chat] Kenshin: <@&887894985398157363> traffy hax
2022-08-22T20:33:21Z [chat] Klee: Woah! It is a slime!  (ﾉ>ω<)ﾉ  Klee has counted 21 slimes for traffyboi!
2022-08-22T20:34:04Z [chat] Reddl: ffull
2022-08-22T20:34:21Z [chat] traffyboi: https://tenor.com/view/thebird-gif-7384182
2022-08-22T20:34:22Z [chat] Kenshin: So many slimes today. Im almost at the pt to buy tix
2022-08-22T20:43:01Z [chat] Ioni: <@&887894985398157363> me
2022-08-22T20:43:01Z [chat] Klee: Woah! It is a slime!  (ﾉ>ω<)ﾉ  Klee has counted 4 slimes for Ioni!
2022-08-22T20:46:27Z [chat] DoujinKAMI: i killed i bit too soon
2022-08-22T20:48:17Z [chat] Kenshin: <@&887894985398157363> ioni again
2022-08-22T20:48:18Z [chat] Klee: Woah! It is a slime!  (ﾉ>ω<)ﾉ  Klee has counted 5 slimes for Ioni!
2022-08-22T20:48:41Z [chat] Zerefsis: another batch of slimes and im out of tix
2022-08-22T20:48:45Z [chat] Kenshin: Buy
2022-08-22T20:48:52Z [chat] Zerefsis: <:jerrywut:887919075039272960>
2022-08-22T20:48:52Z [chat] Kenshin: Nxt one i start buying
2022-08-22T20:48:59Z [chat] Kenshin: That was my last
2022-08-22T20:49:17Z [chat] mUmU: 19th
2022-08-22T20:49:35Z [chat] Leofarr: full
2022-08-22T20:50:23Z [chat] traffyboi: u rly think it's worth buying for slimes?
2022-08-22T20:50:38Z [chat] Kenshin: Yea
2022-08-22T20:50:51Z [chat] traffyboi: i guess plat box rates aren't terrible, so have to take that into consideration too
2022-08-22T20:51:02Z [chat] Kenshin: Yep
2022-08-22T20:51:06Z [chat] Vent (Aile): Kenshin with 500m gold still riding slime
2022-08-22T20:51:25Z [chat] Kenshin: I dont lol. Plat chests r expensive af
2022-08-22T20:51:29Z [chat] Kenshin: <:feelspainman:887929815347367948>
2022-08-22T20:52:35Z [chat] Kenshin: Its nearly impossible but lets say all 10 are on slimes u get 300 xtals back just from that lol
2022-08-22T20:53:03Z [chat] Zerefsis: another case of not great, not terrible
2022-08-22T20:53:04Z [chat] traffyboi: and 25k onyx
2022-08-22T20:53:15Z [chat] Kenshin: 2.5m gold
2022-08-22T20:53:18Z [chat] Kenshin: Possible chests
2022-08-22T20:53:25Z [chat] Kenshin: Its good enuf for me
2022-08-22T20:53:47Z [chat] traffyboi: probably not worth for a true min-maxer
2022-08-22T20:53:53Z [chat] traffyboi: <:huaji:887909354018316298>
2022-08-22T20:53:59Z [chat] Zerefsis: ohhh
2022-08-22T20:54:00Z [chat] Kenshin: Why
2022-08-22T20:54:11Z [chat] Kenshin: Gimme numbers
2022-08-22T20:54:19Z [chat] traffyboi: lol im just being stoopid, don't make me do math
2022-08-22T20:54:53Z [chat] Zerefsis: you can get onxy for xtals in the event forge with more value
2022-08-22T20:55:09Z [chat] Zerefsis: so its more about the gold
2022-08-22T20:55:28Z [chat] Kenshin: 700 xtals is about 35k
2022-08-22T20:56:01Z [chat] Kenshin: So 10m onyx in exchange for 2.5m gold and drops
2022-08-22T20:56:34Z [chat] Vent (Aile): Waiting for that second edit
2022-08-22T20:56:51Z [chat] Kenshin: <:frogeHmm:888110563354370128>
2022-08-22T20:57:17Z [chat] Kenshin: Haaaaax
2022-08-22T20:57:19Z [chat] Zerefsis: only if all 10 ticket go to slimes though
2022-08-22T20:57:23Z [chat] Kenshin: Yes
2022-08-22T20:57:26Z [chat] zero00: pinged wrong place
2022-08-22T20:57:32Z [add] zero00: 1 traff
2022-08-22T20:57:32Z [chat] zero00: !add 1 traff
2022-08-22T20:57:32Z [chat] Klee: Klee has added a slime to traffyboi! The number of slimes traffyboi has summoned has gone from 21 to 22
2022-08-22T20:57:50Z [chat] DoujinKAMI: Traff full
2022-08-22T20:58:03Z [chat] Zerefsis: hmm, maybe I should have bought
2022-08-22T20:58:18Z [chat] Kenshin: <:pepepoint:887916456623341598>
2022-08-22T20:58:44Z [chat] Zerefsis: but as soon as I buy no slimes will spawn
2022-08-22T21:27:30Z [chat] Reddl: <@&887894985398157363> Leo
2022-08-22T21:27:31Z [chat] Klee: Woah! It is a slime!  (ﾉ>ω<)ﾉ  Klee has counted 1 slimes for Leofarr!
2022-08-22T21:27:48Z [chat] Kenshin: Yasss
2022-08-22T21:29:36Z [chat] Tachii: fulded
2022-08-22T21:41:19Z [chat] Link2D3atH: <@&887894985398157363> doujin
2022-08-22T21:41:20Z [chat] Klee: Woah! It is a slime!  (ﾉ>ω<)ﾉ  Klee has counted 5 slimes for DoujinKAMI!
2022-08-22T21:41:35Z [chat] rocketeer: rando in
2022-08-22T21:41:42Z [chat] DoujinKAMI: goddamnit
2022-08-22T21:41:51Z [chat] Kenshin: Holy shit
2022-08-22T21:41:55Z [chat] Kenshin: I was 15th
2022-08-22T21:42:08Z [chat] Kenshin: That was so fast
2022-08-22T21:42:13Z [chat] traffyboi: move faster old man
2022-08-22T21:42:14Z [chat] DoujinKAMI: i was afk
2022-08-22T21:42:28Z [chat] Kenshin: 3 down 7 to go
2022-08-22T21:42:31Z [chat] Kenshin: <:feelspainman:887929815347367948>
2022-08-22T21:43:38Z [chat] DoujinKAMI: i might have used all my kicks until the reset
2022-08-22T21:43:45Z [chat] DoujinKAMI: ill check again later\
2022-08-22T22:13:33Z [chat] DoujinKAMI: <@&887894985398157363> donuts
2022-08-22T22:13:33Z [chat] Klee: Woah! It is a slime!  (ﾉ>ω<)ﾉ  Klee has counted 12 slimes for donuts!
2022-08-22T22:13:48Z [chat] rocketeer: rando in
2022-08-22T22:13:48Z [chat] traffyboi: rando in
2022-08-22T22:14:02Z [chat] traffyboi: kookoo or something
2022-08-22T22:14:48Z [chat] donuts: Lol entered wrong raid
2022-08-22T22:14:53Z [chat] mantis: 20 made it
2022-08-22T22:16:21Z [chat] Zerefsis: Kookoobear did finish among the first 2
2022-08-22T22:16:37Z [chat] traffyboi: yeah
2022-08-22T22:16:42Z [chat] traffyboi: would've zoomed
2022-08-22T22:17:05Z [chat] Kenshin: He met kick limot
2022-08-22T22:17:13Z [chat] Kenshin: Already
2022-08-22T22:17:19Z [chat] traffyboi: was donuts slime
2022-08-22T22:17:23Z [chat] traffyboi: not kami
2022-08-22T22:17:35Z [chat] donuts: Kookoo zoomzoom?
2022-08-22T22:17:39Z [chat] traffyboi: ye
2022-08-22T22:17:51Z [chat] traffyboi: they were first in
2022-08-22T22:17:54Z [chat] traffyboi: and one of the first to finish
2022-08-22T22:17:56Z [chat] donuts: shame
2022-08-22T22:18:01Z [chat] traffyboi: just happened to have 29
2022-08-22T22:18:12Z [chat] traffyboi: but no way they could've known that since they first in
2022-08-22T22:18:21Z [chat] Kenshin: I
2022-08-22T22:18:27Z [chat] traffyboi: l
2022-08-22T22:18:28Z [chat] Kenshin: Ic
2022-08-22T22:21:37Z [chat] donuts: gonna give them one more chance. they've been on list for a while and haven't had issues before, at least that I'm aware of.
2022-08-22T22:22:16Z [chat] traffyboi: lol call em out in ur description
2022-08-22T22:22:30Z [chat] DoujinKAMI: that would scare them lol
2022-08-22T22:22:34Z [chat] traffyboi: "kookoobear pause 3 mins in slime"
2022-08-22T22:22:36Z [chat] traffyboi: lol
2022-08-22T22:23:06Z [chat] traffyboi: fear can be effective <:frontpepe:888064980929368145>
2022-08-22T22:28:30Z [chat] donuts: i'll do that
2022-08-22T22:29:21Z [chat] traffyboi: <:topkek:887923315342213142>
2022-08-22T22:29:32Z [chat] donuts: <@&887894985398157363> me
2022-08-22T22:29:33Z [chat] Klee: Woah! It is a slime!  (ﾉ>ω<)ﾉ  Klee has counted 13 slimes for donuts!
2022-08-22T22:30:11Z [chat] DoujinKAMI: 17th
2022-08-22T22:30:11Z [chat] donuts: you'll know its my slime bc kookoo is in description
2022-08-22T22:30:23Z [chat] DoujinKAMI: LMAO
2022-08-22T22:30:25Z [chat] traffyboi: <:lul:549873959517028352>
2022-08-22T23:24:46Z [chat] DoujinKAMI: <@&887894985398157363> me
2022-08-22T23:24:47Z [chat] Klee: Woah! It is a slime!  (ﾉ>ω<)ﾉ  Klee has counted 6 slimes for DoujinKAMI!
2022-08-22T23:25:03Z [chat] mUmU: alie has one
2022-08-22T23:25:08Z [chat] mUmU: no one in
2022-08-22T23:25:12Z [chat] || eph || booyah ||: I'm in aile
2022-08-22T23:25:17Z [chat] mUmU: ahhhh
2022-08-22T23:25:17Z [chat] || eph || booyah ||: paused
2022-08-22T23:25:26Z [chat] ainthe: 2 in aile
2022-08-22T23:25:34Z [chat] Kenshin: Im in aile
2022-08-22T23:25:34Z [chat] || eph || booyah ||: <@&887894985398157363> aile
2022-08-22T23:25:34Z [chat] Klee: Woah! It is a slime!  (ﾉ>ω<)ﾉ  Klee has counted 7 slimes for aile!
2022-08-22T23:25:35Z [chat] traffyboi: <@&887894985398157363> aile
2022-08-22T23:25:35Z [chat] Klee: Woah! It is a slime!  (ﾉ>ω<)ﾉ  Klee has counted 8 slimes for aile!
2022-08-22T23:25:43Z [chat] || eph || booyah ||: !doubleping aile
2022-08-22T23:25:43Z [chat] Klee: Klee has subtracted a slime from aile! The number of slimes aile has summoned has gone from 8 to 7
2022-08-22T23:25:48Z [chat] donuts: i'm in aile i think
2022-08-22T23:25:52Z [chat] traffyboi: zooming kami
2022-08-22T23:26:11Z [chat] mUmU: kami ded
2022-08-22T23:26:16Z [chat] DoujinKAMI: zoom zoom zoom
2022-08-22T23:26:28Z [chat] traffyboi: 12th in aile
2022-08-22T23:26:28Z [chat] mUmU: 12th alie
2022-08-22T23:26:32Z [chat] traffyboi: lol
2022-08-22T23:26:34Z [chat] mUmU: 13 then
2022-08-22T23:26:36Z [chat] mUmU: lol
2022-08-22T23:26:49Z [chat] traffyboi: <:donkpoint:818645178558316564>
2022-08-22T23:27:01Z [chat] rocketeer: aile ded
2022-08-22T23:27:10Z [chat] Vent (Aile): these doubles are rough
2022-08-22T23:27:24Z [chat] Kenshin: Leafa
2022-08-23T00:15:38Z [chat] zero00: <@&887894985398157363> me
2022-08-23T00:15:38Z [chat] Klee: Woah! It is a slime!  (ﾉ>ω<)ﾉ  Klee has counted 6 slimes for zero00!
2022-08-23T00:16:31Z [chat] CloudExt: I am 20th
2022-08-23T00:25:39Z [chat] Vent (Aile): <@&887894985398157363> vent
2022-08-23T00:25:39Z [chat] Klee: Woah! It is a slime!  (ﾉ>ω<)ﾉ  Klee has counted 20 slimes for Vent!
2022-08-23T00:27:34Z [chat] ainthe: ded
2022-08-23T01:14:54Z [chat] Tachii: <@&887894985398157363> donuts
2022-08-23T01:14:55Z [chat] Klee: Woah! It is a slime!  (ﾉ>ω<)ﾉ  Klee has counted 14 slimes for donuts!
2022-08-23T01:19:08Z [chat] ainthe: fullded
2022-08-23T01:21:10Z [chat] Thaelon: <@&887894985398157363> tach
2022-08-23T01:21:11Z [chat] Klee: Woah! It is a slime!  (ﾉ>ω<)ﾉ  Klee has counted 11 slimes for Tachii!
2022-08-23T01:21:41Z [chat] Kenshin: 14
2022-08-23T01:21:54Z [chat] mUmU: 17th
2022-08-23T01:27:02Z [chat] ainthe: fullded
2022-08-23T02:30:30Z [chat] zero00: <@&887894985398157363> link
2022-08-23T02:30:31Z [chat] Klee: Woah! It is a slime!  (ﾉ>ω<)ﾉ  Klee has counted 6 slimes for Link2D3atH!
2022-08-23T02:31:38Z [chat] esyw: Fukl
2022-08-23T02:32:02Z [chat] Tedo: noice, new expression for “fuck it’s full”
2022-08-23T02:52:14Z [chat] Ophianne: <@&887894985398157363> <@506124628188594181>
2022-08-23T02:52:15Z [chat] Klee: Woah! It is a slime!  (ﾉ>ω<)ﾉ  Klee has counted 15 slimes for donuts!
2022-08-23T02:52:52Z [chat] DoujinKAMI: donuts raking in the slime
2022-08-23T02:53:01Z [chat] DoujinKAMI: should buy a lotto ticket
2022-08-23T02:53:30Z [chat] Tachii: 
2022-08-23T02:53:49Z [chat] Cats On Mars: <:WorryEyes:887929819852050442>
2022-08-23T02:54:05Z [chat] Moss: crap
2022-08-23T02:54:07Z [chat] Moss: i zoomed
2022-08-23T02:54:10Z [chat] Moss: sfjldskjfdlskjf
2022-08-23T02:55:09Z [chat] Moss: ill try farm a slime back
2022-08-23T02:55:10Z [chat] Moss: X_X
2022-08-23T04:13:52Z [chat] esyw: <@&887894985398157363> donut
2022-08-23T04:13:53Z [chat] Klee: Woah! It is a slime!  (ﾉ>ω<)ﾉ  Klee has counted 16 slimes for donuts!
2022-08-23T04:15:41Z [chat] mUmU: 16th
2022-08-23T04:37:56Z [chat] Moss: Kamealt zoom
2022-08-23T04:38:03Z [chat] Moss: Oh wait
2022-08-23T04:38:12Z [chat] Moss: Man I’m slow
2022-08-23T05:06:42Z [chat] Tatumi: <@509805857425588224> <@&887894985398157363>
2022-08-23T05:06:43Z [chat] Klee: Woah! It is a slime!  (ﾉ>ω<)ﾉ  Klee has counted 26 slimes for Kenshin!
2022-08-23T05:33:22Z [chat] leafa1244: Don’t see it
2022-08-23T05:39:46Z [chat] traffyboi: ur only slightly late
2022-08-23T05:40:01Z [chat] traffyboi: you know, almost 30 minutes <:donkSip:888008393288212490>
2022-08-23T05:40:32Z [chat] Gold Hunter: <:pepepoint:887916456623341598>
2022-08-23T05:51:34Z [chat] traffyboi: <@&887894985398157363> me
2022-08-23T05:51:35Z [chat] Klee: Woah! It is a slime!  (ﾉ>ω<)ﾉ  Klee has counted 23 slimes for traffyboi!
2022-08-23T06:16:41Z [chat] esyw: <@&887894985398157363> donut
2022-08-23T06:16:42Z [chat] Klee: Woah! It is a slime!  (ﾉ>ω<)ﾉ  Klee has counted 17 slimes for donuts!
2022-08-23T06:18:28Z [chat] variant-*: sorry i zoomed
2022-08-23T06:18:31Z [chat] variant-*: dead on 14
2022-08-23T06:39:36Z [chat] traffyboi: <@&887894985398157363> ken
2022-08-23T06:39:37Z [chat] Klee: Woah! It is a slime!  (ﾉ>ω<)ﾉ  Klee has counted 27 slimes for Kenshin!
2022-08-23T06:40:50Z [chat] traffyboi: maybe I can snipe Kenshin's slimes before anyone else sees so nobody will know to count
2022-08-23T06:40:55Z [chat] traffyboi: <:frogeHmm:888110563354370128>
2022-08-23T06:41:04Z [chat] traffyboi: <:scheming:588835410596200454>
2022-08-23T06:41:08Z [chat] esyw: Lol
2022-08-23T06:41:12Z [chat] traffyboi: <:upsidedownpepescheme:716247718166659125>
2022-08-23T06:42:15Z [chat] esyw: U have potential to become politician, sneaky
2022-08-23T06:42:29Z [chat] traffyboi: <:JabbaKek:887916458309451796>
2022-08-23T07:08:14Z [chat] fiE: <@&887894985398157363> me
2022-08-23T07:08:14Z [chat] Klee: Woah! It is a slime!  (ﾉ>ω<)ﾉ  Klee has counted 5 slimes for fiE!
2022-08-23T07:18:17Z [chat] traffyboi: <@&887894985398157363> me
2022-08-23T07:18:17Z [chat] Klee: Woah! It is a slime!  (ﾉ>ω<)ﾉ  Klee has counted 24 slimes for traffyboi!
2022-08-23T07:18:44Z [chat] Vent (Aile): !top_three
2022-08-23T07:18:44Z [chat] Klee: The current first is ['Kenshin'] with 27 slimes! Second is ['traffyboi'] with 24 slimes, and third is ['Vent'] with 20 slimes! They are the best! ⁽⁽٩(๑˃̶͈̀ ᗨ ˂̶͈́)۶⁾⁾
2022-08-23T07:19:05Z [chat] Vent (Aile): <:angy:891267255302750208>
2022-08-23T07:19:18Z [chat] Apeks: fight fight fight
2022-08-23T07:19:26Z [chat] traffyboi: <:JabbaKek:887916458309451796>
2022-08-23T07:20:10Z [chat] traffyboi: <@362102976581599241> too fast my guy
2022-08-23T07:20:14Z [chat] traffyboi: slime ded
2022-08-23T07:59:36Z [chat] Dan: <@&887894985398157363> <@120428736637173760>
2022-08-23T07:59:37Z [chat] Klee: Woah! It is a slime!  (ﾉ>ω<)ﾉ  Klee has counted 25 slimes for traffyboi!
2022-08-23T08:38:30Z [chat] Link2D3atH: <@&887894985398157363> angel
2022-08-23T08:38:31Z [chat] Klee: Woah! It is a slime!  (ﾉ>ω<)ﾉ  Klee has counted 6 slimes for Angel!
2022-08-23T08:38:50Z [chat] Angel: Thanks
2022-08-23T08:39:59Z [chat] Zerefsis: gone
2022-08-23T08:40:44Z [chat] Zerefsis: someone zoomed?
2022-08-23T08:42:54Z [chat] ainthe: rando named mei
2022-08-23T08:43:04Z [chat] Ophianne: One of these i g
2022-08-23T08:46:57Z [chat] Angel: I'm sorry mei, I've kicked you
2022-08-23T08:48:10Z [chat] Angel: This is the 3rd time in 2 days he zoomed
2022-08-23T09:01:03Z [chat] Vent (Aile): <@&887894985398157363> donut
2022-08-23T09:01:04Z [chat] Klee: Woah! It is a slime!  (ﾉ>ω<)ﾉ  Klee has counted 18 slimes for donuts!
2022-08-23T09:08:13Z [chat] Angel: Desde at 11th
2022-08-23T09:08:32Z [chat] Vent (Aile): anyone see if it was zoomed?
2022-08-23T09:09:00Z [chat] Angel: Seems like that
2022-08-23T09:10:03Z [chat] Angel: What about that random named polka
2022-08-23T09:10:12Z [chat] Zerefsis: donut added drftguy recently
2022-08-23T09:11:02Z [chat] Zerefsis: hes not in here
2022-08-23T09:26:01Z [chat] Tatumi: <@509805857425588224> <@&887894985398157363>
2022-08-23T09:26:02Z [chat] Klee: Woah! It is a slime!  (ﾉ>ω<)ﾉ  Klee has counted 28 slimes for Kenshin!
2022-08-23T09:28:23Z [chat] Senor Tonto: shit i zoomed it
