2022-08-22T06:22:24Z Bot is starting up...
2022-08-22T06:22:27Z Bot is ready.
2022-08-22T06:23:42Z [chat] traffyboi: <@&887894985398157363> me
2022-08-22T06:23:42Z [chat] Klee: Woah! It is a slime!  (ï¾‰>Ï‰<)ï¾‰  Klee has counted 17 slimes for traffyboi!
2022-08-22T06:25:22Z [chat] esyw: Ded
2022-08-22T06:25:58Z [chat] traffyboi: link or vent
2022-08-22T06:26:06Z [chat] Vent (Aile): 
2022-08-22T06:26:18Z [chat] Vent (Aile): I killed on esyw's remark
2022-08-22T06:26:31Z [chat] traffyboi: <@139262103214227456> too fast bruv
2022-08-22T06:26:56Z [chat] Vent (Aile): you a brit now
2022-08-22T06:27:01Z [chat] traffyboi: lol
2022-08-22T06:27:06Z [chat] Link2D3atH: <:WorryEyes:887929819852050442>  sht look a way for a seg
2022-08-22T06:27:11Z [chat] Link2D3atH: my bad
2022-08-22T06:29:54Z [chat] Vent (Aile): summon a slime and all shall be forgiven
2022-08-22T06:30:19Z [chat] traffyboi: I always say some variation of bro/friend. probably say amigo second most often if I had to guess
2022-08-22T06:30:45Z [chat] traffyboi: replied to myself, def what I meant to do <:braindeadfroge:707694825406726194>
2022-08-22T06:31:09Z [chat] Vent (Aile): <:keklul:887934339680206858>
2022-08-22T06:32:49Z [add] traffyboi: 0 paw
2022-08-22T06:32:49Z [chat] traffyboi: !add 0 paw
2022-08-22T06:32:49Z [chat] Klee: Klee has added a slime to pawpaw! The number of slimes pawpaw has summoned has gone from 1 to 1
2022-08-22T06:33:09Z [add] traffyboi: 1 paw
2022-08-22T06:33:09Z [chat] traffyboi: !add 1 paw
2022-08-22T06:33:09Z [chat] Klee: Klee has added a slime to pawpaw! The number of slimes pawpaw has summoned has gone from 1 to 2
2022-08-22T06:33:17Z [add] traffyboi: 1 me
2022-08-22T06:33:17Z [chat] traffyboi: !add 1 me
2022-08-22T06:33:17Z [chat] Klee: Klee has added a slime to traffyboi! The number of slimes traffyboi has summoned has gone from 17 to 18
2022-08-22T06:33:42Z [chat] traffyboi: i think that was it
2022-08-22T06:33:48Z [chat] traffyboi: klee should be back up to date now
2022-08-22T06:34:13Z [chat] Vent (Aile): I don't think you needed to add that
2022-08-22T06:34:26Z [chat] traffyboi: i checked to be sure
2022-08-22T06:34:27Z [chat] Vent (Aile): oh nvm its fine
2022-08-22T06:34:39Z [chat] Vent (Aile): I missed the 17th slime because of the pic
2022-08-22T06:35:29Z [chat] Vent (Aile): it was the one at X:29 that wasn't counted but recent one was I mean
2022-08-22T06:36:01Z [chat] traffyboi: ye
2022-08-22T06:36:13Z [chat] traffyboi: i understood, i gotcha
2022-08-22T06:41:00Z [chat] variant-*: thank for bookkeeping it, traf. nice work
2022-08-22T06:52:10Z [chat] Tedo: <@&887894985398157363> esyw
2022-08-22T06:52:11Z [chat] Klee: Woah! It is a slime!  (ï¾‰>Ï‰<)ï¾‰  Klee has counted 4 slimes for esyw!
2022-08-22T06:52:52Z [chat] esyw: Thanks
2022-08-22T06:58:59Z [chat] esyw: <@&887894985398157363> me
2022-08-22T06:59:00Z [chat] Klee: Woah! It is a slime!  (ï¾‰>Ï‰<)ï¾‰  Klee has counted 5 slimes for esyw!
2022-08-22T06:59:24Z [chat] ainthe: 2 or same?
2022-08-22T06:59:28Z [chat] Vent (Aile): new one
2022-08-22T06:59:31Z [chat] esyw: Another
2022-08-22T07:00:01Z [chat] Vent (Aile): the logging is a bit goofy
2022-08-22T07:00:27Z [chat] ainthe: mosou zoomy
2022-08-22T07:00:36Z [chat] esyw: Ok
2022-08-22T07:00:41Z [chat] esyw: Sorry guys
2022-08-22T07:00:46Z [chat] esyw: Yeet him
2022-08-22T08:05:28Z [chat] Tatumi: <@203492157158326273> <@&887894985398157363>
2022-08-22T08:05:28Z [chat] Klee: Woah! It is a slime!  (ï¾‰>Ï‰<)ï¾‰  Klee has counted 3 slimes for Ophianne!
2022-08-22T08:07:09Z [chat] Link2D3atH: kenshi has one too?
2022-08-22T08:12:13Z [chat] variant-*: apparently yes, turned out I went to Kenshin's. (And Paw too.)
2022-08-22T08:12:19Z [add] variant-*: 1 kens
2022-08-22T08:12:19Z [chat] variant-*: !add 1 kens
2022-08-22T08:12:19Z [chat] Klee: Klee has added a slime to Kenshin! The number of slimes Kenshin has summoned has gone from 20 to 21
2022-08-22T09:18:11Z [chat] Angel: <@&887894985398157363> me
2022-08-22T09:18:12Z [chat] Klee: Woah! It is a slime!  (ï¾‰>Ï‰<)ï¾‰  Klee has counted 5 slimes for Angel!
2022-08-22T09:19:22Z [chat] variant-*: 10th
2022-08-22T09:25:21Z [chat] Angel: It's desde at 14th
2022-08-22T09:25:53Z [chat] variant-*: got anemone skin from your slime, ainthe, woohoo!
2022-08-22T09:26:12Z [chat] Angel: Congrats!
2022-08-22T09:26:18Z [chat] variant-*: lemme edit that name first, lol
2022-08-22T09:27:00Z [chat] Angel: I've got mine too
2022-08-22T09:27:12Z [chat] variant-*: nice!
2022-08-22T09:28:31Z [chat] Dan: <@&887894985398157363> <@292615553942683648>
2022-08-22T09:28:32Z [chat] Klee: Woah! It is a slime!  (ï¾‰>Ï‰<)ï¾‰  Klee has counted 2 slimes for Tympest!
2022-08-22T09:30:05Z [chat] PlainDoe: Isit ded?
2022-08-22T09:31:20Z [chat] Angel: Sorry I zoomed <:facepalm:888070327278637097>
2022-08-22T09:55:16Z [chat] Pengest: <@&887894985398157363> <@203492157158326273>
2022-08-22T09:55:17Z [chat] Klee: Woah! It is a slime!  (ï¾‰>Ï‰<)ï¾‰  Klee has counted 4 slimes for Ophianne!
2022-08-22T10:02:19Z [chat] Angel: Desde at 11th
2022-08-22T10:25:31Z [chat] Dan: <@&887894985398157363> me
2022-08-22T10:25:31Z [chat] Klee: Woah! It is a slime!  (ï¾‰>Ï‰<)ï¾‰  Klee has counted 2 slimes for Dan!
2022-08-22T10:26:13Z [chat] Vent (Aile): oof
2022-08-22T10:26:14Z [chat] Vent (Aile): someone tainted
2022-08-22T10:26:22Z [chat] rocketeer: ironic that his name is bendejo
2022-08-22T10:27:13Z [chat] Cats On Mars: Taint
2022-08-22T10:27:18Z [chat] Angel: 
2022-08-22T10:30:21Z [chat] Pengest: <@&887894985398157363>  <@509805857425588224>
2022-08-22T10:30:21Z [chat] Klee: Woah! It is a slime!  (ï¾‰>Ï‰<)ï¾‰  Klee has counted 22 slimes for Kenshin!
2022-08-22T10:30:27Z [chat] Pengest: 12 when I entered
2022-08-22T10:30:32Z [chat] variant-*: 15th
2022-08-22T10:30:56Z [chat] Angel: Full
2022-08-22T10:31:07Z [chat] Angel: I'M out
2022-08-22T10:31:26Z [chat] Vent (Aile): lmao 1500 isn't even enough to qualify for the reward
2022-08-22T10:33:22Z [chat] Pengest: I've had that happen to me when my game crashed, felt like a bendejo
2022-08-22T10:33:45Z [chat] Link2D3atH: does kenshi  have a lot of randoms  or is he still on the other group
2022-08-22T10:34:23Z [chat] Vent (Aile): 60 here, 8 or so from ST another 10 from cn group
2022-08-22T10:35:05Z [chat] Link2D3atH: yeah i saw a bunch of chines text on his slime
2022-08-22T10:35:13Z [chat] Vent (Aile): in theory all the people on his list should know to pause, but his slimes filling up too fast is the issue
2022-08-22T10:35:25Z [chat] Link2D3atH: it was full so is ok
2022-08-22T10:35:53Z [chat] Vent (Aile): its day time for them so expectation is for a lot of active
2022-08-22T10:37:02Z [chat] Dan: <@&887894985398157363> me
2022-08-22T10:37:02Z [chat] Klee: Woah! It is a slime!  (ï¾‰>Ï‰<)ï¾‰  Klee has counted 3 slimes for Dan!
2022-08-22T10:51:17Z [chat] Vent (Aile): <@&887894985398157363> kenshin
2022-08-22T10:51:17Z [chat] Klee: Woah! It is a slime!  (ï¾‰>Ï‰<)ï¾‰  Klee has counted 23 slimes for Kenshin!
2022-08-22T10:51:20Z [chat] Pengest: <@&887894985398157363>  <@509805857425588224>
2022-08-22T10:51:20Z [chat] Klee: Woah! It is a slime!  (ï¾‰>Ï‰<)ï¾‰  Klee has counted 24 slimes for Kenshin!
2022-08-22T10:51:21Z [chat] Vent (Aile): tf man
2022-08-22T10:51:37Z [chat] Pengest: My phone lagged my bad I saw nothing
2022-08-22T10:51:41Z [chat] Vent (Aile): straight up hax
2022-08-22T10:51:46Z [chat] Vent (Aile): nah I didnt mean you
2022-08-22T10:52:04Z [chat] Pengest: How do I subtract it?
2022-08-22T10:52:04Z [chat] Vent (Aile): that was awkward timing lol
2022-08-22T10:52:09Z [chat] Pengest: Yeah haha
2022-08-22T10:52:13Z [add] Vent (Aile): -1 kenshin
2022-08-22T10:52:14Z [chat] Vent (Aile): !add -1 kenshin
2022-08-22T10:52:14Z [chat] Klee: Klee has added a slime to Kenshin! The number of slimes Kenshin has summoned has gone from 24 to 23
2022-08-22T10:52:21Z [chat] Pengest: Thank you
2022-08-22T10:52:34Z [chat] Vent (Aile): !top_three
2022-08-22T10:52:34Z [chat] Klee: The current first is ['Kenshin'] with 23 slimes! Second is ['traffyboi'] with 18 slimes, and third is ['Vent'] with 17 slimes! They are the best! â½â½Ù©(à¹‘ËƒÌ¶ÍˆÌ€ á—¨ Ë‚Ì¶ÍˆÌ)Û¶â¾â¾
2022-08-22T10:52:47Z [chat] variant-*: 15th
2022-08-22T11:09:26Z [chat] Dan: <@&887894985398157363> <@509805857425588224>
2022-08-22T11:09:26Z [chat] Klee: Woah! It is a slime!  (ï¾‰>Ï‰<)ï¾‰  Klee has counted 24 slimes for Kenshin!
2022-08-22T11:10:58Z [chat] Pengest: 17
2022-08-22T11:34:34Z [chat] Vent (Aile): <@&887894985398157363> pengest
2022-08-22T11:34:34Z [chat] Klee: Woah! It is a slime!  (ï¾‰>Ï‰<)ï¾‰  Klee has counted 5 slimes for Pengest!
2022-08-22T11:35:10Z [chat] Pengest: Ty almost missed it myself ðŸ˜‚
2022-08-22T11:36:31Z [chat] Zerefsis: Sry I zoomed a bit
