2022-08-31T23:20:21Z Bot is starting up...
2022-08-31T23:20:23Z Bot is ready.
2022-08-31T23:22:49Z [add] traffyboi: 1 me
2022-08-31T23:22:50Z [chat] traffyboi: !add 1 me
2022-08-31T23:22:50Z [chat] Klee: Klee has added a slime to traffyboi! The number of slimes traffyboi has summoned has gone from 67 to 68
2022-08-31T23:22:58Z [chat] traffyboi: just two more...
2022-08-31T23:23:08Z [chat] traffyboi: bless me rngesus
2022-08-31T23:31:10Z [chat] Zerefsis: One more actually
2022-08-31T23:32:02Z [chat] traffyboi: only to tie
2022-08-31T23:32:08Z [chat] traffyboi: need 2 to beat the record
2022-08-31T23:38:08Z [chat] donuts: <@&887894985398157363> me
2022-08-31T23:38:09Z [chat] Klee: Woah! It is a slime!  (ﾉ>ω<)ﾉ  Klee has counted 41 slimes for donuts!
2022-08-31T23:40:20Z [chat] PlainDoe: I took last slot! Go go
2022-08-31T23:44:07Z [chat] donuts: !top_three
2022-08-31T23:44:08Z [chat] Klee: The current first is ['traffyboi'] with 68 slimes! Second is ['Kenshin'] with 55 slimes, and third is ['Vent'] with 53 slimes! They are the best! ⁽⁽٩(๑˃̶͈̀ ᗨ ˂̶͈́)۶⁾⁾
2022-08-31T23:44:11Z [chat] donuts: booo
2022-08-31T23:57:10Z [chat] Thaelon: <@&887894985398157363> me
2022-08-31T23:57:11Z [chat] Klee: Woah! It is a slime!  (ﾉ>ω<)ﾉ  Klee has counted 22 slimes for Thaelon!
2022-09-01T00:01:08Z [chat] Kenshin: Ded
2022-09-01T00:02:27Z [chat] || eph || booyah ||: 19ded
