2022-08-02T00:50:38Z Bot is starting up...
2022-08-02T00:50:41Z Bot is ready.
2022-08-02T00:51:24Z [add] traffyboi: 0 doujinkami
2022-08-02T00:51:24Z [chat] traffyboi: !add 0 doujinkami
2022-08-02T00:51:24Z [chat] Klee: Klee has added a slime to DoujinKAMI! The number of slimes DoujinKAMI has summoned has gone from 5 to 5
2022-08-02T00:51:30Z [add] traffyboi: 1 doujinkami
2022-08-02T00:51:31Z [chat] traffyboi: !add 1 doujinkami
2022-08-02T00:51:31Z [chat] Klee: Klee has added a slime to DoujinKAMI! The number of slimes DoujinKAMI has summoned has gone from 5 to 6
2022-08-02T00:52:52Z [chat] traffyboi: <@579199616143327258> reset klee and verified doujinkami's count before adding 1. previous count:
2022-08-02T00:53:14Z [chat] traffyboi: https://discord.com/channels/887892391317606491/887894832708730881/1003778606566215784
2022-08-02T00:55:43Z [chat] variant-*: Awesome!
2022-08-02T01:05:12Z [chat] Kenshin: <:kekwait:887896407103664138>
2022-08-02T01:33:03Z [chat] Kenshin: <@&887894985398157363> ophi
2022-08-02T01:33:03Z [chat] Klee: Woah! It is a slime!  (ﾉ>ω<)ﾉ  Klee has counted 6 slimes for Ophianne!
2022-08-02T01:33:17Z [chat] Kenshin: hurry before i zoom it <:feelspainman:887929815347367948>
2022-08-02T01:33:45Z [chat] traffyboi: no tix so ill be watching <:keklul:887934339680206858>
2022-08-02T01:33:48Z [chat] traffyboi: <:peepospy:589852784145334402>
2022-08-02T01:33:51Z [chat] Kenshin: buy
2022-08-02T01:33:59Z [chat] traffyboi: waste
2022-08-02T01:33:59Z [chat] traffyboi: 
2022-08-02T01:34:13Z [chat] Kenshin: 1 slime not worth 1 ticket?
2022-08-02T01:34:31Z [chat] traffyboi: in the middle of doing my math <:feelspainman:887929815347367948>
2022-08-02T01:34:32Z [chat] Kenshin: i guess 2
2022-08-02T01:34:35Z [chat] Kenshin: lol
2022-08-02T01:34:36Z [chat] traffyboi: ded
2022-08-02T01:34:50Z [chat] Kenshin: that's fast
2022-08-02T01:34:51Z [chat] Kenshin: 1 min
2022-08-02T01:35:02Z [chat] Umbrella (GoldHunter): Oh shoot. Sorry I'm pretty sure that was me. Sorry that was def me, first time zooming this raid
2022-08-02T01:35:14Z [chat] Umbrella (GoldHunter): I just killed it. Sorry guys I apologize
2022-08-02T01:35:27Z [chat] traffyboi: all good, it happens
2022-08-02T01:35:31Z [chat] DoujinKAMI: I got much respect for you man, let it be known I didnt vote for you to commit seppuku in league
2022-08-02T01:35:44Z [chat] Kenshin: lol nw
2022-08-02T01:35:52Z [chat] traffyboi: ||just don't let it happen again <:stabking:571389699281780810> ||
2022-08-02T01:35:59Z [chat] traffyboi: <:keklul:887934339680206858>
2022-08-02T01:36:05Z [chat] Umbrella (GoldHunter): Lol it won't happen again. Haha yes please no league for me
2022-08-02T01:36:30Z [chat] DoujinKAMI: league is one hell of a motivator it seems
2022-08-02T01:40:56Z [chat] Vent (Aile): <@&887894985398157363> vent
2022-08-02T01:40:57Z [chat] Klee: Woah! It is a slime!  (ﾉ>ω<)ﾉ  Klee has counted 48 slimes for Vent!
2022-08-02T01:41:26Z [chat] DoujinKAMI: 17th
2022-08-02T01:41:28Z [chat] variant-*: 17th
2022-08-02T01:41:32Z [chat] DoujinKAMI: i think is wwhat i saw'
2022-08-02T01:41:36Z [chat] Thaelon: full
2022-08-02T01:41:42Z [chat] Ophianne: Full
2022-08-02T01:41:52Z [chat] Vent (Aile): buncha campers
2022-08-02T01:58:29Z [chat] Vent (Aile): <@&887894985398157363> traff
2022-08-02T01:58:29Z [chat] Klee: Woah! It is a slime!  (ﾉ>ω<)ﾉ  Klee has counted 55 slimes for traffyboi!
2022-08-02T01:59:24Z [chat] Levi: full, go
2022-08-02T02:02:30Z [chat] zero00: <@&887894985398157363> me
2022-08-02T02:02:31Z [chat] Klee: Woah! It is a slime!  (ﾉ>ω<)ﾉ  Klee has counted 27 slimes for zero00!
2022-08-02T02:02:57Z [chat] DoujinKAMI: last tic ;-;
2022-08-02T02:03:03Z [chat] DoujinKAMI: for a while anyway
2022-08-02T02:03:16Z [chat] 17maple: full
