2022-08-19T02:56:33Z Bot is starting up...
2022-08-19T02:56:35Z Bot is ready.
2022-08-19T03:07:56Z [chat] zero00: <@&887894985398157363> me
2022-08-19T03:07:56Z [chat] Klee: Woah! It is a slime!  (ﾉ>ω<)ﾉ  Klee has counted 1 slimes for zero00!
2022-08-19T03:08:14Z [add] Vent (Aile): 1 vent
2022-08-19T03:08:14Z [chat] Vent (Aile): !add 1 vent
2022-08-19T03:08:14Z [chat] Klee: Klee has added a slime to Vent! The number of slimes Vent has summoned has gone from 1 to 2
2022-08-19T03:10:50Z [chat] Kenshin: fulded
2022-08-19T03:21:32Z [chat] Ioni: <@&887894985398157363> donuts
2022-08-19T03:21:33Z [chat] Klee: Woah! It is a slime!  (ﾉ>ω<)ﾉ  Klee has counted 1 slimes for donuts!
2022-08-19T03:23:23Z [chat] mUmU: 16th
2022-08-19T03:24:38Z [chat] Kenshin: ded
2022-08-19T03:27:40Z [chat] Tedo: <@&887894985398157363> donuts again
2022-08-19T03:27:40Z [chat] Klee: Woah! It is a slime!  (ﾉ>ω<)ﾉ  Klee has counted 2 slimes for donuts!
2022-08-19T03:31:10Z [chat] Kenshin: ded
2022-08-19T03:38:17Z [chat] CloudExt: Me lvl13
2022-08-19T03:47:57Z [chat] DoujinKAMI: <@&887894985398157363> me lvl 28
2022-08-19T03:47:58Z [chat] Klee: Woah! It is a slime!  (ﾉ>ω<)ﾉ  Klee has counted 1 slimes for DoujinKAMI!
2022-08-19T03:48:39Z [chat] Kenshin: did u join urself
2022-08-19T03:48:46Z [chat] DoujinKAMI: not yet
2022-08-19T03:48:50Z [chat] Cats On Mars: i didnt see it too
2022-08-19T03:48:52Z [chat] Cats On Mars: lol ok
2022-08-19T03:48:53Z [chat] Kenshin: no one can join unless u join
2022-08-19T03:48:54Z [chat] mUmU: lol
2022-08-19T03:48:59Z [chat] DoujinKAMI: my bad
2022-08-19T03:49:07Z [chat] mUmU: nice guy
2022-08-19T03:49:27Z [chat] Kenshin: lota randos so fast
2022-08-19T03:49:44Z [chat] CloudExt: Me lvl15
2022-08-19T03:49:55Z [chat] Kenshin: cloud dont join if u didnt yet
2022-08-19T03:50:04Z [chat] DoujinKAMI: still got to clean up my FL a bit
2022-08-19T03:50:07Z [chat] CloudExt: I paused
2022-08-19T03:50:11Z [chat] mUmU: lol
2022-08-19T03:50:26Z [chat] Vent (Aile): doujin dead
2022-08-19T03:50:36Z [chat] Kenshin: 
2022-08-19T03:53:14Z [chat] Kenshin: cloud's ded
2022-08-19T04:00:21Z [chat] CloudExt: Me lvl18
2022-08-19T04:03:17Z [chat] Kenshin: chia killed lol
2022-08-19T04:04:02Z [chat] Kenshin: <@&887894985398157363> leafa
2022-08-19T04:04:02Z [chat] Klee: Woah! It is a slime!  (ﾉ>ω<)ﾉ  Klee has counted 1 slimes for leafa!
2022-08-19T04:04:18Z [chat] Kenshin: pinged at :04
2022-08-19T04:05:13Z [chat] pawpaw: Still not on FL leafa
2022-08-19T04:05:24Z [chat] leafa1244: did u add me?
2022-08-19T04:08:54Z [chat] Kenshin: ded
2022-08-19T04:53:32Z [chat] Tatumi: <@&887894985398157363> <@506124628188594181>
2022-08-19T04:53:32Z [chat] Klee: Woah! It is a slime!  (ﾉ>ω<)ﾉ  Klee has counted 3 slimes for donuts!
2022-08-19T05:16:50Z [chat] Tatumi: <@312642855330119681> <@&887894985398157363>
2022-08-19T05:16:50Z [chat] Klee: Woah! It is a slime!  (ﾉ>ω<)ﾉ  Klee has counted 1 slimes for Dostic!
2022-08-19T05:17:21Z [chat] leafa1244: Dead?
2022-08-19T05:17:29Z [chat] DoujinKAMI: dont see it
2022-08-19T05:17:34Z [chat] Dostic: Just rushing out 10 tics before work
2022-08-19T05:17:42Z [chat] Dostic: Disnt see it was charin
2022-08-19T05:44:57Z [chat] Umbrella (GoldHunter): <@&887894985398157363> me
2022-08-19T05:44:57Z [chat] Klee: Woah! It is a slime!  (ﾉ>ω<)ﾉ  Klee has counted 1 slimes for GoldHunter!
2022-08-19T06:17:19Z [chat] Umbrella (GoldHunter): <@&887894985398157363> me
2022-08-19T06:17:20Z [chat] Klee: Woah! It is a slime!  (ﾉ>ω<)ﾉ  Klee has counted 2 slimes for GoldHunter!
2022-08-19T07:07:33Z [chat] Reddl: <@&887894985398157363> me
2022-08-19T07:07:33Z [chat] Klee: Woah! It is a slime!  (ﾉ>ω<)ﾉ  Klee has counted 2 slimes for ReddlsRow!
2022-08-19T07:51:28Z [chat] Tatumi: <@579199616143327258> <@&887894985398157363>
2022-08-19T07:51:28Z [chat] Klee: Woah! It is a slime!  (ﾉ>ω<)ﾉ  Klee has counted 1 slimes for virant (Variant-1)!
2022-08-19T07:51:51Z [chat] CloudExt: variant and traffy
2022-08-19T07:52:26Z [chat] CloudExt: <@&887894985398157363> <@120428736637173760>
2022-08-19T07:52:26Z [chat] Klee: Woah! It is a slime!  (ﾉ>ω<)ﾉ  Klee has counted 5 slimes for traffyboi!
2022-08-19T07:52:44Z [chat] ainthe: both started
2022-08-19T07:52:57Z [chat] Vent (Aile): variant dead
2022-08-19T07:54:15Z [chat] ainthe: traffy still up
2022-08-19T07:57:06Z [chat] Ioni: ded
2022-08-19T08:56:51Z [chat] Vent (Aile): <@&887894985398157363> traff
2022-08-19T08:56:51Z [chat] Klee: Woah! It is a slime!  (ﾉ>ω<)ﾉ  Klee has counted 6 slimes for traffyboi!
2022-08-19T09:03:01Z [chat] Vent (Aile): <@&887894985398157363> vent
2022-08-19T09:03:01Z [chat] Klee: Woah! It is a slime!  (ﾉ>ω<)ﾉ  Klee has counted 3 slimes for Vent!
2022-08-19T09:12:32Z [chat] Zerefsis: <@&887894985398157363> angel
2022-08-19T09:12:32Z [chat] Klee: Woah! It is a slime!  (ﾉ>ω<)ﾉ  Klee has counted 1 slimes for Angel!
2022-08-19T09:13:05Z [chat] Angel: Thanks!
2022-08-19T09:20:11Z [chat] Pengest: <@&887894985398157363>  <@509805857425588224>
2022-08-19T09:20:11Z [chat] Klee: Woah! It is a slime!  (ﾉ>ω<)ﾉ  Klee has counted 4 slimes for Kenshin!
2022-08-19T09:22:20Z [chat] ainthe: fulded
2022-08-19T09:29:22Z [chat] Consutron: <@&887894985398157363> <@207111511410212865>
2022-08-19T09:29:23Z [chat] Klee: Woah! It is a slime!  (ﾉ>ω<)ﾉ  Klee has counted 2 slimes for Moss!
2022-08-19T09:34:09Z [chat] Dan: ded some my guy zoomed i think
2022-08-19T09:34:27Z [chat] Dan: 
2022-08-19T10:51:23Z [chat] PlainDoe: <@&887894985398157363> me
2022-08-19T10:51:24Z [chat] Klee: Woah! It is a slime!  (ﾉ>ω<)ﾉ  Klee has counted 1 slimes for PlainDoe!
2022-08-19T10:53:24Z [chat] PlainDoe: Full
2022-08-19T11:48:18Z [chat] Pengest: <@&887894985398157363>  <@509805857425588224>
2022-08-19T11:48:18Z [chat] Klee: Woah! It is a slime!  (ﾉ>ω<)ﾉ  Klee has counted 5 slimes for Kenshin!
2022-08-19T11:55:42Z [chat] || eph || booyah ||: <@&887894985398157363> ken
2022-08-19T11:55:42Z [chat] Klee: Woah! It is a slime!  (ﾉ>ω<)ﾉ  Klee has counted 6 slimes for Kenshin!
2022-08-19T11:55:45Z [chat] || eph || booyah ||: rando in
2022-08-19T11:56:22Z [chat] Pengest: 19
2022-08-19T11:56:52Z [chat] donuts: full
2022-08-19T11:58:03Z [chat] || eph || booyah ||: <@&887894985398157363> vent
2022-08-19T11:58:04Z [chat] Klee: Woah! It is a slime!  (ﾉ>ω<)ﾉ  Klee has counted 4 slimes for Vent!
2022-08-19T11:58:12Z [chat] || eph || booyah ||: choochoo
2022-08-19T12:01:50Z [chat] || eph || booyah ||: 17ded
2022-08-19T12:53:18Z [chat] || eph || booyah ||: <@&887894985398157363> eph
2022-08-19T12:53:18Z [chat] Klee: Woah! It is a slime!  (ﾉ>ω<)ﾉ  Klee has counted 1 slimes for eph || booyah!
2022-08-19T12:55:16Z [chat] esyw: Full
2022-08-19T12:58:28Z [chat] Kenshin: <@&887894985398157363> me
2022-08-19T12:58:29Z [chat] Klee: Woah! It is a slime!  (ﾉ>ω<)ﾉ  Klee has counted 7 slimes for Kenshin!
2022-08-19T12:59:04Z [chat] Cats On Mars: still in eph slime
2022-08-19T12:59:57Z [chat] Cats On Mars: full
2022-08-19T14:25:38Z [chat] zero00: <@&887894985398157363> me
2022-08-19T14:25:38Z [chat] Klee: Woah! It is a slime!  (ﾉ>ω<)ﾉ  Klee has counted 2 slimes for zero00!
2022-08-19T14:26:06Z [chat] leafa1244: full
2022-08-19T14:26:28Z [chat] || eph || booyah ||: ded
2022-08-19T14:31:32Z [chat] Tachii: <@&887894985398157363> me
2022-08-19T14:31:32Z [chat] Klee: Woah! It is a slime!  (ﾉ>ω<)ﾉ  Klee has counted 2 slimes for Tachii!
2022-08-19T14:33:51Z [chat] || eph || booyah ||: full
2022-08-19T15:02:25Z [chat] Kenshin: <@&887894985398157363> tatumi rando
2022-08-19T15:02:25Z [chat] Klee: Woah! It is a slime!  (ﾉ>ω<)ﾉ  Klee has counted 1 slimes for Tatumi!
2022-08-19T15:02:33Z [chat] Kenshin: 2020zero is not out zero
2022-08-19T15:02:47Z [chat] Kenshin: There r so many zeros
2022-08-19T15:03:24Z [chat] || eph || booyah ||: gone
2022-08-19T15:03:26Z [chat] Dostic: My game crashed, did it just continue?
2022-08-19T15:03:28Z [chat] Dostic: Guess so
2022-08-19T15:03:45Z [chat] donuts: Gone
2022-08-19T15:03:53Z [chat] Umbrella (GoldHunter): Didn't see it
2022-08-19T15:04:15Z [chat] Kenshin: 
2022-08-19T15:04:19Z [chat] esyw: I'm the last one in
2022-08-19T15:04:30Z [chat] Dostic: Im pretty sure I was the one who killed
2022-08-19T15:04:48Z [chat] mantis: 29 me in a few sec
2022-08-19T15:05:12Z [chat] Kenshin: <@&887894985398157363> mantis
2022-08-19T15:05:12Z [chat] Klee: Woah! It is a slime!  (ﾉ>ω<)ﾉ  Klee has counted 1 slimes for mantis!
2022-08-19T15:06:42Z [chat] donuts: I had to yeet Mel last ragna. Sniped a bunch
2022-08-19T15:07:55Z [chat] Kenshin: 2020zero was the first one in
2022-08-19T15:09:46Z [chat] Tatumi: Mel out
2022-08-19T15:50:08Z [chat] Zerefsis: <@&887894985398157363> vent
2022-08-19T15:50:09Z [chat] Klee: Woah! It is a slime!  (ﾉ>ω<)ﾉ  Klee has counted 5 slimes for Vent!
2022-08-19T16:41:38Z [chat] pawpaw: <@&887894985398157363> fie
2022-08-19T16:41:39Z [chat] Klee: Woah! It is a slime!  (ﾉ>ω<)ﾉ  Klee has counted 3 slimes for fiE!
2022-08-19T16:43:17Z [chat] Zerefsis: 18
2022-08-19T17:09:03Z [chat] Link2D3atH: <@&887915507804692511> gon
2022-08-19T17:09:04Z [chat] Klee: Woah! It is a slime!  (ﾉ>ω<)ﾉ  Klee has counted 1 slimes for GonBu!
2022-08-19T17:09:07Z [chat] traffyboi: already ded
2022-08-19T17:09:11Z [chat] traffyboi: gonb yeeted it
2022-08-19T17:09:12Z [chat] Link2D3atH: rip
2022-08-19T17:09:13Z [chat] traffyboi: <:pain:893907255236390962>
2022-08-19T17:17:30Z [chat] Kenshin: <@&887894985398157363> me
2022-08-19T17:17:32Z [chat] Klee: Woah! It is a slime!  (ﾉ>ω<)ﾉ  Klee has counted 8 slimes for Kenshin!
2022-08-19T17:18:22Z [chat] traffyboi: 19th
2022-08-19T17:18:31Z [chat] Kenshin: Full
2022-08-19T17:25:48Z [chat] Kenshin: !top_three
2022-08-19T17:25:48Z [chat] Klee: The current first is ['Kenshin'] with 8 slimes! Second is ['traffyboi'] with 6 slimes, and third is ['Vent'] with 5 slimes! They are the best! ⁽⁽٩(๑˃̶͈̀ ᗨ ˂̶͈́)۶⁾⁾
2022-08-19T17:26:00Z [chat] Kenshin: <:pekorasmug:887924564145889340>
2022-08-19T17:31:01Z [chat] traffyboi: hacks
2022-08-19T17:31:06Z [chat] traffyboi: reporting to SU
2022-08-19T17:52:55Z [chat] Kenshin: <@&887894985398157363> me
2022-08-19T17:52:56Z [chat] Klee: Woah! It is a slime!  (ﾉ>ω<)ﾉ  Klee has counted 9 slimes for Kenshin!
2022-08-19T17:53:53Z [chat] mUmU: full
2022-08-19T18:21:37Z [chat] luxury777: <@&887894985398157363> me
2022-08-19T18:21:37Z [chat] Klee: Woah! It is a slime!  (ﾉ>ω<)ﾉ  Klee has counted 1 slimes for luxury777!
2022-08-19T18:25:01Z [chat] Vent (Aile): ded
2022-08-19T19:17:12Z [chat] Tedo: <@&887894985398157363> me 28
2022-08-19T19:17:13Z [chat] Klee: Woah! It is a slime!  (ﾉ>ω<)ﾉ  Klee has counted 1 slimes for Tedo!
2022-08-19T19:18:04Z [chat] Reddl: 18
2022-08-19T19:27:49Z [chat] zero00: <@&887894985398157363> me
2022-08-19T19:27:49Z [chat] Klee: Woah! It is a slime!  (ﾉ>ω<)ﾉ  Klee has counted 3 slimes for zero00!
2022-08-19T19:28:45Z [chat] || eph || booyah ||: full
