2022-08-31T13:51:22Z Bot is starting up...
2022-08-31T13:51:25Z Bot is ready.
2022-08-31T13:58:01Z [chat] Tatumi: <@&887894985398157363> <@207924668844212225>
2022-08-31T13:58:01Z [chat] Klee: Woah! It is a slime!  (ﾉ>ω<)ﾉ  Klee has counted 52 slimes for Vent!
2022-08-31T13:58:13Z [chat] || eph || booyah ||: i think it was aile
2022-08-31T13:59:12Z [chat] Kenshin: Thx god <:keklul:887934339680206858>
2022-08-31T13:59:22Z [chat] Vent (Aile): don't play me like that
2022-08-31T13:59:30Z [add] Vent (Aile): -1 vent
2022-08-31T13:59:30Z [chat] Vent (Aile): !add -1 vent
2022-08-31T13:59:30Z [chat] Klee: Klee has added a slime to Vent! The number of slimes Vent has summoned has gone from 52 to 51
2022-08-31T13:59:34Z [add] Vent (Aile): 1 aile
2022-08-31T13:59:34Z [chat] Vent (Aile): !add 1 aile
2022-08-31T13:59:34Z [chat] Klee: Klee has added a slime to aile! The number of slimes aile has summoned has gone from 21 to 22
2022-08-31T14:00:00Z [chat] Vent (Aile): 🥲
2022-08-31T14:00:21Z [chat] || eph || booyah ||: ded
2022-08-31T14:00:31Z [chat] || eph || booyah ||: that feel when vent's alt out-spawns you
2022-08-31T14:07:43Z [chat] Kenshin: <@&887894985398157363> me
2022-08-31T14:07:44Z [chat] Klee: Woah! It is a slime!  (ﾉ>ω<)ﾉ  Klee has counted 53 slimes for Kenshin!
2022-08-31T14:08:25Z [chat] Vent (Aile): full
2022-08-31T14:08:54Z [chat] esyw: Damn it was quick
2022-08-31T14:20:51Z [chat] sunscream: <@&887894985398157363> ME
2022-08-31T14:20:51Z [chat] Klee: Woah! It is a slime!  (ﾉ>ω<)ﾉ  Klee has counted 3 slimes for Sunscream!
2022-08-31T14:29:29Z [chat] Tachii: <@&887894985398157363> zero
2022-08-31T14:29:29Z [chat] Klee: Woah! It is a slime!  (ﾉ>ω<)ﾉ  Klee has counted 30 slimes for zero00!
2022-08-31T14:30:13Z [chat] Vent (Aile): also odyn
2022-08-31T14:30:33Z [chat] Odyn: <@&887894985398157363> me
2022-08-31T14:30:33Z [chat] Klee: Woah! It is a slime!  (ﾉ>ω<)ﾉ  Klee has counted 4 slimes for Odyn!
2022-08-31T14:30:38Z [chat] Vent (Aile): zero full yet?
2022-08-31T14:30:57Z [chat] Thaelon: yeah
2022-08-31T14:31:01Z [chat] PlainDoe: I no see zero slime only odyn
2022-08-31T14:31:13Z [chat] Thaelon: 8 in odyn
2022-08-31T14:31:43Z [chat] Thaelon: zero's fulded
