2022-08-30T10:56:37Z Bot is starting up...
2022-08-30T10:56:40Z Bot is ready.
2022-08-30T10:57:26Z [add] traffyboi: 0 paw
2022-08-30T10:57:26Z [chat] traffyboi: !add 0 paw
2022-08-30T10:57:26Z [chat] Klee: Klee has added a slime to pawpaw! The number of slimes pawpaw has summoned has gone from 2 to 2
2022-08-30T10:57:31Z [add] traffyboi: 1 paw
2022-08-30T10:57:31Z [chat] traffyboi: !add 1 paw
2022-08-30T10:57:31Z [chat] Klee: Klee has added a slime to pawpaw! The number of slimes pawpaw has summoned has gone from 2 to 3
2022-08-30T10:58:19Z [add] traffyboi: 1 kenshin
2022-08-30T10:58:19Z [chat] traffyboi: !add 1 kenshin
2022-08-30T10:58:19Z [chat] Klee: Klee has added a slime to Kenshin! The number of slimes Kenshin has summoned has gone from 47 to 48
2022-08-30T10:58:32Z [add] traffyboi: 1 zeref
2022-08-30T10:58:32Z [chat] traffyboi: !add 1 zeref
2022-08-30T10:58:33Z [chat] Klee: Klee has added a slime to Zerefsis! The number of slimes Zerefsis has summoned has gone from 5 to 6
2022-08-30T10:58:36Z [chat] Vent (Aile): !top_three
2022-08-30T10:58:36Z [chat] Klee: The current first is ['traffyboi'] with 63 slimes! Second is ['Vent', 'Kenshin'] with 48 slimes, and third is ['donuts'] with 38 slimes! They are the best! ⁽⁽٩(๑˃̶͈̀ ᗨ ˂̶͈́)۶⁾⁾
2022-08-30T10:58:52Z [add] traffyboi: 1 apeks
2022-08-30T10:58:53Z [chat] traffyboi: !add 1 apeks
2022-08-30T10:58:53Z [chat] Klee: Klee has added a slime to Apeks! The number of slimes Apeks has summoned has gone from 1 to 2
2022-08-30T10:59:21Z [add] traffyboi: 1 angel
2022-08-30T10:59:21Z [chat] traffyboi: !add 1 angel
2022-08-30T10:59:21Z [chat] Klee: Klee has added a slime to Angel! The number of slimes Angel has summoned has gone from 7 to 8
2022-08-30T10:59:33Z [add] traffyboi: 1 kenshin
2022-08-30T10:59:33Z [chat] traffyboi: !add 1 kenshin
2022-08-30T10:59:34Z [chat] Klee: Klee has added a slime to Kenshin! The number of slimes Kenshin has summoned has gone from 48 to 49
2022-08-30T10:59:43Z [add] traffyboi: 1 kenshin
2022-08-30T10:59:43Z [chat] traffyboi: !add 1 kenshin
2022-08-30T10:59:43Z [chat] Klee: Klee has added a slime to Kenshin! The number of slimes Kenshin has summoned has gone from 49 to 50
2022-08-30T10:59:52Z [add] traffyboi: 1 rocket
2022-08-30T10:59:52Z [chat] traffyboi: !add 1 rocket
2022-08-30T10:59:52Z [chat] Klee: Klee has added a slime to rocketeer! The number of slimes rocketeer has summoned has gone from 14 to 15
2022-08-30T11:00:02Z [chat] traffyboi: klee like a cat
2022-08-30T11:00:07Z [chat] traffyboi: always sleepin
2022-08-30T11:01:52Z [chat] Kenshin: Traff
2022-08-30T11:01:57Z [chat] Kenshin: U misssed 1
2022-08-30T11:02:56Z [chat] Kenshin: Ok u didnt
2022-08-30T11:03:08Z [chat] Kenshin: <:hidethepainaway:888099981658050592>
2022-08-30T11:26:23Z [chat] Reddl: <@&887894985398157363> me
2022-08-30T11:26:24Z [chat] Klee: Woah! It is a slime!  (ﾉ>ω<)ﾉ  Klee has counted 6 slimes for ReddlsRow!
2022-08-30T11:28:42Z [chat] donuts: Can someone add my slime from earlier
2022-08-30T11:29:01Z [chat] || eph || booyah ||: 
2022-08-30T11:29:12Z [chat] || eph || booyah ||: nuked
2022-08-30T11:29:56Z [add] || eph || booyah ||: 1 donu
2022-08-30T11:29:56Z [chat] || eph || booyah ||: !add 1 donu
2022-08-30T11:29:56Z [chat] Klee: Klee has added a slime to donuts! The number of slimes donuts has summoned has gone from 38 to 39
2022-08-30T11:32:51Z [chat] donuts: thanks
2022-08-30T11:35:55Z [chat] Thaelon: <@&887894985398157363> traff
2022-08-30T11:35:56Z [chat] Klee: Woah! It is a slime!  (ﾉ>ω<)ﾉ  Klee has counted 64 slimes for traffyboi!
2022-08-30T11:37:25Z [chat] Reddl: i will delete them, thx
2022-08-30T11:37:35Z [chat] Vent (Aile): Fullded
2022-08-30T11:40:06Z [chat] Thaelon: <@&887894985398157363> tock
2022-08-30T11:40:06Z [chat] Klee: Uh, Klee does not know this name, and therefore cannot add this slime to anyone...
2022-08-30T11:40:16Z [chat] Kenshin: Not ultra
2022-08-30T11:40:18Z [chat] || eph || booyah ||: tock's gone
2022-08-30T11:40:45Z [chat] Thaelon: ah weird wasn't he chatting in this ragna season?
2022-08-30T11:40:59Z [chat] Kenshin: Joined for 2 days then left wo saying anything
2022-08-30T11:41:28Z [chat] Thaelon: damn pretty sure he spawned a fair amount in that short time
2022-08-30T11:41:44Z [chat] donuts: dude is number 3/4 on the slayer ranking
2022-08-30T11:42:18Z [chat] Thaelon: <:frogeHmm:888110563354370128>
2022-08-30T11:43:29Z [chat] Kenshin: He did complained that he didnt see any raids from the ppl he added
2022-08-30T11:43:37Z [chat] Kenshin: Hours before he left
2022-08-30T11:43:56Z [chat] Thaelon: he must not have added many people then
2022-08-30T11:44:19Z [chat] Kenshin: We r too plebs for him <:kekwait:887896407103664138>
2022-08-30T11:46:14Z [chat] Zerefsis: He still has us added though, and he does spawn a good amount of slimes <:ez:889809313261060116>
2022-08-30T11:47:31Z [chat] Thaelon: I will definitely partake <:pepeYay:888010336127561749>
2022-08-30T11:47:42Z [chat] rocketeer: <@&887894985398157363> me
2022-08-30T11:47:42Z [chat] Klee: Woah! It is a slime!  (ﾉ>ω<)ﾉ  Klee has counted 16 slimes for rocketeer!
2022-08-30T11:48:50Z [chat] Kenshin: I yeeted him <:kekwait:887896407103664138>
2022-08-30T11:48:55Z [chat] Kenshin: Immediately
