2022-08-31T00:39:18Z Bot is starting up...
2022-08-31T00:39:21Z Bot is ready.
2022-08-31T00:39:23Z [chat] Tedo: <@&887894985398157363> alie
2022-08-31T00:39:23Z [chat] Klee: Uh, Klee does not know this name, and therefore cannot add this slime to anyone...
2022-08-31T00:39:37Z [chat] Tedo: altra alie maybe
2022-08-31T00:39:51Z [add] rocketeer: 1 tatumi
2022-08-31T00:39:51Z [chat] rocketeer: !add 1 tatumi
2022-08-31T00:39:51Z [chat] Klee: Klee has added a slime to Tatumi! The number of slimes Tatumi has summoned has gone from 31 to 32
2022-08-31T00:39:55Z [add] rocketeer: 1 aile
2022-08-31T00:39:55Z [chat] rocketeer: !add 1 aile
2022-08-31T00:39:56Z [chat] Klee: Klee has added a slime to aile! The number of slimes aile has summoned has gone from 19 to 20
2022-08-31T00:40:08Z [chat] Kenshin: zoomed
2022-08-31T00:40:09Z [chat] Vent (Aile): Ultra was correct you just spelled aile wrong
2022-08-31T00:40:09Z [chat] Kenshin: wtf
2022-08-31T00:40:11Z [chat] Kenshin: ZOOMED
2022-08-31T00:40:14Z [chat] Kenshin: fkk
2022-08-31T00:40:18Z [chat] Tedo: ooof
2022-08-31T00:40:23Z [chat] Tachii: Sry
2022-08-31T00:40:32Z [chat] Tachii: Time me out or smth
2022-08-31T00:40:38Z [chat] DoujinKAMI: tock has one
2022-08-31T00:40:50Z [chat] Kenshin: no tock
2022-08-31T00:41:03Z [chat] DoujinKAMI: yeah thats why i didnt ping
2022-08-31T00:43:15Z [chat] traffyboi: no tock talk
2022-08-31T00:43:25Z [chat] DoujinKAMI: Wait why?
2022-08-31T00:43:31Z [chat] traffyboi: lol i just wanted to say that
2022-08-31T00:43:45Z [chat] traffyboi: b/c tock and talk sound similar
2022-08-31T00:43:54Z [chat] traffyboi: <:upsidedownfrogesip:716424665085771786>
2022-08-31T00:44:05Z [chat] Vent (Aile): <:hidethepainaway:888099981658050592>  traffys reaction when his jokes don't land
2022-08-31T00:44:33Z [chat] traffyboi: i tell plenty of awful jokes, plenty used to it by now
2022-08-31T00:44:34Z [chat] traffyboi: <:topkek:887923315342213142>
2022-08-31T00:44:58Z [chat] DoujinKAMI: LOL i was like oh shit did i miss some drama? lol
2022-08-31T00:45:12Z [chat] DoujinKAMI: well besides the fact he left
2022-08-31T00:46:54Z [chat] Kenshin: takes more than 1 zoom to get timed out
2022-08-31T00:48:03Z [chat] traffyboi: <:donkSip:888008393288212490>
2022-08-31T00:50:02Z [chat] Kenshin: but that's yesterday <:kekwait:887896407103664138>
2022-08-31T00:50:13Z [chat] Kenshin: we cant be that draconian
2022-08-31T00:50:26Z [chat] Vent (Aile): lmao bruhh
2022-08-31T00:50:34Z [chat] Vent (Aile): both zooms were on mine
2022-08-31T00:50:40Z [chat] Kenshin: lol
2022-08-31T00:50:51Z [chat] traffyboi: !daily
2022-08-31T00:50:52Z [chat] Klee: Klee has counted hand by hand, in the past 24 hours, we have summoned 45 slimes! ٩(๑❛ᴗ❛๑)۶
2022-08-31T00:54:21Z [chat] Variant-2: <@&887894985398157363> vent
2022-08-31T00:54:22Z [chat] Klee: Woah! It is a slime!  (ﾉ>ω<)ﾉ  Klee has counted 51 slimes for Vent!
2022-08-31T00:55:53Z [chat] traffyboi: full
2022-08-31T01:04:58Z [chat] Kenshin: <@&887894985398157363> zero
2022-08-31T01:04:59Z [chat] Klee: Woah! It is a slime!  (ﾉ>ω<)ﾉ  Klee has counted 30 slimes for zero00!
2022-08-31T01:05:56Z [chat] Pengest: 15
2022-08-31T01:06:22Z [chat] variant-*: Full
