2022-08-28T02:01:28Z Bot is starting up...
2022-08-28T02:01:31Z Bot is ready.
2022-08-28T02:01:36Z [add] 17maple: 1 rocket
2022-08-28T02:01:36Z [chat] 17maple: !add 1 rocket
2022-08-28T02:01:36Z [chat] Klee: Klee has added a slime to rocketeer! The number of slimes rocketeer has summoned has gone from 9 to 10
2022-08-28T02:01:39Z [add] 17maple: 1 tatumi
2022-08-28T02:01:39Z [chat] 17maple: !add 1 tatumi
2022-08-28T02:01:39Z [chat] Klee: Klee has added a slime to Tatumi! The number of slimes Tatumi has summoned has gone from 21 to 22
2022-08-28T02:01:41Z [add] 17maple: 1 gold
2022-08-28T02:01:41Z [chat] 17maple: !add 1 gold
2022-08-28T02:01:42Z [chat] Klee: Klee has added a slime to GoldHunter! The number of slimes GoldHunter has summoned has gone from 5 to 6
2022-08-28T02:18:01Z [chat] DoujinKAMI: <@&887894985398157363> ME
2022-08-28T02:18:01Z [chat] Klee: Woah! It is a slime!  (ﾉ>ω<)ﾉ  Klee has counted 17 slimes for DoujinKAMI!
2022-08-28T03:00:52Z [chat] Leofarr: <@&887894985398157363>  <@506124628188594181>
2022-08-28T03:00:52Z [chat] Klee: Woah! It is a slime!  (ﾉ>ω<)ﾉ  Klee has counted 36 slimes for donuts!
2022-08-28T03:10:11Z [chat] Cats On Mars: tock also got slime now
2022-08-28T03:10:15Z [chat] Cats On Mars: <:feelspainman:887929815347367948>
2022-08-28T04:24:16Z [chat] Thaelon: <@&887894985398157363> sun
2022-08-28T04:24:16Z [chat] Klee: Woah! It is a slime!  (ﾉ>ω<)ﾉ  Klee has counted 2 slimes for Sunscream!
2022-08-28T04:24:39Z [chat] sunscream: Thanks
2022-08-28T04:27:56Z [chat] variant-*: Dead 14
2022-08-28T04:28:36Z [chat] variant-*: Loukchin kill first, though i don't know at which minutes.
2022-08-28T04:54:14Z [chat] Vent (Aile): <@&887894985398157363> pengest
2022-08-28T04:54:15Z [chat] Klee: Woah! It is a slime!  (ﾉ>ω<)ﾉ  Klee has counted 10 slimes for Pengest!
2022-08-28T04:54:23Z [chat] Pengest: Wow fast
2022-08-28T04:54:48Z [chat] Vent (Aile): saw yours right after I summoned a raid lol
2022-08-28T04:55:48Z [chat] mUmU: Sorry I zoomed
2022-08-28T05:19:29Z [chat] DoujinKAMI: <@&887894985398157363> me
2022-08-28T05:19:29Z [chat] Klee: Woah! It is a slime!  (ﾉ>ω<)ﾉ  Klee has counted 18 slimes for DoujinKAMI!
2022-08-28T05:28:49Z [chat] DoujinKAMI: <@&887894985398157363> me
2022-08-28T05:28:50Z [chat] Klee: Woah! It is a slime!  (ﾉ>ω<)ﾉ  Klee has counted 19 slimes for DoujinKAMI!
2022-08-28T05:30:09Z [chat] Gold Hunter: goddamn kami you've spawned a crap ton of slimes this raid
2022-08-28T05:31:00Z [chat] Gold Hunter: slime whisperer
2022-08-28T05:32:05Z [chat] DoujinKAMI: LOL
2022-08-28T05:32:14Z [chat] DoujinKAMI: all i had to do was complain
2022-08-28T05:32:22Z [chat] DoujinKAMI: and then behold slime!
2022-08-28T05:32:30Z [chat] DoujinKAMI: <:topkek:887923315342213142>
2022-08-28T05:33:10Z [chat] variant-*: dead 10
2022-08-28T05:34:12Z [chat] Vent (Aile): I dont see you with 4head role
2022-08-28T05:35:19Z [chat] DoujinKAMI: whats that?
2022-08-28T05:35:52Z [chat] Vent (Aile): https://discord.com/channels/887892391317606491/887896779020980234/946537823023030312
2022-08-28T05:36:24Z [chat] Vent (Aile): role for superstitious people
2022-08-28T05:36:39Z [chat] Vent (Aile): <:topkek:887923315342213142>
2022-08-28T05:37:29Z [chat] DoujinKAMI: im only superstitions when its convenient for me lol
2022-08-28T05:37:53Z [chat] DoujinKAMI: if i spawn more slimes then im very superstitions
2022-08-28T05:57:54Z [chat] Vent (Aile): <@&887894985398157363> ioni
2022-08-28T05:57:54Z [chat] Klee: Woah! It is a slime!  (ﾉ>ω<)ﾉ  Klee has counted 10 slimes for Ioni!
2022-08-28T06:01:53Z [chat] Tedo: <@&887894985398157363> traf
2022-08-28T06:01:53Z [chat] Klee: Woah! It is a slime!  (ﾉ>ω<)ﾉ  Klee has counted 57 slimes for traffyboi!
2022-08-28T06:08:00Z [chat] Vent (Aile): tock
2022-08-28T06:13:23Z [chat] Vent (Aile): <@&887894985398157363> leafa
2022-08-28T06:13:23Z [chat] Klee: Woah! It is a slime!  (ﾉ>ω<)ﾉ  Klee has counted 3 slimes for leafa!
2022-08-28T06:14:06Z [chat] Dostic: 13th
2022-08-28T06:14:26Z [chat] Tedo: shit i zoomed
2022-08-28T06:14:39Z [chat] Tedo: forgot to hit home button
2022-08-28T06:15:45Z [chat] Ophianne: @ultra me
2022-08-28T06:16:12Z [chat] Ophianne: <@&887894985398157363> me
2022-08-28T06:16:13Z [chat] Klee: Woah! It is a slime!  (ﾉ>ω<)ﾉ  Klee has counted 12 slimes for Ophianne!
2022-08-28T06:16:38Z [chat] DoujinKAMI: who aredriseth?
2022-08-28T06:17:16Z [chat] Vent (Aile): rando
2022-08-28T06:18:17Z [chat] Vent (Aile): whooo made it
2022-08-28T06:18:46Z [chat] Vent (Aile): had to wait a minute for the ad and another min to collect it
2022-08-28T06:19:52Z [chat] Ophianne: Aredriseth my gf
2022-08-28T06:19:58Z [chat] Ophianne: She knows to pause
2022-08-28T06:20:13Z [chat] Vent (Aile): nice
2022-08-28T06:20:16Z [chat] DoujinKAMI: Sickk
2022-08-28T06:30:36Z [chat] Vent (Aile): <@&887894985398157363> tatumi
2022-08-28T06:30:37Z [chat] Klee: Woah! It is a slime!  (ﾉ>ω<)ﾉ  Klee has counted 23 slimes for Tatumi!
2022-08-28T06:32:39Z [chat] Tedo: gone
2022-08-28T06:52:11Z [chat] Vent (Aile): <@&887894985398157363> vent
2022-08-28T06:52:12Z [chat] Klee: Woah! It is a slime!  (ﾉ>ω<)ﾉ  Klee has counted 40 slimes for Vent!
2022-08-28T06:54:06Z [chat] DoujinKAMI: 40 more seconds lol
2022-08-28T06:54:47Z [chat] DoujinKAMI: thank yous
2022-08-28T06:55:49Z [chat] Spike/Chitoge: i forgot to pause it's dead
2022-08-28T06:55:50Z [chat] Spike/Chitoge: my bad
2022-08-28T06:55:52Z [chat] Spike/Chitoge: <:feelsbadman:887936602054201424>
2022-08-28T07:00:22Z [chat] Link2D3atH: <@&887894985398157363> pengets
2022-08-28T07:00:22Z [chat] Klee: Uh, Klee does not know this name, and therefore cannot add this slime to anyone...
2022-08-28T07:00:27Z [chat] Pengest: <@&887894985398157363> me
2022-08-28T07:00:27Z [chat] Klee: Woah! It is a slime!  (ﾉ>ω<)ﾉ  Klee has counted 11 slimes for Pengest!
2022-08-28T07:01:14Z [chat] Tedo: gone
2022-08-28T07:01:20Z [chat] Dostic: spike rushed
2022-08-28T07:01:21Z [chat] Gold Hunter: dead
2022-08-28T07:01:52Z [chat] Spike/Chitoge: that one my emulator froze
2022-08-28T07:01:59Z [chat] Spike/Chitoge: i thought it would just kick me out of the slime sorry =[
2022-08-28T07:02:06Z [chat] Spike/Chitoge: i had to force close it
2022-08-28T07:02:10Z [chat] Spike/Chitoge: sorry about that
2022-08-28T07:02:10Z [chat] Link2D3atH: <:hidethepainaway:888099981658050592>
2022-08-28T07:02:14Z [chat] Spike/Chitoge: <:pepehands:887936601160810496>
2022-08-28T07:02:28Z [chat] Spike/Chitoge: the first one was my bad, this one i had no control on
2022-08-28T07:02:29Z [chat] Spike/Chitoge: <:feelsbadman:887936602054201424>
2022-08-28T07:21:46Z [chat] esyw: <@&887894985398157363> traf
2022-08-28T07:21:46Z [chat] Klee: Woah! It is a slime!  (ﾉ>ω<)ﾉ  Klee has counted 58 slimes for traffyboi!
2022-08-28T07:22:01Z [chat] esyw: Fie was in but nv ping
2022-08-28T07:54:09Z [chat] Gold Hunter: <@&887894985398157363> me
2022-08-28T07:54:10Z [chat] Klee: Woah! It is a slime!  (ﾉ>ω<)ﾉ  Klee has counted 7 slimes for GoldHunter!
2022-08-28T08:00:03Z [chat] Collin: <@&887894985398157363> me
2022-08-28T08:00:04Z [chat] Klee: Woah! It is a slime!  (ﾉ>ω<)ﾉ  Klee has counted 6 slimes for Collin!
2022-08-28T08:41:51Z [chat] Tatumi: <@&887894985398157363> ME
2022-08-28T08:41:52Z [chat] Klee: Woah! It is a slime!  (ﾉ>ω<)ﾉ  Klee has counted 24 slimes for Tatumi!
2022-08-28T08:49:58Z [chat] Angel: Sorry guys, I'm afraid I fell asleep tonight before pausing. It was very late here. <:pepehands:887936601160810496>
2022-08-28T09:09:30Z [chat] variant-*: Sleeping with game still on? How was your phone battery when you awakened? <:awkward:887933018793201694>
2022-08-28T09:16:16Z [chat] variant-*: <@&887894985398157363> angel
2022-08-28T09:16:16Z [chat] Klee: Woah! It is a slime!  (ﾉ>ω<)ﾉ  Klee has counted 7 slimes for Angel!
2022-08-28T09:17:20Z [chat] Angel: Wow! That was fast. Thanks!
2022-08-28T09:19:35Z [chat] Angel: With the mobile charging all night! LOL
2022-08-28T09:32:52Z [chat] Angel: <@&887894985398157363> plain
2022-08-28T09:32:53Z [chat] Klee: Woah! It is a slime!  (ﾉ>ω<)ﾉ  Klee has counted 17 slimes for PlainDoe!
2022-08-28T10:01:12Z [chat] Dan: <@&887894985398157363> me
2022-08-28T10:01:13Z [chat] Klee: Woah! It is a slime!  (ﾉ>ω<)ﾉ  Klee has counted 7 slimes for Dan!
2022-08-28T10:08:10Z [chat] Angel: Someone zoomed?
2022-08-28T10:08:47Z [chat] Angel: Dead with 7
2022-08-28T10:11:59Z [chat] variant-*: not sure if zoomed or dead hour
2022-08-28T10:13:38Z [chat] Dan: ye i think synthel zoomed i kicked
2022-08-28T10:14:15Z [chat] Dan: he isnt ultra right
2022-08-28T10:14:30Z [chat] variant-*: not ultra
2022-08-28T10:22:25Z [chat] esyw: <@&887894985398157363> me
2022-08-28T10:22:25Z [chat] Klee: Woah! It is a slime!  (ﾉ>ω<)ﾉ  Klee has counted 12 slimes for esyw!
2022-08-28T10:29:32Z [chat] esyw: <@&887894985398157363> donut
2022-08-28T10:29:33Z [chat] Klee: Woah! It is a slime!  (ﾉ>ω<)ﾉ  Klee has counted 37 slimes for donuts!
2022-08-28T10:29:36Z [chat] esyw: Rando in
2022-08-28T10:30:50Z [chat] Zerefsis: <@&887894985398157363> gold
2022-08-28T10:30:51Z [chat] Klee: Woah! It is a slime!  (ﾉ>ω<)ﾉ  Klee has counted 8 slimes for GoldHunter!
2022-08-28T10:30:56Z [chat] Zerefsis: Traf also got one
2022-08-28T10:32:14Z [chat] esyw: Wrong ping sorry
2022-08-28T10:32:24Z [chat] Dan: im paused in donuts is it dead yet?
2022-08-28T10:32:35Z [add] esyw: -1 donut
2022-08-28T10:32:35Z [chat] esyw: !add -1 donut
2022-08-28T10:32:35Z [chat] Klee: Klee has added a slime to donuts! The number of slimes donuts has summoned has gone from 37 to 36
2022-08-28T10:33:03Z [chat] esyw: Earlier on was gold not donut
2022-08-28T10:33:30Z [chat] esyw: Gold ded
2022-08-28T10:34:28Z [chat] Dan: ah ok
2022-08-28T10:34:47Z [chat] Dan: think rando zoomed was dead at 8
2022-08-28T10:36:24Z [chat] esyw: Noone ping traf?
2022-08-28T10:36:26Z [chat] esyw: Lol
2022-08-28T10:39:29Z [chat] esyw: So do we add to traf?
2022-08-28T11:00:58Z [chat] variant-*: if anyone can confirm they enter traf's, we can add it.
2022-08-28T11:24:43Z [chat] Pengest: <@&887894985398157363>  gold
2022-08-28T11:24:44Z [chat] Klee: Woah! It is a slime!  (ﾉ>ω<)ﾉ  Klee has counted 9 slimes for GoldHunter!
2022-08-28T11:47:15Z [chat] variant-*: <@&887894985398157363> vent
2022-08-28T11:48:28Z [chat] variant-*: !ping
2022-08-28T11:48:28Z ERROR TRACE:
Traceback (most recent call last):
  File "main.py", line 601, in ping
    await ctx.send('pong!')
  File "/opt/virtualenvs/python3/lib/python3.8/site-packages/discord/abc.py", line 1065, in send
    data = await state.http.send_message(channel.id, content, tts=tts, embed=embed,
  File "/opt/virtualenvs/python3/lib/python3.8/site-packages/discord/http.py", line 216, in request
    raise HTTPException(r, data)
discord.errors.HTTPException: 429 Too Many Requests (error code: 0): You are being blocked from accessing our API temporarily due to exceeding our rate limits frequently. Please read our docs at https://discord.com/developers/docs/topics/rate-limits to prevent this moving forward.
# TRACE END

