2022-08-18T08:55:49Z Bot is starting up...
2022-08-18T08:55:51Z Bot is ready.
2022-08-18T09:10:39Z [chat] Vent (Aile): aile lv 7
2022-08-18T10:13:01Z [chat] Moss: Low level slime on me
2022-08-18T10:29:24Z [chat] Vent (Aile): vent 7
2022-08-18T10:42:07Z [chat] Vent (Aile): vent 8
2022-08-18T10:59:35Z [chat] donuts: me 6
2022-08-18T11:02:29Z [chat] Kenshin: ded
2022-08-18T11:15:03Z [chat] donuts: l11 me
2022-08-18T11:22:33Z [chat] Vent (Aile): aile 15
2022-08-18T12:05:49Z [chat] Pengest: <@&887894985398157363>  me
2022-08-18T12:05:49Z [chat] Klee: Woah! It is a slime!  (ﾉ>ω<)ﾉ  Klee has counted 1 slimes for Pengest!
2022-08-18T12:05:58Z [chat] Pengest: Whoops it's a lvl like 25
2022-08-18T12:06:25Z [chat] Thaelon: it counts!
2022-08-18T12:11:43Z [chat] variant-*: Lvl 5 me in 10 seconds
2022-08-18T12:46:25Z [chat] Kenshin: Me lv11 in 3
2022-08-18T12:46:38Z [chat] Kenshin: In
2022-08-18T12:48:57Z [chat] Kenshin: Ded
2022-08-18T13:04:37Z [chat] Senor Tonto: <@&887894985398157363> me 28
2022-08-18T13:04:37Z [chat] Klee: Woah! It is a slime!  (ﾉ>ω<)ﾉ  Klee has counted 1 slimes for SenorTonto!
2022-08-18T13:05:26Z [chat] pawpaw: Accept FR senor
2022-08-18T14:14:38Z [chat] rocketeer: lvl 11 me
2022-08-18T14:16:31Z [chat] Dan: lvl 19 slime me in a sec
2022-08-18T14:17:25Z [chat] Consutron: Level 21 on me
2022-08-18T14:38:23Z [chat] Zerefsis: lv18 for anyone who wants
2022-08-18T14:38:24Z [chat] Zerefsis: me
2022-08-18T14:38:39Z [chat] Tedo: paused on zeref
2022-08-18T14:39:29Z [chat] Tatumi: Me 17 slime
2022-08-18T14:41:38Z [chat] Tachii: i killed it
2022-08-18T14:47:34Z [chat] Collin: lv 9
2022-08-18T15:11:54Z [chat] traffyboi: <@&887894985398157363> senor
2022-08-18T15:11:55Z [chat] Klee: Woah! It is a slime!  (ﾉ>ω<)ﾉ  Klee has counted 2 slimes for SenorTonto!
2022-08-18T15:12:10Z [chat] traffyboi: lvl 30 gd I'm behind
2022-08-18T15:12:25Z [chat] Tachii: better start sweeping
2022-08-18T15:12:48Z [chat] traffyboi: nah, too expensive for my blood
2022-08-18T15:13:19Z [chat] Consutron: i am 19th
2022-08-18T15:14:10Z [chat] Cats On Mars: full cant join
2022-08-18T15:36:27Z [chat] Reddl: <@&887894985398157363> me 21
2022-08-18T15:36:28Z [chat] Klee: Woah! It is a slime!  (ﾉ>ω<)ﾉ  Klee has counted 1 slimes for ReddlsRow!
2022-08-18T15:38:50Z [chat] Dostic: 14th
2022-08-18T15:39:31Z [chat] variant-*: Ded
2022-08-18T16:01:49Z [chat] Tachii: <@&887894985398157363> moss
2022-08-18T16:01:50Z [chat] Klee: Woah! It is a slime!  (ﾉ>ω<)ﾉ  Klee has counted 1 slimes for Moss!
2022-08-18T16:05:29Z [chat] mUmU: ded
2022-08-18T16:08:45Z [chat] Cats On Mars: rocketeer killed it
2022-08-18T16:09:36Z [chat] rocketeer: I had it paused until I saw ded
2022-08-18T16:10:04Z [chat] traffyboi: it's been ages at this point lol
2022-08-18T16:10:33Z [chat] rocketeer: yeah, not sure why they're bringing it up just now
2022-08-18T16:11:55Z [chat] fiE: <@&887894985398157363> me
2022-08-18T16:11:56Z [chat] Klee: Woah! It is a slime!  (ﾉ>ω<)ﾉ  Klee has counted 1 slimes for fiE!
2022-08-18T16:12:36Z [chat] || eph || booyah ||: hrm, don't have fie, apparently
2022-08-18T16:13:16Z [chat] fiE: add me bro, got 10 slots in my friend list that is available
2022-08-18T16:15:12Z [chat] Tatumi: Dead
2022-08-18T16:18:58Z [chat] G̷̉̕u̷͑̚ǹ̴̕ẗ̴̕ḧ̵̏e̴͆́ṙ̵͝: 16 me
2022-08-18T16:21:33Z [chat] fiE: <@&887894985398157363> me
2022-08-18T16:21:34Z [chat] Klee: Woah! It is a slime!  (ﾉ>ω<)ﾉ  Klee has counted 2 slimes for fiE!
2022-08-18T16:21:48Z [chat] Kenshin: Nothing
2022-08-18T16:21:58Z [chat] Kenshin: Oh
2022-08-18T16:21:59Z [chat] fiE: try refreshing it
2022-08-18T16:22:01Z [chat] Kenshin: I see now
2022-08-18T16:22:03Z [chat] fiE: just appeared
2022-08-18T16:22:04Z [chat] fiE: xd
2022-08-18T16:22:04Z [chat] Kenshin: Ur first 30
2022-08-18T16:22:08Z [chat] fiE: ikr
2022-08-18T16:22:11Z [chat] Kenshin: So u had to join
2022-08-18T16:22:11Z [chat] fiE: what luck
2022-08-18T16:22:21Z [chat] fiE: that explains
2022-08-18T16:22:23Z [chat] traffyboi: just fyi you'll have to kill ur next 30
2022-08-18T16:22:33Z [chat] fiE: ok sure thing
2022-08-18T16:22:36Z [chat] traffyboi: or, at least hit it*
2022-08-18T16:22:43Z [chat] Kenshin: Slime doesnt count?
2022-08-18T16:22:49Z [chat] traffyboi: i don't think so
2022-08-18T16:23:04Z [chat] fiE: yea it doesn't apparently
2022-08-18T16:23:09Z [chat] traffyboi: fiE tell us when you spawn ur next boss and we can see if we can see it
2022-08-18T16:23:19Z [chat] fiE: aight
2022-08-18T16:23:22Z [chat] traffyboi: before you join*
2022-08-18T16:23:27Z [chat] fiE: gonna farm when i have more tix
2022-08-18T16:23:29Z [chat] Kenshin: Maybe another slime <:keklul:887934339680206858>
2022-08-18T16:23:31Z [chat] fiE: in 30mins from now
2022-08-18T16:23:37Z [chat] fiE: fingers crossed!
2022-08-18T16:24:11Z [chat] traffyboi: yeah np, you can ping me. i've never checked for sure myself, i've just heard that if ur first lvl 30 is a slime, it doesn't count
2022-08-18T16:25:24Z [chat] Kenshin: I waited 3m so dk if he zoomed
2022-08-18T16:25:31Z [chat] Kenshin: But ded. Go ahead
2022-08-18T16:25:57Z [chat] fiE: is "Ming" a part of AGE?
2022-08-18T16:26:01Z [chat] traffyboi: no
2022-08-18T16:26:08Z [chat] fiE: alright off he goes
2022-08-18T16:42:53Z [chat] Collin: lv20
2022-08-18T16:43:10Z [chat] || eph || booyah ||: <@&887894985398157363> collin
2022-08-18T16:43:11Z [chat] traffyboi: lvl 20 is pingable
2022-08-18T16:43:11Z [chat] Klee: Woah! It is a slime!  (ﾉ>ω<)ﾉ  Klee has counted 1 slimes for Collin!
2022-08-18T16:43:19Z [chat] || eph || booyah ||: 
2022-08-18T16:53:48Z [chat] Collin: woops
2022-08-18T16:53:59Z [chat] Collin: i like the sweep things
2022-08-18T16:55:22Z [chat] Collin: <@&887894985398157363> me 21
2022-08-18T16:55:23Z [chat] Klee: Woah! It is a slime!  (ﾉ>ω<)ﾉ  Klee has counted 2 slimes for Collin!
2022-08-18T16:56:12Z [chat] traffyboi: <@&887894985398157363> me lvl 22
2022-08-18T16:56:12Z [chat] Klee: Woah! It is a slime!  (ﾉ>ω<)ﾉ  Klee has counted 1 slimes for traffyboi!
2022-08-18T16:57:09Z [chat] mUmU: colin ded
2022-08-18T16:57:59Z [chat] traffyboi: rip colin
2022-08-18T17:06:24Z [chat] || eph || booyah ||: his name was collin slimespawn
2022-08-18T17:09:11Z [chat] Collin: <:SXFAnyaSmug:960918226924089394>
2022-08-18T17:14:45Z [chat] Kenshin: <@&887894985398157363> me 23 joining in 5 seconds
2022-08-18T17:14:45Z [chat] Klee: Woah! It is a slime!  (ﾉ>ω<)ﾉ  Klee has counted 1 slimes for Kenshin!
2022-08-18T17:16:15Z [chat] Kenshin: Full
2022-08-18T17:16:19Z [chat] Kenshin: Or ded. I don’t know
2022-08-18T17:16:50Z [chat] || eph || booyah ||: i must have been 20
2022-08-18T17:16:52Z [chat] || eph || booyah ||: just got int
2022-08-18T17:17:03Z [chat] Kenshin: Luka killed at 18
2022-08-18T17:17:05Z [chat] || eph || booyah ||: nope, 18
2022-08-18T17:17:06Z [chat] Kenshin: <:frogeHmm:888110563354370128>
2022-08-18T17:17:13Z [chat] Kenshin: But i think he waited
2022-08-18T17:17:17Z [chat] Kenshin: Since u just got in?
2022-08-18T17:17:19Z [chat] || eph || booyah ||: ya, was 2min
2022-08-18T17:18:43Z [chat] Kenshin: I dont ping him tho lol
2022-08-18T17:24:08Z [chat] esyw: <@&887894985398157363> ME
2022-08-18T17:24:09Z [chat] Klee: Woah! It is a slime!  (ﾉ>ω<)ﾉ  Klee has counted 1 slimes for esyw!
2022-08-18T17:24:13Z [chat] esyw: 26
2022-08-18T17:44:39Z [chat] fiE: <@509805857425588224> <@120428736637173760> just spawned a normal lvl 30 raid boss, can you guys see it? i haven't entered the fight yert
2022-08-18T17:45:04Z [chat] Kenshin: Dont see
2022-08-18T17:45:18Z [chat] Kenshin: Now enter
2022-08-18T17:46:25Z [chat] Kenshin: Dont see it. Enter
2022-08-18T17:47:03Z [chat] fiE: how about now?
2022-08-18T17:47:41Z [chat] Kenshin: Yea
2022-08-18T17:47:42Z [chat] Kenshin: See it
2022-08-18T17:47:46Z [chat] Kenshin: So slime doesnt count
2022-08-18T17:47:49Z [chat] fiE: yea so that settles it then
2022-08-18T17:47:56Z [chat] fiE: 
2022-08-18T17:47:57Z [chat] Kenshin: <:1010:887934359909330994>
2022-08-18T17:48:25Z [chat] Tatumi: <@202635850599759873> lv8 slime
2022-08-18T17:49:06Z [chat] Ioni: we don't ping < lvl 20 slimes :<
2022-08-18T17:49:33Z [chat] rocketeer: tatumi was pinging you, not ultra
2022-08-18T17:49:46Z [chat] Ioni: oh, mb then
2022-08-18T17:56:36Z [chat] traffyboi: you can't see slimes (or any raids) less than lvl 30 without the host entering first, so no need for you to ping the host for those
2022-08-18T17:57:00Z [chat] traffyboi: damn was in a meeting so i didn't get to see
2022-08-18T17:57:16Z [chat] traffyboi: i guess ill believe kenshin <:pepesip:636202900946812937>
2022-08-18T17:59:01Z [chat] variant-*: Slime lvl 30 thing is said in official text or guide somewhere iirc.
2022-08-18T17:59:47Z [chat] traffyboi: <:frogesip:693924015282323498>
2022-08-18T18:01:01Z [chat] variant-*: Click slayer raid button (where we get 4 daily chests for hitting 20 ally's raids). It's there.
2022-08-18T18:01:45Z [chat] traffyboi: <:galaxyfroge:736580064619266159>
2022-08-18T18:01:58Z [chat] traffyboi: reading op
2022-08-18T18:02:19Z [chat] variant-*: Mantis lv 15
2022-08-18T18:02:26Z [chat] variant-*: Doujin kami lvl under 10
2022-08-18T18:03:52Z [chat] variant-*: Though it does not mention the latest added feature where other's cannot join your raid before befoming slayer.
2022-08-18T18:04:31Z [chat] variant-*: All ded
2022-08-18T18:06:36Z [chat] Kenshin: <@&887894985398157363> me 28
2022-08-18T18:06:37Z [chat] Klee: Woah! It is a slime!  (ﾉ>ω<)ﾉ  Klee has counted 2 slimes for Kenshin!
2022-08-18T18:08:56Z [chat] variant-*: No tix
2022-08-18T18:09:22Z [chat] variant-*: 19
2022-08-18T18:09:41Z [chat] Kenshin: Nice
2022-08-18T18:09:48Z [chat] variant-*: Full
2022-08-18T18:10:42Z [chat] variant-*: Got tix. Now entering non uktra's charin <:kekw:887896260625977355>
2022-08-18T18:17:02Z [chat] mantis: Level 16 me in a couple sec
2022-08-18T18:25:55Z [chat] Kenshin: <@&887894985398157363> me 29
2022-08-18T18:25:56Z [chat] Klee: Woah! It is a slime!  (ﾉ>ω<)ﾉ  Klee has counted 3 slimes for Kenshin!
2022-08-18T18:26:39Z [chat] esyw: King of charin
2022-08-18T18:26:42Z [chat] Vent (Aile): Full go
2022-08-18T18:28:06Z [chat] traffyboi: <@&887894985398157363> me 27
2022-08-18T18:28:07Z [chat] Klee: Woah! It is a slime!  (ﾉ>ω<)ﾉ  Klee has counted 2 slimes for traffyboi!
2022-08-18T18:28:53Z [chat] Tedo: 17
2022-08-18T18:28:56Z [chat] Tachii: Lol my raid is still around lv 10
2022-08-18T18:29:09Z [chat] traffyboi: i stopped entering slimes while im leveling lol
2022-08-18T18:29:13Z [chat] esyw: Full
2022-08-18T18:30:28Z [chat] Kenshin: I skip all low level slimes since ppl lv up really fast and by end of the day ull either not have tix to level up or miss lv30 slimes
2022-08-18T19:07:20Z [chat] Tachii: Think Ill wait to level tomorrow kek
