2022-08-03T20:39:39Z Bot is starting up...
2022-08-03T20:39:41Z Bot is ready.
2022-08-03T20:39:41Z [chat] Klee: test
2022-08-03T20:40:35Z [chat] Tachii: <:surprised:322522094560870410>
2022-08-03T20:42:13Z [chat] Tachii: uh i went into a slime
2022-08-03T20:42:36Z [chat] Tatumi: <@139262103214227456> <@&887894985398157363>
2022-08-03T20:42:37Z [chat] Klee: Woah! It is a slime!  (ﾉ>ω<)ﾉ  Klee has counted 18 slimes for Link2D3atH!
2022-08-03T20:42:38Z [chat] Tachii: wtf i thought i went into links normal raid
2022-08-03T20:42:41Z [chat] Tachii: oh
2022-08-03T20:42:43Z [chat] Tachii: <:topkek:887923315342213142>
2022-08-03T20:42:51Z [chat] zero00: I also have one
2022-08-03T20:42:57Z [chat] luxury777: wait
2022-08-03T20:43:05Z [chat] luxury777: i think
2022-08-03T20:43:11Z [chat] Kenshin: Anyone in it
2022-08-03T20:43:13Z [chat] Tedo: wait on zero, im 8/20 on link
2022-08-03T20:43:15Z [chat] mUmU: oone in zero yet
2022-08-03T20:43:20Z [chat] mUmU: *no
2022-08-03T20:43:28Z [chat] luxury777: like 15 secs
2022-08-03T20:43:50Z [chat] luxury777: ok im going
2022-08-03T20:43:53Z [chat] Vent (Aile): link dead
2022-08-03T20:43:55Z [chat] variant-*: Dead me
2022-08-03T20:44:00Z [add] 17maple: 1 zero
2022-08-03T20:44:00Z [chat] 17maple: !add 1 zero
2022-08-03T20:44:00Z [chat] Klee: Klee has added a slime to zero00! The number of slimes zero00 has summoned has gone from 31 to 32
2022-08-03T20:44:13Z [chat] zero00: <@&887894985398157363> me
2022-08-03T20:44:13Z [chat] Klee: Woah! It is a slime!  (ﾉ>ω<)ﾉ  Klee has counted 33 slimes for zero00!
2022-08-03T20:44:22Z [add] 17maple: -1 zero
2022-08-03T20:44:22Z [chat] 17maple: !add -1 zero
2022-08-03T20:44:22Z [chat] Klee: Klee has added a slime to zero00! The number of slimes zero00 has summoned has gone from 33 to 32
2022-08-03T20:44:29Z [chat] Tedo: 7/20 in zero
2022-08-03T20:44:32Z [chat] mUmU: 11th
2022-08-03T20:44:35Z [chat] Kenshin: Good job
2022-08-03T20:44:38Z [chat] Kenshin: <:1010:887934359909330994>
2022-08-03T20:44:41Z [chat] luxury777: good stuff
2022-08-03T20:44:51Z [chat] luxury777: i think we need a rule next radi
2022-08-03T20:44:52Z [chat] Kenshin: So many doubles this raid
2022-08-03T20:45:04Z [chat] luxury777: its ridiculous lol
2022-08-03T20:45:11Z [chat] Tedo: wait y we subtract one from zero?
2022-08-03T20:45:12Z [chat] Kenshin: SU rng code brojen
2022-08-03T20:45:25Z [chat] Kenshin: Read up a few lines
2022-08-03T20:45:45Z [chat] Kenshin: Uhh
2022-08-03T20:45:49Z [chat] Kenshin: Someone deleted it
2022-08-03T20:45:56Z [chat] Tedo: ???
2022-08-03T20:45:56Z [chat] Kenshin: Maple added one to zero wo ping
2022-08-03T20:46:09Z [chat] Kenshin: Then zero pinged
2022-08-03T20:46:12Z [chat] Kenshin: So need to -1
2022-08-03T20:46:37Z [chat] Tedo: ok…?
2022-08-03T20:46:41Z [chat] Kenshin: I don’t know why that add 1 was deleted tho
2022-08-03T20:46:47Z [chat] 17maple: mb for the confusion
2022-08-03T20:46:59Z [chat] Tedo: yea not seeing it, but if y’all keeping track then it’s fine
2022-08-03T20:50:24Z [chat] variant-*: Klee response got deleted too? Can't see it.
2022-08-03T20:51:45Z [chat] Kenshin: Yea
2022-08-03T20:52:12Z [chat] Kenshin: I saw the adding live so
2022-08-03T20:56:03Z [chat] variant-*: I see. So that means maple has the power to delete other's chat.
2022-08-03T20:56:07Z [chat] Kenshin: 
2022-08-03T20:57:52Z [chat] Tachii: he has too many power <:topkek:887923315342213142>
2022-08-03T20:59:05Z [chat] Kenshin: He got a 2nd admin tempt role so thats why
2022-08-03T20:59:32Z [chat] Kenshin: I don’t know why its tempt not temp <:topkek:887923315342213142>
2022-08-03T21:00:02Z [chat] Tachii: power corrupts absolutely <:upsidedownpepescheme:716247718166659125>
2022-08-03T21:03:00Z [chat] 17maple: jesus, didn't realize i had that much power. I will try my best not to abuse it, lol. If you guys feels negative about it, just talk to gunther and have him take my role away.
2022-08-03T21:03:39Z [chat] Vent (Aile): Lol the two people joking about this also have the power to remove it
2022-08-03T21:04:52Z [chat] Tachii: <:hidethepainaway:888099981658050592>
2022-08-03T21:04:59Z [chat] Kenshin: Powah <:huaji:887909354018316298>
2022-08-03T21:10:28Z [chat] 17maple: lol, just realize that
2022-08-03T21:37:49Z [chat] Kenshin: <@&887894985398157363> doujin
2022-08-03T21:37:49Z [chat] Klee: Woah! It is a slime!  (ﾉ>ω<)ﾉ  Klee has counted 11 slimes for DoujinKAMI!
2022-08-03T21:38:13Z [chat] DoujinKAMI: 
2022-08-03T22:47:25Z [chat] Vent (Aile): <@&887894985398157363> vent
2022-08-03T22:47:25Z [chat] Klee: Woah! It is a slime!  (ﾉ>ω<)ﾉ  Klee has counted 57 slimes for Vent!
2022-08-03T22:48:01Z [chat] Vent (Aile): !top_three
2022-08-03T22:48:02Z [chat] Klee: The current first is ['traffyboi'] with 66 slimes! Second is ['Vent'] with 57 slimes, and third is ['Kenshin'] with 52 slimes! They are the best! ⁽⁽٩(๑˃̶͈̀ ᗨ ˂̶͈́)۶⁾⁾
2022-08-03T22:49:32Z [chat] donuts: 18
2022-08-03T22:50:35Z [chat] Kenshin: Ded
2022-08-03T23:07:50Z [chat] DoujinKAMI: <@&887894985398157363> me
2022-08-03T23:07:50Z [chat] Klee: Woah! It is a slime!  (ﾉ>ω<)ﾉ  Klee has counted 12 slimes for DoujinKAMI!
2022-08-03T23:08:35Z [chat] traffyboi: I'm scared of next ragna
2022-08-03T23:08:52Z [chat] DoujinKAMI: <:topkek:887923315342213142>
2022-08-03T23:09:06Z [chat] traffyboi: maybe I should just quit this one, can't lose if you don't play
2022-08-03T23:09:15Z [chat] DoujinKAMI: LMAO
2022-08-03T23:10:17Z [chat] 17maple: 🤣
2022-08-03T23:11:21Z [chat] Vent (Aile): 
2022-08-03T23:12:12Z [chat] DoujinKAMI: is it time to yeet?
2022-08-03T23:13:53Z [chat] Vent (Aile): I got at at :10 so waited the 3 min not sure when they finished
2022-08-03T23:14:03Z [chat] Tachii: how many
2022-08-03T23:14:05Z [chat] Vent (Aile): Depends on you if 13 is low or not
2022-08-03T23:14:07Z [chat] Kenshin: 13
2022-08-03T23:14:19Z [chat] Tachii: fair aorund this time
2022-08-03T23:14:33Z [chat] Tachii: cept 2 of those are randos i guess lol
2022-08-03T23:15:02Z [chat] Kenshin: eventually it's best to get rid of all randos
2022-08-03T23:15:13Z [chat] Kenshin: and add ppl u know that wont zoom
2022-08-03T23:26:00Z [chat] rocketeer: <@&887894985398157363> me
2022-08-03T23:26:00Z [chat] Klee: Woah! It is a slime!  (ﾉ>ω<)ﾉ  Klee has counted 19 slimes for rocketeer!
2022-08-03T23:26:34Z [chat] mUmU: dont see
2022-08-03T23:26:40Z [chat] ainthe: zoomed Niot?
2022-08-03T23:26:51Z [chat] rocketeer: bruh
2022-08-03T23:26:53Z [chat] rocketeer: I'll yeet
2022-08-03T23:27:24Z [chat] Vent (Aile): either erosius or inot
2022-08-03T23:27:38Z [chat] Vent (Aile): or I guess Inot first but erosius also zoomed
2022-08-03T23:27:48Z [chat] Link2D3atH: why not both <:pekorasmug:887924564145889340>
2022-08-04T00:02:07Z [chat] zero00: <@&887894985398157363> link
2022-08-04T00:02:07Z [chat] Klee: Woah! It is a slime!  (ﾉ>ω<)ﾉ  Klee has counted 19 slimes for Link2D3atH!
2022-08-04T00:03:07Z [chat] mUmU: 12th
2022-08-04T00:16:37Z [chat] donuts: <@&887894985398157363> tha
2022-08-04T00:16:38Z [chat] Klee: Woah! It is a slime!  (ﾉ>ω<)ﾉ  Klee has counted 15 slimes for Thaelon!
2022-08-04T00:25:05Z [chat] Vent (Aile): <@&887894985398157363> donut
2022-08-04T00:25:05Z [chat] Klee: Woah! It is a slime!  (ﾉ>ω<)ﾉ  Klee has counted 45 slimes for donuts!
2022-08-04T00:25:41Z [chat] Vent (Aile): 7 more to catch up to ken
2022-08-04T00:26:09Z [chat] mUmU: 18th
2022-08-04T00:29:35Z [chat] donuts: booo
2022-08-04T00:29:46Z [chat] donuts: !top_three
2022-08-04T00:29:46Z [chat] Klee: The current first is ['traffyboi'] with 66 slimes! Second is ['Vent'] with 57 slimes, and third is ['Kenshin'] with 52 slimes! They are the best! ⁽⁽٩(๑˃̶͈̀ ᗨ ˂̶͈́)۶⁾⁾
2022-08-04T00:30:08Z [chat] donuts: vent you could catch up to traf
2022-08-04T00:38:14Z [chat] DoujinKAMI: <@&887894985398157363> me
2022-08-04T00:38:15Z [chat] Klee: Woah! It is a slime!  (ﾉ>ω<)ﾉ  Klee has counted 13 slimes for DoujinKAMI!
2022-08-04T00:39:03Z [chat] Vent (Aile): I zoomed
2022-08-04T00:39:03Z [chat] Tedo: nope
2022-08-04T00:39:09Z [chat] Tedo: bruh
2022-08-04T00:39:10Z [chat] Vent (Aile): sorry
2022-08-04T00:40:59Z [chat] Vent (Aile): I paused on aile thinking I paused on vent
2022-08-04T00:44:33Z [chat] Kenshin: should do it the other way around
2022-08-04T00:44:35Z [chat] Kenshin: no one to time out
2022-08-04T00:44:38Z [chat] Kenshin: :topkekw
2022-08-04T00:52:22Z [chat] zero00: <@&887894985398157363> plain
2022-08-04T00:52:23Z [chat] Klee: Woah! It is a slime!  (ﾉ>ω<)ﾉ  Klee has counted 29 slimes for PlainDoe!
2022-08-04T00:53:28Z [chat] Vent (Aile): dead gamewaifu
2022-08-04T00:53:41Z [chat] Thaelon: gamewaifus zoomed
2022-08-04T00:53:43Z [chat] PlainDoe: What
2022-08-04T00:54:11Z [chat] Thaelon: was at 15 waiting seconds for my next tix but he got it
2022-08-04T00:54:21Z [chat] Vent (Aile): 
2022-08-04T00:54:47Z [chat] PlainDoe: Well I forgo it this time
2022-08-04T00:55:55Z [chat] Vent (Aile): normally good about it
2022-08-04T00:57:33Z [chat] PlainDoe: <@&887894985398157363> me
2022-08-04T00:57:33Z [chat] Klee: Woah! It is a slime!  (ﾉ>ω<)ﾉ  Klee has counted 30 slimes for PlainDoe!
2022-08-04T00:58:11Z [chat] Kenshin: Bruh
2022-08-04T00:58:19Z [chat] DoujinKAMI: redemption arc
2022-08-04T00:59:07Z [chat] PlainDoe: yeah lol
2022-08-04T01:00:26Z [chat] Vent (Aile): fullgo
2022-08-04T01:01:49Z [chat] DoujinKAMI: redemption successful
2022-08-04T01:02:11Z [chat] DoujinKAMI: you love to see it
2022-08-04T01:33:50Z [chat] mUmU: <@&887894985398157363> <@207924668844212225>
2022-08-04T01:33:51Z [chat] Klee: Woah! It is a slime!  (ﾉ>ω<)ﾉ  Klee has counted 58 slimes for Vent!
2022-08-04T01:33:51Z [chat] Vent (Aile): <@&887894985398157363> vent
2022-08-04T01:33:51Z [chat] Klee: Woah! It is a slime!  (ﾉ>ω<)ﾉ  Klee has counted 59 slimes for Vent!
2022-08-04T01:34:51Z [add] Vent (Aile): -1 vent
2022-08-04T01:34:51Z [chat] Vent (Aile): !add -1 vent
2022-08-04T01:34:52Z [chat] Klee: Klee has added a slime to Vent! The number of slimes Vent has summoned has gone from 59 to 58
2022-08-04T01:36:41Z [chat] 17maple: <@&887894985398157363> me
2022-08-04T01:36:42Z [chat] Klee: Woah! It is a slime!  (ﾉ>ω<)ﾉ  Klee has counted 3 slimes for 17maple!
2022-08-04T01:39:51Z [chat] 17maple: ded11
2022-08-04T01:40:00Z [chat] 17maple: mb, should've pause for longer
2022-08-04T02:10:05Z [chat] Vent (Aile): <@&887894985398157363> vent
2022-08-04T02:10:07Z [chat] Klee: Woah! It is a slime!  (ﾉ>ω<)ﾉ  Klee has counted 59 slimes for Vent!
2022-08-04T02:10:24Z [chat] Kenshin: 40 seconds...
2022-08-04T02:10:39Z [chat] Vent (Aile): you finish your burst yet?
2022-08-04T02:10:45Z [chat] Kenshin: last ticket here
2022-08-04T02:10:59Z [chat] Kenshin: 19
2022-08-04T02:11:13Z [chat] Kenshin: im 20, go
2022-08-04T02:11:17Z [chat] Kenshin: <:topkek:887923315342213142>
2022-08-04T02:11:29Z [chat] Vent (Aile): !top_three
2022-08-04T02:11:30Z [chat] Klee: The current first is ['traffyboi'] with 66 slimes! Second is ['Vent'] with 59 slimes, and third is ['Kenshin'] with 52 slimes! They are the best! ⁽⁽٩(๑˃̶͈̀ ᗨ ˂̶͈́)۶⁾⁾
2022-08-04T02:11:31Z [chat] Kenshin: now i have enough burst tickets
2022-08-04T03:01:51Z [chat] Tachii: <@&887894985398157363> me
2022-08-04T03:01:51Z [chat] Klee: Woah! It is a slime!  (ﾉ>ω<)ﾉ  Klee has counted 24 slimes for Tachii!
2022-08-04T04:05:24Z [chat] Ioni: <@&887894985398157363> me
2022-08-04T04:05:25Z [chat] Klee: Woah! It is a slime!  (ﾉ>ω<)ﾉ  Klee has counted 5 slimes for Ioni!
2022-08-04T04:06:45Z [chat] Vent (Aile): 18
2022-08-04T04:08:23Z [chat] Kenshin: ded
2022-08-04T04:33:01Z [chat] variant-*: <@&887894985398157363> me
2022-08-04T04:33:01Z [chat] Klee: Woah! It is a slime!  (ﾉ>ω<)ﾉ  Klee has counted 10 slimes for virant (Variant-1)!
2022-08-04T04:36:23Z [chat] traffyboi: ded20
2022-08-04T04:36:44Z [chat] Vent (Aile): <@&887894985398157363> vent
2022-08-04T04:36:45Z [chat] Klee: Woah! It is a slime!  (ﾉ>ω<)ﾉ  Klee has counted 60 slimes for Vent!
2022-08-04T04:36:57Z [chat] Kenshin: lol
2022-08-04T04:37:19Z [chat] traffyboi: 6 more vent
2022-08-04T04:37:29Z [chat] traffyboi: <:pepesweat:588842556654092288>
2022-08-04T04:37:46Z [chat] traffyboi: full
2022-08-04T04:38:33Z [chat] Levi: <@&887894985398157363> evian
2022-08-04T04:38:34Z [chat] Klee: Woah! It is a slime!  (ﾉ>ω<)ﾉ  Klee has counted 4 slimes for Evian!
2022-08-04T04:38:49Z [chat] Kenshin: wait for me to wach an ad
2022-08-04T04:38:53Z [chat] Kenshin: <:topkek:887923315342213142>
2022-08-04T04:39:01Z [chat] luxury777: lol
2022-08-04T04:39:04Z [chat] traffyboi: <a:NM_SonicGottaGoFast:813591337811050506>
2022-08-04T04:39:07Z [chat] Vent (Aile): lmao pinged as soon as I entered an event stage
2022-08-04T04:39:32Z [chat] Kenshin: made it
2022-08-04T04:39:32Z [chat] luxury777: i need my slimes for instant notos levels
2022-08-04T04:39:33Z [chat] Kenshin: 15th
2022-08-04T04:40:52Z [chat] Zerefsis: but devil pass didnt reset yet
2022-08-04T04:41:11Z [chat] Zerefsis: dp points gonna be wasted
2022-08-04T04:41:20Z [chat] traffyboi: you can do it where you don't waste any
2022-08-04T04:41:40Z [chat] Vent (Aile): they have different expiration times so you can leave those for reset
2022-08-04T04:41:54Z [chat] Tedo: also, the only difference is one more dp chest if you don’t buy pass
2022-08-04T04:42:20Z [chat] Tedo: points are mostly negligible
2022-08-04T04:42:26Z [chat] Zerefsis: still, lv 30 might be reached a day later
2022-08-04T04:42:31Z [chat] Tedo: also, new day means all day dungeon reset
2022-08-04T04:42:41Z [chat] Zerefsis: oh right I forgot about that
2022-08-04T04:42:47Z [chat] Zerefsis: need to do all non wood stages
2022-08-04T04:42:53Z [chat] traffyboi: nah lvl 30 still reached same day
2022-08-04T04:43:03Z [chat] Tedo: tru
2022-08-04T04:43:06Z [chat] traffyboi: you reach lvl 26 the day before as opposed to lvl 28
2022-08-04T04:43:10Z [chat] traffyboi: but then still reach lvl 30 same day
2022-08-04T04:43:24Z [chat] Vent (Aile): fullded
2022-08-04T04:43:26Z [chat] Zerefsis: ah
2022-08-04T04:43:33Z [chat] Tedo: unless you’re buying pass, not worth holding it
2022-08-04T04:54:51Z [chat] Senor Tonto: <@&887894985398157363> <@189350494328586240>
2022-08-04T04:54:52Z [chat] Klee: Woah! It is a slime!  (ﾉ>ω<)ﾉ  Klee has counted 31 slimes for PlainDoe!
2022-08-04T04:55:02Z [chat] Kenshin: <:monkaS:889254939946254366>
2022-08-04T04:55:07Z [chat] Tachii: yall summoning when i have 0 tix <:tired:837494793721479168>
2022-08-04T04:55:18Z [chat] Kenshin: no ad?
2022-08-04T04:55:24Z [chat] Tachii: needed the ad for burst
2022-08-04T04:55:28Z [chat] Kenshin: ah
2022-08-04T04:55:33Z [chat] Kenshin: my last one
2022-08-04T04:55:45Z [chat] Zerefsis: 17
2022-08-04T04:56:01Z [chat] Tedo: fullgo
2022-08-04T04:56:02Z [chat] Vent (Aile): fukll
2022-08-04T04:56:16Z [chat] Tachii: first time seeing 2 full slimes
2022-08-04T04:56:17Z [chat] Tachii: lol
2022-08-04T04:56:23Z [chat] Tachii: shouldve took ss
2022-08-04T05:20:52Z [chat] Apeks: <@&887894985398157363> me
2022-08-04T05:20:53Z [chat] Klee: Woah! It is a slime!  (ﾉ>ω<)ﾉ  Klee has counted 6 slimes for Apeks!
2022-08-04T05:22:28Z [chat] Zerefsis: <@&887894985398157363> sunscream
2022-08-04T05:22:30Z [chat] Klee: Woah! It is a slime!  (ﾉ>ω<)ﾉ  Klee has counted 8 slimes for Sunscream!
2022-08-04T05:22:55Z [chat] mUmU: apek's ded
2022-08-04T05:23:11Z [chat] sunscream: Thank you
2022-08-04T05:23:27Z [chat] Tedo: sun’s gone
2022-08-04T05:23:35Z [chat] variant-*: too bad
2022-08-04T05:23:41Z [chat] Vent (Aile): who zoomed suns?
2022-08-04T05:23:51Z [chat] Tedo: lol
2022-08-04T05:23:56Z [chat] Tedo: <@&887894985398157363> me
2022-08-04T05:23:57Z [chat] Klee: Woah! It is a slime!  (ﾉ>ω<)ﾉ  Klee has counted 13 slimes for Tedo!
2022-08-04T05:24:00Z [chat] mUmU: ded before apek died
2022-08-04T05:24:01Z [chat] Tedo: but not me
2022-08-04T05:24:04Z [chat] variant-*: 
2022-08-04T05:24:05Z [chat] Tedo: i didn’t zoom
2022-08-04T05:24:10Z [chat] Tedo: i have slime
2022-08-04T05:24:33Z [chat] Vent (Aile): pause 26 mins please for tix
2022-08-04T05:24:37Z [chat] Vent (Aile): <:feelspainman:887929815347367948>
2022-08-04T05:25:21Z [chat] Vent (Aile): dead
2022-08-04T05:26:00Z [chat] Zerefsis: 
2022-08-04T05:29:59Z [chat] PlainDoe: <@&887894985398157363> me
2022-08-04T05:30:00Z [chat] Klee: Woah! It is a slime!  (ﾉ>ω<)ﾉ  Klee has counted 32 slimes for PlainDoe!
2022-08-04T05:30:12Z [chat] Tatumi: <@189350494328586240> <@&887894985398157363>
2022-08-04T05:30:13Z [chat] Klee: Woah! It is a slime!  (ﾉ>ω<)ﾉ  Klee has counted 33 slimes for PlainDoe!
2022-08-04T05:30:27Z [chat] mUmU: 14th
2022-08-04T05:30:33Z [chat] Tedo: !doubleping plain
2022-08-04T05:30:33Z [chat] Klee: Klee has subtracted a slime from PlainDoe! The number of slimes PlainDoe has summoned has gone from 33 to 32
2022-08-04T05:30:57Z [chat] Zerefsis: That rosette guy zoomed before
2022-08-04T05:31:00Z [chat] variant-*: 17th
2022-08-04T05:31:01Z [chat] Zerefsis: I remember that name
2022-08-04T05:31:48Z [chat] Zerefsis: Cuz it’s another word for butthole in German
2022-08-04T05:32:18Z [chat] variant-*: <:kekw:887896260625977355>
2022-08-04T05:32:42Z [chat] variant-*: Please consider yeeting Rosetta, <@779788554259660814>
2022-08-04T05:34:15Z [chat] Levi: <a:yayeet:888088079750017024>
2022-08-04T05:34:19Z [chat] mUmU: <@&887894985398157363> me
2022-08-04T05:34:20Z [chat] Klee: Woah! It is a slime!  (ﾉ>ω<)ﾉ  Klee has counted 5 slimes for mUmU!
2022-08-04T05:34:20Z [chat] variant-*: <@&887894985398157363> mumu
2022-08-04T05:34:20Z [chat] Klee: Woah! It is a slime!  (ﾉ>ω<)ﾉ  Klee has counted 6 slimes for mUmU!
2022-08-04T05:34:27Z [chat] variant-*: !doubleping mumu
2022-08-04T05:34:27Z [chat] Klee: Klee has subtracted a slime from mUmU! The number of slimes mUmU has summoned has gone from 6 to 5
2022-08-04T05:34:30Z [chat] variant-*: I got no tix
2022-08-04T05:34:32Z [chat] Vent (Aile): so many slimes and no tix
2022-08-04T05:35:18Z [chat] variant-*: mumu gone
2022-08-04T05:35:26Z [chat] mUmU: wat
2022-08-04T05:35:29Z [chat] DoujinKAMI: wow
2022-08-04T05:35:35Z [chat] Levi: who zoomed? lol
2022-08-04T05:35:40Z [chat] variant-*: please check
2022-08-04T05:35:51Z [chat] Vent (Aile): honeyhopes
2022-08-04T05:36:04Z [chat] Levi: <a:KL1YEET:555964175151792128>
2022-08-04T05:36:23Z [chat] mUmU: done
2022-08-04T05:37:12Z [chat] esyw: Ded
2022-08-04T05:37:19Z [chat] mUmU: lol
2022-08-04T06:26:39Z [chat] variant-*: <@&887894985398157363> aint
2022-08-04T06:26:39Z [chat] ainthe: <@&887894985398157363> me
2022-08-04T06:26:40Z [chat] Klee: Woah! It is a slime!  (ﾉ>ω<)ﾉ  Klee has counted 3 slimes for Ainthe!
2022-08-04T06:26:40Z [chat] Klee: Woah! It is a slime!  (ﾉ>ω<)ﾉ  Klee has counted 4 slimes for Ainthe!
2022-08-04T06:26:49Z [chat] variant-*: !doubleping ainthe
2022-08-04T06:26:49Z [chat] Klee: Klee has subtracted a slime from Ainthe! The number of slimes Ainthe has summoned has gone from 4 to 3
2022-08-04T06:36:25Z [chat] Umbrella (GoldHunter): <@&887894985398157363> me
2022-08-04T06:36:26Z [chat] Klee: Woah! It is a slime!  (ﾉ>ω<)ﾉ  Klee has counted 7 slimes for GoldHunter!
2022-08-04T06:36:40Z [chat] Vent (Aile): uh oh
2022-08-04T06:36:57Z [chat] Vent (Aile): <@&887894985398157363> vent
2022-08-04T06:36:57Z [chat] Klee: Woah! It is a slime!  (ﾉ>ω<)ﾉ  Klee has counted 61 slimes for Vent!
2022-08-04T06:37:04Z [chat] variant-*: just pause all?
2022-08-04T06:37:07Z [chat] variant-*: to fill to 40?
2022-08-04T06:37:09Z [chat] Vent (Aile): theres like 5 in each
2022-08-04T06:37:11Z [chat] DoujinKAMI: DOuble
2022-08-04T06:37:15Z [chat] variant-*: because both filled
2022-08-04T06:37:37Z [chat] Tedo: any randos in either?
2022-08-04T06:37:40Z [chat] Vent (Aile): goldhunter dead
2022-08-04T06:37:54Z [chat] variant-*: pause on vent then
2022-08-04T06:38:33Z [chat] Tedo: 10/20 on vent
2022-08-04T06:38:34Z [chat] variant-*: vent 12th
2022-08-04T06:38:54Z [chat] Tedo: i think vent, me or aile killed gold’s first
2022-08-04T06:40:12Z [chat] Tatumi: 16th
2022-08-04T06:42:37Z [chat] variant-*: and dead16
2022-08-04T06:53:52Z [chat] traffyboi: lol tf vent
2022-08-04T06:54:02Z [chat] traffyboi: makin me sweat over here
2022-08-04T06:55:30Z [chat] Vent (Aile): <:Hephlaugh:887924849148829696>
2022-08-04T07:43:08Z [chat] Vent (Aile): <@&887894985398157363> zeref
2022-08-04T07:43:09Z [chat] Klee: Woah! It is a slime!  (ﾉ>ω<)ﾉ  Klee has counted 11 slimes for Zerefsis!
2022-08-04T08:39:42Z [chat] Klee: test
