2022-07-25T22:58:18Z Bot is starting up...
2022-07-25T22:58:21Z Bot is ready.
2022-07-25T22:58:38Z [add] 17maple: 2 sun
2022-07-25T22:58:38Z [chat] 17maple: !add 2 sun
2022-07-25T22:58:49Z [add] 17maple: -2 sun
2022-07-25T22:58:49Z [chat] 17maple: !add -2 sun
2022-07-25T22:58:57Z [chat] 17maple: sunscream has 2 slimes so far, right?
2022-07-25T22:59:07Z [chat] Vent (Aile): yep
2022-07-25T22:59:41Z [chat] sunscream: I don't have any invites. Let me refresh
2022-07-25T23:01:22Z [chat] sunscream: I got them
2022-07-25T23:01:30Z [chat] Kenshin: <@&887894985398157363> me
2022-07-25T23:01:33Z [chat] Kenshin: Apology slime
2022-07-25T23:01:34Z [chat] sunscream: We're all best friends now
2022-07-25T23:01:47Z [chat] Tachii: 
2022-07-25T23:02:22Z [chat] Vent (Aile): 30 seconds
2022-07-25T23:02:22Z [chat] Kenshin: Hes fine
2022-07-25T23:02:35Z [chat] Vent (Aile): and dead
2022-07-25T23:02:38Z [chat] Kenshin: Wot
2022-07-25T23:02:47Z [chat] Kenshin: Valkyria?
2022-07-25T23:02:56Z [chat] Vent (Aile): idk, I just meant I need 30 seconds to recharge a ticket
2022-07-25T23:03:03Z [chat] Kenshin: O
2022-07-25T23:03:08Z [chat] Kenshin: Dont acare me
2022-07-25T23:03:15Z [chat] Vent (Aile): ainthe and mumu tho
2022-07-25T23:03:19Z [chat] Kenshin: Ppl might zoom if u say the wrong thing
2022-07-25T23:03:54Z [chat] Kenshin: Becket said ded
2022-07-25T23:04:13Z [chat] Vent (Aile): could have made it was at 19/20 <:02ded:888123262373101569>
2022-07-25T23:04:20Z [chat] Kenshin: Yea lol
2022-07-25T23:04:51Z [chat] Kenshin: Altho
2022-07-25T23:04:56Z [chat] Kenshin: !top_three
2022-07-25T23:05:06Z [chat] Kenshin: <:Hephlaugh:887924849148829696>
2022-07-25T23:05:41Z [chat] Vent (Aile): I'll make it up overnight
2022-07-25T23:05:52Z [chat] Tachii: damn that guy is still holding
2022-07-25T23:05:55Z [chat] Tachii: what a good friend
2022-07-25T23:06:08Z [chat] Kenshin: Yea he sb fine
2022-07-25T23:22:47Z [chat] Kenshin: <@&887894985398157363> donut
2022-07-25T23:23:01Z [chat] Kenshin: Donut biting on
2022-07-25T23:23:18Z [chat] traffyboi: <:vengfroge:706680500546175047>
2022-07-25T23:23:28Z [chat] donuts: 🍩
2022-07-25T23:23:38Z [chat] traffyboi: only solution is to take out my competition
2022-07-25T23:23:49Z [chat] traffyboi: they've become too powerful
2022-07-25T23:24:23Z [chat] Thaelon: 19
2022-07-25T23:24:29Z [chat] Link2D3atH: 20
2022-07-25T23:25:23Z [chat] Kenshin: <:Hephlaugh:887924849148829696>
2022-07-25T23:36:49Z [chat] rocketeer: <@&887894985398157363> <@563082215198556211>
2022-07-25T23:37:47Z [chat] Zerefsis: full
2022-07-25T23:41:12Z [chat] Kenshin: <@&887894985398157363> zero
2022-07-25T23:41:14Z [chat] Kenshin: Again
2022-07-25T23:41:37Z [chat] Vent (Aile): zero putting his bid back in
2022-07-25T23:41:49Z [chat] zero00: I need 7 more
2022-07-25T23:43:23Z [chat] Kenshin: I rememba his glory days
2022-07-25T23:43:28Z [chat] Kenshin: <:JabbaKek:887916458309451796>
2022-07-25T23:43:46Z [chat] zero00: those are in the past, babe
2022-07-25T23:44:18Z [chat] Kenshin: I have faith in u to bring that rookie number up <:keklul:887934339680206858>
2022-07-25T23:47:12Z [chat] Kenshin: 17 ded
2022-07-25T23:47:17Z [chat] Kenshin: Someone zoomed
2022-07-25T23:52:44Z [chat] Vent (Aile): <@&887894985398157363> vent
2022-07-25T23:54:01Z [chat] donuts: poppin'
2022-07-25T23:54:15Z [chat] Vent (Aile): !top_three
2022-07-25T23:54:26Z [chat] Vent (Aile): <:keklul:887934339680206858>
2022-07-25T23:54:50Z [chat] Kenshin: <:JabbaKek:887916458309451796>
2022-07-26T00:30:19Z [chat] Leofarr: oh come on choo choo while i ate
2022-07-26T00:32:05Z [chat] traffyboi: gd
2022-07-26T00:32:14Z [chat] traffyboi: <:vengfroge:706680500546175047>
2022-07-26T01:06:56Z [chat] Tachii: <@&887894985398157363> zero
2022-07-26T01:07:38Z [chat] traffyboi: full
2022-07-26T01:08:02Z [chat] Vent (Aile): Dead?
2022-07-26T01:08:22Z [chat] Kenshin: fullded
2022-07-26T01:08:22Z [chat] Vent (Aile): Nvm didn't see traff message
2022-07-26T02:05:05Z [chat] Tachii: <@&887894985398157363> me
2022-07-26T02:06:10Z [chat] Thaelon: full
2022-07-26T02:24:41Z [chat] rocketeer: <@&887894985398157363> <@176147192719998977>
2022-07-26T02:25:35Z [chat] Tachii: full
2022-07-26T02:29:22Z [chat] Tachii: <@&887894985398157363> me agen
2022-07-26T02:30:22Z [chat] Reddl: full
2022-07-26T02:30:34Z [chat] Leofarr: that was fast
2022-07-26T02:31:11Z [chat] Tachii: triple slime <:Megdab:887941932511273061>
2022-07-26T02:35:11Z [chat] Umbrella (GoldHunter): .
2022-07-26T02:47:26Z [chat] Vent (Aile): <@&887894985398157363> aile
2022-07-26T02:59:30Z [chat] Vent (Aile): <@&887894985398157363> aile
2022-07-26T03:00:33Z [chat] zero00: ded
2022-07-26T03:01:11Z [chat] mUmU: sry I zoomed
2022-07-26T03:02:51Z [chat] Tedo: 16, ain’t bad
2022-07-26T03:06:24Z [chat] Tedo: <@&887894985398157363> ophi
2022-07-26T03:06:33Z [add] Tedo: 1 ophianne
2022-07-26T03:06:33Z # TRACE:
Traceback (most recent call last):
  File "main.py", line 479, in add
    original = AGE_members[member_id]
UnboundLocalError: local variable 'member_id' referenced before assignment
# TRACE END

2022-07-26T03:06:33Z [chat] Tedo: !add 1 ophianne
2022-07-26T03:06:59Z [chat] Tedo: fuck klee hate me
2022-07-26T03:07:11Z [chat] Ophianne: Waow my first slime
2022-07-26T03:07:13Z [chat] Vent (Aile): maybe not added to list yet
2022-07-26T03:07:25Z [chat] Leofarr: i dont see?
2022-07-26T03:07:32Z [chat] Tedo: im paused rn
2022-07-26T03:07:39Z [chat] Ophianne: Yea i didnt add myself to list
2022-07-26T03:07:45Z [chat] Ophianne: I'm paused too
2022-07-26T03:08:10Z [chat] Vent (Aile): theres also the list that maple manages for klee pings
2022-07-26T03:12:48Z [chat] Ophianne: How do i add myself to klee
2022-07-26T03:13:04Z [chat] sunscream: <@203492157158326273>  I send you friend request sir
2022-07-26T03:13:26Z [chat] Ophianne: Aight got it
2022-07-26T03:13:49Z [chat] Tedo: 11ded, aredriseth is an unfamiliar name, maybe rando?
2022-07-26T03:13:55Z [chat] Vent (Aile): dm maple to get added
2022-07-26T03:33:11Z [chat] Kenshin: <@&887894985398157363> traf
2022-07-26T03:34:13Z [chat] Tachii: 19
2022-07-26T03:37:52Z [chat] Vent (Aile): traffy trying to step away from the pack
2022-07-26T03:38:19Z [chat] Vent (Aile): https://tenor.com/view/crabs-bucket-crabsinabucket-gif-23347459
2022-07-26T03:38:19Z [chat] traffyboi: <a:aworryRun2:601196179878969382>
2022-07-26T03:38:51Z [chat] Vent (Aile): that was exactly the image I was looking for while searching bucket of crabs
2022-07-26T04:14:32Z [chat] traffyboi: <:worryGibCrab:582629346511159300>
2022-07-26T05:29:58Z [chat] Vent (Aile): <@&887894985398157363> tatumi
2022-07-26T05:33:52Z [chat] Tatumi: Dead
2022-07-26T05:46:40Z [chat] Apeks: <@&887894985398157363> me
2022-07-26T05:49:19Z [chat] Vent (Aile): ahhhh I was still paused in tatumi's, going to apeks I pressed quit instead of continue
2022-07-26T05:49:45Z [chat] Cats On Mars: Sorry i killed it
2022-07-26T05:49:59Z [chat] Cats On Mars: But saw someone tainted it also
2022-07-26T05:50:04Z [chat] Cats On Mars: 
2022-07-26T05:52:47Z [chat] Apeks: i'll remove
2022-07-26T05:53:46Z [chat] Vent (Aile): have they baby tapped before?
2022-07-26T05:53:51Z [chat] Vent (Aile): feels like they may have crashed out
2022-07-26T05:55:12Z [chat] Apeks: don't recall
2022-07-26T05:55:15Z [chat] Apeks: gone now lol
2022-07-26T05:55:18Z [chat] Vent (Aile): oh well
2022-07-26T05:55:19Z [chat] Vent (Aile): lol
2022-07-26T06:31:57Z [chat] sunscream: <@&887894985398157363> ME
2022-07-26T06:33:21Z [chat] sunscream: Go PEPE
2022-07-26T06:36:10Z [chat] traffyboi: 
2022-07-26T06:36:25Z [chat] traffyboi: <@779788554259660814> please remove all MY\_ and AY\_ folks from your list
2022-07-26T06:36:37Z [chat] traffyboi: they use a botting program that looks for and snipes slimes
2022-07-26T06:38:49Z [chat] sunscream: Ok
2022-07-26T06:39:05Z [chat] sunscream: Thanks for the heads up. I had no idea
2022-07-26T06:41:42Z [chat] sunscream: Think I just had the one
2022-07-26T07:12:31Z [chat] Zerefsis: <@&887894985398157363> donut
2022-07-26T09:11:00Z [chat] Vent (Aile): <@&887894985398157363> aile
2022-07-26T09:15:46Z [chat] Tatumi: Dead 7/20
2022-07-26T09:16:09Z [chat] Vent (Aile): 🤔
2022-07-26T09:16:24Z [chat] Vent (Aile): thats suspicious
2022-07-26T09:22:59Z [chat] Reddl: <@&887894985398157363> me
2022-07-26T09:26:12Z [chat] Vent (Aile): Nice I made it 3 min later
2022-07-26T09:45:35Z [chat] Reddl: <@&887894985398157363> me
2022-07-26T09:56:20Z [chat] Zerefsis: <@&887894985398157363> Kenshin
2022-07-26T10:40:55Z [chat] rocketeer: <@&887894985398157363> me
2022-07-26T10:42:58Z [chat] Collin: This 1 my bad
2022-07-26T10:43:07Z [chat] Collin: My pause suddenly resume , miss press I think
2022-07-26T11:00:39Z [chat] donuts: <@&887894985398157363> me
2022-07-26T11:35:56Z [chat] Vent (Aile): <@&887894985398157363> vent
2022-07-26T11:36:11Z [chat] Variant-2: <@&887894985398157363> vent
2022-07-26T11:36:25Z [chat] Dostic: !doubleping vent
2022-07-26T11:37:30Z [chat] Evian: <@&887894985398157363> me
2022-07-26T11:38:53Z [chat] Kenshin: !top_three
2022-07-26T11:39:06Z [chat] Kenshin: <:Hephlaugh:887924849148829696>
2022-07-26T11:41:12Z [chat] donuts: wow
2022-07-26T12:15:52Z [chat] rocketeer: <@&887894985398157363> <@207924668844212225>
2022-07-26T12:16:53Z [chat] Kenshin: <:pepePOG:887909363782672395>
2022-07-26T12:47:49Z [chat] donuts: <@&887894985398157363> traf
2022-07-26T12:50:10Z [chat] esyw: Gone
