2022-07-26T13:09:28Z Bot is starting up...
2022-07-26T13:09:30Z Bot is ready.
2022-07-26T13:20:39Z [chat] donuts: <@&887894985398157363> thal
2022-07-26T13:21:25Z [chat] Tachii: dostic has one too
2022-07-26T13:21:35Z [chat] Tachii: hes afk spawning and in another grup so
2022-07-26T13:21:53Z [chat] Tachii: <@&887894985398157363> dostic
2022-07-26T13:22:22Z [chat] Tachii: thaelons ded
2022-07-26T13:22:26Z [add] Tachii: 1 thaelon
2022-07-26T13:22:26Z [chat] Tachii: !add 1 thaelon
2022-07-26T13:24:46Z [chat] zero00: ded
2022-07-26T13:24:59Z [chat] zero00: <@&887894985398157363> kenshin
2022-07-26T13:25:15Z [chat] Tachii: breh u zoomed both
2022-07-26T13:25:16Z [chat] Tachii: <:topkek:887923315342213142>
2022-07-26T13:25:20Z [chat] Tachii: 7 and 6
2022-07-26T13:25:28Z [chat] zero00: no, I only zoomed thaleon
2022-07-26T13:46:57Z [chat] Kenshin: Anyone saw who zoomed mine
2022-07-26T13:48:41Z [chat] Kenshin: Oh. Mines not zoomed
2022-07-26T13:49:00Z [chat] Kenshin: Mines ful
2022-07-26T13:52:59Z [chat] Tachii: lol
2022-07-26T14:34:09Z [chat] zero00: <@&887894985398157363> traf
2022-07-26T14:34:42Z [chat] Thaelon: damn entered immediately and already 12th
2022-07-26T14:34:54Z [chat] Tachii: ful
2022-07-26T14:34:56Z [chat] Tedo: 18th
2022-07-26T14:35:16Z [chat] Umbrella (GoldHunter): can we zoom it?
2022-07-26T14:35:20Z [chat] Umbrella (GoldHunter): its full?
2022-07-26T14:35:26Z [chat] Thaelon: i'm zooming rn
2022-07-26T14:35:30Z [chat] Tachii: u really dont read do u <:topkek:887923315342213142>
2022-07-26T14:35:33Z [chat] Thaelon: fulded
2022-07-26T14:35:50Z [chat] Umbrella (GoldHunter): ok cool thx. i saw full, but then someone said 18 so wasn't sure
2022-07-26T14:36:23Z [chat] Tedo: I was a little late in calling it
2022-07-26T14:36:23Z [chat] Thaelon: if Tachii says it then it's real
2022-07-26T14:36:33Z [chat] Tachii: why would 18 precede full <:angery:671241630749032448>
2022-07-26T14:37:28Z [chat] Umbrella (GoldHunter): yeah i get it msgs close enough, just tachi is a fast typer . my zoom isnt even a zoom tho, its like a minute lmao
2022-07-26T14:37:53Z [chat] Umbrella (GoldHunter): i dont think id be able to accidentally zoom a slime, benefit of having no ignite 😦
2022-07-26T15:37:17Z [chat] variant-*: Well, a minute can technically a zoom too, especially if you enter early. Just saying.
2022-07-26T15:40:19Z [chat] Umbrella (GoldHunter): true
