2022-07-29T17:26:14Z Bot is starting up...
2022-07-29T17:26:17Z Bot is ready.
2022-07-29T17:36:46Z [chat] Kenshin: <@&887894985398157363> me
2022-07-29T17:36:46Z [chat] Klee: Woah! It is a slime!  (ﾉ>ω<)ﾉ  Klee has counted 34 slimes for Kenshin!
2022-07-29T17:37:55Z [chat] || eph || booyah ||: 19th
2022-07-29T17:46:22Z [chat] traffyboi: <@&887894985398157363> vent
2022-07-29T17:46:22Z [chat] Klee: Woah! It is a slime!  (ﾉ>ω<)ﾉ  Klee has counted 35 slimes for Vent!
2022-07-29T17:47:32Z [chat] variant-*: 17th
2022-07-29T17:48:21Z [chat] donuts: 20th full
2022-07-29T17:49:00Z [chat] donuts: !top_three
2022-07-29T17:49:00Z [chat] Klee: The current first is ['traffyboi'] with 46 slimes! Second is ['Vent'] with 35 slimes, and third is ['Kenshin'] with 34 slimes! They are the best! ⁽⁽٩(๑˃̶͈̀ ᗨ ˂̶͈́)۶⁾⁾
2022-07-29T17:53:29Z [chat] Thaelon: <@&887894985398157363> vent
2022-07-29T17:53:30Z [chat] Klee: Woah! It is a slime!  (ﾉ>ω<)ﾉ  Klee has counted 36 slimes for Vent!
2022-07-29T17:53:44Z [chat] Thaelon: might be a rando in
2022-07-29T17:53:57Z [chat] donuts: gamewaifus?
2022-07-29T17:54:02Z [chat] Thaelon: yeah
2022-07-29T17:54:08Z [chat] traffyboi: is ST
2022-07-29T17:54:11Z [chat] traffyboi: won't zoom
2022-07-29T17:54:13Z [chat] esyw: <@&887894985398157363> vent
2022-07-29T17:54:13Z [chat] Klee: Woah! It is a slime!  (ﾉ>ω<)ﾉ  Klee has counted 37 slimes for Vent!
2022-07-29T17:54:18Z [chat] traffyboi: <:thinkingfroge:679322849357463557>
2022-07-29T17:54:21Z [chat] mUmU: lol
2022-07-29T17:54:30Z [chat] esyw: Opz
2022-07-29T17:54:32Z [chat] || eph || booyah ||: 19th
2022-07-29T17:54:34Z [chat] esyw: Phone lag
2022-07-29T17:54:38Z [add] traffyboi: -1 vent
2022-07-29T17:54:38Z [chat] traffyboi: !add -1 vent
2022-07-29T17:54:38Z [chat] Klee: Klee has added a slime to Vent! The number of slimes Vent has summoned has gone from 37 to 36
2022-07-29T17:55:31Z [chat] Zerefsis: full
2022-07-29T18:38:13Z [chat] Tatumi: <@176147192719998977> <@&887894985398157363>
2022-07-29T18:38:13Z [chat] Klee: Woah! It is a slime!  (ﾉ>ω<)ﾉ  Klee has counted 15 slimes for Tachii!
2022-07-29T18:40:10Z [chat] Tatumi: I press quite
2022-07-29T18:40:24Z [chat] traffyboi: lol rip
2022-07-29T18:40:26Z [chat] traffyboi: 
2022-07-29T18:40:27Z [chat] || eph || booyah ||: gone
2022-07-29T18:40:39Z [chat] traffyboi: <@130852537199886337> too fast
2022-07-29T18:47:46Z [chat] Kenshin: Within 24 hours
2022-07-29T18:48:12Z [chat] Kenshin: We r nearing end of ded time. I propose 4 hours.
2022-07-29T18:48:56Z [chat] Kenshin: Anyone here
2022-07-29T18:49:03Z [chat] Kenshin: Dont make me ping <:huaji:887909354018316298>
2022-07-29T18:50:57Z [chat] traffyboi: <:frogethumb:956811182088552468>
2022-07-29T18:51:00Z [chat] traffyboi: we have the rulel
2022-07-29T18:51:46Z [chat] traffyboi: if we decide we dislike it or don't want it, we can vote again at the end of this ragna
2022-07-29T18:53:16Z [chat] Kenshin: Done.
2022-07-29T18:56:35Z [chat] Cats On Mars: <@&887894985398157363> me
2022-07-29T18:56:35Z [chat] Klee: Woah! It is a slime!  (ﾉ>ω<)ﾉ  Klee has counted 2 slimes for Cats On Mars!
2022-07-29T18:57:35Z [chat] Thaelon: 17th
2022-07-29T19:01:08Z [chat] ainthe: full
2022-07-29T19:40:37Z [chat] Zerefsis: <@&887894985398157363> me
2022-07-29T19:40:37Z [chat] Klee: Woah! It is a slime!  (ﾉ>ω<)ﾉ  Klee has counted 5 slimes for Zerefsis!
2022-07-29T20:47:37Z [chat] traffyboi: <@&887894985398157363> me
2022-07-29T20:47:38Z [chat] Klee: Woah! It is a slime!  (ﾉ>ω<)ﾉ  Klee has counted 47 slimes for traffyboi!
2022-07-29T20:48:43Z [chat] Levi: full go
2022-07-29T20:48:44Z [chat] Thaelon: Full
2022-07-29T20:48:52Z [chat] donuts: Full
2022-07-29T20:49:18Z [chat] traffyboi: full
2022-07-29T20:49:21Z [chat] traffyboi: <:huaji:887909354018316298>
2022-07-29T20:49:24Z [chat] donuts: Because the first two fulls didn't describe how full it actually was
2022-07-29T20:49:33Z [chat] traffyboi: <:donkpoint:818645178558316564>
2022-07-29T21:34:03Z [chat] traffyboi: <@&887894985398157363> me
2022-07-29T21:34:05Z [chat] Klee: Woah! It is a slime!  (ﾉ>ω<)ﾉ  Klee has counted 48 slimes for traffyboi!
2022-07-29T21:34:51Z [chat] ainthe: full
2022-07-29T21:35:04Z [chat] ainthe: sadge
2022-07-29T21:35:17Z [chat] Kenshin: Crazay
2022-07-29T21:35:27Z [chat] ainthe: was in underground
2022-07-29T21:36:40Z [chat] luxury777: That was insanely fast
2022-07-29T21:36:55Z [chat] Zerefsis: Burst prism rucket gave me a coa <:ez:889809313261060116>
2022-07-29T21:45:23Z [chat] luxury777: <@&887894985398157363> vent
2022-07-29T21:45:23Z [chat] Klee: Woah! It is a slime!  (ﾉ>ω<)ﾉ  Klee has counted 37 slimes for Vent!
2022-07-29T22:27:36Z [chat] zero00: <@&887894985398157363> vent
2022-07-29T22:27:36Z [chat] Klee: Woah! It is a slime!  (ﾉ>ω<)ﾉ  Klee has counted 38 slimes for Vent!
2022-07-29T22:30:14Z [chat] Pengest: In as 18th
2022-07-29T22:42:47Z [chat] Levi: <@&887894985398157363> traffy
2022-07-29T22:42:48Z [chat] Klee: Woah! It is a slime!  (ﾉ>ω<)ﾉ  Klee has counted 49 slimes for traffyboi!
2022-07-29T22:45:29Z [chat] traffyboi: fullded
2022-07-29T22:57:46Z [chat] Kenshin: Senor timeout removed
2022-07-29T23:20:12Z [chat] Kenshin: <@&887894985398157363> zero
2022-07-29T23:20:13Z [chat] Klee: Woah! It is a slime!  (ﾉ>ω<)ﾉ  Klee has counted 16 slimes for zero00!
2022-07-29T23:22:19Z [chat] zero00: what's tis weed emoji
2022-07-29T23:22:39Z [chat] traffyboi: 420
2022-07-29T23:22:45Z [chat] traffyboi: oh
2022-07-29T23:22:47Z [chat] traffyboi: that's only my time
2022-07-29T23:22:50Z [chat] traffyboi: <:pepederp:887936603136352296>
2022-07-29T23:23:03Z [chat] || eph || booyah ||: lulz
2022-07-29T23:23:10Z [chat] traffyboi: 
2022-07-29T23:23:11Z [chat] || eph || booyah ||: traf on that west coast 420 life
2022-07-29T23:23:25Z [chat] Tachii: ded
2022-07-29T23:23:32Z [chat] || eph || booyah ||: https://tenor.com/view/snoop-dogg-smoking-lighter-smoke-merryjane-gif-12768789
2022-07-29T23:24:59Z [chat] || eph || booyah ||: i seent that, traff
2022-07-29T23:25:09Z [chat] traffyboi: i can't find a peepo with a joint emoji <:worryWDYM:823990630283476993>
2022-07-29T23:25:17Z [chat] traffyboi: only cigs
2022-07-29T23:26:28Z [chat] || eph || booyah ||: <:worryShrug1:454393489254514701><:worryShrug2:454393500008579072>
2022-07-29T23:42:43Z [chat] zero00: <@&887894985398157363> reddl
2022-07-29T23:42:44Z [chat] Klee: Woah! It is a slime!  (ﾉ>ω<)ﾉ  Klee has counted 14 slimes for ReddlsRow!
2022-07-29T23:51:33Z [chat] traffyboi: ded14
2022-07-29T23:51:41Z [chat] traffyboi: seems low, but i just finished so no idea
2022-07-29T23:52:25Z [chat] Thaelon: peeps probably doing friday night things
2022-07-29T23:54:07Z [chat] traffyboi: ever the optimist <:keklul:887934339680206858>
2022-07-30T00:39:30Z [chat] Kenshin: <@&887894985398157363> rock
2022-07-30T00:39:31Z [chat] Klee: Woah! It is a slime!  (ﾉ>ω<)ﾉ  Klee has counted 11 slimes for rocketeer!
2022-07-30T00:42:52Z [chat] Tachii: ded
2022-07-30T01:10:19Z [chat] zero00: <@&887894985398157363> senor
2022-07-30T01:10:20Z [chat] Klee: Woah! It is a slime!  (ﾉ>ω<)ﾉ  Klee has counted 13 slimes for SenorTonto!
2022-07-30T02:05:03Z [chat] Vent (Aile): <@&887894985398157363> donut
2022-07-30T02:05:04Z [chat] Klee: Woah! It is a slime!  (ﾉ>ω<)ﾉ  Klee has counted 30 slimes for donuts!
2022-07-30T02:29:09Z [chat] Kenshin: <@&887894985398157363> me
2022-07-30T02:29:10Z [chat] Klee: Woah! It is a slime!  (ﾉ>ω<)ﾉ  Klee has counted 35 slimes for Kenshin!
2022-07-30T02:30:11Z [chat] || eph || booyah ||: full
