2022-07-25T18:19:58Z Bot is starting up...
2022-07-25T18:20:01Z Bot is ready.
2022-07-25T18:20:11Z [add] variant-*: 0 var
2022-07-25T18:21:07Z [chat] variant-*: hmm...
2022-07-25T19:31:36Z [chat] Kenshin: <@&887894985398157363> redd
2022-07-25T19:31:39Z [chat] Kenshin: Miao is in
2022-07-25T19:31:45Z [chat] Kenshin: Miao is bot
2022-07-25T19:31:49Z [chat] Kenshin: I think….
2022-07-25T19:32:08Z [chat] Dostic: 12
2022-07-25T19:32:08Z [chat] || eph || booyah ||: there are so many miaos
2022-07-25T19:32:30Z [chat] Tachii: Someone zoomed
2022-07-25T19:32:36Z [chat] Kenshin: Must be miao
2022-07-25T19:32:40Z [chat] Umbrella (GoldHunter): Damn dead at 13. Couldn't get in
2022-07-25T19:32:55Z [chat] Vent (Aile): checking'
2022-07-25T19:32:58Z [chat] Kenshin: Venni
2022-07-25T19:33:07Z [chat] Kenshin: Not miao
2022-07-25T19:33:08Z [chat] Vent (Aile): miao not long after
2022-07-25T19:33:17Z [chat] Vent (Aile): if not venni it would have been him lol
2022-07-25T19:33:33Z [chat] Kenshin: <@274682038970482688> yeet both miao and venni please
2022-07-25T19:33:34Z [chat] Vent (Aile): 
2022-07-25T19:43:45Z [chat] Reddl: done
2022-07-25T20:35:45Z [chat] Kenshin: <@&887894985398157363> link
2022-07-25T21:44:58Z [chat] traffyboi: <@&887894985398157363> link
2022-07-25T21:47:23Z [chat] Link2D3atH: ups I think I zoom my own slime <:kekw:887896260625977355>
2022-07-25T21:49:42Z [chat] traffyboi: <:vengfroge:706680500546175047>
2022-07-25T21:50:50Z [chat] luxury777: 14 not horrible
2022-07-25T21:57:24Z [chat] Thaelon: <@&887894985398157363> kenshin
2022-07-25T21:58:01Z [chat] Tachii: 2 slimes and i cant even summon a regular raid <:monkaC:837496094408704050>
2022-07-25T21:59:00Z [chat] Kenshin: Full
2022-07-25T22:14:20Z [chat] Kenshin: <@&887894985398157363> redd
2022-07-25T22:14:40Z [chat] Reddl: thx
2022-07-25T22:14:43Z [chat] traffyboi: rando i
2022-07-25T22:15:00Z [chat] Tachii: reddl always has randos in <:topkek:887923315342213142>
2022-07-25T22:15:19Z [chat] Apeks: Full
2022-07-25T22:16:23Z [chat] Reddl: 3 randos
2022-07-25T22:16:38Z [chat] Thaelon: gotta cleanse
2022-07-25T22:30:34Z [chat] Tachii: <@&887894985398157363> zero
2022-07-25T22:31:08Z [chat] Kenshin: 13
2022-07-25T22:31:08Z [chat] Thaelon: 15TH
2022-07-25T22:31:17Z [chat] Vent (Aile): 17
2022-07-25T22:33:32Z [chat] Kenshin: Fullded
2022-07-25T22:36:19Z [chat] Kenshin: !top_three
2022-07-25T22:36:28Z [chat] Kenshin: <:huaji:887909354018316298>
2022-07-25T22:41:03Z [chat] sunscream: <@&887894985398157363> ME
2022-07-25T22:41:04Z # TRACE:
Traceback (most recent call last):
  File "main.py", line 240, in message
    f'Woah! It is a slime!  (ﾉ>ω<)ﾉ  Klee has counted {AGE_members[member_id]} slimes for {id_name[member_id]}!'
KeyError: '779788554259660814'
# TRACE END

2022-07-25T22:41:20Z [chat] Tachii: good pepe
2022-07-25T22:41:23Z [chat] sunscream: 2 minutes and counting
2022-07-25T22:41:50Z [chat] sunscream: <:WorryEyes:887929819852050442>
2022-07-25T22:41:57Z [chat] Zerefsis: I sent you a fr sunsscream
2022-07-25T22:42:01Z [chat] Zerefsis: accet FAST
2022-07-25T22:42:13Z [chat] Kenshin: He cant wo killing the slime
2022-07-25T22:42:16Z [chat] Kenshin: <:kekw:887896260625977355>
2022-07-25T22:42:28Z [chat] Zerefsis: oh right,,,
2022-07-25T22:42:30Z [chat] mUmU: sent you too
2022-07-25T22:42:35Z [chat] sunscream: Thanks I grab it here after I kill slime
2022-07-25T22:42:58Z [chat] Vent (Aile): It's an under 30 so he could have used it to tempt people to add him rn
2022-07-25T22:43:28Z [chat] Kenshin: <:monkaS:889254939946254366>
2022-07-25T22:43:30Z [chat] Vent (Aile): *5 min window to accept fr and then release it* <:keklul:887934339680206858>
2022-07-25T22:44:08Z [chat] Tachii: true
2022-07-25T22:44:35Z [chat] donuts: Damn Tachii
2022-07-25T22:45:07Z [chat] Kenshin: Wat happened
2022-07-25T22:45:15Z [chat] Kenshin: Ah
2022-07-25T22:45:20Z [chat] Kenshin: Only 8
2022-07-25T22:46:00Z [chat] donuts: Looks like it was up for 4 min tho
2022-07-25T22:46:08Z [chat] Kenshin: Yes
2022-07-25T22:46:21Z [chat] Kenshin: I got a plat chest from lv28 slime
2022-07-25T22:46:27Z [chat] Kenshin: That possible?
2022-07-25T22:47:20Z [chat] Vent (Aile): It shouldn't
2022-07-25T22:48:03Z [chat] Tachii: it is possible
2022-07-25T22:48:07Z [chat] Tachii: when ur a slayer
2022-07-25T22:49:00Z [chat] Vent (Aile): oh thats true
2022-07-25T22:49:19Z [chat] Vent (Aile): as slayer plat chest shows up anywhere past lv 11
2022-07-25T22:53:45Z [chat] rocketeer: <@&887894985398157363> <@779788554259660814>
2022-07-25T22:53:45Z # TRACE:
Traceback (most recent call last):
  File "main.py", line 228, in message
    add_slime(member_id, 1)
  File "main.py", line 113, in add_slime
    AGE_members[member_id] += int(number)
KeyError: '779788554259660814'
# TRACE END

2022-07-25T22:53:57Z [chat] Tachii: lol
2022-07-25T22:54:03Z [chat] sunscream: <@&887894985398157363> Again
2022-07-25T22:54:14Z [chat] mUmU: plz accept me
2022-07-25T22:54:17Z [chat] mUmU: <:CryWorry:888087987362095146>
2022-07-25T22:54:17Z [chat] || eph || booyah ||: lvl 29
2022-07-25T22:54:19Z [chat] sunscream: Come and get it!
2022-07-25T22:54:19Z [chat] Kenshin: Too late
2022-07-25T22:54:29Z [chat] Zerefsis: you still havent added me <:kekwait:887896407103664138>
2022-07-25T22:54:33Z [chat] Kenshin: O shit
2022-07-25T22:54:33Z [chat] Tachii: lolo
2022-07-25T22:54:36Z [chat] Kenshin: Inzoomed
2022-07-25T22:54:37Z [chat] Tatumi: Accept me toooooo
2022-07-25T22:54:40Z [chat] Tachii: he doesnt know he need to press refresh
2022-07-25T22:54:41Z [chat] Thaelon: I made it!
2022-07-25T22:54:46Z [chat] Kenshin: I zoomed im sorry
2022-07-25T22:54:49Z [chat] mUmU: lol
2022-07-25T22:54:51Z [chat] sunscream: Oh shit, sorry I'm at work and forgot
2022-07-25T22:55:05Z [chat] sunscream: I give you slime as reparations
2022-07-25T22:55:09Z [chat] Vent (Aile): kenshin timeout
2022-07-25T22:55:18Z [chat] Tachii: strike -1
2022-07-25T22:55:20Z [chat] Vent (Aile): <:Hephlaugh:887924849148829696>
2022-07-25T22:55:29Z [chat] Kenshin: <:sweat:887942060152340480>
2022-07-25T22:55:48Z [chat] Tachii: wha tthe fuck
2022-07-25T22:55:54Z [chat] Tachii: i got 3 keika customes
2022-07-25T22:55:56Z [chat] Tachii: in the last half hour
2022-07-25T22:55:59Z [chat] Tachii: fuck u rng
