2022-07-27T13:09:50Z Bot is starting up...
2022-07-27T13:09:52Z Bot is ready.
2022-07-27T13:30:43Z [chat] Tatumi: <@207924668844212225> <@&887894985398157363>
2022-07-27T13:30:44Z [chat] Klee: Woah! It is a slime!  (ﾉ>ω<)ﾉ  Klee has counted 23 slimes for Vent!
2022-07-27T13:32:05Z [chat] Kenshin: Zoomed
2022-07-27T13:32:45Z [chat] zero00: foxs, prolly by accident
2022-07-27T13:32:50Z [chat] zero00: only 9
2022-07-27T13:40:38Z [add] 17maple: 1 traf
2022-07-27T13:40:38Z [chat] 17maple: !add 1 traf
2022-07-27T13:40:39Z [chat] Klee: Klee has added a slime to traffyboi! The number of slimes traffyboi has summoned has gone from 27 to 28
2022-07-27T13:40:50Z [add] 17maple: 1 Leo
2022-07-27T13:40:50Z [chat] 17maple: !add 1 Leo
2022-07-27T13:40:50Z [chat] Klee: Klee has added a slime to Leofarr! The number of slimes Leofarr has summoned has gone from 3 to 4
2022-07-27T13:41:01Z [add] 17maple: 1 plain
2022-07-27T13:41:01Z [chat] 17maple: !add 1 plain
2022-07-27T13:41:01Z [chat] Klee: Klee has added a slime to PlainDoe! The number of slimes PlainDoe has summoned has gone from 13 to 14
2022-07-27T13:41:10Z [add] 17maple: 1 tatumi
2022-07-27T13:41:10Z [chat] 17maple: !add 1 tatumi
2022-07-27T13:41:10Z [chat] Klee: Klee has added a slime to Tatumi! The number of slimes Tatumi has summoned has gone from 6 to 7
2022-07-27T13:41:25Z [add] 17maple: 1 vent
2022-07-27T13:41:25Z [chat] 17maple: !add 1 vent
2022-07-27T13:41:26Z [chat] Klee: Klee has added a slime to Vent! The number of slimes Vent has summoned has gone from 23 to 24
2022-07-27T13:41:29Z [add] 17maple: 1 ken
2022-07-27T13:41:30Z [chat] 17maple: !add 1 ken
2022-07-27T13:41:30Z [chat] Klee: Klee has added a slime to Kenshin! The number of slimes Kenshin has summoned has gone from 21 to 22
2022-07-27T13:41:49Z [add] 17maple: 1 traf
2022-07-27T13:41:49Z [chat] 17maple: !add 1 traf
2022-07-27T13:41:49Z [chat] Klee: Klee has added a slime to traffyboi! The number of slimes traffyboi has summoned has gone from 28 to 29
2022-07-27T13:47:09Z [chat] Kenshin: <:slimeknife:887947273139519488>
2022-07-27T13:48:34Z [chat] variant-*: <@253994447782543361> slime number seems jump a bit. Please check again, or I can check too later.
2022-07-27T13:48:44Z [chat] variant-*: Sample on kenshin:
2022-07-27T13:55:54Z [chat] mUmU: <@&887894985398157363> <@553055447469522944>
2022-07-27T13:55:54Z [chat] Klee: Woah! It is a slime!  (ﾉ>ω<)ﾉ  Klee has counted 3 slimes for Odyn!
2022-07-27T13:55:59Z [chat] mUmU: Rando in
2022-07-27T13:56:02Z [chat] Odyn: ultra me
2022-07-27T13:56:17Z [chat] Kenshin: Ded
2022-07-27T13:56:19Z [chat] Kenshin: Zoomed
2022-07-27T13:56:29Z [chat] Kenshin: Mokato maybe
2022-07-27T13:56:31Z [chat] Tachii: <:tired:837494793721479168>
2022-07-27T13:56:41Z [chat] Foxcolt: That got zoomed quick, yeah mokato
2022-07-27T13:56:47Z [chat] Odyn: mokato?
2022-07-27T13:57:01Z [chat] Zerefsis: Sent you a friend request odyn
2022-07-27T13:57:11Z [chat] Odyn: gonna check zere
2022-07-27T13:57:13Z [chat] Kenshin: Killed in under 20 seconds
2022-07-27T13:57:17Z [chat] Odyn: hmmm
2022-07-27T13:57:24Z [chat] Kenshin: It was zere?
2022-07-27T13:57:35Z [chat] Odyn: ill delete mokato from friend list
2022-07-27T13:58:00Z [chat] || eph || booyah ||: https://tenor.com/view/joe-exotic-tiger-king-never-recover-financially-broke-gif-16765645
2022-07-27T13:58:06Z [chat] Odyn: is he from age/ultra?
2022-07-27T13:58:12Z [chat] Odyn: or a rando
2022-07-27T13:58:24Z [chat] || eph || booyah ||: i don't recognize that name
2022-07-27T13:58:26Z [chat] mUmU: Rando
2022-07-27T14:31:14Z [chat] rocketeer: <@&887894985398157363> me
2022-07-27T14:31:15Z [chat] Klee: Woah! It is a slime!  (ﾉ>ω<)ﾉ  Klee has counted 8 slimes for rocketeer!
2022-07-27T14:32:37Z [chat] mUmU: Ah ded already
2022-07-27T14:32:52Z [chat] || eph || booyah ||: someone zoom?
2022-07-27T14:33:00Z [chat] mUmU: Did not see
2022-07-27T14:33:17Z [chat] || eph || booyah ||: 
2022-07-27T14:33:32Z [chat] zero00: 
2022-07-27T14:33:49Z [chat] || eph || booyah ||: guessing le-lucky is a rando
2022-07-27T14:34:37Z [chat] rocketeer: removed
2022-07-27T14:38:31Z [chat] rocketeer: <@&887894985398157363> <@120428736637173760>
2022-07-27T14:38:32Z [chat] Klee: Woah! It is a slime!  (ﾉ>ω<)ﾉ  Klee has counted 30 slimes for traffyboi!
2022-07-27T14:39:00Z [chat] Kenshin: Im happy about slimes but godamn <:monkaS:889254939946254366>
2022-07-27T14:41:19Z [chat] Kenshin: Thats a :39 pomg
2022-07-27T14:42:48Z [chat] Thaelon: ded @ only 10
2022-07-27T14:43:12Z [chat] Tachii: <:tired:837494793721479168>
2022-07-27T16:05:49Z [chat] Tatumi: <@563082215198556211> <@&887894985398157363>
2022-07-27T16:05:49Z [chat] Klee: Woah! It is a slime!  (ﾉ>ω<)ﾉ  Klee has counted 13 slimes for zero00!
2022-07-27T16:06:19Z [chat] Thaelon: gone?
2022-07-27T16:06:23Z [chat] Tedo: wat
2022-07-27T16:06:26Z [chat] mUmU: ???
2022-07-27T16:06:38Z [chat] Umbrella (GoldHunter): Don't see it
2022-07-27T16:06:52Z [chat] Kenshin: Ded
2022-07-27T16:06:55Z [chat] Kenshin: Dont see
2022-07-27T16:07:00Z [chat] Kenshin: Who zoom gdi
2022-07-27T16:08:02Z [chat] Tatumi: 
2022-07-27T16:08:37Z [chat] Kenshin: Time to clean house
2022-07-27T16:08:44Z [chat] Kenshin: <@563082215198556211>
2022-07-27T16:11:06Z [chat] Zerefsis: that aint zero wtf
2022-07-27T16:12:12Z [chat] variant-*: <:kekw:887896260625977355>
2022-07-27T16:13:11Z [chat] Kenshin: I assumed its zero’s slime but he didnt get on himself
2022-07-27T16:13:13Z [chat] Kenshin: <:topkek:887923315342213142>
2022-07-27T16:13:43Z [chat] rocketeer: <@&887894985398157363> <@394763425777057794>
2022-07-27T16:13:44Z [chat] Klee: Woah! It is a slime!  (ﾉ>ω<)ﾉ  Klee has counted 8 slimes for Tatumi!
2022-07-27T16:14:25Z [chat] variant-*: I checked friend list in-game, and zero is still zero.
2022-07-27T16:14:28Z [chat] variant-*: !doubleping zero
2022-07-27T16:14:29Z [chat] Klee: Klee has subtracted a slime from zero00! The number of slimes zero00 has summoned has gone from 13 to 12
2022-07-27T16:15:20Z [chat] Kenshin: Tatumi still has mimi
2022-07-27T16:15:35Z [chat] Kenshin: <:megafroge:893992982456451133>
2022-07-27T16:15:46Z [chat] Tatumi: Yes
2022-07-27T16:15:51Z [chat] Dostic: Fulldead
2022-07-27T16:16:31Z [chat] Kenshin: I leave it up to you to decide in case you missed it yesterday. https://discord.com/channels/887892391317606491/887894832708730881/1001591006073999374
2022-07-27T16:17:37Z [chat] Umbrella (GoldHunter): Yeet yeet
2022-07-27T16:25:20Z [chat] Tachii: miki aka too selfish to pause aka yeet
2022-07-27T16:31:33Z [chat] Kenshin: And never once did they apologize. Not in my pm not in dcg when caught
2022-07-27T16:31:36Z [chat] Kenshin: <:topkek:887923315342213142>
2022-07-27T16:31:57Z [chat] Kenshin: Just excuses after excuses
2022-07-27T16:34:25Z [chat] Tatumi: i removed him
2022-07-27T16:34:55Z [chat] Kenshin: <:cultured:887916127307579423>
2022-07-27T16:35:03Z [chat] traffyboi: <:GoodGood:588843228493774855>
2022-07-27T16:36:48Z [chat] donuts: <@&887894985398157363> me
2022-07-27T16:36:48Z [chat] Klee: Woah! It is a slime!  (ﾉ>ω<)ﾉ  Klee has counted 18 slimes for donuts!
2022-07-27T16:37:27Z [chat] variant-*: 16th
2022-07-27T16:38:00Z [chat] zero00: full
2022-07-27T16:38:10Z [chat] zero00: the slime earlier wasn't me. I'm ALL LOWERCASE ZERO!
2022-07-27T16:38:38Z [chat] Tachii: <:monkaS:322521847323426816>
2022-07-27T16:38:47Z [chat] Tachii: <:JabbaKek:887916458309451796>
2022-07-27T16:39:00Z [chat] Tachii: <:frogeDerp:888005979923423243>
2022-07-27T16:39:34Z [chat] zero00: thanks variant for clearing things up for me <:02happy:888122524720844802>
2022-07-27T16:39:49Z [chat] variant-*: lol, it's zere first who noticed
2022-07-27T16:40:37Z [chat] zero00: ok, I didn't scroll up enough <:facepalm:888070327278637097>
2022-07-27T17:27:38Z [chat] Tatumi: I have a 2020 zero
2022-07-27T17:28:02Z [chat] Tatumi: And the true Zero
2022-07-27T17:33:44Z [chat] Tachii: u got a 0?
2022-07-27T18:10:33Z [chat] Kenshin: <@&887894985398157363> link
2022-07-27T18:10:33Z [chat] Klee: Woah! It is a slime!  (ﾉ>ω<)ﾉ  Klee has counted 10 slimes for Link2D3atH!
2022-07-27T18:11:27Z [chat] Tachii: !sself
2022-07-27T18:11:27Z [chat] Klee: Klee knows that you have summoned 11 slimes so far this season! You are the best!
2022-07-27T18:11:38Z [chat] Tachii: thank you klee, appreciate the positivity
2022-07-27T18:11:58Z [chat] Dostic: My bad
2022-07-27T18:12:30Z [chat] Dostic: I thought it was paused and someone called me so my screen disappeared
2022-07-27T19:17:45Z [chat] traffyboi: <@&887894985398157363> zeref
2022-07-27T19:17:45Z [chat] Klee: Woah! It is a slime!  (ﾉ>ω<)ﾉ  Klee has counted 4 slimes for Zerefsis!
2022-07-27T19:20:23Z [chat] traffyboi: ded20
2022-07-27T19:27:40Z [chat] Vent (Aile): <@&887894985398157363> tedo
2022-07-27T19:27:40Z [chat] Klee: Woah! It is a slime!  (ﾉ>ω<)ﾉ  Klee has counted 7 slimes for Tedo!
2022-07-27T19:30:59Z [chat] || eph || booyah ||: <@&887894985398157363> traf
2022-07-27T19:30:59Z [chat] Klee: Woah! It is a slime!  (ﾉ>ω<)ﾉ  Klee has counted 31 slimes for traffyboi!
2022-07-27T19:30:59Z [chat] zero00: <@&887894985398157363> traf
2022-07-27T19:31:00Z [chat] Klee: Woah! It is a slime!  (ﾉ>ω<)ﾉ  Klee has counted 32 slimes for traffyboi!
2022-07-27T19:31:06Z [chat] || eph || booyah ||: !doubleping traf
2022-07-27T19:31:07Z [chat] Klee: Klee has subtracted a slime from traffyboi! The number of slimes traffyboi has summoned has gone from 32 to 31
2022-07-27T19:32:07Z [chat] Thaelon: full
2022-07-27T20:03:42Z [chat] traffyboi: <@&887894985398157363> me
2022-07-27T20:03:42Z [chat] Klee: Woah! It is a slime!  (ﾉ>ω<)ﾉ  Klee has counted 32 slimes for traffyboi!
2022-07-27T20:04:09Z [chat] Kenshin: Did u offer ur first born to SU?
2022-07-27T20:04:11Z [chat] Kenshin: <:topkek:887923315342213142>
2022-07-27T20:04:14Z [chat] traffyboi: <:topkek:887923315342213142>
2022-07-27T20:04:17Z [chat] traffyboi: starting to feel that way
2022-07-27T20:04:31Z [chat] traffyboi: i said that shit as a joke
2022-07-27T20:04:34Z [chat] traffyboi: but right after i said it
2022-07-27T20:04:38Z [chat] traffyboi: my spawn rate went way up
2022-07-27T20:04:51Z [chat] Vent (Aile): jesus dude so much for us catching up
2022-07-27T20:05:17Z [chat] traffyboi: full
2022-07-27T20:05:59Z [chat] Kenshin: Brb bribing SU
2022-07-27T20:06:03Z [chat] traffyboi: <:topkek:887923315342213142>
2022-07-27T20:06:16Z [chat] Vent (Aile): !top_three
2022-07-27T20:06:16Z [chat] Klee: The current first is ['traffyboi'] with 32 slimes! Second is ['Vent'] with 24 slimes, and third is ['Kenshin'] with 22 slimes! They are the best! ⁽⁽٩(๑˃̶͈̀ ᗨ ˂̶͈́)۶⁾⁾
2022-07-27T20:06:25Z [chat] Vent (Aile): <:02monka:888123260527607858>
2022-07-27T20:07:06Z [chat] Kenshin: What annoys me is i get my slimes during my overnight farming so i dont get to join them myself
2022-07-27T20:07:12Z [chat] Kenshin: <:topkek:887923315342213142>
2022-07-27T20:07:32Z [chat] Kenshin: Havent gotten one after i got up
2022-07-27T20:09:07Z [chat] zero00: <@&887894985398157363> link
2022-07-27T20:09:08Z [chat] Klee: Woah! It is a slime!  (ﾉ>ω<)ﾉ  Klee has counted 11 slimes for Link2D3atH!
2022-07-27T20:09:58Z [chat] Reddl: 18th
2022-07-27T20:38:37Z [chat] donuts: <@&887894985398157363> me
2022-07-27T20:38:38Z [chat] Klee: Woah! It is a slime!  (ﾉ>ω<)ﾉ  Klee has counted 19 slimes for donuts!
2022-07-27T20:41:50Z [chat] traffyboi: ded13
2022-07-27T20:41:52Z [chat] traffyboi: feels low
2022-07-27T20:41:58Z [chat] donuts: thats is low
2022-07-27T20:42:03Z [chat] traffyboi: too many ppl b4 me tho
2022-07-27T20:42:11Z [chat] traffyboi: 
2022-07-27T20:42:40Z [chat] donuts: maybe just slow ?
2022-07-27T20:42:48Z [chat] traffyboi: possible
2022-07-27T20:54:30Z [chat] Link2D3atH: <@&887894985398157363> me
2022-07-27T20:54:31Z [chat] Klee: Woah! It is a slime!  (ﾉ>ω<)ﾉ  Klee has counted 12 slimes for Link2D3atH!
2022-07-27T20:54:36Z [chat] Kenshin: Ay is in
2022-07-27T20:58:41Z [chat] Thaelon: ded/18
2022-07-27T20:58:50Z [chat] zero00: <@&887894985398157363> me
2022-07-27T20:58:51Z [chat] Klee: Woah! It is a slime!  (ﾉ>ω<)ﾉ  Klee has counted 13 slimes for zero00!
2022-07-27T21:00:03Z [chat] rocketeer: full
2022-07-27T21:09:30Z [chat] mUmU: <@&887894985398157363> <@506124628188594181>
2022-07-27T21:09:31Z [chat] Klee: Woah! It is a slime!  (ﾉ>ω<)ﾉ  Klee has counted 20 slimes for donuts!
2022-07-27T21:10:45Z [chat] luxury777: guess its a bad time for midnight parade...
2022-07-27T21:12:42Z [chat] donuts: Ded19
2022-07-27T22:05:57Z [chat] Tachii: <@&887894985398157363> traff
2022-07-27T22:05:57Z [chat] Klee: Woah! It is a slime!  (ﾉ>ω<)ﾉ  Klee has counted 33 slimes for traffyboi!
2022-07-27T22:06:49Z [chat] leafa1244: Full
2022-07-27T22:50:31Z [chat] traffyboi: <@&887894985398157363> reddl
2022-07-27T22:50:31Z [chat] Klee: Woah! It is a slime!  (ﾉ>ω<)ﾉ  Klee has counted 11 slimes for ReddlsRow!
2022-07-27T22:50:33Z [chat] traffyboi: reando in
2022-07-27T22:51:45Z [chat] mUmU: another one
2022-07-27T22:51:58Z [chat] mUmU: no one in yet
2022-07-27T22:52:24Z [chat] mUmU: <@&887894985398157363> <@579199616143327258>
2022-07-27T22:52:24Z [chat] Klee: Woah! It is a slime!  (ﾉ>ω<)ﾉ  Klee has counted 3 slimes for virant (Variant-1)!
2022-07-27T22:52:40Z [chat] mUmU: reddl's ded
2022-07-27T22:52:43Z [chat] mUmU: full too
2022-07-27T22:53:10Z [chat] || eph || booyah ||: 8th in var's
2022-07-27T22:53:56Z [chat] Pengest: 16th
2022-07-27T22:56:19Z [chat] || eph || booyah ||: full ded
2022-07-27T22:56:33Z [chat] traffyboi: <:02happy:888122524720844802>
2022-07-27T22:56:48Z [chat] traffyboi: double slime both fullded
2022-07-27T23:38:32Z [chat] 17maple: <@&887915507804692511>aile
2022-07-27T23:38:32Z ERROR TRACE:
Traceback (most recent call last):
  File "main.py", line 237, in message
    elif (message.content.split()[1].lower()
IndexError: list index out of range
# TRACE END

2022-07-27T23:38:46Z [add] 17maple: 1 aile
2022-07-27T23:38:47Z [chat] 17maple: !add 1 aile
2022-07-27T23:38:47Z [chat] Klee: Klee has added a slime to aile! The number of slimes aile has summoned has gone from 12 to 13
2022-07-27T23:39:50Z [chat] traffyboi: aile is ultra now
2022-07-27T23:40:12Z [chat] traffyboi: (for future reference)
2022-07-28T00:29:39Z [chat] Tatumi: <@509805857425588224> <@&887894985398157363>
2022-07-28T00:29:40Z [chat] Klee: Woah! It is a slime!  (ﾉ>ω<)ﾉ  Klee has counted 23 slimes for Kenshin!
2022-07-28T00:30:43Z [chat] donuts: ded
2022-07-28T00:31:07Z [chat] || eph || booyah ||: yup
2022-07-28T00:31:16Z [chat] traffyboi: 
2022-07-28T00:31:17Z [chat] traffyboi: 20/20 but
2022-07-28T00:31:35Z [chat] traffyboi: either GG or vent zoom
2022-07-28T00:31:36Z [chat] donuts: fast
2022-07-28T00:31:46Z [chat] Kenshin: <@207924668844212225> was it gg?
2022-07-28T00:32:05Z [chat] traffyboi: rather, GG def zoomed lol. unless they just happened to be last
2022-07-28T00:32:14Z [chat] Vent (Aile): I zoomed because I saw it full on alt
2022-07-28T00:32:15Z [chat] || eph || booyah ||: oh gginder...i remember running into him a lot in the old pvp days
2022-07-28T00:32:27Z [chat] Kenshin: Ah ok. But gg zoomed anyway
2022-07-28T00:32:37Z [chat] Kenshin: Let me send him a notice….
2022-07-28T00:32:46Z [chat] || eph || booyah ||: is he on dci?
2022-07-28T00:34:50Z [chat] Kenshin: No
2022-07-28T00:35:08Z [chat] Kenshin: Actually maybe not. He could have been 19 or 20… dont wanna falsely accuse him
2022-07-28T00:35:11Z [chat] Kenshin: <:frogeHmm:888110563354370128>
2022-07-28T00:35:21Z [chat] Kenshin: He never zoomed before i had him for thsi whole season
2022-07-28T00:35:50Z [chat] traffyboi: but...did he ever make it in a slime before
2022-07-28T00:35:54Z [chat] Kenshin: Yea
2022-07-28T00:36:07Z [chat] traffyboi: <:frogethumb:956811182088552468>
2022-07-28T00:36:08Z [chat] || eph || booyah ||: <a:cuteshrug:747936941328171140> as long as he doesn't again
2022-07-28T01:18:32Z [chat] luxury777: <@&887894985398157363> leo
2022-07-28T01:18:33Z [chat] Klee: Woah! It is a slime!  (ﾉ>ω<)ﾉ  Klee has counted 5 slimes for Leofarr!
2022-07-28T01:38:27Z [chat] zero00: <@&887894985398157363> me
2022-07-28T01:38:27Z [chat] Klee: Woah! It is a slime!  (ﾉ>ω<)ﾉ  Klee has counted 14 slimes for zero00!
2022-07-28T01:50:30Z [chat] donuts: <@&887894985398157363> me
2022-07-28T01:50:30Z [chat] Klee: Woah! It is a slime!  (ﾉ>ω<)ﾉ  Klee has counted 21 slimes for donuts!
2022-07-28T01:53:57Z [chat] Kenshin: ded 15
2022-07-28T02:13:06Z [chat] ainthe: <@&887894985398157363> me
2022-07-28T02:13:06Z [chat] Klee: Woah! It is a slime!  (ﾉ>ω<)ﾉ  Klee has counted 2 slimes for Ainthe!
2022-07-28T02:15:15Z [chat] || eph || booyah ||: 20th
2022-07-28T02:16:22Z [chat] Kenshin: <:pepepoint:887916456623341598>
2022-07-28T02:16:25Z [chat] Kenshin: NICE
2022-07-28T02:42:46Z [chat] luxury777: BRUH
2022-07-28T02:42:55Z [chat] luxury777: 
2022-07-28T02:42:59Z [chat] Tachii: same
2022-07-28T02:43:02Z [chat] Tachii: i saw it too
2022-07-28T02:43:03Z [chat] Tachii: -_-
2022-07-28T02:43:11Z [chat] luxury777: <@130852537199886337> yeet this mother...
2022-07-28T02:43:16Z [chat] Tachii: trucker
2022-07-28T02:43:23Z [chat] luxury777: ^
2022-07-28T02:43:50Z [chat] luxury777: or atleast have him join us
2022-07-28T02:46:55Z [chat] Tachii: <@&887894985398157363> me lets gooo
2022-07-28T02:46:55Z [chat] Klee: Woah! It is a slime!  (ﾉ>ω<)ﾉ  Klee has counted 12 slimes for Tachii!
2022-07-28T02:49:46Z [chat] Tachii: ded
2022-07-28T03:15:06Z [chat] Tedo: <@&887894985398157363> mantis
2022-07-28T03:15:06Z [chat] Klee: Woah! It is a slime!  (ﾉ>ω<)ﾉ  Klee has counted 7 slimes for mantis!
2022-07-28T03:18:04Z [chat] Tachii: ded
