2022-07-27T02:25:01Z Bot is starting up...
2022-07-27T02:25:04Z Bot is ready.
2022-07-27T02:25:08Z [add] traffyboi: 1 tedo
2022-07-27T02:25:08Z [chat] traffyboi: !add 1 tedo
2022-07-27T02:25:08Z [chat] Klee: Klee has added a slime to Tedo! The number of slimes Tedo has summoned has gone from 4 to 5
2022-07-27T02:30:41Z [chat] Vent (Aile): <@&887894985398157363> traff
2022-07-27T02:30:41Z [chat] Klee: Woah! It is a slime!  (ﾉ>ω<)ﾉ  Klee has counted 23 slimes for traffyboi!
2022-07-27T02:30:54Z [chat] luxury777: OML
2022-07-27T02:30:59Z [chat] Kenshin: nothing
2022-07-27T02:31:02Z [chat] luxury777: got zoomed<:borryDed:888008371276501052>
2022-07-27T02:31:02Z [chat] Kenshin: ded
2022-07-27T02:31:06Z [chat] Kenshin: wtf man
2022-07-27T02:31:11Z [chat] leafa1244: Lol
2022-07-27T02:31:13Z [chat] Tachii: <:angery:671241630749032448>
2022-07-27T02:31:14Z [chat] luxury777: i seent it at 13....
2022-07-27T02:31:26Z [chat] Kenshin: i quit my burst run for the 5th time for this
2022-07-27T02:31:29Z [chat] Vent (Aile): Think it was pinged in delitiat first
2022-07-27T02:32:46Z [chat] Umbrella (GoldHunter): Lol who zoomed
2022-07-27T02:34:04Z [chat] Kenshin: <@&887894985398157363> traff
2022-07-27T02:34:05Z [chat] Klee: Woah! It is a slime!  (ﾉ>ω<)ﾉ  Klee has counted 24 slimes for traffyboi!
2022-07-27T02:34:07Z [chat] Kenshin: sat and gene are in
2022-07-27T02:34:48Z [chat] Ioni: may i ask where do you guys farm for slimes?
2022-07-27T02:34:58Z [chat] luxury777: im literally always in fever during slime calls
2022-07-27T02:35:01Z [chat] Vent (Aile): Fullded
2022-07-27T02:35:22Z [chat] Kenshin: 1-4-2 millenium demon
2022-07-27T02:36:16Z [chat] Vent (Aile): In the last one that only had 13 it was sydys toxic ioni
2022-07-27T02:36:41Z [chat] esyw: Traf slime get filled extremely fast haha
2022-07-27T02:36:56Z [chat] Ioni: i finish mine when lux said it got zoomed
2022-07-27T02:37:18Z [chat] Tachii: good man (or woman)
2022-07-27T02:38:04Z [chat] Ioni: thx
2022-07-27T03:27:29Z [chat] Vent (Aile): <@&887894985398157363> vent
2022-07-27T03:27:30Z [chat] Klee: Woah! It is a slime!  (ﾉ>ω<)ﾉ  Klee has counted 21 slimes for Vent!
2022-07-27T03:52:27Z [chat] traffyboi: <@&887894985398157363> me
2022-07-27T03:52:28Z [chat] Klee: Woah! It is a slime!  (ﾉ>ω<)ﾉ  Klee has counted 25 slimes for traffyboi!
2022-07-27T03:53:35Z [chat] traffyboi: escape little crab! escaaaaaape
2022-07-27T03:53:41Z [chat] Ophianne: Wow it fills so fast
2022-07-27T03:53:55Z [chat] mUmU: fulled
2022-07-27T03:54:21Z [chat] Kenshin: lol. Havent gotten a single one during the time u got like 6
2022-07-27T03:54:49Z [chat] Vent (Aile): I'm thinking we shouldn't count the one that was filled by the other group <:keklul:887934339680206858>
2022-07-27T03:54:58Z [chat] traffyboi: <:kekwait:887896407103664138>
2022-07-27T03:55:03Z [chat] Kenshin: Agreed
2022-07-27T03:55:22Z [chat] traffyboi: by that logic we shouldn't count ones that get zoomed either
2022-07-27T03:55:29Z [chat] traffyboi: even if by our own group
2022-07-27T03:55:48Z [chat] traffyboi: <:pepesweat:588842556654092288>
2022-07-27T03:56:04Z [chat] Kenshin: De zoomed it tho
2022-07-27T03:56:05Z [chat] traffyboi: (desperately trying to keep my count)
2022-07-27T03:56:34Z [chat] Vent (Aile): <:innova:887917071340539945>
2022-07-27T03:56:36Z [chat] traffyboi: lol im fine with it
2022-07-27T03:56:40Z [chat] traffyboi: do what you will
2022-07-27T03:56:50Z [chat] Kenshin: <:pepepoint:887916456623341598>
2022-07-27T03:57:00Z [chat] Vent (Aile): -5 traff
2022-07-27T03:57:08Z [chat] traffyboi: <:topkek:887923315342213142>
2022-07-27T03:58:48Z [chat] Tachii: lolo
2022-07-27T04:06:21Z [chat] traffyboi: real talk tho if you see them zoom screenshot if you can
2022-07-27T04:10:15Z [chat] Kenshin: https://discord.com/channels/887892391317606491/887894832708730881/1001679387235725352
2022-07-27T04:11:20Z [chat] Vent (Aile): didn't see how much time was left in raid, thats why my assumption was that it was pinged in delitist and not here, no idea about how long it was up
2022-07-27T04:12:11Z [chat] traffyboi: good point vent, just checked, it was pinged at the same time
2022-07-27T04:13:27Z [chat] Vent (Aile): Oh then it was zoom zoom
2022-07-27T04:14:03Z [chat] Vent (Aile): Gave benefit of the doubt because only 3 made it from here and 10 was from other group
2022-07-27T04:14:04Z [chat] traffyboi: yeah, was just saying screenshot b/c it's easier to show ppl with that
2022-07-27T04:15:00Z [chat] Vent (Aile): Would have but was chilling in bed already so emu was up
2022-07-27T04:15:08Z [chat] traffyboi: yeye all good
2022-07-27T04:15:22Z [chat] Tedo: <@&887894985398157363> me
2022-07-27T04:15:22Z [chat] Klee: Woah! It is a slime!  (ﾉ>ω<)ﾉ  Klee has counted 6 slimes for Tedo!
2022-07-27T04:15:45Z [chat] traffyboi: see, klee loves you tedo
2022-07-27T04:15:55Z [chat] traffyboi: was just sleeping before
2022-07-27T04:16:01Z [chat] Kenshin: Klee loves u now
2022-07-27T04:16:16Z [chat] Tedo: two faced biiiiiiiiiiich
2022-07-27T04:16:23Z [chat] traffyboi: <:topkek:887923315342213142>
2022-07-27T04:16:43Z [chat] esyw: Drd
2022-07-27T04:16:53Z [chat] Tedo: srsly already wtf
2022-07-27T04:16:58Z [chat] Moss: Link
2022-07-27T04:17:11Z [chat] Tedo: was it full at least?
2022-07-27T04:17:18Z [chat] esyw: 16
2022-07-27T04:17:19Z [chat] traffyboi: no 14
2022-07-27T04:17:28Z [chat] esyw: Oh
2022-07-27T04:17:29Z [chat] Moss: 
2022-07-27T04:17:37Z [chat] traffyboi: <:topkek:887923315342213142>
2022-07-27T04:17:46Z [chat] traffyboi: that screenshot
2022-07-27T04:17:54Z [chat] Kenshin: Nice screenshot  <:pepepoint:887916456623341598>
2022-07-27T04:17:59Z [chat] Moss: I dont have dc logged on the iPhone
2022-07-27T04:18:29Z [chat] Kenshin: Link caught w his pants down
2022-07-27T04:18:35Z [chat] Link2D3atH: ups I zoom by accident 👀
2022-07-27T04:18:46Z [chat] luxury777: <@&887894985398157363> tachii
2022-07-27T04:18:47Z [chat] Klee: Woah! It is a slime!  (ﾉ>ω<)ﾉ  Klee has counted 11 slimes for Tachii!
2022-07-27T04:18:52Z [chat] Moss: Saw tachii
2022-07-27T04:18:55Z [chat] Moss: I'm pausee
2022-07-27T04:19:05Z [chat] luxury777: im zoom
2022-07-27T04:19:10Z [chat] Kenshin: U better 👀
2022-07-27T04:19:14Z [chat] Moss: Noted, then I'm zooming too
2022-07-27T04:19:20Z [chat] Moss: <:worryFingerguns:888096959888498778>
2022-07-27T04:19:22Z [chat] mUmU: <:stoning:888064998050517132>
2022-07-27T04:19:26Z [chat] luxury777: <:ez:889809313261060116>
2022-07-27T04:19:39Z [chat] Moss: <:topkek:887923315342213142>
2022-07-27T04:22:46Z [chat] Tedo: fulded
2022-07-27T04:34:59Z [chat] Vent (Aile): <@&887894985398157363> lux
2022-07-27T04:35:00Z [chat] Klee: Woah! It is a slime!  (ﾉ>ω<)ﾉ  Klee has counted 4 slimes for luxury777!
2022-07-27T04:38:31Z [chat] luxury777: i paused but only 16
2022-07-27T04:38:35Z [chat] luxury777: dont smite me
2022-07-27T04:40:12Z [chat] traffyboi: https://tenor.com/view/bruce-almighty-smite-jim-carrey-jim-carry-jim-carey-bruce-almighty-gif-5451718
2022-07-27T04:42:29Z [chat] Tedo: <@&887894985398157363> kenshin
2022-07-27T04:42:30Z [chat] Klee: Woah! It is a slime!  (ﾉ>ω<)ﾉ  Klee has counted 18 slimes for Kenshin!
2022-07-27T05:27:17Z [chat] Vent (Aile): <@&887894985398157363> mantis
2022-07-27T05:27:18Z [chat] Klee: Woah! It is a slime!  (ﾉ>ω<)ﾉ  Klee has counted 5 slimes for mantis!
2022-07-27T06:12:13Z [chat] traffyboi: <@&887894985398157363> me
2022-07-27T06:12:13Z [chat] Klee: Woah! It is a slime!  (ﾉ>ω<)ﾉ  Klee has counted 26 slimes for traffyboi!
2022-07-27T06:13:41Z [chat] esyw: Full
2022-07-27T06:13:52Z [chat] esyw: So fast
2022-07-27T06:41:13Z [chat] Variant-2: <@&887894985398157363> ken
2022-07-27T06:41:13Z [chat] Klee: Woah! It is a slime!  (ﾉ>ω<)ﾉ  Klee has counted 19 slimes for Kenshin!
2022-07-27T08:44:03Z [chat] ainthe: <@&887894985398157363> me
2022-07-27T08:44:04Z [chat] Klee: Woah! It is a slime!  (ﾉ>ω<)ﾉ  Klee has counted 1 slimes for Ainthe!
2022-07-27T08:45:19Z [chat] Vent (Aile): Dead
2022-07-27T08:47:00Z [chat] ainthe: ya ShouYi will walk the plank
2022-07-27T09:58:33Z [chat] Apeks: <@&887894985398157363> <@560576301149192203>
2022-07-27T09:58:33Z [chat] Klee: Woah! It is a slime!  (ﾉ>ω<)ﾉ  Klee has counted 6 slimes for mantis!
2022-07-27T12:15:07Z Bot is ready.
2022-07-27T12:30:35Z [chat] zero00: <@&887894985398157363> vent
2022-07-27T12:30:36Z ERROR TRACE:
Traceback (most recent call last):
  File "main.py", line 269, in message
    await message.channel.send(
  File "/opt/virtualenvs/python3/lib/python3.8/site-packages/discord/abc.py", line 1065, in send
    data = await state.http.send_message(channel.id, content, tts=tts, embed=embed,
  File "/opt/virtualenvs/python3/lib/python3.8/site-packages/discord/http.py", line 216, in request
    raise HTTPException(r, data)
discord.errors.HTTPException: 429 Too Many Requests (error code: 0): You are being blocked from accessing our API temporarily due to exceeding our rate limits frequently. Please read our docs at https://discord.com/developers/docs/topics/rate-limits to prevent this moving forward.
# TRACE END

2022-07-27T12:44:12Z [chat] zero00: <@&887894985398157363> ken
2022-07-27T12:44:12Z ERROR TRACE:
Traceback (most recent call last):
  File "main.py", line 269, in message
    await message.channel.send(
  File "/opt/virtualenvs/python3/lib/python3.8/site-packages/discord/abc.py", line 1065, in send
    data = await state.http.send_message(channel.id, content, tts=tts, embed=embed,
  File "/opt/virtualenvs/python3/lib/python3.8/site-packages/discord/http.py", line 216, in request
    raise HTTPException(r, data)
discord.errors.HTTPException: 429 Too Many Requests (error code: 0): You are being blocked from accessing our API temporarily due to exceeding our rate limits frequently. Please read our docs at https://discord.com/developers/docs/topics/rate-limits to prevent this moving forward.
# TRACE END

2022-07-27T12:44:42Z [add] zero00: 1 ken
2022-07-27T12:44:42Z [chat] zero00: !add 1 ken
2022-07-27T12:44:42Z ERROR TRACE:
Traceback (most recent call last):
  File "main.py", line 485, in add
    await ctx.send(
  File "/opt/virtualenvs/python3/lib/python3.8/site-packages/discord/abc.py", line 1065, in send
    data = await state.http.send_message(channel.id, content, tts=tts, embed=embed,
  File "/opt/virtualenvs/python3/lib/python3.8/site-packages/discord/http.py", line 216, in request
    raise HTTPException(r, data)
discord.errors.HTTPException: 429 Too Many Requests (error code: 0): You are being blocked from accessing our API temporarily due to exceeding our rate limits frequently. Please read our docs at https://discord.com/developers/docs/topics/rate-limits to prevent this moving forward.
# TRACE END

2022-07-27T12:45:00Z [chat] zero00: bruh
2022-07-27T12:45:23Z [chat] Kenshin: <:pepederp:887936603136352296>
2022-07-27T12:47:21Z [chat] Kenshin: Fulded
2022-07-27T12:48:31Z [chat] zero00: <@&887894985398157363> traffy
2022-07-27T12:48:31Z ERROR TRACE:
Traceback (most recent call last):
  File "main.py", line 269, in message
    await message.channel.send(
  File "/opt/virtualenvs/python3/lib/python3.8/site-packages/discord/abc.py", line 1065, in send
    data = await state.http.send_message(channel.id, content, tts=tts, embed=embed,
  File "/opt/virtualenvs/python3/lib/python3.8/site-packages/discord/http.py", line 216, in request
    raise HTTPException(r, data)
discord.errors.HTTPException: 429 Too Many Requests (error code: 0): You are being blocked from accessing our API temporarily due to exceeding our rate limits frequently. Please read our docs at https://discord.com/developers/docs/topics/rate-limits to prevent this moving forward.
# TRACE END

2022-07-27T12:48:56Z [chat] zero00: lol the three of you
2022-07-27T12:49:26Z [chat] Zerefsis: klee said no more
2022-07-27T12:50:50Z [chat] Kenshin: Traff is way ahead cuz he bribed SU yesterday
2022-07-27T12:51:33Z [chat] donuts: 16ded I killed thought it was full and ded
2022-07-27T12:52:30Z [chat] esyw: Because traffy's always gone in 30s lol
