2022-07-31T11:49:15Z Bot is starting up...
2022-07-31T11:49:18Z Bot is ready.
2022-07-31T11:54:37Z [chat] Dan: <@&887894985398157363> me
2022-07-31T11:54:37Z [chat] Klee: Woah! It is a slime!  (ﾉ>ω<)ﾉ  Klee has counted 6 slimes for Dan!
2022-07-31T11:55:34Z [chat] donuts: looks like you have a MY in your raid/fl
2022-07-31T11:59:57Z [chat] variant-*: dead10
2022-07-31T12:01:53Z [chat] donuts: 
2022-07-31T12:02:23Z [chat] donuts: MY_Guess at who zoomed
2022-07-31T12:02:54Z [chat] donuts: realize it was up for a little bit
2022-07-31T12:30:52Z [chat] Kenshin: <@&887894985398157363> me
2022-07-31T12:30:53Z [chat] Klee: Woah! It is a slime!  (ﾉ>ω<)ﾉ  Klee has counted 41 slimes for Kenshin!
2022-07-31T12:31:51Z [chat] Kenshin: !top_three
2022-07-31T12:31:51Z [chat] Klee: The current first is ['traffyboi'] with 52 slimes! Second is ['Vent', 'Kenshin'] with 41 slimes, and third is ['donuts'] with 32 slimes! They are the best! ⁽⁽٩(๑˃̶͈̀ ᗨ ˂̶͈́)۶⁾⁾
2022-07-31T12:32:14Z [chat] Kenshin: <:slimeknife:887947273139519488>
2022-07-31T12:32:23Z [chat] Kenshin: Full
2022-07-31T12:32:48Z [chat] Tachii: !sself
2022-07-31T12:32:49Z [chat] Klee: Klee knows that you have summoned 15 slimes so far this season! You are the best!
2022-07-31T12:32:57Z [chat] Tachii: tfw no slime in last 24hrs
2022-07-31T12:33:00Z [chat] Tachii: <:topkek:887923315342213142>
2022-07-31T13:08:56Z [chat] Ophianne: !sself
2022-07-31T13:08:56Z [chat] Klee: Klee knows that you have summoned 1 slimes so far this season! You are the best!
2022-07-31T13:09:02Z [chat] Ophianne: <:yummy:887929818639913011>
2022-07-31T13:09:16Z [chat] Ophianne: Thanks klee
2022-07-31T13:39:19Z [chat] variant-*: Dan's ping here is already added but unreported.
2022-07-31T13:39:43Z [add] variant-*: 0 donut
2022-07-31T13:39:43Z [chat] variant-*: !add 0 donut
2022-07-31T13:39:43Z [chat] Klee: Klee has added a slime to donuts! The number of slimes donuts has summoned has gone from 32 to 32
2022-07-31T13:39:49Z [add] variant-*: 0 angel
2022-07-31T13:39:49Z [chat] variant-*: !add 0 angel
2022-07-31T13:39:49Z [chat] Klee: Klee has added a slime to Angel! The number of slimes Angel has summoned has gone from 4 to 4
2022-07-31T13:41:24Z [chat] variant-*: Also donut is already added:
2022-07-31T13:41:49Z [chat] variant-*: And angel.
2022-07-31T13:44:28Z [chat] variant-*: Also, correcting donut here:
2022-07-31T13:44:35Z [add] variant-*: -1 donut
2022-07-31T13:44:35Z [chat] variant-*: !add -1 donut
2022-07-31T13:44:35Z [chat] Klee: Klee has added a slime to donuts! The number of slimes donuts has summoned has gone from 32 to 31
2022-07-31T13:50:37Z [chat] Kenshin: <:1010:887934359909330994>
2022-07-31T13:50:46Z [chat] Kenshin: we have our own auditor
2022-07-31T13:58:48Z [chat] PlainDoe: <@&887894985398157363> tachi
2022-07-31T13:58:49Z [chat] Klee: Woah! It is a slime!  (ﾉ>ω<)ﾉ  Klee has counted 16 slimes for Tachii!
2022-07-31T14:00:52Z [chat] Tachii: bruh no
2022-07-31T14:00:52Z [chat] Tachii: 
2022-07-31T14:00:58Z [chat] Tachii: <@203492157158326273> pls slow down
2022-07-31T14:01:16Z [chat] Kenshin: <:megafroge:893992982456451133>
2022-07-31T14:02:41Z [chat] Ophianne: oshit
2022-07-31T14:02:44Z [chat] Ophianne: i thought i press paused
2022-07-31T14:02:46Z [chat] Ophianne: my bad
2022-07-31T14:03:58Z [chat] zero00: <@&887894985398157363> me
2022-07-31T14:03:58Z [chat] Klee: Woah! It is a slime!  (ﾉ>ω<)ﾉ  Klee has counted 18 slimes for zero00!
2022-07-31T14:04:53Z [chat] rocketeer: there's another. no one has entered yet
2022-07-31T14:05:03Z [chat] mUmU: Zero 18th
2022-07-31T14:05:12Z [chat] variant-*: zero full
2022-07-31T14:05:21Z [chat] Kenshin: <:02happy:888122524720844802>
2022-07-31T14:05:24Z [chat] variant-*: plaindoe 4th
2022-07-31T14:05:27Z [chat] variant-*: <@&887894985398157363> plain
2022-07-31T14:05:28Z [chat] Klee: Woah! It is a slime!  (ﾉ>ω<)ﾉ  Klee has counted 20 slimes for PlainDoe!
2022-07-31T14:06:05Z [chat] mUmU: Plain 9th
2022-07-31T14:08:36Z [chat] Kenshin: ded 17
2022-07-31T14:26:53Z [chat] variant-*: I'm following up my inquiry a couple of days ago.

I'll make corrections on some of the counts.
2022-07-31T14:27:41Z [chat] Tachii: so basically klee is tracking but just not making a comment
2022-07-31T14:27:43Z [add] variant-*: -1 vent
2022-07-31T14:27:43Z [chat] variant-*: !add -1 vent
2022-07-31T14:27:44Z [chat] Klee: Klee has added a slime to Vent! The number of slimes Vent has summoned has gone from 41 to 40
2022-07-31T14:27:45Z [chat] Tachii: <:tired:837494793721479168>
2022-07-31T14:27:47Z [add] variant-*: -1 traf
2022-07-31T14:27:47Z [chat] variant-*: !add -1 traf
2022-07-31T14:27:47Z [chat] Klee: Klee has added a slime to traffyboi! The number of slimes traffyboi has summoned has gone from 52 to 51
2022-07-31T14:27:50Z [add] variant-*: -2 kenshin
2022-07-31T14:27:50Z [chat] variant-*: !add -2 kenshin
2022-07-31T14:27:50Z [chat] Klee: Klee has added a slime to Kenshin! The number of slimes Kenshin has summoned has gone from 41 to 39
2022-07-31T14:28:40Z [chat] variant-*: Yeah, sometimes Klee is down and didn't count. Some other times (more often), Klee counted but denied by Discord when trying to chat the count update here.
2022-07-31T14:32:01Z [chat] Kenshin: Why only -1 to vent
2022-07-31T14:32:04Z [chat] Kenshin: <:huaji:887909354018316298>
2022-07-31T14:54:42Z [chat] Kenshin: <@&887894985398157363> me
2022-07-31T14:54:42Z [chat] Klee: Woah! It is a slime!  (ﾉ>ω<)ﾉ  Klee has counted 40 slimes for Kenshin!
2022-07-31T14:56:01Z [chat] || eph || booyah ||: 18th
2022-07-31T14:59:02Z [chat] Collin: <@&887894985398157363> me
2022-07-31T14:59:02Z [chat] Klee: Woah! It is a slime!  (ﾉ>ω<)ﾉ  Klee has counted 2 slimes for Collin!
2022-07-31T14:59:59Z [chat] mUmU: 14th
2022-07-31T15:03:21Z [chat] Kenshin: Fulded
2022-07-31T15:13:23Z [chat] zero00: <@&887894985398157363> red
2022-07-31T15:13:23Z [chat] Klee: Woah! It is a slime!  (ﾉ>ω<)ﾉ  Klee has counted 15 slimes for ReddlsRow!
2022-07-31T15:13:32Z [chat] mUmU: 2 rando in
2022-07-31T15:13:41Z [chat] || eph || booyah ||: 7th
2022-07-31T15:13:55Z [chat] variant-*: 16th
2022-07-31T15:15:53Z [chat] || eph || booyah ||: 18ded
2022-07-31T15:17:05Z [chat] variant-*: About this, it's not that obvious because the message type is different. "Klee has counted 23 slimes for Vent" implies that the count is from 22 to 23.
2022-07-31T15:20:13Z [chat] Kenshin: <:sadge:887936601915797525>
2022-07-31T15:26:06Z [chat] Tachii: what was said: cold stone logic
what i understood: nothing but seems legit
2022-07-31T15:27:52Z [chat] variant-*: <:smug1:887925741839351858>
2022-07-31T15:31:08Z [chat] variant-*: I assumed some factors was consired by Kenshin from asking that question, so I answered whit that assumption in mind. But apparently it made the sentence incomplete to those without the same assumption. TL;DR my bad, my sentence left out some subjects/objects/conditions.
2022-07-31T16:01:52Z [chat] zero00: <@&887894985398157363> vent
2022-07-31T16:01:53Z [chat] Klee: Woah! It is a slime!  (ﾉ>ω<)ﾉ  Klee has counted 41 slimes for Vent!
2022-07-31T16:10:35Z [chat] Vent (Aile): !top_three
2022-07-31T16:10:35Z [chat] Klee: The current first is ['traffyboi'] with 51 slimes! Second is ['Vent'] with 41 slimes, and third is ['Kenshin'] with 40 slimes! They are the best! ⁽⁽٩(๑˃̶͈̀ ᗨ ˂̶͈́)۶⁾⁾
2022-07-31T16:20:09Z [chat] Senor Tonto: <@&887894985398157363> me
2022-07-31T16:20:09Z [chat] Klee: Woah! It is a slime!  (ﾉ>ω<)ﾉ  Klee has counted 16 slimes for SenorTonto!
2022-07-31T16:20:25Z [chat] Senor Tonto: random in i think
2022-07-31T16:20:40Z [chat] Tedo: zero is up as well
2022-07-31T16:20:47Z [chat] mUmU: one in
2022-07-31T16:20:50Z [chat] Tedo: not pinging ywt
2022-07-31T16:20:50Z [chat] Kenshin: Zoom
2022-07-31T16:20:52Z [chat] zero00: <@&887894985398157363> me
2022-07-31T16:20:53Z [chat] Klee: Woah! It is a slime!  (ﾉ>ω<)ﾉ  Klee has counted 19 slimes for zero00!
2022-07-31T16:21:03Z [chat] Kenshin: Its pings in another place alrdy
2022-07-31T16:21:12Z [chat] Tedo: bleh
2022-07-31T16:21:37Z [chat] luxury777: Zero dead
2022-07-31T16:21:38Z [chat] mUmU: lol
2022-07-31T16:21:38Z [chat] Kenshin: Nothing
2022-07-31T16:21:40Z [chat] Kenshin: Both ded
2022-07-31T16:21:40Z [chat] mUmU: both ded
2022-07-31T16:21:47Z [chat] Tedo: jeebus
2022-07-31T16:21:50Z [chat] Senor Tonto: unlucky
2022-07-31T16:22:03Z [chat] mUmU: how many in zero?
2022-07-31T16:22:13Z [chat] Kenshin: Dunno not in it
2022-07-31T16:22:29Z [chat] Kenshin: Maybe 14
2022-07-31T16:22:33Z [chat] mUmU: wow
2022-07-31T16:22:50Z [chat] Tedo: 16 ded, Lena or 7U r names i don’t recognize
2022-07-31T16:22:51Z [chat] Kenshin: Someone zoomed it thats for sure
2022-07-31T16:23:13Z [chat] Kenshin: Thats the asian group
2022-07-31T16:23:35Z [chat] Kenshin: They do pause for 3 as well
2022-07-31T16:23:49Z [chat] Kenshin: BUt they are less organized
2022-07-31T16:24:16Z [chat] Kenshin: I have a handful of them as well
2022-07-31T16:24:53Z [chat] Kenshin: <@&887894985398157363> me
2022-07-31T16:24:54Z [chat] Klee: Woah! It is a slime!  (ﾉ>ω<)ﾉ  Klee has counted 41 slimes for Kenshin!
2022-07-31T16:25:33Z [chat] variant-*: 18th
2022-07-31T16:25:46Z [chat] Tedo: ful
2022-07-31T16:25:46Z [chat] DoujinKAMI: Damn maxed out already
2022-07-31T16:26:54Z [chat] variant-*: <@&887894985398157363> donut
2022-07-31T16:26:55Z [chat] Klee: Woah! It is a slime!  (ﾉ>ω<)ﾉ  Klee has counted 32 slimes for donuts!
2022-07-31T16:26:58Z [chat] leafa1244: <:slimeknife:887947273139519488>
2022-07-31T16:27:32Z [chat] Tedo: 10th
2022-07-31T16:28:01Z [chat] mUmU: full
2022-07-31T16:37:11Z [chat] Odyn: <@&887894985398157363> me
2022-07-31T16:37:12Z [chat] Klee: Woah! It is a slime!  (ﾉ>ω<)ﾉ  Klee has counted 4 slimes for Odyn!
2022-07-31T16:38:07Z [chat] Tedo: 10th
2022-07-31T16:42:24Z [chat] Kenshin: Ded
2022-07-31T18:00:06Z [chat] rocketeer: <@&887894985398157363> me
2022-07-31T18:00:07Z [chat] Klee: Woah! It is a slime!  (ﾉ>ω<)ﾉ  Klee has counted 13 slimes for rocketeer!
2022-07-31T18:01:50Z [chat] esyw: Full
2022-07-31T18:14:06Z [chat] Tympest: <@&887894985398157363> me
2022-07-31T18:14:07Z [chat] Klee: Woah! It is a slime!  (ﾉ>ω<)ﾉ  Klee has counted 9 slimes for Tympest!
2022-07-31T18:18:10Z [chat] Kenshin: Go
2022-07-31T18:18:25Z [chat] donuts: its ded
2022-07-31T18:19:21Z [chat] Tachii: <@&887894985398157363> eph
2022-07-31T18:19:21Z [chat] Klee: Woah! It is a slime!  (ﾉ>ω<)ﾉ  Klee has counted 3 slimes for eph || booyah!
2022-07-31T18:19:36Z [chat] || eph || booyah ||: damn dude, it had JUST spawned
2022-07-31T18:19:44Z [chat] || eph || booyah ||: tach on that refresh life
2022-07-31T18:20:28Z [chat] rocketeer: full
2022-07-31T18:20:29Z [chat] donuts: full
2022-07-31T18:22:06Z [chat] || eph || booyah ||: 
2022-07-31T18:22:08Z [chat] || eph || booyah ||: <:pog:694995461982912554>
2022-07-31T19:07:43Z [chat] zero00: <@&887894985398157363> me
2022-07-31T19:07:43Z [chat] Klee: Woah! It is a slime!  (ﾉ>ω<)ﾉ  Klee has counted 20 slimes for zero00!
2022-07-31T19:08:23Z [chat] DoujinKAMI: 15th
2022-07-31T19:09:08Z [chat] Tedo: fulgo
2022-07-31T19:12:49Z [chat] RenTrout: Fucking finally @me
2022-07-31T19:13:03Z [chat] RenTrout: <@&887894985398157363> me
2022-07-31T19:13:04Z [chat] Klee: Woah! It is a slime!  (ﾉ>ω<)ﾉ  Klee has counted 1 slimes for RenTrout!
2022-07-31T19:13:24Z [chat] || eph || booyah ||: ...do i not have you? <:dcgfroge:681442049505099798>
2022-07-31T19:14:27Z [chat] Kenshin: Hes new
2022-07-31T19:14:48Z [chat] Kenshin: joined last raid
2022-07-31T19:16:38Z [chat] traffyboi: ded12
2022-07-31T20:24:55Z [chat] zero00: <@&887894985398157363> me
2022-07-31T20:24:55Z [chat] Klee: Woah! It is a slime!  (ﾉ>ω<)ﾉ  Klee has counted 21 slimes for zero00!
2022-07-31T20:25:48Z [chat] || eph || booyah ||: 17th
2022-07-31T20:28:22Z [chat] Dostic: dead at 17
2022-07-31T21:11:29Z [chat] Thaelon: <@&887894985398157363> dan
2022-07-31T21:11:30Z [chat] Klee: Woah! It is a slime!  (ﾉ>ω<)ﾉ  Klee has counted 7 slimes for Dan!
2022-07-31T21:12:23Z [chat] Kenshin: ALMOST zoomed it <:sweat:887942060152340480>
2022-07-31T21:12:50Z [chat] Zerefsis: sry guys i killed it <:facepalm:888070327278637097>
2022-07-31T21:12:52Z [chat] Thaelon: 24 hours Kenshin
2022-07-31T21:12:57Z [chat] Thaelon: how long it been?
2022-07-31T21:13:04Z [chat] Kenshin: Its up since 4 hours ago
2022-07-31T21:13:07Z [chat] Kenshin: <:pepepoint:887916456623341598>
2022-07-31T21:29:27Z [chat] zero00: <@&887894985398157363> me
2022-07-31T21:29:28Z [chat] Klee: Woah! It is a slime!  (ﾉ>ω<)ﾉ  Klee has counted 22 slimes for zero00!
2022-07-31T21:32:58Z [chat] donuts: Ded17
2022-07-31T21:37:28Z [chat] zero00: <@&887894985398157363> me
2022-07-31T21:37:29Z [chat] Klee: Woah! It is a slime!  (ﾉ>ω<)ﾉ  Klee has counted 23 slimes for zero00!
2022-07-31T21:38:24Z [chat] Vent (Aile): zero activating hax now that endless is in its last stretch
2022-07-31T21:38:53Z [chat] zero00: <:keklul:887934339680206858>
2022-07-31T21:40:30Z [chat] Tachii: ded
2022-07-31T21:54:59Z [chat] Senor Tonto: <@&887894985398157363> me
2022-07-31T21:54:59Z [chat] Klee: Woah! It is a slime!  (ﾉ>ω<)ﾉ  Klee has counted 17 slimes for SenorTonto!
2022-07-31T21:55:14Z [chat] Tachii: <:facepalm:888070327278637097> man cant do endless in peace
2022-07-31T21:57:19Z [chat] Kenshin: lol
2022-07-31T21:57:59Z [chat] Kenshin: Zero zoomed
2022-07-31T22:14:59Z [chat] Kenshin: <@&887894985398157363> dan
2022-07-31T22:14:59Z [chat] Klee: Woah! It is a slime!  (ﾉ>ω<)ﾉ  Klee has counted 8 slimes for Dan!
2022-07-31T22:15:04Z [chat] Tachii: brubhruhbruh
2022-07-31T22:15:12Z [chat] Kenshin: <:pepepoint:887916456623341598>
2022-07-31T22:15:20Z [chat] traffyboi: MY\_  in
2022-07-31T22:15:21Z [chat] Tachii: good thing i just finished an endless mathc
2022-07-31T22:16:35Z [chat] Tachii: still need to do some DR matches to maintain t55 <:hidethepainaway:888099981658050592>
2022-07-31T22:17:19Z [chat] Tachii: time to yeet <@274133775917645824>
2022-07-31T22:17:59Z [chat] Tachii: https://tenor.com/view/300-action-drama-gerard-butler-madness-gif-3413789
2022-07-31T22:18:54Z [chat] Dan: done haha
2022-07-31T22:22:01Z [chat] Tachii: 
2022-07-31T22:22:13Z [chat] Tachii: took me way too long to make this <:topkek:887923315342213142>
2022-07-31T22:40:30Z [chat] Tedo: <@&887894985398157363> me
2022-07-31T22:40:31Z [chat] Klee: Woah! It is a slime!  (ﾉ>ω<)ﾉ  Klee has counted 11 slimes for Tedo!
2022-07-31T22:40:39Z [chat] traffyboi: <:02ded:888123262373101569>
2022-07-31T22:40:47Z [chat] Vent (Aile): <:02notlikethis:888123262415044660>
2022-07-31T22:40:47Z [chat] traffyboi: so many slimes
2022-07-31T22:44:42Z [chat] Kenshin: Wtf 10
2022-07-31T22:44:54Z [chat] Kenshin: Doujin or angel
2022-07-31T22:45:07Z [chat] DoujinKAMI: that was angel
2022-07-31T22:45:11Z [chat] Kenshin: Ok
2022-07-31T22:45:14Z [chat] DoujinKAMI: i waited 3 min
2022-07-31T22:46:19Z [chat] Angel: My fault, sorry guys I'm asleep
2022-07-31T22:46:33Z [chat] Kenshin: Not frequent so u get a pass this time <:pepepoint:887916456623341598>
2022-07-31T22:46:38Z [chat] Angel: It's versión late here
2022-07-31T22:46:48Z [chat] Angel: Thanks Kenshin
2022-07-31T22:47:27Z [chat] DoujinKAMI: Np guy
2022-07-31T23:14:23Z [chat] Dan: <@&887894985398157363> me
2022-07-31T23:14:24Z [chat] Klee: Woah! It is a slime!  (ﾉ>ω<)ﾉ  Klee has counted 9 slimes for Dan!
2022-07-31T23:37:06Z [chat] Vent (Aile): <@&887894985398157363> donut
2022-07-31T23:37:07Z [chat] Klee: Woah! It is a slime!  (ﾉ>ω<)ﾉ  Klee has counted 33 slimes for donuts!
2022-08-01T00:06:57Z [chat] Vent (Aile): <@&887894985398157363> aile
2022-08-01T00:06:57Z [chat] Klee: Woah! It is a slime!  (ﾉ>ω<)ﾉ  Klee has counted 18 slimes for aile!
2022-08-01T00:08:01Z [chat] || eph || booyah ||: ded
2022-08-01T00:08:11Z [chat] Kenshin: …
2022-08-01T00:08:46Z [chat] mUmU: could be me or link
2022-08-01T00:09:13Z [chat] traffyboi: <:thinkingfroge:679322849357463557>
2022-08-01T00:09:24Z [chat] mUmU: I think more like me
2022-08-01T00:09:27Z [chat] mUmU: sry
2022-08-01T00:15:01Z [chat] || eph || booyah ||: was link
2022-08-01T00:15:08Z [chat] || eph || booyah ||: I seent it
2022-08-01T00:41:02Z [chat] Vent (Aile): <@&887894985398157363> aile
2022-08-01T00:41:02Z [chat] Klee: Woah! It is a slime!  (ﾉ>ω<)ﾉ  Klee has counted 19 slimes for aile!
